{"SubjectUserSid": "S-1-5-18", "PrivilegeList": "SeSecurityPrivilege\n\t\t\tSeBackupPrivilege\n\t\t\tSeRestorePrivilege\n\t\t\tSeTakeOwnershipPrivilege\n\t\t\tSeDebugPrivilege\n\t\t\tSeSystemEnvironmentPrivilege\n\t\t\tSeLoadDriverPrivilege\n\t\t\tSeImpersonatePrivilege\n\t\t\tSeDelegateSessionUserImpersonatePrivilege\n\t\t\tSeEnableDelegationPrivilege", "TargetLogonId": "0x1099e219", "SubjectDomainName": "LUCHENGYU", "SubjectUserName": "DC-1$", "Message": "为新登录分配了特殊权限。\r\n\r\n使用者:\r\n\t安全 ID:\t\tS-1-5-18\r\n\t帐户名:\t\tDC-1$\r\n\t帐户域:\t\tLUCHENGYU\r\n\t登录 ID:\t\t0x1099E219\r\n\r\n特权:\t\tSeSecurityPrivilege\r\n\t\t\tSeBackupPrivilege\r\n\t\t\tSeRestorePrivilege\r\n\t\t\tSeTakeOwnershipPrivilege\r\n\t\t\tSeDebugPrivilege\r\n\t\t\tSeSystemEnvironmentPrivilege\r\n\t\t\tSeLoadDriverPrivilege\r\n\t\t\tSeImpersonatePrivilege\r\n\t\t\tSeDelegateSessionUserImpersonatePrivilege\r\n\t\t\tSeEnableDelegationPrivilege", "EventTime": "2024-08-05T12:32:41.9731950Z", "Level": "0", "Opcode": "0", "Version": "0", "Guid": "{54849625-5478-4994-a5ba-3e3b0328c30d}", "Name": "Microsoft-Windows-Security-Auditing", "Hostname": "dc-1.luchengyu.com", "EventID": "4672", "Channel": "Security", "Task": "12548", "ThreadID": "4544", "ProcessID": "180", "Keywords": "0x8020000000000000", "EventRecordID": "994213"}
{"TargetUserName": "DC-1$", "TargetLogonId": "0x1099a613", "TargetDomainName": "LUCHENGYU", "LogonType": "3", "SubjectUserSid": "S-1-5-18", "Message": "已注销帐户。\r\n\r\n使用者:\r\n\t安全 ID:\t\tS-1-5-18\r\n\t帐户名:\t\tDC-1$\r\n\t帐户域:\t\tLUCHENGYU\r\n\t登录 ID:\t\t0x1099A613\r\n\r\n登录类型:\t\t\t3\r\n\r\n在登录会话被破坏时生成此事件。可以使用登录 ID 值将它和一个登录事件准确关联起来。在同一台计算机上重新启动的区间中，登录 ID 是唯一的。", "EventTime": "2024-08-05T12:32:37.4438313Z", "Level": "0", "Opcode": "0", "Version": "0", "Guid": "{54849625-5478-4994-a5ba-3e3b0328c30d}", "Name": "Microsoft-Windows-Security-Auditing", "Hostname": "dc-1.luchengyu.com", "EventID": "4634", "Channel": "Security", "Task": "12545", "ThreadID": "13480", "ProcessID": "180", "Keywords": "0x8020000000000000", "EventRecordID": "994212"}
{"TargetUserName": "DC-1$", "TargetLogonId": "0x1099a546", "TargetDomainName": "LUCHENGYU", "LogonType": "3", "SubjectUserSid": "S-1-5-18", "Message": "已注销帐户。\r\n\r\n使用者:\r\n\t安全 ID:\t\tS-1-5-18\r\n\t帐户名:\t\tDC-1$\r\n\t帐户域:\t\tLUCHENGYU\r\n\t登录 ID:\t\t0x1099A546\r\n\r\n登录类型:\t\t\t3\r\n\r\n在登录会话被破坏时生成此事件。可以使用登录 ID 值将它和一个登录事件准确关联起来。在同一台计算机上重新启动的区间中，登录 ID 是唯一的。", "EventTime": "2024-08-05T12:32:23.4654944Z", "Level": "0", "Opcode": "0", "Version": "0", "Guid": "{54849625-5478-4994-a5ba-3e3b0328c30d}", "Name": "Microsoft-Windows-Security-Auditing", "Hostname": "dc-1.luchengyu.com", "EventID": "4634", "Channel": "Security", "Task": "12545", "ThreadID": "8044", "ProcessID": "180", "Keywords": "0x8020000000000000", "EventRecordID": "994211"}
{"TargetUserName": "DC-1$", "TargetLogonId": "0x1099abd9", "TargetDomainName": "LUCHENGYU", "LogonType": "3", "SubjectUserSid": "S-1-5-18", "Message": "已注销帐户。\r\n\r\n使用者:\r\n\t安全 ID:\t\tS-1-5-18\r\n\t帐户名:\t\tDC-1$\r\n\t帐户域:\t\tLUCHENGYU\r\n\t登录 ID:\t\t0x1099ABD9\r\n\r\n登录类型:\t\t\t3\r\n\r\n在登录会话被破坏时生成此事件。可以使用登录 ID 值将它和一个登录事件准确关联起来。在同一台计算机上重新启动的区间中，登录 ID 是唯一的。", "EventTime": "2024-08-05T12:32:21.4189781Z", "Level": "0", "Opcode": "0", "Version": "0", "Guid": "{54849625-5478-4994-a5ba-3e3b0328c30d}", "Name": "Microsoft-Windows-Security-Auditing", "Hostname": "dc-1.luchengyu.com", "EventID": "4634", "Channel": "Security", "Task": "12545", "ThreadID": "8044", "ProcessID": "180", "Keywords": "0x8020000000000000", "EventRecordID": "994210"}
{"KeyLength": "0", "SubjectUserSid": "S-1-5-18", "TargetLogonId": "0x1099abd9", "AuthenticationPackageName": "Kerberos", "TargetOutboundUserName": "-", "ImpersonationLevel": "%%1833", "LogonProcessName": "Kerberos", "TargetDomainName": "LUCHENGYU.COM", "IpPort": "54710", "LmPackageName": "-", "IpAddress": "fe80::9b2b:6cad:1f5f:1c11", "SubjectDomainName": "-", "ProcessName": "-", "TransmittedServices": "-", "ProcessId": "0x0", "SubjectUserName": "-", "TargetOutboundDomainName": "-", "TargetUserName": "DC-1$", "RestrictedAdminMode": "-", "ProviderGuid": "{5de59f25-99b2-29ef-8ffd-a5a5d1df48c3}", "LogonType": "3", "TargetLinkedLogonId": "0x0", "VirtualAccount": "%%1843", "TokenElevationType": "%%1842", "WorkstationName": "-", "Message": "已成功登录帐户。\r\n\r\n使用者:\r\n\t安全 ID:\t\tS-1-0-0\r\n\t帐户名称:\t\t-\r\n\t帐户域:\t\t-\r\n\t登录 ID:\t\t0x0\r\n\r\n登录信息:\r\n\t登录类型:\t\t3\r\n\t受限制的管理员模式:\t-\r\n\t虚拟帐户:\t\t否\r\n\t提升的令牌:\t\t是\r\n\r\n模拟级别:\t\t模拟\r\n\r\n新登录:\r\n\t安全 ID:\t\tS-1-5-18\r\n\t帐户名称:\t\tDC-1$\r\n\t帐户域:\t\tLUCHENGYU.COM\r\n\t登录 ID:\t\t0x1099ABD9\r\n\t链接的登录 ID:\t\t0x0\r\n\t网络帐户名称:\t-\r\n\t网络帐户域:\t-\r\n\t登录 GUID:\t\t{5de59f25-99b2-29ef-8ffd-a5a5d1df48c3}\r\n\r\n进程信息:\r\n\t进程 ID:\t\t0x0\r\n\t进程名称:\t\t-\r\n\r\n网络信息:\r\n\t工作站名称:\t-\r\n\t源网络地址:\tfe80::9b2b:6cad:1f5f:1c11\r\n\t源端口:\t\t54710\r\n\r\n详细的身份验证信息:\r\n\t登录进程:\t\tKerberos\r\n\t身份验证数据包:\tKerberos\r\n\t传递的服务:\t-\r\n\t数据包名(仅限 NTLM):\t-\r\n\t密钥长度:\t\t0\r\n\r\n创建登录会话时，将在被访问的计算机上生成此事件。\r\n\r\n“使用者”字段指示本地系统上请求登录的帐户。这通常是一个服务(例如 Server 服务)或本地进程(例如 Winlogon.exe 或 Services.exe)。\r\n\r\n“登录类型”字段指示发生的登录类型。最常见的类型是 2 (交互式)和 3 (网络)。\r\n\r\n“新登录”字段指示新登录是为哪个帐户创建的，即已登录的帐户。\r\n\r\n“网络”字段指示远程登录请求源自哪里。“工作站名称”并非始终可用，并且在某些情况下可能会留空。\r\n\r\n“模拟级别”字段指示登录会话中的进程可以模拟到的程度。\r\n\r\n“身份验证信息”字段提供有关此特定登录请求的详细信息。\r\n\t- “登录 GUID”是可用于将此事件与 KDC 事件关联起来的唯一标识符。\r\n\t-“传递的服务”指示哪些中间服务参与了此登录请求。\r\n\t-“数据包名”指示在 NTLM 协议中使用了哪些子协议。\r\n\t-“密钥长度”指示生成的会话密钥的长度。如果没有请求会话密钥，则此字段将为 0。", "EventTime": "2024-08-05T12:32:21.4084541Z", "Level": "0", "Opcode": "0", "Version": "2", "Guid": "{54849625-5478-4994-a5ba-3e3b0328c30d}", "Name": "Microsoft-Windows-Security-Auditing", "Hostname": "dc-1.luchengyu.com", "EventID": "4624", "Channel": "Security", "Task": "12544", "ThreadID": "4544", "ProcessID": "180", "Keywords": "0x8020000000000000", "EventRecordID": "994209"}
{"SubjectUserSid": "S-1-5-18", "PrivilegeList": "SeSecurityPrivilege\n\t\t\tSeBackupPrivilege\n\t\t\tSeRestorePrivilege\n\t\t\tSeTakeOwnershipPrivilege\n\t\t\tSeDebugPrivilege\n\t\t\tSeSystemEnvironmentPrivilege\n\t\t\tSeLoadDriverPrivilege\n\t\t\tSeImpersonatePrivilege\n\t\t\tSeDelegateSessionUserImpersonatePrivilege\n\t\t\tSeEnableDelegationPrivilege", "TargetLogonId": "0x1099abd9", "SubjectDomainName": "LUCHENGYU", "SubjectUserName": "DC-1$", "Message": "为新登录分配了特殊权限。\r\n\r\n使用者:\r\n\t安全 ID:\t\tS-1-5-18\r\n\t帐户名:\t\tDC-1$\r\n\t帐户域:\t\tLUCHENGYU\r\n\t登录 ID:\t\t0x1099ABD9\r\n\r\n特权:\t\tSeSecurityPrivilege\r\n\t\t\tSeBackupPrivilege\r\n\t\t\tSeRestorePrivilege\r\n\t\t\tSeTakeOwnershipPrivilege\r\n\t\t\tSeDebugPrivilege\r\n\t\t\tSeSystemEnvironmentPrivilege\r\n\t\t\tSeLoadDriverPrivilege\r\n\t\t\tSeImpersonatePrivilege\r\n\t\t\tSeDelegateSessionUserImpersonatePrivilege\r\n\t\t\tSeEnableDelegationPrivilege", "EventTime": "2024-08-05T12:32:21.4083315Z", "Level": "0", "Opcode": "0", "Version": "0", "Guid": "{54849625-5478-4994-a5ba-3e3b0328c30d}", "Name": "Microsoft-Windows-Security-Auditing", "Hostname": "dc-1.luchengyu.com", "EventID": "4672", "Channel": "Security", "Task": "12548", "ThreadID": "4544", "ProcessID": "180", "Keywords": "0x8020000000000000", "EventRecordID": "994208"}
{"TargetUserName": "DC-1$", "TargetLogonId": "0x1099aa56", "TargetDomainName": "LUCHENGYU", "LogonType": "3", "SubjectUserSid": "S-1-5-18", "Message": "已注销帐户。\r\n\r\n使用者:\r\n\t安全 ID:\t\tS-1-5-18\r\n\t帐户名:\t\tDC-1$\r\n\t帐户域:\t\tLUCHENGYU\r\n\t登录 ID:\t\t0x1099AA56\r\n\r\n登录类型:\t\t\t3\r\n\r\n在登录会话被破坏时生成此事件。可以使用登录 ID 值将它和一个登录事件准确关联起来。在同一台计算机上重新启动的区间中，登录 ID 是唯一的。", "EventTime": "2024-08-05T12:32:21.4055216Z", "Level": "0", "Opcode": "0", "Version": "0", "Guid": "{54849625-5478-4994-a5ba-3e3b0328c30d}", "Name": "Microsoft-Windows-Security-Auditing", "Hostname": "dc-1.luchengyu.com", "EventID": "4634", "Channel": "Security", "Task": "12545", "ThreadID": "8044", "ProcessID": "180", "Keywords": "0x8020000000000000", "EventRecordID": "994207"}
{"KeyLength": "0", "SubjectUserSid": "S-1-5-18", "TargetLogonId": "0x1099aa56", "AuthenticationPackageName": "Kerberos", "TargetOutboundUserName": "-", "ImpersonationLevel": "%%1833", "LogonProcessName": "Kerberos", "TargetDomainName": "LUCHENGYU.COM", "IpPort": "54709", "LmPackageName": "-", "IpAddress": "fe80::9b2b:6cad:1f5f:1c11", "SubjectDomainName": "-", "ProcessName": "-", "TransmittedServices": "-", "ProcessId": "0x0", "SubjectUserName": "-", "TargetOutboundDomainName": "-", "TargetUserName": "DC-1$", "RestrictedAdminMode": "-", "ProviderGuid": "{5de59f25-99b2-29ef-8ffd-a5a5d1df48c3}", "LogonType": "3", "TargetLinkedLogonId": "0x0", "VirtualAccount": "%%1843", "TokenElevationType": "%%1842", "WorkstationName": "-", "Message": "已成功登录帐户。\r\n\r\n使用者:\r\n\t安全 ID:\t\tS-1-0-0\r\n\t帐户名称:\t\t-\r\n\t帐户域:\t\t-\r\n\t登录 ID:\t\t0x0\r\n\r\n登录信息:\r\n\t登录类型:\t\t3\r\n\t受限制的管理员模式:\t-\r\n\t虚拟帐户:\t\t否\r\n\t提升的令牌:\t\t是\r\n\r\n模拟级别:\t\t模拟\r\n\r\n新登录:\r\n\t安全 ID:\t\tS-1-5-18\r\n\t帐户名称:\t\tDC-1$\r\n\t帐户域:\t\tLUCHENGYU.COM\r\n\t登录 ID:\t\t0x1099AA56\r\n\t链接的登录 ID:\t\t0x0\r\n\t网络帐户名称:\t-\r\n\t网络帐户域:\t-\r\n\t登录 GUID:\t\t{5de59f25-99b2-29ef-8ffd-a5a5d1df48c3}\r\n\r\n进程信息:\r\n\t进程 ID:\t\t0x0\r\n\t进程名称:\t\t-\r\n\r\n网络信息:\r\n\t工作站名称:\t-\r\n\t源网络地址:\tfe80::9b2b:6cad:1f5f:1c11\r\n\t源端口:\t\t54709\r\n\r\n详细的身份验证信息:\r\n\t登录进程:\t\tKerberos\r\n\t身份验证数据包:\tKerberos\r\n\t传递的服务:\t-\r\n\t数据包名(仅限 NTLM):\t-\r\n\t密钥长度:\t\t0\r\n\r\n创建登录会话时，将在被访问的计算机上生成此事件。\r\n\r\n“使用者”字段指示本地系统上请求登录的帐户。这通常是一个服务(例如 Server 服务)或本地进程(例如 Winlogon.exe 或 Services.exe)。\r\n\r\n“登录类型”字段指示发生的登录类型。最常见的类型是 2 (交互式)和 3 (网络)。\r\n\r\n“新登录”字段指示新登录是为哪个帐户创建的，即已登录的帐户。\r\n\r\n“网络”字段指示远程登录请求源自哪里。“工作站名称”并非始终可用，并且在某些情况下可能会留空。\r\n\r\n“模拟级别”字段指示登录会话中的进程可以模拟到的程度。\r\n\r\n“身份验证信息”字段提供有关此特定登录请求的详细信息。\r\n\t- “登录 GUID”是可用于将此事件与 KDC 事件关联起来的唯一标识符。\r\n\t-“传递的服务”指示哪些中间服务参与了此登录请求。\r\n\t-“数据包名”指示在 NTLM 协议中使用了哪些子协议。\r\n\t-“密钥长度”指示生成的会话密钥的长度。如果没有请求会话密钥，则此字段将为 0。", "EventTime": "2024-08-05T12:32:21.3947774Z", "Level": "0", "Opcode": "0", "Version": "2", "Guid": "{54849625-5478-4994-a5ba-3e3b0328c30d}", "Name": "Microsoft-Windows-Security-Auditing", "Hostname": "dc-1.luchengyu.com", "EventID": "4624", "Channel": "Security", "Task": "12544", "ThreadID": "7308", "ProcessID": "180", "Keywords": "0x8020000000000000", "EventRecordID": "994206"}
{"SubjectUserSid": "S-1-5-18", "PrivilegeList": "SeSecurityPrivilege\n\t\t\tSeBackupPrivilege\n\t\t\tSeRestorePrivilege\n\t\t\tSeTakeOwnershipPrivilege\n\t\t\tSeDebugPrivilege\n\t\t\tSeSystemEnvironmentPrivilege\n\t\t\tSeLoadDriverPrivilege\n\t\t\tSeImpersonatePrivilege\n\t\t\tSeDelegateSessionUserImpersonatePrivilege\n\t\t\tSeEnableDelegationPrivilege", "TargetLogonId": "0x1099aa56", "SubjectDomainName": "LUCHENGYU", "SubjectUserName": "DC-1$", "Message": "为新登录分配了特殊权限。\r\n\r\n使用者:\r\n\t安全 ID:\t\tS-1-5-18\r\n\t帐户名:\t\tDC-1$\r\n\t帐户域:\t\tLUCHENGYU\r\n\t登录 ID:\t\t0x1099AA56\r\n\r\n特权:\t\tSeSecurityPrivilege\r\n\t\t\tSeBackupPrivilege\r\n\t\t\tSeRestorePrivilege\r\n\t\t\tSeTakeOwnershipPrivilege\r\n\t\t\tSeDebugPrivilege\r\n\t\t\tSeSystemEnvironmentPrivilege\r\n\t\t\tSeLoadDriverPrivilege\r\n\t\t\tSeImpersonatePrivilege\r\n\t\t\tSeDelegateSessionUserImpersonatePrivilege\r\n\t\t\tSeEnableDelegationPrivilege", "EventTime": "2024-08-05T12:32:21.3946407Z", "Level": "0", "Opcode": "0", "Version": "0", "Guid": "{54849625-5478-4994-a5ba-3e3b0328c30d}", "Name": "Microsoft-Windows-Security-Auditing", "Hostname": "dc-1.luchengyu.com", "EventID": "4672", "Channel": "Security", "Task": "12548", "ThreadID": "7308", "ProcessID": "180", "Keywords": "0x8020000000000000", "EventRecordID": "994205"}
{"TargetUserName": "DC-1$", "TargetLogonId": "0x1099a70b", "TargetDomainName": "LUCHENGYU", "LogonType": "3", "SubjectUserSid": "S-1-5-18", "Message": "已注销帐户。\r\n\r\n使用者:\r\n\t安全 ID:\t\tS-1-5-18\r\n\t帐户名:\t\tDC-1$\r\n\t帐户域:\t\tLUCHENGYU\r\n\t登录 ID:\t\t0x1099A70B\r\n\r\n登录类型:\t\t\t3\r\n\r\n在登录会话被破坏时生成此事件。可以使用登录 ID 值将它和一个登录事件准确关联起来。在同一台计算机上重新启动的区间中，登录 ID 是唯一的。", "EventTime": "2024-08-05T12:32:21.3755592Z", "Level": "0", "Opcode": "0", "Version": "0", "Guid": "{54849625-5478-4994-a5ba-3e3b0328c30d}", "Name": "Microsoft-Windows-Security-Auditing", "Hostname": "dc-1.luchengyu.com", "EventID": "4634", "Channel": "Security", "Task": "12545", "ThreadID": "8044", "ProcessID": "180", "Keywords": "0x8020000000000000", "EventRecordID": "994204"}
{"TargetUserName": "DC-1$", "TargetLogonId": "0x1099a75c", "TargetDomainName": "LUCHENGYU", "LogonType": "3", "SubjectUserSid": "S-1-5-18", "Message": "已注销帐户。\r\n\r\n使用者:\r\n\t安全 ID:\t\tS-1-5-18\r\n\t帐户名:\t\tDC-1$\r\n\t帐户域:\t\tLUCHENGYU\r\n\t登录 ID:\t\t0x1099A75C\r\n\r\n登录类型:\t\t\t3\r\n\r\n在登录会话被破坏时生成此事件。可以使用登录 ID 值将它和一个登录事件准确关联起来。在同一台计算机上重新启动的区间中，登录 ID 是唯一的。", "EventTime": "2024-08-05T12:32:21.3755531Z", "Level": "0", "Opcode": "0", "Version": "0", "Guid": "{54849625-5478-4994-a5ba-3e3b0328c30d}", "Name": "Microsoft-Windows-Security-Auditing", "Hostname": "dc-1.luchengyu.com", "EventID": "4634", "Channel": "Security", "Task": "12545", "ThreadID": "13480", "ProcessID": "180", "Keywords": "0x8020000000000000", "EventRecordID": "994203"}
{"KeyLength": "0", "SubjectUserSid": "S-1-5-18", "TargetLogonId": "0x1099a75c", "AuthenticationPackageName": "Kerberos", "TargetOutboundUserName": "-", "ImpersonationLevel": "%%1833", "LogonProcessName": "Kerberos", "TargetDomainName": "LUCHENGYU.COM", "IpPort": "54708", "LmPackageName": "-", "IpAddress": "192.168.30.2", "SubjectDomainName": "-", "ProcessName": "-", "TransmittedServices": "-", "ProcessId": "0x0", "SubjectUserName": "-", "TargetOutboundDomainName": "-", "TargetUserName": "DC-1$", "RestrictedAdminMode": "-", "ProviderGuid": "{0de1168c-d82f-9692-0dea-a1e85635c266}", "LogonType": "3", "TargetLinkedLogonId": "0x0", "VirtualAccount": "%%1843", "TokenElevationType": "%%1842", "WorkstationName": "-", "Message": "已成功登录帐户。\r\n\r\n使用者:\r\n\t安全 ID:\t\tS-1-0-0\r\n\t帐户名称:\t\t-\r\n\t帐户域:\t\t-\r\n\t登录 ID:\t\t0x0\r\n\r\n登录信息:\r\n\t登录类型:\t\t3\r\n\t受限制的管理员模式:\t-\r\n\t虚拟帐户:\t\t否\r\n\t提升的令牌:\t\t是\r\n\r\n模拟级别:\t\t模拟\r\n\r\n新登录:\r\n\t安全 ID:\t\tS-1-5-18\r\n\t帐户名称:\t\tDC-1$\r\n\t帐户域:\t\tLUCHENGYU.COM\r\n\t登录 ID:\t\t0x1099A75C\r\n\t链接的登录 ID:\t\t0x0\r\n\t网络帐户名称:\t-\r\n\t网络帐户域:\t-\r\n\t登录 GUID:\t\t{0de1168c-d82f-9692-0dea-a1e85635c266}\r\n\r\n进程信息:\r\n\t进程 ID:\t\t0x0\r\n\t进程名称:\t\t-\r\n\r\n网络信息:\r\n\t工作站名称:\t-\r\n\t源网络地址:\t192.168.30.2\r\n\t源端口:\t\t54708\r\n\r\n详细的身份验证信息:\r\n\t登录进程:\t\tKerberos\r\n\t身份验证数据包:\tKerberos\r\n\t传递的服务:\t-\r\n\t数据包名(仅限 NTLM):\t-\r\n\t密钥长度:\t\t0\r\n\r\n创建登录会话时，将在被访问的计算机上生成此事件。\r\n\r\n“使用者”字段指示本地系统上请求登录的帐户。这通常是一个服务(例如 Server 服务)或本地进程(例如 Winlogon.exe 或 Services.exe)。\r\n\r\n“登录类型”字段指示发生的登录类型。最常见的类型是 2 (交互式)和 3 (网络)。\r\n\r\n“新登录”字段指示新登录是为哪个帐户创建的，即已登录的帐户。\r\n\r\n“网络”字段指示远程登录请求源自哪里。“工作站名称”并非始终可用，并且在某些情况下可能会留空。\r\n\r\n“模拟级别”字段指示登录会话中的进程可以模拟到的程度。\r\n\r\n“身份验证信息”字段提供有关此特定登录请求的详细信息。\r\n\t- “登录 GUID”是可用于将此事件与 KDC 事件关联起来的唯一标识符。\r\n\t-“传递的服务”指示哪些中间服务参与了此登录请求。\r\n\t-“数据包名”指示在 NTLM 协议中使用了哪些子协议。\r\n\t-“密钥长度”指示生成的会话密钥的长度。如果没有请求会话密钥，则此字段将为 0。", "EventTime": "2024-08-05T12:32:21.2914463Z", "Level": "0", "Opcode": "0", "Version": "2", "Guid": "{54849625-5478-4994-a5ba-3e3b0328c30d}", "Name": "Microsoft-Windows-Security-Auditing", "Hostname": "dc-1.luchengyu.com", "EventID": "4624", "Channel": "Security", "Task": "12544", "ThreadID": "7308", "ProcessID": "180", "Keywords": "0x8020000000000000", "EventRecordID": "994202"}
{"SubjectUserSid": "S-1-5-18", "PrivilegeList": "SeSecurityPrivilege\n\t\t\tSeBackupPrivilege\n\t\t\tSeRestorePrivilege\n\t\t\tSeTakeOwnershipPrivilege\n\t\t\tSeDebugPrivilege\n\t\t\tSeSystemEnvironmentPrivilege\n\t\t\tSeLoadDriverPrivilege\n\t\t\tSeImpersonatePrivilege\n\t\t\tSeDelegateSessionUserImpersonatePrivilege\n\t\t\tSeEnableDelegationPrivilege", "TargetLogonId": "0x1099a75c", "SubjectDomainName": "LUCHENGYU", "SubjectUserName": "DC-1$", "Message": "为新登录分配了特殊权限。\r\n\r\n使用者:\r\n\t安全 ID:\t\tS-1-5-18\r\n\t帐户名:\t\tDC-1$\r\n\t帐户域:\t\tLUCHENGYU\r\n\t登录 ID:\t\t0x1099A75C\r\n\r\n特权:\t\tSeSecurityPrivilege\r\n\t\t\tSeBackupPrivilege\r\n\t\t\tSeRestorePrivilege\r\n\t\t\tSeTakeOwnershipPrivilege\r\n\t\t\tSeDebugPrivilege\r\n\t\t\tSeSystemEnvironmentPrivilege\r\n\t\t\tSeLoadDriverPrivilege\r\n\t\t\tSeImpersonatePrivilege\r\n\t\t\tSeDelegateSessionUserImpersonatePrivilege\r\n\t\t\tSeEnableDelegationPrivilege", "EventTime": "2024-08-05T12:32:21.2913265Z", "Level": "0", "Opcode": "0", "Version": "0", "Guid": "{54849625-5478-4994-a5ba-3e3b0328c30d}", "Name": "Microsoft-Windows-Security-Auditing", "Hostname": "dc-1.luchengyu.com", "EventID": "4672", "Channel": "Security", "Task": "12548", "ThreadID": "7308", "ProcessID": "180", "Keywords": "0x8020000000000000", "EventRecordID": "994201"}
{"KeyLength": "0", "SubjectUserSid": "S-1-5-18", "TargetLogonId": "0x1099a70b", "AuthenticationPackageName": "Kerberos", "TargetOutboundUserName": "-", "ImpersonationLevel": "%%1833", "LogonProcessName": "Kerberos", "TargetDomainName": "LUCHENGYU.COM", "IpPort": "0", "LmPackageName": "-", "IpAddress": "::1", "SubjectDomainName": "-", "ProcessName": "-", "TransmittedServices": "-", "ProcessId": "0x0", "SubjectUserName": "-", "TargetOutboundDomainName": "-", "TargetUserName": "DC-1$", "RestrictedAdminMode": "-", "ProviderGuid": "{0de1168c-d82f-9692-0dea-a1e85635c266}", "LogonType": "3", "TargetLinkedLogonId": "0x0", "VirtualAccount": "%%1843", "TokenElevationType": "%%1842", "WorkstationName": "-", "Message": "已成功登录帐户。\r\n\r\n使用者:\r\n\t安全 ID:\t\tS-1-0-0\r\n\t帐户名称:\t\t-\r\n\t帐户域:\t\t-\r\n\t登录 ID:\t\t0x0\r\n\r\n登录信息:\r\n\t登录类型:\t\t3\r\n\t受限制的管理员模式:\t-\r\n\t虚拟帐户:\t\t否\r\n\t提升的令牌:\t\t是\r\n\r\n模拟级别:\t\t模拟\r\n\r\n新登录:\r\n\t安全 ID:\t\tS-1-5-18\r\n\t帐户名称:\t\tDC-1$\r\n\t帐户域:\t\tLUCHENGYU.COM\r\n\t登录 ID:\t\t0x1099A70B\r\n\t链接的登录 ID:\t\t0x0\r\n\t网络帐户名称:\t-\r\n\t网络帐户域:\t-\r\n\t登录 GUID:\t\t{0de1168c-d82f-9692-0dea-a1e85635c266}\r\n\r\n进程信息:\r\n\t进程 ID:\t\t0x0\r\n\t进程名称:\t\t-\r\n\r\n网络信息:\r\n\t工作站名称:\t-\r\n\t源网络地址:\t::1\r\n\t源端口:\t\t0\r\n\r\n详细的身份验证信息:\r\n\t登录进程:\t\tKerberos\r\n\t身份验证数据包:\tKerberos\r\n\t传递的服务:\t-\r\n\t数据包名(仅限 NTLM):\t-\r\n\t密钥长度:\t\t0\r\n\r\n创建登录会话时，将在被访问的计算机上生成此事件。\r\n\r\n“使用者”字段指示本地系统上请求登录的帐户。这通常是一个服务(例如 Server 服务)或本地进程(例如 Winlogon.exe 或 Services.exe)。\r\n\r\n“登录类型”字段指示发生的登录类型。最常见的类型是 2 (交互式)和 3 (网络)。\r\n\r\n“新登录”字段指示新登录是为哪个帐户创建的，即已登录的帐户。\r\n\r\n“网络”字段指示远程登录请求源自哪里。“工作站名称”并非始终可用，并且在某些情况下可能会留空。\r\n\r\n“模拟级别”字段指示登录会话中的进程可以模拟到的程度。\r\n\r\n“身份验证信息”字段提供有关此特定登录请求的详细信息。\r\n\t- “登录 GUID”是可用于将此事件与 KDC 事件关联起来的唯一标识符。\r\n\t-“传递的服务”指示哪些中间服务参与了此登录请求。\r\n\t-“数据包名”指示在 NTLM 协议中使用了哪些子协议。\r\n\t-“密钥长度”指示生成的会话密钥的长度。如果没有请求会话密钥，则此字段将为 0。", "EventTime": "2024-08-05T12:32:21.2874970Z", "Level": "0", "Opcode": "0", "Version": "2", "Guid": "{54849625-5478-4994-a5ba-3e3b0328c30d}", "Name": "Microsoft-Windows-Security-Auditing", "Hostname": "dc-1.luchengyu.com", "EventID": "4624", "Channel": "Security", "Task": "12544", "ActivityID": "{3de5e27c-e30e-0016-7de2-e53d0ee3da01}", "ThreadID": "13480", "ProcessID": "180", "Keywords": "0x8020000000000000", "EventRecordID": "994200"}
{"SubjectUserSid": "S-1-5-18", "PrivilegeList": "SeSecurityPrivilege\n\t\t\tSeBackupPrivilege\n\t\t\tSeRestorePrivilege\n\t\t\tSeTakeOwnershipPrivilege\n\t\t\tSeDebugPrivilege\n\t\t\tSeSystemEnvironmentPrivilege\n\t\t\tSeLoadDriverPrivilege\n\t\t\tSeImpersonatePrivilege\n\t\t\tSeDelegateSessionUserImpersonatePrivilege\n\t\t\tSeEnableDelegationPrivilege", "TargetLogonId": "0x1099a70b", "SubjectDomainName": "LUCHENGYU", "SubjectUserName": "DC-1$", "Message": "为新登录分配了特殊权限。\r\n\r\n使用者:\r\n\t安全 ID:\t\tS-1-5-18\r\n\t帐户名:\t\tDC-1$\r\n\t帐户域:\t\tLUCHENGYU\r\n\t登录 ID:\t\t0x1099A70B\r\n\r\n特权:\t\tSeSecurityPrivilege\r\n\t\t\tSeBackupPrivilege\r\n\t\t\tSeRestorePrivilege\r\n\t\t\tSeTakeOwnershipPrivilege\r\n\t\t\tSeDebugPrivilege\r\n\t\t\tSeSystemEnvironmentPrivilege\r\n\t\t\tSeLoadDriverPrivilege\r\n\t\t\tSeImpersonatePrivilege\r\n\t\t\tSeDelegateSessionUserImpersonatePrivilege\r\n\t\t\tSeEnableDelegationPrivilege", "EventTime": "2024-08-05T12:32:21.2873942Z", "Level": "0", "Opcode": "0", "Version": "0", "Guid": "{54849625-5478-4994-a5ba-3e3b0328c30d}", "Name": "Microsoft-Windows-Security-Auditing", "Hostname": "dc-1.luchengyu.com", "EventID": "4672", "Channel": "Security", "Task": "12548", "ActivityID": "{3de5e27c-e30e-0016-7de2-e53d0ee3da01}", "ThreadID": "13480", "ProcessID": "180", "Keywords": "0x8020000000000000", "EventRecordID": "994199"}
{"KeyLength": "0", "SubjectUserSid": "S-1-5-18", "TargetLogonId": "0x1099a613", "AuthenticationPackageName": "Kerberos", "TargetOutboundUserName": "-", "ImpersonationLevel": "%%1840", "LogonProcessName": "Kerberos", "TargetDomainName": "LUCHENGYU.COM", "IpPort": "54707", "LmPackageName": "-", "IpAddress": "fe80::9b2b:6cad:1f5f:1c11", "SubjectDomainName": "-", "ProcessName": "-", "TransmittedServices": "-", "ProcessId": "0x0", "SubjectUserName": "-", "TargetOutboundDomainName": "-", "TargetUserName": "DC-1$", "RestrictedAdminMode": "-", "ProviderGuid": "{0de1168c-d82f-9692-0dea-a1e85635c266}", "LogonType": "3", "TargetLinkedLogonId": "0x0", "VirtualAccount": "%%1843", "TokenElevationType": "%%1842", "WorkstationName": "-", "Message": "已成功登录帐户。\r\n\r\n使用者:\r\n\t安全 ID:\t\tS-1-0-0\r\n\t帐户名称:\t\t-\r\n\t帐户域:\t\t-\r\n\t登录 ID:\t\t0x0\r\n\r\n登录信息:\r\n\t登录类型:\t\t3\r\n\t受限制的管理员模式:\t-\r\n\t虚拟帐户:\t\t否\r\n\t提升的令牌:\t\t是\r\n\r\n模拟级别:\t\t委派\r\n\r\n新登录:\r\n\t安全 ID:\t\tS-1-5-18\r\n\t帐户名称:\t\tDC-1$\r\n\t帐户域:\t\tLUCHENGYU.COM\r\n\t登录 ID:\t\t0x1099A613\r\n\t链接的登录 ID:\t\t0x0\r\n\t网络帐户名称:\t-\r\n\t网络帐户域:\t-\r\n\t登录 GUID:\t\t{0de1168c-d82f-9692-0dea-a1e85635c266}\r\n\r\n进程信息:\r\n\t进程 ID:\t\t0x0\r\n\t进程名称:\t\t-\r\n\r\n网络信息:\r\n\t工作站名称:\t-\r\n\t源网络地址:\tfe80::9b2b:6cad:1f5f:1c11\r\n\t源端口:\t\t54707\r\n\r\n详细的身份验证信息:\r\n\t登录进程:\t\tKerberos\r\n\t身份验证数据包:\tKerberos\r\n\t传递的服务:\t-\r\n\t数据包名(仅限 NTLM):\t-\r\n\t密钥长度:\t\t0\r\n\r\n创建登录会话时，将在被访问的计算机上生成此事件。\r\n\r\n“使用者”字段指示本地系统上请求登录的帐户。这通常是一个服务(例如 Server 服务)或本地进程(例如 Winlogon.exe 或 Services.exe)。\r\n\r\n“登录类型”字段指示发生的登录类型。最常见的类型是 2 (交互式)和 3 (网络)。\r\n\r\n“新登录”字段指示新登录是为哪个帐户创建的，即已登录的帐户。\r\n\r\n“网络”字段指示远程登录请求源自哪里。“工作站名称”并非始终可用，并且在某些情况下可能会留空。\r\n\r\n“模拟级别”字段指示登录会话中的进程可以模拟到的程度。\r\n\r\n“身份验证信息”字段提供有关此特定登录请求的详细信息。\r\n\t- “登录 GUID”是可用于将此事件与 KDC 事件关联起来的唯一标识符。\r\n\t-“传递的服务”指示哪些中间服务参与了此登录请求。\r\n\t-“数据包名”指示在 NTLM 协议中使用了哪些子协议。\r\n\t-“密钥长度”指示生成的会话密钥的长度。如果没有请求会话密钥，则此字段将为 0。", "EventTime": "2024-08-05T12:32:21.2771310Z", "Level": "0", "Opcode": "0", "Version": "2", "Guid": "{54849625-5478-4994-a5ba-3e3b0328c30d}", "Name": "Microsoft-Windows-Security-Auditing", "Hostname": "dc-1.luchengyu.com", "EventID": "4624", "Channel": "Security", "Task": "12544", "ActivityID": "{3de5e27c-e30e-0016-7de2-e53d0ee3da01}", "ThreadID": "13480", "ProcessID": "180", "Keywords": "0x8020000000000000", "EventRecordID": "994198"}
{"SubjectUserSid": "S-1-5-18", "PrivilegeList": "SeSecurityPrivilege\n\t\t\tSeBackupPrivilege\n\t\t\tSeRestorePrivilege\n\t\t\tSeTakeOwnershipPrivilege\n\t\t\tSeDebugPrivilege\n\t\t\tSeSystemEnvironmentPrivilege\n\t\t\tSeLoadDriverPrivilege\n\t\t\tSeImpersonatePrivilege\n\t\t\tSeDelegateSessionUserImpersonatePrivilege\n\t\t\tSeEnableDelegationPrivilege", "TargetLogonId": "0x1099a613", "SubjectDomainName": "LUCHENGYU", "SubjectUserName": "DC-1$", "Message": "为新登录分配了特殊权限。\r\n\r\n使用者:\r\n\t安全 ID:\t\tS-1-5-18\r\n\t帐户名:\t\tDC-1$\r\n\t帐户域:\t\tLUCHENGYU\r\n\t登录 ID:\t\t0x1099A613\r\n\r\n特权:\t\tSeSecurityPrivilege\r\n\t\t\tSeBackupPrivilege\r\n\t\t\tSeRestorePrivilege\r\n\t\t\tSeTakeOwnershipPrivilege\r\n\t\t\tSeDebugPrivilege\r\n\t\t\tSeSystemEnvironmentPrivilege\r\n\t\t\tSeLoadDriverPrivilege\r\n\t\t\tSeImpersonatePrivilege\r\n\t\t\tSeDelegateSessionUserImpersonatePrivilege\r\n\t\t\tSeEnableDelegationPrivilege", "EventTime": "2024-08-05T12:32:21.2769705Z", "Level": "0", "Opcode": "0", "Version": "0", "Guid": "{54849625-5478-4994-a5ba-3e3b0328c30d}", "Name": "Microsoft-Windows-Security-Auditing", "Hostname": "dc-1.luchengyu.com", "EventID": "4672", "Channel": "Security", "Task": "12548", "ActivityID": "{3de5e27c-e30e-0016-7de2-e53d0ee3da01}", "ThreadID": "13480", "ProcessID": "180", "Keywords": "0x8020000000000000", "EventRecordID": "994197"}
{"KeyLength": "0", "SubjectUserSid": "S-1-5-18", "TargetLogonId": "0x1099a546", "AuthenticationPackageName": "Kerberos", "TargetOutboundUserName": "-", "ImpersonationLevel": "%%1833", "LogonProcessName": "Kerberos", "TargetDomainName": "LUCHENGYU.COM", "IpPort": "54704", "LmPackageName": "-", "IpAddress": "fe80::9b2b:6cad:1f5f:1c11", "SubjectDomainName": "-", "ProcessName": "-", "TransmittedServices": "-", "ProcessId": "0x0", "SubjectUserName": "-", "TargetOutboundDomainName": "-", "TargetUserName": "DC-1$", "RestrictedAdminMode": "-", "ProviderGuid": "{0de1168c-d82f-9692-0dea-a1e85635c266}", "LogonType": "3", "TargetLinkedLogonId": "0x0", "VirtualAccount": "%%1843", "TokenElevationType": "%%1842", "WorkstationName": "-", "Message": "已成功登录帐户。\r\n\r\n使用者:\r\n\t安全 ID:\t\tS-1-0-0\r\n\t帐户名称:\t\t-\r\n\t帐户域:\t\t-\r\n\t登录 ID:\t\t0x0\r\n\r\n登录信息:\r\n\t登录类型:\t\t3\r\n\t受限制的管理员模式:\t-\r\n\t虚拟帐户:\t\t否\r\n\t提升的令牌:\t\t是\r\n\r\n模拟级别:\t\t模拟\r\n\r\n新登录:\r\n\t安全 ID:\t\tS-1-5-18\r\n\t帐户名称:\t\tDC-1$\r\n\t帐户域:\t\tLUCHENGYU.COM\r\n\t登录 ID:\t\t0x1099A546\r\n\t链接的登录 ID:\t\t0x0\r\n\t网络帐户名称:\t-\r\n\t网络帐户域:\t-\r\n\t登录 GUID:\t\t{0de1168c-d82f-9692-0dea-a1e85635c266}\r\n\r\n进程信息:\r\n\t进程 ID:\t\t0x0\r\n\t进程名称:\t\t-\r\n\r\n网络信息:\r\n\t工作站名称:\t-\r\n\t源网络地址:\tfe80::9b2b:6cad:1f5f:1c11\r\n\t源端口:\t\t54704\r\n\r\n详细的身份验证信息:\r\n\t登录进程:\t\tKerberos\r\n\t身份验证数据包:\tKerberos\r\n\t传递的服务:\t-\r\n\t数据包名(仅限 NTLM):\t-\r\n\t密钥长度:\t\t0\r\n\r\n创建登录会话时，将在被访问的计算机上生成此事件。\r\n\r\n“使用者”字段指示本地系统上请求登录的帐户。这通常是一个服务(例如 Server 服务)或本地进程(例如 Winlogon.exe 或 Services.exe)。\r\n\r\n“登录类型”字段指示发生的登录类型。最常见的类型是 2 (交互式)和 3 (网络)。\r\n\r\n“新登录”字段指示新登录是为哪个帐户创建的，即已登录的帐户。\r\n\r\n“网络”字段指示远程登录请求源自哪里。“工作站名称”并非始终可用，并且在某些情况下可能会留空。\r\n\r\n“模拟级别”字段指示登录会话中的进程可以模拟到的程度。\r\n\r\n“身份验证信息”字段提供有关此特定登录请求的详细信息。\r\n\t- “登录 GUID”是可用于将此事件与 KDC 事件关联起来的唯一标识符。\r\n\t-“传递的服务”指示哪些中间服务参与了此登录请求。\r\n\t-“数据包名”指示在 NTLM 协议中使用了哪些子协议。\r\n\t-“密钥长度”指示生成的会话密钥的长度。如果没有请求会话密钥，则此字段将为 0。", "EventTime": "2024-08-05T12:32:21.2658802Z", "Level": "0", "Opcode": "0", "Version": "2", "Guid": "{54849625-5478-4994-a5ba-3e3b0328c30d}", "Name": "Microsoft-Windows-Security-Auditing", "Hostname": "dc-1.luchengyu.com", "EventID": "4624", "Channel": "Security", "Task": "12544", "ThreadID": "4544", "ProcessID": "180", "Keywords": "0x8020000000000000", "EventRecordID": "994196"}
{"SubjectUserSid": "S-1-5-18", "PrivilegeList": "SeSecurityPrivilege\n\t\t\tSeBackupPrivilege\n\t\t\tSeRestorePrivilege\n\t\t\tSeTakeOwnershipPrivilege\n\t\t\tSeDebugPrivilege\n\t\t\tSeSystemEnvironmentPrivilege\n\t\t\tSeLoadDriverPrivilege\n\t\t\tSeImpersonatePrivilege\n\t\t\tSeDelegateSessionUserImpersonatePrivilege\n\t\t\tSeEnableDelegationPrivilege", "TargetLogonId": "0x1099a546", "SubjectDomainName": "LUCHENGYU", "SubjectUserName": "DC-1$", "Message": "为新登录分配了特殊权限。\r\n\r\n使用者:\r\n\t安全 ID:\t\tS-1-5-18\r\n\t帐户名:\t\tDC-1$\r\n\t帐户域:\t\tLUCHENGYU\r\n\t登录 ID:\t\t0x1099A546\r\n\r\n特权:\t\tSeSecurityPrivilege\r\n\t\t\tSeBackupPrivilege\r\n\t\t\tSeRestorePrivilege\r\n\t\t\tSeTakeOwnershipPrivilege\r\n\t\t\tSeDebugPrivilege\r\n\t\t\tSeSystemEnvironmentPrivilege\r\n\t\t\tSeLoadDriverPrivilege\r\n\t\t\tSeImpersonatePrivilege\r\n\t\t\tSeDelegateSessionUserImpersonatePrivilege\r\n\t\t\tSeEnableDelegationPrivilege", "EventTime": "2024-08-05T12:32:21.2657266Z", "Level": "0", "Opcode": "0", "Version": "0", "Guid": "{54849625-5478-4994-a5ba-3e3b0328c30d}", "Name": "Microsoft-Windows-Security-Auditing", "Hostname": "dc-1.luchengyu.com", "EventID": "4672", "Channel": "Security", "Task": "12548", "ThreadID": "4544", "ProcessID": "180", "Keywords": "0x8020000000000000", "EventRecordID": "994195"}
{"TargetUserName": "DC-1$", "TargetLogonId": "0x1099478c", "TargetDomainName": "LUCHENGYU", "LogonType": "3", "SubjectUserSid": "S-1-5-18", "Message": "已注销帐户。\r\n\r\n使用者:\r\n\t安全 ID:\t\tS-1-5-18\r\n\t帐户名:\t\tDC-1$\r\n\t帐户域:\t\tLUCHENGYU\r\n\t登录 ID:\t\t0x1099478C\r\n\r\n登录类型:\t\t\t3\r\n\r\n在登录会话被破坏时生成此事件。可以使用登录 ID 值将它和一个登录事件准确关联起来。在同一台计算机上重新启动的区间中，登录 ID 是唯一的。", "EventTime": "2024-08-05T12:31:42.5251936Z", "Level": "0", "Opcode": "0", "Version": "0", "Guid": "{54849625-5478-4994-a5ba-3e3b0328c30d}", "Name": "Microsoft-Windows-Security-Auditing", "Hostname": "dc-1.luchengyu.com", "EventID": "4634", "Channel": "Security", "Task": "12545", "ThreadID": "13480", "ProcessID": "180", "Keywords": "0x8020000000000000", "EventRecordID": "994194"}
{"KeyLength": "0", "SubjectUserSid": "S-1-5-18", "TargetLogonId": "0x1099478c", "AuthenticationPackageName": "Kerberos", "TargetOutboundUserName": "-", "ImpersonationLevel": "%%1833", "LogonProcessName": "Kerberos", "TargetDomainName": "LUCHENGYU.COM", "IpPort": "54693", "LmPackageName": "-", "IpAddress": "::1", "SubjectDomainName": "-", "ProcessName": "-", "TransmittedServices": "-", "ProcessId": "0x0", "SubjectUserName": "-", "TargetOutboundDomainName": "-", "TargetUserName": "DC-1$", "RestrictedAdminMode": "-", "ProviderGuid": "{5de59f25-99b2-29ef-8ffd-a5a5d1df48c3}", "LogonType": "3", "TargetLinkedLogonId": "0x0", "VirtualAccount": "%%1843", "TokenElevationType": "%%1842", "WorkstationName": "-", "Message": "已成功登录帐户。\r\n\r\n使用者:\r\n\t安全 ID:\t\tS-1-0-0\r\n\t帐户名称:\t\t-\r\n\t帐户域:\t\t-\r\n\t登录 ID:\t\t0x0\r\n\r\n登录信息:\r\n\t登录类型:\t\t3\r\n\t受限制的管理员模式:\t-\r\n\t虚拟帐户:\t\t否\r\n\t提升的令牌:\t\t是\r\n\r\n模拟级别:\t\t模拟\r\n\r\n新登录:\r\n\t安全 ID:\t\tS-1-5-18\r\n\t帐户名称:\t\tDC-1$\r\n\t帐户域:\t\tLUCHENGYU.COM\r\n\t登录 ID:\t\t0x1099478C\r\n\t链接的登录 ID:\t\t0x0\r\n\t网络帐户名称:\t-\r\n\t网络帐户域:\t-\r\n\t登录 GUID:\t\t{5de59f25-99b2-29ef-8ffd-a5a5d1df48c3}\r\n\r\n进程信息:\r\n\t进程 ID:\t\t0x0\r\n\t进程名称:\t\t-\r\n\r\n网络信息:\r\n\t工作站名称:\t-\r\n\t源网络地址:\t::1\r\n\t源端口:\t\t54693\r\n\r\n详细的身份验证信息:\r\n\t登录进程:\t\tKerberos\r\n\t身份验证数据包:\tKerberos\r\n\t传递的服务:\t-\r\n\t数据包名(仅限 NTLM):\t-\r\n\t密钥长度:\t\t0\r\n\r\n创建登录会话时，将在被访问的计算机上生成此事件。\r\n\r\n“使用者”字段指示本地系统上请求登录的帐户。这通常是一个服务(例如 Server 服务)或本地进程(例如 Winlogon.exe 或 Services.exe)。\r\n\r\n“登录类型”字段指示发生的登录类型。最常见的类型是 2 (交互式)和 3 (网络)。\r\n\r\n“新登录”字段指示新登录是为哪个帐户创建的，即已登录的帐户。\r\n\r\n“网络”字段指示远程登录请求源自哪里。“工作站名称”并非始终可用，并且在某些情况下可能会留空。\r\n\r\n“模拟级别”字段指示登录会话中的进程可以模拟到的程度。\r\n\r\n“身份验证信息”字段提供有关此特定登录请求的详细信息。\r\n\t- “登录 GUID”是可用于将此事件与 KDC 事件关联起来的唯一标识符。\r\n\t-“传递的服务”指示哪些中间服务参与了此登录请求。\r\n\t-“数据包名”指示在 NTLM 协议中使用了哪些子协议。\r\n\t-“密钥长度”指示生成的会话密钥的长度。如果没有请求会话密钥，则此字段将为 0。", "EventTime": "2024-08-05T12:31:42.5240388Z", "Level": "0", "Opcode": "0", "Version": "2", "Guid": "{54849625-5478-4994-a5ba-3e3b0328c30d}", "Name": "Microsoft-Windows-Security-Auditing", "Hostname": "dc-1.luchengyu.com", "EventID": "4624", "Channel": "Security", "Task": "12544", "ThreadID": "7308", "ProcessID": "180", "Keywords": "0x8020000000000000", "EventRecordID": "994193"}
{"SubjectUserSid": "S-1-5-18", "PrivilegeList": "SeSecurityPrivilege\n\t\t\tSeBackupPrivilege\n\t\t\tSeRestorePrivilege\n\t\t\tSeTakeOwnershipPrivilege\n\t\t\tSeDebugPrivilege\n\t\t\tSeSystemEnvironmentPrivilege\n\t\t\tSeLoadDriverPrivilege\n\t\t\tSeImpersonatePrivilege\n\t\t\tSeDelegateSessionUserImpersonatePrivilege\n\t\t\tSeEnableDelegationPrivilege", "TargetLogonId": "0x1099478c", "SubjectDomainName": "LUCHENGYU", "SubjectUserName": "DC-1$", "Message": "为新登录分配了特殊权限。\r\n\r\n使用者:\r\n\t安全 ID:\t\tS-1-5-18\r\n\t帐户名:\t\tDC-1$\r\n\t帐户域:\t\tLUCHENGYU\r\n\t登录 ID:\t\t0x1099478C\r\n\r\n特权:\t\tSeSecurityPrivilege\r\n\t\t\tSeBackupPrivilege\r\n\t\t\tSeRestorePrivilege\r\n\t\t\tSeTakeOwnershipPrivilege\r\n\t\t\tSeDebugPrivilege\r\n\t\t\tSeSystemEnvironmentPrivilege\r\n\t\t\tSeLoadDriverPrivilege\r\n\t\t\tSeImpersonatePrivilege\r\n\t\t\tSeDelegateSessionUserImpersonatePrivilege\r\n\t\t\tSeEnableDelegationPrivilege", "EventTime": "2024-08-05T12:31:42.5238854Z", "Level": "0", "Opcode": "0", "Version": "0", "Guid": "{54849625-5478-4994-a5ba-3e3b0328c30d}", "Name": "Microsoft-Windows-Security-Auditing", "Hostname": "dc-1.luchengyu.com", "EventID": "4672", "Channel": "Security", "Task": "12548", "ThreadID": "7308", "ProcessID": "180", "Keywords": "0x8020000000000000", "EventRecordID": "994192"}
{"SubjectUserSid": "S-1-5-18", "PrivilegeList": "SeAssignPrimaryTokenPrivilege\n\t\t\tSeTcbPrivilege\n\t\t\tSeSecurityPrivilege\n\t\t\tSeTakeOwnershipPrivilege\n\t\t\tSeLoadDriverPrivilege\n\t\t\tSeBackupPrivilege\n\t\t\tSeRestorePrivilege\n\t\t\tSeDebugPrivilege\n\t\t\tSeAuditPrivilege\n\t\t\tSeSystemEnvironmentPrivilege\n\t\t\tSeImpersonatePrivilege\n\t\t\tSeDelegateSessionUserImpersonatePrivilege", "TargetLogonId": "0x3e7", "SubjectDomainName": "NT AUTHORITY", "SubjectUserName": "SYSTEM", "Message": "为新登录分配了特殊权限。\r\n\r\n使用者:\r\n\t安全 ID:\t\tS-1-5-18\r\n\t帐户名:\t\tSYSTEM\r\n\t帐户域:\t\tNT AUTHORITY\r\n\t登录 ID:\t\t0x3E7\r\n\r\n特权:\t\tSeAssignPrimaryTokenPrivilege\r\n\t\t\tSeTcbPrivilege\r\n\t\t\tSeSecurityPrivilege\r\n\t\t\tSeTakeOwnershipPrivilege\r\n\t\t\tSeLoadDriverPrivilege\r\n\t\t\tSeBackupPrivilege\r\n\t\t\tSeRestorePrivilege\r\n\t\t\tSeDebugPrivilege\r\n\t\t\tSeAuditPrivilege\r\n\t\t\tSeSystemEnvironmentPrivilege\r\n\t\t\tSeImpersonatePrivilege\r\n\t\t\tSeDelegateSessionUserImpersonatePrivilege", "EventTime": "2024-08-05T12:31:22.8361428Z", "Level": "0", "Opcode": "0", "Version": "0", "Guid": "{54849625-5478-4994-a5ba-3e3b0328c30d}", "Name": "Microsoft-Windows-Security-Auditing", "Hostname": "dc-1.luchengyu.com", "EventID": "4672", "Channel": "Security", "Task": "12548", "ActivityID": "{3de5e27c-e30e-0016-7de2-e53d0ee3da01}", "ThreadID": "8868", "ProcessID": "180", "Keywords": "0x8020000000000000", "EventRecordID": "994191"}
{"KeyLength": "0", "SubjectUserSid": "S-1-5-18", "TargetLogonId": "0x3e7", "AuthenticationPackageName": "Negotiate", "TargetOutboundUserName": "-", "ImpersonationLevel": "%%1833", "LogonProcessName": "Advapi  ", "TargetDomainName": "NT AUTHORITY", "IpPort": "-", "LmPackageName": "-", "IpAddress": "-", "SubjectDomainName": "LUCHENGYU", "ProcessName": "C:\\Windows\\System32\\services.exe", "TransmittedServices": "-", "ProcessId": "0xe8", "SubjectUserName": "DC-1$", "TargetOutboundDomainName": "-", "TargetUserName": "SYSTEM", "RestrictedAdminMode": "-", "ProviderGuid": "{00000000-0000-0000-0000-000000000000}", "LogonType": "5", "TargetLinkedLogonId": "0x0", "VirtualAccount": "%%1843", "TokenElevationType": "%%1842", "WorkstationName": "-", "Message": "已成功登录帐户。\r\n\r\n使用者:\r\n\t安全 ID:\t\tS-1-5-18\r\n\t帐户名称:\t\tDC-1$\r\n\t帐户域:\t\tLUCHENGYU\r\n\t登录 ID:\t\t0x3E7\r\n\r\n登录信息:\r\n\t登录类型:\t\t5\r\n\t受限制的管理员模式:\t-\r\n\t虚拟帐户:\t\t否\r\n\t提升的令牌:\t\t是\r\n\r\n模拟级别:\t\t模拟\r\n\r\n新登录:\r\n\t安全 ID:\t\tS-1-5-18\r\n\t帐户名称:\t\tSYSTEM\r\n\t帐户域:\t\tNT AUTHORITY\r\n\t登录 ID:\t\t0x3E7\r\n\t链接的登录 ID:\t\t0x0\r\n\t网络帐户名称:\t-\r\n\t网络帐户域:\t-\r\n\t登录 GUID:\t\t{00000000-0000-0000-0000-000000000000}\r\n\r\n进程信息:\r\n\t进程 ID:\t\t0xe8\r\n\t进程名称:\t\tC:\\Windows\\System32\\services.exe\r\n\r\n网络信息:\r\n\t工作站名称:\t-\r\n\t源网络地址:\t-\r\n\t源端口:\t\t-\r\n\r\n详细的身份验证信息:\r\n\t登录进程:\t\tAdvapi  \r\n\t身份验证数据包:\tNegotiate\r\n\t传递的服务:\t-\r\n\t数据包名(仅限 NTLM):\t-\r\n\t密钥长度:\t\t0\r\n\r\n创建登录会话时，将在被访问的计算机上生成此事件。\r\n\r\n“使用者”字段指示本地系统上请求登录的帐户。这通常是一个服务(例如 Server 服务)或本地进程(例如 Winlogon.exe 或 Services.exe)。\r\n\r\n“登录类型”字段指示发生的登录类型。最常见的类型是 2 (交互式)和 3 (网络)。\r\n\r\n“新登录”字段指示新登录是为哪个帐户创建的，即已登录的帐户。\r\n\r\n“网络”字段指示远程登录请求源自哪里。“工作站名称”并非始终可用，并且在某些情况下可能会留空。\r\n\r\n“模拟级别”字段指示登录会话中的进程可以模拟到的程度。\r\n\r\n“身份验证信息”字段提供有关此特定登录请求的详细信息。\r\n\t- “登录 GUID”是可用于将此事件与 KDC 事件关联起来的唯一标识符。\r\n\t-“传递的服务”指示哪些中间服务参与了此登录请求。\r\n\t-“数据包名”指示在 NTLM 协议中使用了哪些子协议。\r\n\t-“密钥长度”指示生成的会话密钥的长度。如果没有请求会话密钥，则此字段将为 0。", "EventTime": "2024-08-05T12:31:22.8361340Z", "Level": "0", "Opcode": "0", "Version": "2", "Guid": "{54849625-5478-4994-a5ba-3e3b0328c30d}", "Name": "Microsoft-Windows-Security-Auditing", "Hostname": "dc-1.luchengyu.com", "EventID": "4624", "Channel": "Security", "Task": "12544", "ActivityID": "{3de5e27c-e30e-0016-7de2-e53d0ee3da01}", "ThreadID": "8868", "ProcessID": "180", "Keywords": "0x8020000000000000", "EventRecordID": "994190"}
{"SubjectDomainName": "LUCHENGYU", "TargetUserName": "Backup Operators", "TargetSid": "S-1-5-32-551", "CallerProcessId": "0x22e0", "TargetLogonId": "0x3e7", "SubjectUserName": "DC-1$", "SubjectUserSid": "S-1-5-18", "TargetDomainName": "Builtin", "CallerProcessName": "C:\\Windows\\System32\\svchost.exe", "Message": "已枚举启用了安全机制的本地组成员身份。\r\n\r\n使用者:\r\n\t安全 ID:\t\tS-1-5-18\r\n\t帐户名称:\t\tDC-1$\r\n\t帐户域:\t\tLUCHENGYU\r\n\t登录 ID:\t\t0x3E7\r\n\r\n组:\r\n\t安全 ID:\t\tS-1-5-32-551\r\n\t组名:\t\tBackup Operators\r\n\t组域:\t\tBuiltin\r\n\r\n进程信息:\r\n\t进程 ID:\t\t0x22e0\r\n\t进程名称:\t\tC:\\Windows\\System32\\svchost.exe", "EventTime": "2024-08-05T12:31:22.7000695Z", "Level": "0", "Opcode": "0", "Version": "0", "Guid": "{54849625-5478-4994-a5ba-3e3b0328c30d}", "Name": "Microsoft-Windows-Security-Auditing", "Hostname": "dc-1.luchengyu.com", "EventID": "4799", "Channel": "Security", "Task": "13826", "ThreadID": "8044", "ProcessID": "180", "Keywords": "0x8020000000000000", "EventRecordID": "994189"}
{"SubjectDomainName": "LUCHENGYU", "TargetUserName": "Administrators", "TargetSid": "S-1-5-32-544", "CallerProcessId": "0x22e0", "TargetLogonId": "0x3e7", "SubjectUserName": "DC-1$", "SubjectUserSid": "S-1-5-18", "TargetDomainName": "Builtin", "CallerProcessName": "C:\\Windows\\System32\\svchost.exe", "Message": "已枚举启用了安全机制的本地组成员身份。\r\n\r\n使用者:\r\n\t安全 ID:\t\tS-1-5-18\r\n\t帐户名称:\t\tDC-1$\r\n\t帐户域:\t\tLUCHENGYU\r\n\t登录 ID:\t\t0x3E7\r\n\r\n组:\r\n\t安全 ID:\t\tS-1-5-32-544\r\n\t组名:\t\tAdministrators\r\n\t组域:\t\tBuiltin\r\n\r\n进程信息:\r\n\t进程 ID:\t\t0x22e0\r\n\t进程名称:\t\tC:\\Windows\\System32\\svchost.exe", "EventTime": "2024-08-05T12:31:22.6992758Z", "Level": "0", "Opcode": "0", "Version": "0", "Guid": "{54849625-5478-4994-a5ba-3e3b0328c30d}", "Name": "Microsoft-Windows-Security-Auditing", "Hostname": "dc-1.luchengyu.com", "EventID": "4799", "Channel": "Security", "Task": "13826", "ThreadID": "8044", "ProcessID": "180", "Keywords": "0x8020000000000000", "EventRecordID": "994188"}
{"TargetUserName": "DC-1$", "TargetLogonId": "0x1098de85", "TargetDomainName": "LUCHENGYU", "LogonType": "3", "SubjectUserSid": "S-1-5-18", "Message": "已注销帐户。\r\n\r\n使用者:\r\n\t安全 ID:\t\tS-1-5-18\r\n\t帐户名:\t\tDC-1$\r\n\t帐户域:\t\tLUCHENGYU\r\n\t登录 ID:\t\t0x1098DE85\r\n\r\n登录类型:\t\t\t3\r\n\r\n在登录会话被破坏时生成此事件。可以使用登录 ID 值将它和一个登录事件准确关联起来。在同一台计算机上重新启动的区间中，登录 ID 是唯一的。", "EventTime": "2024-08-05T12:31:22.6963345Z", "Level": "0", "Opcode": "0", "Version": "0", "Guid": "{54849625-5478-4994-a5ba-3e3b0328c30d}", "Name": "Microsoft-Windows-Security-Auditing", "Hostname": "dc-1.luchengyu.com", "EventID": "4634", "Channel": "Security", "Task": "12545", "ThreadID": "8044", "ProcessID": "180", "Keywords": "0x8020000000000000", "EventRecordID": "994187"}
{"KeyLength": "0", "SubjectUserSid": "S-1-5-18", "TargetLogonId": "0x1098de85", "AuthenticationPackageName": "Kerberos", "TargetOutboundUserName": "-", "ImpersonationLevel": "%%1840", "LogonProcessName": "Kerberos", "TargetDomainName": "LUCHENGYU.COM", "IpPort": "54688", "LmPackageName": "-", "IpAddress": "::1", "SubjectDomainName": "-", "ProcessName": "-", "TransmittedServices": "-", "ProcessId": "0x0", "SubjectUserName": "-", "TargetOutboundDomainName": "-", "TargetUserName": "DC-1$", "RestrictedAdminMode": "-", "ProviderGuid": "{36a2ee2b-04d2-1d61-eb84-2df1e862f4be}", "LogonType": "3", "TargetLinkedLogonId": "0x0", "VirtualAccount": "%%1843", "TokenElevationType": "%%1842", "WorkstationName": "-", "Message": "已成功登录帐户。\r\n\r\n使用者:\r\n\t安全 ID:\t\tS-1-0-0\r\n\t帐户名称:\t\t-\r\n\t帐户域:\t\t-\r\n\t登录 ID:\t\t0x0\r\n\r\n登录信息:\r\n\t登录类型:\t\t3\r\n\t受限制的管理员模式:\t-\r\n\t虚拟帐户:\t\t否\r\n\t提升的令牌:\t\t是\r\n\r\n模拟级别:\t\t委派\r\n\r\n新登录:\r\n\t安全 ID:\t\tS-1-5-18\r\n\t帐户名称:\t\tDC-1$\r\n\t帐户域:\t\tLUCHENGYU.COM\r\n\t登录 ID:\t\t0x1098DE85\r\n\t链接的登录 ID:\t\t0x0\r\n\t网络帐户名称:\t-\r\n\t网络帐户域:\t-\r\n\t登录 GUID:\t\t{36a2ee2b-04d2-1d61-eb84-2df1e862f4be}\r\n\r\n进程信息:\r\n\t进程 ID:\t\t0x0\r\n\t进程名称:\t\t-\r\n\r\n网络信息:\r\n\t工作站名称:\t-\r\n\t源网络地址:\t::1\r\n\t源端口:\t\t54688\r\n\r\n详细的身份验证信息:\r\n\t登录进程:\t\tKerberos\r\n\t身份验证数据包:\tKerberos\r\n\t传递的服务:\t-\r\n\t数据包名(仅限 NTLM):\t-\r\n\t密钥长度:\t\t0\r\n\r\n创建登录会话时，将在被访问的计算机上生成此事件。\r\n\r\n“使用者”字段指示本地系统上请求登录的帐户。这通常是一个服务(例如 Server 服务)或本地进程(例如 Winlogon.exe 或 Services.exe)。\r\n\r\n“登录类型”字段指示发生的登录类型。最常见的类型是 2 (交互式)和 3 (网络)。\r\n\r\n“新登录”字段指示新登录是为哪个帐户创建的，即已登录的帐户。\r\n\r\n“网络”字段指示远程登录请求源自哪里。“工作站名称”并非始终可用，并且在某些情况下可能会留空。\r\n\r\n“模拟级别”字段指示登录会话中的进程可以模拟到的程度。\r\n\r\n“身份验证信息”字段提供有关此特定登录请求的详细信息。\r\n\t- “登录 GUID”是可用于将此事件与 KDC 事件关联起来的唯一标识符。\r\n\t-“传递的服务”指示哪些中间服务参与了此登录请求。\r\n\t-“数据包名”指示在 NTLM 协议中使用了哪些子协议。\r\n\t-“密钥长度”指示生成的会话密钥的长度。如果没有请求会话密钥，则此字段将为 0。", "EventTime": "2024-08-05T12:31:22.6936467Z", "Level": "0", "Opcode": "0", "Version": "2", "Guid": "{54849625-5478-4994-a5ba-3e3b0328c30d}", "Name": "Microsoft-Windows-Security-Auditing", "Hostname": "dc-1.luchengyu.com", "EventID": "4624", "Channel": "Security", "Task": "12544", "ActivityID": "{3de5e27c-e30e-0016-7de2-e53d0ee3da01}", "ThreadID": "8044", "ProcessID": "180", "Keywords": "0x8020000000000000", "EventRecordID": "994186"}
{"SubjectUserSid": "S-1-5-18", "PrivilegeList": "SeSecurityPrivilege\n\t\t\tSeBackupPrivilege\n\t\t\tSeRestorePrivilege\n\t\t\tSeTakeOwnershipPrivilege\n\t\t\tSeDebugPrivilege\n\t\t\tSeSystemEnvironmentPrivilege\n\t\t\tSeLoadDriverPrivilege\n\t\t\tSeImpersonatePrivilege\n\t\t\tSeDelegateSessionUserImpersonatePrivilege\n\t\t\tSeEnableDelegationPrivilege", "TargetLogonId": "0x1098de85", "SubjectDomainName": "LUCHENGYU", "SubjectUserName": "DC-1$", "Message": "为新登录分配了特殊权限。\r\n\r\n使用者:\r\n\t安全 ID:\t\tS-1-5-18\r\n\t帐户名:\t\tDC-1$\r\n\t帐户域:\t\tLUCHENGYU\r\n\t登录 ID:\t\t0x1098DE85\r\n\r\n特权:\t\tSeSecurityPrivilege\r\n\t\t\tSeBackupPrivilege\r\n\t\t\tSeRestorePrivilege\r\n\t\t\tSeTakeOwnershipPrivilege\r\n\t\t\tSeDebugPrivilege\r\n\t\t\tSeSystemEnvironmentPrivilege\r\n\t\t\tSeLoadDriverPrivilege\r\n\t\t\tSeImpersonatePrivilege\r\n\t\t\tSeDelegateSessionUserImpersonatePrivilege\r\n\t\t\tSeEnableDelegationPrivilege", "EventTime": "2024-08-05T12:31:22.6934936Z", "Level": "0", "Opcode": "0", "Version": "0", "Guid": "{54849625-5478-4994-a5ba-3e3b0328c30d}", "Name": "Microsoft-Windows-Security-Auditing", "Hostname": "dc-1.luchengyu.com", "EventID": "4672", "Channel": "Security", "Task": "12548", "ActivityID": "{3de5e27c-e30e-0016-7de2-e53d0ee3da01}", "ThreadID": "8044", "ProcessID": "180", "Keywords": "0x8020000000000000", "EventRecordID": "994185"}
{"TargetUserName": "DC-1$", "TargetLogonId": "0x1086e765", "TargetDomainName": "LUCHENGYU", "LogonType": "3", "SubjectUserSid": "S-1-5-18", "Message": "已注销帐户。\r\n\r\n使用者:\r\n\t安全 ID:\t\tS-1-5-18\r\n\t帐户名:\t\tDC-1$\r\n\t帐户域:\t\tLUCHENGYU\r\n\t登录 ID:\t\t0x1086E765\r\n\r\n登录类型:\t\t\t3\r\n\r\n在登录会话被破坏时生成此事件。可以使用登录 ID 值将它和一个登录事件准确关联起来。在同一台计算机上重新启动的区间中，登录 ID 是唯一的。", "EventTime": "2024-08-05T12:31:22.6434804Z", "Level": "0", "Opcode": "0", "Version": "0", "Guid": "{54849625-5478-4994-a5ba-3e3b0328c30d}", "Name": "Microsoft-Windows-Security-Auditing", "Hostname": "dc-1.luchengyu.com", "EventID": "4634", "Channel": "Security", "Task": "12545", "ThreadID": "8044", "ProcessID": "180", "Keywords": "0x8020000000000000", "EventRecordID": "994184"}
{"KeyLength": "0", "SubjectUserSid": "S-1-5-18", "TargetLogonId": "0x1098d83b", "AuthenticationPackageName": "Kerberos", "TargetOutboundUserName": "-", "ImpersonationLevel": "%%1840", "LogonProcessName": "Kerberos", "TargetDomainName": "LUCHENGYU.COM", "IpPort": "54687", "LmPackageName": "-", "IpAddress": "::1", "SubjectDomainName": "-", "ProcessName": "-", "TransmittedServices": "-", "ProcessId": "0x0", "SubjectUserName": "-", "TargetOutboundDomainName": "-", "TargetUserName": "DC-1$", "RestrictedAdminMode": "-", "ProviderGuid": "{36a2ee2b-04d2-1d61-eb84-2df1e862f4be}", "LogonType": "3", "TargetLinkedLogonId": "0x0", "VirtualAccount": "%%1843", "TokenElevationType": "%%1842", "WorkstationName": "-", "Message": "已成功登录帐户。\r\n\r\n使用者:\r\n\t安全 ID:\t\tS-1-0-0\r\n\t帐户名称:\t\t-\r\n\t帐户域:\t\t-\r\n\t登录 ID:\t\t0x0\r\n\r\n登录信息:\r\n\t登录类型:\t\t3\r\n\t受限制的管理员模式:\t-\r\n\t虚拟帐户:\t\t否\r\n\t提升的令牌:\t\t是\r\n\r\n模拟级别:\t\t委派\r\n\r\n新登录:\r\n\t安全 ID:\t\tS-1-5-18\r\n\t帐户名称:\t\tDC-1$\r\n\t帐户域:\t\tLUCHENGYU.COM\r\n\t登录 ID:\t\t0x1098D83B\r\n\t链接的登录 ID:\t\t0x0\r\n\t网络帐户名称:\t-\r\n\t网络帐户域:\t-\r\n\t登录 GUID:\t\t{36a2ee2b-04d2-1d61-eb84-2df1e862f4be}\r\n\r\n进程信息:\r\n\t进程 ID:\t\t0x0\r\n\t进程名称:\t\t-\r\n\r\n网络信息:\r\n\t工作站名称:\t-\r\n\t源网络地址:\t::1\r\n\t源端口:\t\t54687\r\n\r\n详细的身份验证信息:\r\n\t登录进程:\t\tKerberos\r\n\t身份验证数据包:\tKerberos\r\n\t传递的服务:\t-\r\n\t数据包名(仅限 NTLM):\t-\r\n\t密钥长度:\t\t0\r\n\r\n创建登录会话时，将在被访问的计算机上生成此事件。\r\n\r\n“使用者”字段指示本地系统上请求登录的帐户。这通常是一个服务(例如 Server 服务)或本地进程(例如 Winlogon.exe 或 Services.exe)。\r\n\r\n“登录类型”字段指示发生的登录类型。最常见的类型是 2 (交互式)和 3 (网络)。\r\n\r\n“新登录”字段指示新登录是为哪个帐户创建的，即已登录的帐户。\r\n\r\n“网络”字段指示远程登录请求源自哪里。“工作站名称”并非始终可用，并且在某些情况下可能会留空。\r\n\r\n“模拟级别”字段指示登录会话中的进程可以模拟到的程度。\r\n\r\n“身份验证信息”字段提供有关此特定登录请求的详细信息。\r\n\t- “登录 GUID”是可用于将此事件与 KDC 事件关联起来的唯一标识符。\r\n\t-“传递的服务”指示哪些中间服务参与了此登录请求。\r\n\t-“数据包名”指示在 NTLM 协议中使用了哪些子协议。\r\n\t-“密钥长度”指示生成的会话密钥的长度。如果没有请求会话密钥，则此字段将为 0。", "EventTime": "2024-08-05T12:31:22.6426485Z", "Level": "0", "Opcode": "0", "Version": "2", "Guid": "{54849625-5478-4994-a5ba-3e3b0328c30d}", "Name": "Microsoft-Windows-Security-Auditing", "Hostname": "dc-1.luchengyu.com", "EventID": "4624", "Channel": "Security", "Task": "12544", "ActivityID": "{3de5e27c-e30e-0016-7de2-e53d0ee3da01}", "ThreadID": "8044", "ProcessID": "180", "Keywords": "0x8020000000000000", "EventRecordID": "994183"}
{"SubjectUserSid": "S-1-5-18", "PrivilegeList": "SeSecurityPrivilege\n\t\t\tSeBackupPrivilege\n\t\t\tSeRestorePrivilege\n\t\t\tSeTakeOwnershipPrivilege\n\t\t\tSeDebugPrivilege\n\t\t\tSeSystemEnvironmentPrivilege\n\t\t\tSeLoadDriverPrivilege\n\t\t\tSeImpersonatePrivilege\n\t\t\tSeDelegateSessionUserImpersonatePrivilege\n\t\t\tSeEnableDelegationPrivilege", "TargetLogonId": "0x1098d83b", "SubjectDomainName": "LUCHENGYU", "SubjectUserName": "DC-1$", "Message": "为新登录分配了特殊权限。\r\n\r\n使用者:\r\n\t安全 ID:\t\tS-1-5-18\r\n\t帐户名:\t\tDC-1$\r\n\t帐户域:\t\tLUCHENGYU\r\n\t登录 ID:\t\t0x1098D83B\r\n\r\n特权:\t\tSeSecurityPrivilege\r\n\t\t\tSeBackupPrivilege\r\n\t\t\tSeRestorePrivilege\r\n\t\t\tSeTakeOwnershipPrivilege\r\n\t\t\tSeDebugPrivilege\r\n\t\t\tSeSystemEnvironmentPrivilege\r\n\t\t\tSeLoadDriverPrivilege\r\n\t\t\tSeImpersonatePrivilege\r\n\t\t\tSeDelegateSessionUserImpersonatePrivilege\r\n\t\t\tSeEnableDelegationPrivilege", "EventTime": "2024-08-05T12:31:22.6424873Z", "Level": "0", "Opcode": "0", "Version": "0", "Guid": "{54849625-5478-4994-a5ba-3e3b0328c30d}", "Name": "Microsoft-Windows-Security-Auditing", "Hostname": "dc-1.luchengyu.com", "EventID": "4672", "Channel": "Security", "Task": "12548", "ActivityID": "{3de5e27c-e30e-0016-7de2-e53d0ee3da01}", "ThreadID": "8044", "ProcessID": "180", "Keywords": "0x8020000000000000", "EventRecordID": "994182"}
{"SubjectUserSid": "S-1-5-18", "PrivilegeList": "SeAssignPrimaryTokenPrivilege\n\t\t\tSeTcbPrivilege\n\t\t\tSeSecurityPrivilege\n\t\t\tSeTakeOwnershipPrivilege\n\t\t\tSeLoadDriverPrivilege\n\t\t\tSeBackupPrivilege\n\t\t\tSeRestorePrivilege\n\t\t\tSeDebugPrivilege\n\t\t\tSeAuditPrivilege\n\t\t\tSeSystemEnvironmentPrivilege\n\t\t\tSeImpersonatePrivilege\n\t\t\tSeDelegateSessionUserImpersonatePrivilege", "TargetLogonId": "0x3e7", "SubjectDomainName": "NT AUTHORITY", "SubjectUserName": "SYSTEM", "Message": "为新登录分配了特殊权限。\r\n\r\n使用者:\r\n\t安全 ID:\t\tS-1-5-18\r\n\t帐户名:\t\tSYSTEM\r\n\t帐户域:\t\tNT AUTHORITY\r\n\t登录 ID:\t\t0x3E7\r\n\r\n特权:\t\tSeAssignPrimaryTokenPrivilege\r\n\t\t\tSeTcbPrivilege\r\n\t\t\tSeSecurityPrivilege\r\n\t\t\tSeTakeOwnershipPrivilege\r\n\t\t\tSeLoadDriverPrivilege\r\n\t\t\tSeBackupPrivilege\r\n\t\t\tSeRestorePrivilege\r\n\t\t\tSeDebugPrivilege\r\n\t\t\tSeAuditPrivilege\r\n\t\t\tSeSystemEnvironmentPrivilege\r\n\t\t\tSeImpersonatePrivilege\r\n\t\t\tSeDelegateSessionUserImpersonatePrivilege", "EventTime": "2024-08-05T12:31:22.5492686Z", "Level": "0", "Opcode": "0", "Version": "0", "Guid": "{54849625-5478-4994-a5ba-3e3b0328c30d}", "Name": "Microsoft-Windows-Security-Auditing", "Hostname": "dc-1.luchengyu.com", "EventID": "4672", "Channel": "Security", "Task": "12548", "ActivityID": "{3de5e27c-e30e-0016-7de2-e53d0ee3da01}", "ThreadID": "8044", "ProcessID": "180", "Keywords": "0x8020000000000000", "EventRecordID": "994181"}
