{"KeyLength": "0", "SubjectUserSid": "S-1-5-18", "TargetLogonId": "0x1095a371", "AuthenticationPackageName": "Kerberos", "TargetOutboundUserName": "-", "ImpersonationLevel": "%%1833", "LogonProcessName": "Kerberos", "TargetDomainName": "LUCHENGYU.COM", "IpPort": "54627", "LmPackageName": "-", "IpAddress": "::1", "SubjectDomainName": "-", "ProcessName": "-", "TransmittedServices": "-", "ProcessId": "0x0", "SubjectUserName": "-", "TargetOutboundDomainName": "-", "TargetUserName": "DC-1$", "RestrictedAdminMode": "-", "ProviderGuid": "{5de59f25-99b2-29ef-8ffd-a5a5d1df48c3}", "LogonType": "3", "TargetLinkedLogonId": "0x0", "VirtualAccount": "%%1843", "TokenElevationType": "%%1842", "WorkstationName": "-", "Message": "已成功登录帐户。\r\n\r\n使用者:\r\n\t安全 ID:\t\tS-1-0-0\r\n\t帐户名称:\t\t-\r\n\t帐户域:\t\t-\r\n\t登录 ID:\t\t0x0\r\n\r\n登录信息:\r\n\t登录类型:\t\t3\r\n\t受限制的管理员模式:\t-\r\n\t虚拟帐户:\t\t否\r\n\t提升的令牌:\t\t是\r\n\r\n模拟级别:\t\t模拟\r\n\r\n新登录:\r\n\t安全 ID:\t\tS-1-5-18\r\n\t帐户名称:\t\tDC-1$\r\n\t帐户域:\t\tLUCHENGYU.COM\r\n\t登录 ID:\t\t0x1095A371\r\n\t链接的登录 ID:\t\t0x0\r\n\t网络帐户名称:\t-\r\n\t网络帐户域:\t-\r\n\t登录 GUID:\t\t{5de59f25-99b2-29ef-8ffd-a5a5d1df48c3}\r\n\r\n进程信息:\r\n\t进程 ID:\t\t0x0\r\n\t进程名称:\t\t-\r\n\r\n网络信息:\r\n\t工作站名称:\t-\r\n\t源网络地址:\t::1\r\n\t源端口:\t\t54627\r\n\r\n详细的身份验证信息:\r\n\t登录进程:\t\tKerberos\r\n\t身份验证数据包:\tKerberos\r\n\t传递的服务:\t-\r\n\t数据包名(仅限 NTLM):\t-\r\n\t密钥长度:\t\t0\r\n\r\n创建登录会话时，将在被访问的计算机上生成此事件。\r\n\r\n“使用者”字段指示本地系统上请求登录的帐户。这通常是一个服务(例如 Server 服务)或本地进程(例如 Winlogon.exe 或 Services.exe)。\r\n\r\n“登录类型”字段指示发生的登录类型。最常见的类型是 2 (交互式)和 3 (网络)。\r\n\r\n“新登录”字段指示新登录是为哪个帐户创建的，即已登录的帐户。\r\n\r\n“网络”字段指示远程登录请求源自哪里。“工作站名称”并非始终可用，并且在某些情况下可能会留空。\r\n\r\n“模拟级别”字段指示登录会话中的进程可以模拟到的程度。\r\n\r\n“身份验证信息”字段提供有关此特定登录请求的详细信息。\r\n\t- “登录 GUID”是可用于将此事件与 KDC 事件关联起来的唯一标识符。\r\n\t-“传递的服务”指示哪些中间服务参与了此登录请求。\r\n\t-“数据包名”指示在 NTLM 协议中使用了哪些子协议。\r\n\t-“密钥长度”指示生成的会话密钥的长度。如果没有请求会话密钥，则此字段将为 0。", "EventTime": "2024-08-05T12:26:42.5094899Z", "Level": "0", "Opcode": "0", "Version": "2", "Guid": "{54849625-5478-4994-a5ba-3e3b0328c30d}", "Name": "Microsoft-Windows-Security-Auditing", "Hostname": "dc-1.luchengyu.com", "EventID": "4624", "Channel": "Security", "Task": "12544", "ThreadID": "4656", "ProcessID": "180", "Keywords": "0x8020000000000000", "EventRecordID": "994118"}
{"SubjectUserSid": "S-1-5-18", "PrivilegeList": "SeSecurityPrivilege\n\t\t\tSeBackupPrivilege\n\t\t\tSeRestorePrivilege\n\t\t\tSeTakeOwnershipPrivilege\n\t\t\tSeDebugPrivilege\n\t\t\tSeSystemEnvironmentPrivilege\n\t\t\tSeLoadDriverPrivilege\n\t\t\tSeImpersonatePrivilege\n\t\t\tSeDelegateSessionUserImpersonatePrivilege\n\t\t\tSeEnableDelegationPrivilege", "TargetLogonId": "0x1095a371", "SubjectDomainName": "LUCHENGYU", "SubjectUserName": "DC-1$", "Message": "为新登录分配了特殊权限。\r\n\r\n使用者:\r\n\t安全 ID:\t\tS-1-5-18\r\n\t帐户名:\t\tDC-1$\r\n\t帐户域:\t\tLUCHENGYU\r\n\t登录 ID:\t\t0x1095A371\r\n\r\n特权:\t\tSeSecurityPrivilege\r\n\t\t\tSeBackupPrivilege\r\n\t\t\tSeRestorePrivilege\r\n\t\t\tSeTakeOwnershipPrivilege\r\n\t\t\tSeDebugPrivilege\r\n\t\t\tSeSystemEnvironmentPrivilege\r\n\t\t\tSeLoadDriverPrivilege\r\n\t\t\tSeImpersonatePrivilege\r\n\t\t\tSeDelegateSessionUserImpersonatePrivilege\r\n\t\t\tSeEnableDelegationPrivilege", "EventTime": "2024-08-05T12:26:42.5093608Z", "Level": "0", "Opcode": "0", "Version": "0", "Guid": "{54849625-5478-4994-a5ba-3e3b0328c30d}", "Name": "Microsoft-Windows-Security-Auditing", "Hostname": "dc-1.luchengyu.com", "EventID": "4672", "Channel": "Security", "Task": "12548", "ThreadID": "4656", "ProcessID": "180", "Keywords": "0x8020000000000000", "EventRecordID": "994117"}
{"TargetUserName": "adil", "TargetLogonId": "0x1095649a", "TargetDomainName": "LUCHENGYU", "LogonType": "3", "SubjectUserSid": "S-1-5-21-3300233152-2697801032-3383171842-1106", "Message": "已注销帐户。\r\n\r\n使用者:\r\n\t安全 ID:\t\tS-1-5-21-3300233152-2697801032-3383171842-1106\r\n\t帐户名:\t\tadil\r\n\t帐户域:\t\tLUCHENGYU\r\n\t登录 ID:\t\t0x1095649A\r\n\r\n登录类型:\t\t\t3\r\n\r\n在登录会话被破坏时生成此事件。可以使用登录 ID 值将它和一个登录事件准确关联起来。在同一台计算机上重新启动的区间中，登录 ID 是唯一的。", "EventTime": "2024-08-05T12:26:13.6827067Z", "Level": "0", "Opcode": "0", "Version": "0", "Guid": "{54849625-5478-4994-a5ba-3e3b0328c30d}", "Name": "Microsoft-Windows-Security-Auditing", "Hostname": "dc-1.luchengyu.com", "EventID": "4634", "Channel": "Security", "Task": "12545", "ThreadID": "13480", "ProcessID": "180", "Keywords": "0x8020000000000000", "EventRecordID": "994116"}
{"TargetSid": "S-1-5-21-3300233152-2697801032-3383171842-1106", "ServiceSid": "S-1-5-21-3300233152-2697801032-3383171842-502", "IpAddress": "::ffff:192.168.30.236", "TicketOptions": "0x40800010", "IpPort": "64977", "TicketEncryptionType": "0x17", "Name": "Microsoft-Windows-Security-Auditing", "ServiceName": "krbtgt", "Status": "0x0", "PreAuthType": "0", "TargetDomainName": "luchengyu.com", "TargetUserName": "adil", "Message": "已请求 Kerberos 身份验证票证(TGT)。\r\n\r\n帐户信息:\r\n\t帐户名称:\t\tadil\r\n\t已提供的领域名称:\tluchengyu.com\r\n\t用户 ID:\t\t\tS-1-5-21-3300233152-2697801032-3383171842-1106\r\n\r\n服务信息:\r\n\t服务名称:\t\tkrbtgt\r\n\t服务 ID:\t\tS-1-5-21-3300233152-2697801032-3383171842-502\r\n\r\n网络信息:\r\n\t客户端地址:\t\t::ffff:192.168.30.236\r\n\t客户端端口:\t\t64977\r\n\r\n附加信息:\r\n\t票证选项:\t\t0x40800010\r\n\t结果代码:\t\t0x0\r\n\t票证加密类型:\t0x17\r\n\t预身份验证类型:\t0\r\n\r\n证书信息:\r\n\t证书颁发者名称:\t\t\r\n\t证书序列号:\t\r\n\t证书指纹:\t\t\r\n\r\n仅当证书用于预身份验证时才提供证书信息。\r\n\r\n预身份验证类型、票证选项、加密类型和结果代码在 RFC 4120 中定义。", "EventTime": "2024-08-05T12:26:13.6646644Z", "Level": "0", "Opcode": "0", "Version": "0", "Guid": "{54849625-5478-4994-a5ba-3e3b0328c30d}", "Hostname": "dc-1.luchengyu.com", "EventID": "4768", "Channel": "Security", "Task": "14339", "ThreadID": "4656", "ProcessID": "180", "Keywords": "0x8020000000000000", "EventRecordID": "994115"}
{"KeyLength": "0", "SubjectUserSid": "S-1-5-21-3300233152-2697801032-3383171842-1106", "TargetLogonId": "0x1095649a", "AuthenticationPackageName": "Kerberos", "TargetOutboundUserName": "-", "ImpersonationLevel": "%%1833", "LogonProcessName": "Kerberos", "TargetDomainName": "LUCHENGYU.COM", "IpPort": "64976", "LmPackageName": "-", "IpAddress": "192.168.30.236", "SubjectDomainName": "-", "ProcessName": "-", "TransmittedServices": "-", "ProcessId": "0x0", "SubjectUserName": "-", "TargetOutboundDomainName": "-", "TargetUserName": "adil", "RestrictedAdminMode": "-", "ProviderGuid": "{c7d79681-b512-a3c5-f11c-006ead5bd4f3}", "LogonType": "3", "TargetLinkedLogonId": "0x0", "VirtualAccount": "%%1843", "TokenElevationType": "%%1842", "WorkstationName": "-", "Message": "已成功登录帐户。\r\n\r\n使用者:\r\n\t安全 ID:\t\tS-1-0-0\r\n\t帐户名称:\t\t-\r\n\t帐户域:\t\t-\r\n\t登录 ID:\t\t0x0\r\n\r\n登录信息:\r\n\t登录类型:\t\t3\r\n\t受限制的管理员模式:\t-\r\n\t虚拟帐户:\t\t否\r\n\t提升的令牌:\t\t是\r\n\r\n模拟级别:\t\t模拟\r\n\r\n新登录:\r\n\t安全 ID:\t\tS-1-5-21-3300233152-2697801032-3383171842-1106\r\n\t帐户名称:\t\tadil\r\n\t帐户域:\t\tLUCHENGYU.COM\r\n\t登录 ID:\t\t0x1095649A\r\n\t链接的登录 ID:\t\t0x0\r\n\t网络帐户名称:\t-\r\n\t网络帐户域:\t-\r\n\t登录 GUID:\t\t{c7d79681-b512-a3c5-f11c-006ead5bd4f3}\r\n\r\n进程信息:\r\n\t进程 ID:\t\t0x0\r\n\t进程名称:\t\t-\r\n\r\n网络信息:\r\n\t工作站名称:\t-\r\n\t源网络地址:\t192.168.30.236\r\n\t源端口:\t\t64976\r\n\r\n详细的身份验证信息:\r\n\t登录进程:\t\tKerberos\r\n\t身份验证数据包:\tKerberos\r\n\t传递的服务:\t-\r\n\t数据包名(仅限 NTLM):\t-\r\n\t密钥长度:\t\t0\r\n\r\n创建登录会话时，将在被访问的计算机上生成此事件。\r\n\r\n“使用者”字段指示本地系统上请求登录的帐户。这通常是一个服务(例如 Server 服务)或本地进程(例如 Winlogon.exe 或 Services.exe)。\r\n\r\n“登录类型”字段指示发生的登录类型。最常见的类型是 2 (交互式)和 3 (网络)。\r\n\r\n“新登录”字段指示新登录是为哪个帐户创建的，即已登录的帐户。\r\n\r\n“网络”字段指示远程登录请求源自哪里。“工作站名称”并非始终可用，并且在某些情况下可能会留空。\r\n\r\n“模拟级别”字段指示登录会话中的进程可以模拟到的程度。\r\n\r\n“身份验证信息”字段提供有关此特定登录请求的详细信息。\r\n\t- “登录 GUID”是可用于将此事件与 KDC 事件关联起来的唯一标识符。\r\n\t-“传递的服务”指示哪些中间服务参与了此登录请求。\r\n\t-“数据包名”指示在 NTLM 协议中使用了哪些子协议。\r\n\t-“密钥长度”指示生成的会话密钥的长度。如果没有请求会话密钥，则此字段将为 0。", "EventTime": "2024-08-05T12:26:13.5665415Z", "Level": "0", "Opcode": "0", "Version": "2", "Guid": "{54849625-5478-4994-a5ba-3e3b0328c30d}", "Name": "Microsoft-Windows-Security-Auditing", "Hostname": "dc-1.luchengyu.com", "EventID": "4624", "Channel": "Security", "Task": "12544", "ThreadID": "4544", "ProcessID": "180", "Keywords": "0x8020000000000000", "EventRecordID": "994114"}
{"SubjectUserSid": "S-1-5-21-3300233152-2697801032-3383171842-1106", "PrivilegeList": "SeSecurityPrivilege\n\t\t\tSeBackupPrivilege\n\t\t\tSeRestorePrivilege\n\t\t\tSeTakeOwnershipPrivilege\n\t\t\tSeDebugPrivilege\n\t\t\tSeSystemEnvironmentPrivilege\n\t\t\tSeLoadDriverPrivilege\n\t\t\tSeImpersonatePrivilege\n\t\t\tSeDelegateSessionUserImpersonatePrivilege\n\t\t\tSeEnableDelegationPrivilege", "TargetLogonId": "0x1095649a", "SubjectDomainName": "LUCHENGYU", "SubjectUserName": "adil", "Message": "为新登录分配了特殊权限。\r\n\r\n使用者:\r\n\t安全 ID:\t\tS-1-5-21-3300233152-2697801032-3383171842-1106\r\n\t帐户名:\t\tadil\r\n\t帐户域:\t\tLUCHENGYU\r\n\t登录 ID:\t\t0x1095649A\r\n\r\n特权:\t\tSeSecurityPrivilege\r\n\t\t\tSeBackupPrivilege\r\n\t\t\tSeRestorePrivilege\r\n\t\t\tSeTakeOwnershipPrivilege\r\n\t\t\tSeDebugPrivilege\r\n\t\t\tSeSystemEnvironmentPrivilege\r\n\t\t\tSeLoadDriverPrivilege\r\n\t\t\tSeImpersonatePrivilege\r\n\t\t\tSeDelegateSessionUserImpersonatePrivilege\r\n\t\t\tSeEnableDelegationPrivilege", "EventTime": "2024-08-05T12:26:13.5664134Z", "Level": "0", "Opcode": "0", "Version": "0", "Guid": "{54849625-5478-4994-a5ba-3e3b0328c30d}", "Name": "Microsoft-Windows-Security-Auditing", "Hostname": "dc-1.luchengyu.com", "EventID": "4672", "Channel": "Security", "Task": "12548", "ThreadID": "4544", "ProcessID": "180", "Keywords": "0x8020000000000000", "EventRecordID": "994113"}
{"Message": "审核日志已被清除。\r\n主题:\r\n\t安全 ID:\tS-1-5-21-3300233152-2697801032-3383171842-1106\r\n\t帐户名称:\tadil\r\n\t域名:\tLUCHENGYU\r\n\t登录 ID:\t0x107C1917", "Guid": "{fc65ddd8-d6ef-4962-83d5-6e5cfe9ce148}", "Name": "Microsoft-Windows-Eventlog", "EventTime": "2024-08-05T12:25:51.8732758Z", "Level": "4", "Opcode": "0", "Version": "1", "Hostname": "dc-1.luchengyu.com", "EventID": "1102", "Channel": "Security", "Task": "104", "ThreadID": "332", "ProcessID": "1940", "Keywords": "0x4020000000000000", "EventRecordID": "994112", "SubjectDomainName": "LUCHENGYU", "TargetLogonId": "0x107c1917", "ClientProcessStartKey": "5066549580797324", "SubjectUserName": "adil", "ClientProcessId": "13496", "SubjectUserSid": "S-1-5-21-3300233152-2697801032-3383171842-1106"}
{"TargetUserName": "DC-1$", "TargetLogonId": "0x10a5c689", "TargetDomainName": "LUCHENGYU", "LogonType": "3", "SubjectUserSid": "S-1-5-18", "Message": "已注销帐户。\r\n\r\n使用者:\r\n\t安全 ID:\t\tS-1-5-18\r\n\t帐户名:\t\tDC-1$\r\n\t帐户域:\t\tLUCHENGYU\r\n\t登录 ID:\t\t0x10A5C689\r\n\r\n登录类型:\t\t\t3\r\n\r\n在登录会话被破坏时生成此事件。可以使用登录 ID 值将它和一个登录事件准确关联起来。在同一台计算机上重新启动的区间中，登录 ID 是唯一的。", "EventTime": "2024-08-05T12:38:42.5384350Z", "Level": "0", "Opcode": "0", "Version": "0", "Guid": "{54849625-5478-4994-a5ba-3e3b0328c30d}", "Name": "Microsoft-Windows-Security-Auditing", "Hostname": "dc-1.luchengyu.com", "EventID": "4634", "Channel": "Security", "Task": "12545", "ThreadID": "15284", "ProcessID": "180", "Keywords": "0x8020000000000000", "EventRecordID": "994290"}
{"KeyLength": "0", "SubjectUserSid": "S-1-5-18", "TargetLogonId": "0x10a5c689", "AuthenticationPackageName": "Kerberos", "TargetOutboundUserName": "-", "ImpersonationLevel": "%%1833", "LogonProcessName": "Kerberos", "TargetDomainName": "LUCHENGYU.COM", "IpPort": "54851", "LmPackageName": "-", "IpAddress": "::1", "SubjectDomainName": "-", "ProcessName": "-", "TransmittedServices": "-", "ProcessId": "0x0", "SubjectUserName": "-", "TargetOutboundDomainName": "-", "TargetUserName": "DC-1$", "RestrictedAdminMode": "-", "ProviderGuid": "{5de59f25-99b2-29ef-8ffd-a5a5d1df48c3}", "LogonType": "3", "TargetLinkedLogonId": "0x0", "VirtualAccount": "%%1843", "TokenElevationType": "%%1842", "WorkstationName": "-", "Message": "已成功登录帐户。\r\n\r\n使用者:\r\n\t安全 ID:\t\tS-1-0-0\r\n\t帐户名称:\t\t-\r\n\t帐户域:\t\t-\r\n\t登录 ID:\t\t0x0\r\n\r\n登录信息:\r\n\t登录类型:\t\t3\r\n\t受限制的管理员模式:\t-\r\n\t虚拟帐户:\t\t否\r\n\t提升的令牌:\t\t是\r\n\r\n模拟级别:\t\t模拟\r\n\r\n新登录:\r\n\t安全 ID:\t\tS-1-5-18\r\n\t帐户名称:\t\tDC-1$\r\n\t帐户域:\t\tLUCHENGYU.COM\r\n\t登录 ID:\t\t0x10A5C689\r\n\t链接的登录 ID:\t\t0x0\r\n\t网络帐户名称:\t-\r\n\t网络帐户域:\t-\r\n\t登录 GUID:\t\t{5de59f25-99b2-29ef-8ffd-a5a5d1df48c3}\r\n\r\n进程信息:\r\n\t进程 ID:\t\t0x0\r\n\t进程名称:\t\t-\r\n\r\n网络信息:\r\n\t工作站名称:\t-\r\n\t源网络地址:\t::1\r\n\t源端口:\t\t54851\r\n\r\n详细的身份验证信息:\r\n\t登录进程:\t\tKerberos\r\n\t身份验证数据包:\tKerberos\r\n\t传递的服务:\t-\r\n\t数据包名(仅限 NTLM):\t-\r\n\t密钥长度:\t\t0\r\n\r\n创建登录会话时，将在被访问的计算机上生成此事件。\r\n\r\n“使用者”字段指示本地系统上请求登录的帐户。这通常是一个服务(例如 Server 服务)或本地进程(例如 Winlogon.exe 或 Services.exe)。\r\n\r\n“登录类型”字段指示发生的登录类型。最常见的类型是 2 (交互式)和 3 (网络)。\r\n\r\n“新登录”字段指示新登录是为哪个帐户创建的，即已登录的帐户。\r\n\r\n“网络”字段指示远程登录请求源自哪里。“工作站名称”并非始终可用，并且在某些情况下可能会留空。\r\n\r\n“模拟级别”字段指示登录会话中的进程可以模拟到的程度。\r\n\r\n“身份验证信息”字段提供有关此特定登录请求的详细信息。\r\n\t- “登录 GUID”是可用于将此事件与 KDC 事件关联起来的唯一标识符。\r\n\t-“传递的服务”指示哪些中间服务参与了此登录请求。\r\n\t-“数据包名”指示在 NTLM 协议中使用了哪些子协议。\r\n\t-“密钥长度”指示生成的会话密钥的长度。如果没有请求会话密钥，则此字段将为 0。", "EventTime": "2024-08-05T12:38:42.5373587Z", "Level": "0", "Opcode": "0", "Version": "2", "Guid": "{54849625-5478-4994-a5ba-3e3b0328c30d}", "Name": "Microsoft-Windows-Security-Auditing", "Hostname": "dc-1.luchengyu.com", "EventID": "4624", "Channel": "Security", "Task": "12544", "ThreadID": "7308", "ProcessID": "180", "Keywords": "0x8020000000000000", "EventRecordID": "994289"}
{"SubjectUserSid": "S-1-5-18", "PrivilegeList": "SeSecurityPrivilege\n\t\t\tSeBackupPrivilege\n\t\t\tSeRestorePrivilege\n\t\t\tSeTakeOwnershipPrivilege\n\t\t\tSeDebugPrivilege\n\t\t\tSeSystemEnvironmentPrivilege\n\t\t\tSeLoadDriverPrivilege\n\t\t\tSeImpersonatePrivilege\n\t\t\tSeDelegateSessionUserImpersonatePrivilege\n\t\t\tSeEnableDelegationPrivilege", "TargetLogonId": "0x10a5c689", "SubjectDomainName": "LUCHENGYU", "SubjectUserName": "DC-1$", "Message": "为新登录分配了特殊权限。\r\n\r\n使用者:\r\n\t安全 ID:\t\tS-1-5-18\r\n\t帐户名:\t\tDC-1$\r\n\t帐户域:\t\tLUCHENGYU\r\n\t登录 ID:\t\t0x10A5C689\r\n\r\n特权:\t\tSeSecurityPrivilege\r\n\t\t\tSeBackupPrivilege\r\n\t\t\tSeRestorePrivilege\r\n\t\t\tSeTakeOwnershipPrivilege\r\n\t\t\tSeDebugPrivilege\r\n\t\t\tSeSystemEnvironmentPrivilege\r\n\t\t\tSeLoadDriverPrivilege\r\n\t\t\tSeImpersonatePrivilege\r\n\t\t\tSeDelegateSessionUserImpersonatePrivilege\r\n\t\t\tSeEnableDelegationPrivilege", "EventTime": "2024-08-05T12:38:42.5372209Z", "Level": "0", "Opcode": "0", "Version": "0", "Guid": "{54849625-5478-4994-a5ba-3e3b0328c30d}", "Name": "Microsoft-Windows-Security-Auditing", "Hostname": "dc-1.luchengyu.com", "EventID": "4672", "Channel": "Security", "Task": "12548", "ThreadID": "7308", "ProcessID": "180", "Keywords": "0x8020000000000000", "EventRecordID": "994288"}
{"TargetUserName": "DC-1$", "TargetLogonId": "0x10a4df48", "TargetDomainName": "LUCHENGYU", "LogonType": "3", "SubjectUserSid": "S-1-5-18", "Message": "已注销帐户。\r\n\r\n使用者:\r\n\t安全 ID:\t\tS-1-5-18\r\n\t帐户名:\t\tDC-1$\r\n\t帐户域:\t\tLUCHENGYU\r\n\t登录 ID:\t\t0x10A4DF48\r\n\r\n登录类型:\t\t\t3\r\n\r\n在登录会话被破坏时生成此事件。可以使用登录 ID 值将它和一个登录事件准确关联起来。在同一台计算机上重新启动的区间中，登录 ID 是唯一的。", "EventTime": "2024-08-05T12:37:42.5306872Z", "Level": "0", "Opcode": "0", "Version": "0", "Guid": "{54849625-5478-4994-a5ba-3e3b0328c30d}", "Name": "Microsoft-Windows-Security-Auditing", "Hostname": "dc-1.luchengyu.com", "EventID": "4634", "Channel": "Security", "Task": "12545", "ThreadID": "15284", "ProcessID": "180", "Keywords": "0x8020000000000000", "EventRecordID": "994287"}
{"KeyLength": "0", "SubjectUserSid": "S-1-5-18", "TargetLogonId": "0x10a4df48", "AuthenticationPackageName": "Kerberos", "TargetOutboundUserName": "-", "ImpersonationLevel": "%%1833", "LogonProcessName": "Kerberos", "TargetDomainName": "LUCHENGYU.COM", "IpPort": "54840", "LmPackageName": "-", "IpAddress": "::1", "SubjectDomainName": "-", "ProcessName": "-", "TransmittedServices": "-", "ProcessId": "0x0", "SubjectUserName": "-", "TargetOutboundDomainName": "-", "TargetUserName": "DC-1$", "RestrictedAdminMode": "-", "ProviderGuid": "{5de59f25-99b2-29ef-8ffd-a5a5d1df48c3}", "LogonType": "3", "TargetLinkedLogonId": "0x0", "VirtualAccount": "%%1843", "TokenElevationType": "%%1842", "WorkstationName": "-", "Message": "已成功登录帐户。\r\n\r\n使用者:\r\n\t安全 ID:\t\tS-1-0-0\r\n\t帐户名称:\t\t-\r\n\t帐户域:\t\t-\r\n\t登录 ID:\t\t0x0\r\n\r\n登录信息:\r\n\t登录类型:\t\t3\r\n\t受限制的管理员模式:\t-\r\n\t虚拟帐户:\t\t否\r\n\t提升的令牌:\t\t是\r\n\r\n模拟级别:\t\t模拟\r\n\r\n新登录:\r\n\t安全 ID:\t\tS-1-5-18\r\n\t帐户名称:\t\tDC-1$\r\n\t帐户域:\t\tLUCHENGYU.COM\r\n\t登录 ID:\t\t0x10A4DF48\r\n\t链接的登录 ID:\t\t0x0\r\n\t网络帐户名称:\t-\r\n\t网络帐户域:\t-\r\n\t登录 GUID:\t\t{5de59f25-99b2-29ef-8ffd-a5a5d1df48c3}\r\n\r\n进程信息:\r\n\t进程 ID:\t\t0x0\r\n\t进程名称:\t\t-\r\n\r\n网络信息:\r\n\t工作站名称:\t-\r\n\t源网络地址:\t::1\r\n\t源端口:\t\t54840\r\n\r\n详细的身份验证信息:\r\n\t登录进程:\t\tKerberos\r\n\t身份验证数据包:\tKerberos\r\n\t传递的服务:\t-\r\n\t数据包名(仅限 NTLM):\t-\r\n\t密钥长度:\t\t0\r\n\r\n创建登录会话时，将在被访问的计算机上生成此事件。\r\n\r\n“使用者”字段指示本地系统上请求登录的帐户。这通常是一个服务(例如 Server 服务)或本地进程(例如 Winlogon.exe 或 Services.exe)。\r\n\r\n“登录类型”字段指示发生的登录类型。最常见的类型是 2 (交互式)和 3 (网络)。\r\n\r\n“新登录”字段指示新登录是为哪个帐户创建的，即已登录的帐户。\r\n\r\n“网络”字段指示远程登录请求源自哪里。“工作站名称”并非始终可用，并且在某些情况下可能会留空。\r\n\r\n“模拟级别”字段指示登录会话中的进程可以模拟到的程度。\r\n\r\n“身份验证信息”字段提供有关此特定登录请求的详细信息。\r\n\t- “登录 GUID”是可用于将此事件与 KDC 事件关联起来的唯一标识符。\r\n\t-“传递的服务”指示哪些中间服务参与了此登录请求。\r\n\t-“数据包名”指示在 NTLM 协议中使用了哪些子协议。\r\n\t-“密钥长度”指示生成的会话密钥的长度。如果没有请求会话密钥，则此字段将为 0。", "EventTime": "2024-08-05T12:37:42.5293581Z", "Level": "0", "Opcode": "0", "Version": "2", "Guid": "{54849625-5478-4994-a5ba-3e3b0328c30d}", "Name": "Microsoft-Windows-Security-Auditing", "Hostname": "dc-1.luchengyu.com", "EventID": "4624", "Channel": "Security", "Task": "12544", "ThreadID": "7308", "ProcessID": "180", "Keywords": "0x8020000000000000", "EventRecordID": "994286"}
{"SubjectUserSid": "S-1-5-18", "PrivilegeList": "SeSecurityPrivilege\n\t\t\tSeBackupPrivilege\n\t\t\tSeRestorePrivilege\n\t\t\tSeTakeOwnershipPrivilege\n\t\t\tSeDebugPrivilege\n\t\t\tSeSystemEnvironmentPrivilege\n\t\t\tSeLoadDriverPrivilege\n\t\t\tSeImpersonatePrivilege\n\t\t\tSeDelegateSessionUserImpersonatePrivilege\n\t\t\tSeEnableDelegationPrivilege", "TargetLogonId": "0x10a4df48", "SubjectDomainName": "LUCHENGYU", "SubjectUserName": "DC-1$", "Message": "为新登录分配了特殊权限。\r\n\r\n使用者:\r\n\t安全 ID:\t\tS-1-5-18\r\n\t帐户名:\t\tDC-1$\r\n\t帐户域:\t\tLUCHENGYU\r\n\t登录 ID:\t\t0x10A4DF48\r\n\r\n特权:\t\tSeSecurityPrivilege\r\n\t\t\tSeBackupPrivilege\r\n\t\t\tSeRestorePrivilege\r\n\t\t\tSeTakeOwnershipPrivilege\r\n\t\t\tSeDebugPrivilege\r\n\t\t\tSeSystemEnvironmentPrivilege\r\n\t\t\tSeLoadDriverPrivilege\r\n\t\t\tSeImpersonatePrivilege\r\n\t\t\tSeDelegateSessionUserImpersonatePrivilege\r\n\t\t\tSeEnableDelegationPrivilege", "EventTime": "2024-08-05T12:37:42.5292329Z", "Level": "0", "Opcode": "0", "Version": "0", "Guid": "{54849625-5478-4994-a5ba-3e3b0328c30d}", "Name": "Microsoft-Windows-Security-Auditing", "Hostname": "dc-1.luchengyu.com", "EventID": "4672", "Channel": "Security", "Task": "12548", "ThreadID": "7308", "ProcessID": "180", "Keywords": "0x8020000000000000", "EventRecordID": "994285"}
{"TargetUserName": "DC-1$", "TargetLogonId": "0x10a4dea8", "TargetDomainName": "LUCHENGYU", "LogonType": "3", "SubjectUserSid": "S-1-5-18", "Message": "已注销帐户。\r\n\r\n使用者:\r\n\t安全 ID:\t\tS-1-5-18\r\n\t帐户名:\t\tDC-1$\r\n\t帐户域:\t\tLUCHENGYU\r\n\t登录 ID:\t\t0x10A4DEA8\r\n\r\n登录类型:\t\t\t3\r\n\r\n在登录会话被破坏时生成此事件。可以使用登录 ID 值将它和一个登录事件准确关联起来。在同一台计算机上重新启动的区间中，登录 ID 是唯一的。", "EventTime": "2024-08-05T12:37:42.1812324Z", "Level": "0", "Opcode": "0", "Version": "0", "Guid": "{54849625-5478-4994-a5ba-3e3b0328c30d}", "Name": "Microsoft-Windows-Security-Auditing", "Hostname": "dc-1.luchengyu.com", "EventID": "4634", "Channel": "Security", "Task": "12545", "ThreadID": "13480", "ProcessID": "180", "Keywords": "0x8020000000000000", "EventRecordID": "994284"}
{"KeyLength": "0", "SubjectUserSid": "S-1-5-18", "TargetLogonId": "0x10a4dea8", "AuthenticationPackageName": "Kerberos", "TargetOutboundUserName": "-", "ImpersonationLevel": "%%1833", "LogonProcessName": "Kerberos", "TargetDomainName": "LUCHENGYU.COM", "IpPort": "54839", "LmPackageName": "-", "IpAddress": "fe80::9b2b:6cad:1f5f:1c11", "SubjectDomainName": "-", "ProcessName": "-", "TransmittedServices": "-", "ProcessId": "0x0", "SubjectUserName": "-", "TargetOutboundDomainName": "-", "TargetUserName": "DC-1$", "RestrictedAdminMode": "-", "ProviderGuid": "{5de59f25-99b2-29ef-8ffd-a5a5d1df48c3}", "LogonType": "3", "TargetLinkedLogonId": "0x0", "VirtualAccount": "%%1843", "TokenElevationType": "%%1842", "WorkstationName": "-", "Message": "已成功登录帐户。\r\n\r\n使用者:\r\n\t安全 ID:\t\tS-1-0-0\r\n\t帐户名称:\t\t-\r\n\t帐户域:\t\t-\r\n\t登录 ID:\t\t0x0\r\n\r\n登录信息:\r\n\t登录类型:\t\t3\r\n\t受限制的管理员模式:\t-\r\n\t虚拟帐户:\t\t否\r\n\t提升的令牌:\t\t是\r\n\r\n模拟级别:\t\t模拟\r\n\r\n新登录:\r\n\t安全 ID:\t\tS-1-5-18\r\n\t帐户名称:\t\tDC-1$\r\n\t帐户域:\t\tLUCHENGYU.COM\r\n\t登录 ID:\t\t0x10A4DEA8\r\n\t链接的登录 ID:\t\t0x0\r\n\t网络帐户名称:\t-\r\n\t网络帐户域:\t-\r\n\t登录 GUID:\t\t{5de59f25-99b2-29ef-8ffd-a5a5d1df48c3}\r\n\r\n进程信息:\r\n\t进程 ID:\t\t0x0\r\n\t进程名称:\t\t-\r\n\r\n网络信息:\r\n\t工作站名称:\t-\r\n\t源网络地址:\tfe80::9b2b:6cad:1f5f:1c11\r\n\t源端口:\t\t54839\r\n\r\n详细的身份验证信息:\r\n\t登录进程:\t\tKerberos\r\n\t身份验证数据包:\tKerberos\r\n\t传递的服务:\t-\r\n\t数据包名(仅限 NTLM):\t-\r\n\t密钥长度:\t\t0\r\n\r\n创建登录会话时，将在被访问的计算机上生成此事件。\r\n\r\n“使用者”字段指示本地系统上请求登录的帐户。这通常是一个服务(例如 Server 服务)或本地进程(例如 Winlogon.exe 或 Services.exe)。\r\n\r\n“登录类型”字段指示发生的登录类型。最常见的类型是 2 (交互式)和 3 (网络)。\r\n\r\n“新登录”字段指示新登录是为哪个帐户创建的，即已登录的帐户。\r\n\r\n“网络”字段指示远程登录请求源自哪里。“工作站名称”并非始终可用，并且在某些情况下可能会留空。\r\n\r\n“模拟级别”字段指示登录会话中的进程可以模拟到的程度。\r\n\r\n“身份验证信息”字段提供有关此特定登录请求的详细信息。\r\n\t- “登录 GUID”是可用于将此事件与 KDC 事件关联起来的唯一标识符。\r\n\t-“传递的服务”指示哪些中间服务参与了此登录请求。\r\n\t-“数据包名”指示在 NTLM 协议中使用了哪些子协议。\r\n\t-“密钥长度”指示生成的会话密钥的长度。如果没有请求会话密钥，则此字段将为 0。", "EventTime": "2024-08-05T12:37:42.1761142Z", "Level": "0", "Opcode": "0", "Version": "2", "Guid": "{54849625-5478-4994-a5ba-3e3b0328c30d}", "Name": "Microsoft-Windows-Security-Auditing", "Hostname": "dc-1.luchengyu.com", "EventID": "4624", "Channel": "Security", "Task": "12544", "ThreadID": "7308", "ProcessID": "180", "Keywords": "0x8020000000000000", "EventRecordID": "994283"}
{"SubjectUserSid": "S-1-5-18", "PrivilegeList": "SeSecurityPrivilege\n\t\t\tSeBackupPrivilege\n\t\t\tSeRestorePrivilege\n\t\t\tSeTakeOwnershipPrivilege\n\t\t\tSeDebugPrivilege\n\t\t\tSeSystemEnvironmentPrivilege\n\t\t\tSeLoadDriverPrivilege\n\t\t\tSeImpersonatePrivilege\n\t\t\tSeDelegateSessionUserImpersonatePrivilege\n\t\t\tSeEnableDelegationPrivilege", "TargetLogonId": "0x10a4dea8", "SubjectDomainName": "LUCHENGYU", "SubjectUserName": "DC-1$", "Message": "为新登录分配了特殊权限。\r\n\r\n使用者:\r\n\t安全 ID:\t\tS-1-5-18\r\n\t帐户名:\t\tDC-1$\r\n\t帐户域:\t\tLUCHENGYU\r\n\t登录 ID:\t\t0x10A4DEA8\r\n\r\n特权:\t\tSeSecurityPrivilege\r\n\t\t\tSeBackupPrivilege\r\n\t\t\tSeRestorePrivilege\r\n\t\t\tSeTakeOwnershipPrivilege\r\n\t\t\tSeDebugPrivilege\r\n\t\t\tSeSystemEnvironmentPrivilege\r\n\t\t\tSeLoadDriverPrivilege\r\n\t\t\tSeImpersonatePrivilege\r\n\t\t\tSeDelegateSessionUserImpersonatePrivilege\r\n\t\t\tSeEnableDelegationPrivilege", "EventTime": "2024-08-05T12:37:42.1759967Z", "Level": "0", "Opcode": "0", "Version": "0", "Guid": "{54849625-5478-4994-a5ba-3e3b0328c30d}", "Name": "Microsoft-Windows-Security-Auditing", "Hostname": "dc-1.luchengyu.com", "EventID": "4672", "Channel": "Security", "Task": "12548", "ThreadID": "7308", "ProcessID": "180", "Keywords": "0x8020000000000000", "EventRecordID": "994282"}
{"TargetUserName": "DC-1$", "TargetLogonId": "0x10a4de27", "TargetDomainName": "LUCHENGYU", "LogonType": "3", "SubjectUserSid": "S-1-5-18", "Message": "已注销帐户。\r\n\r\n使用者:\r\n\t安全 ID:\t\tS-1-5-18\r\n\t帐户名:\t\tDC-1$\r\n\t帐户域:\t\tLUCHENGYU\r\n\t登录 ID:\t\t0x10A4DE27\r\n\r\n登录类型:\t\t\t3\r\n\r\n在登录会话被破坏时生成此事件。可以使用登录 ID 值将它和一个登录事件准确关联起来。在同一台计算机上重新启动的区间中，登录 ID 是唯一的。", "EventTime": "2024-08-05T12:37:42.1736983Z", "Level": "0", "Opcode": "0", "Version": "0", "Guid": "{54849625-5478-4994-a5ba-3e3b0328c30d}", "Name": "Microsoft-Windows-Security-Auditing", "Hostname": "dc-1.luchengyu.com", "EventID": "4634", "Channel": "Security", "Task": "12545", "ThreadID": "15284", "ProcessID": "180", "Keywords": "0x8020000000000000", "EventRecordID": "994281"}
{"KeyLength": "0", "SubjectUserSid": "S-1-5-18", "TargetLogonId": "0x10a4de27", "AuthenticationPackageName": "Kerberos", "TargetOutboundUserName": "-", "ImpersonationLevel": "%%1833", "LogonProcessName": "Kerberos", "TargetDomainName": "LUCHENGYU.COM", "IpPort": "54838", "LmPackageName": "-", "IpAddress": "fe80::9b2b:6cad:1f5f:1c11", "SubjectDomainName": "-", "ProcessName": "-", "TransmittedServices": "-", "ProcessId": "0x0", "SubjectUserName": "-", "TargetOutboundDomainName": "-", "TargetUserName": "DC-1$", "RestrictedAdminMode": "-", "ProviderGuid": "{5de59f25-99b2-29ef-8ffd-a5a5d1df48c3}", "LogonType": "3", "TargetLinkedLogonId": "0x0", "VirtualAccount": "%%1843", "TokenElevationType": "%%1842", "WorkstationName": "-", "Message": "已成功登录帐户。\r\n\r\n使用者:\r\n\t安全 ID:\t\tS-1-0-0\r\n\t帐户名称:\t\t-\r\n\t帐户域:\t\t-\r\n\t登录 ID:\t\t0x0\r\n\r\n登录信息:\r\n\t登录类型:\t\t3\r\n\t受限制的管理员模式:\t-\r\n\t虚拟帐户:\t\t否\r\n\t提升的令牌:\t\t是\r\n\r\n模拟级别:\t\t模拟\r\n\r\n新登录:\r\n\t安全 ID:\t\tS-1-5-18\r\n\t帐户名称:\t\tDC-1$\r\n\t帐户域:\t\tLUCHENGYU.COM\r\n\t登录 ID:\t\t0x10A4DE27\r\n\t链接的登录 ID:\t\t0x0\r\n\t网络帐户名称:\t-\r\n\t网络帐户域:\t-\r\n\t登录 GUID:\t\t{5de59f25-99b2-29ef-8ffd-a5a5d1df48c3}\r\n\r\n进程信息:\r\n\t进程 ID:\t\t0x0\r\n\t进程名称:\t\t-\r\n\r\n网络信息:\r\n\t工作站名称:\t-\r\n\t源网络地址:\tfe80::9b2b:6cad:1f5f:1c11\r\n\t源端口:\t\t54838\r\n\r\n详细的身份验证信息:\r\n\t登录进程:\t\tKerberos\r\n\t身份验证数据包:\tKerberos\r\n\t传递的服务:\t-\r\n\t数据包名(仅限 NTLM):\t-\r\n\t密钥长度:\t\t0\r\n\r\n创建登录会话时，将在被访问的计算机上生成此事件。\r\n\r\n“使用者”字段指示本地系统上请求登录的帐户。这通常是一个服务(例如 Server 服务)或本地进程(例如 Winlogon.exe 或 Services.exe)。\r\n\r\n“登录类型”字段指示发生的登录类型。最常见的类型是 2 (交互式)和 3 (网络)。\r\n\r\n“新登录”字段指示新登录是为哪个帐户创建的，即已登录的帐户。\r\n\r\n“网络”字段指示远程登录请求源自哪里。“工作站名称”并非始终可用，并且在某些情况下可能会留空。\r\n\r\n“模拟级别”字段指示登录会话中的进程可以模拟到的程度。\r\n\r\n“身份验证信息”字段提供有关此特定登录请求的详细信息。\r\n\t- “登录 GUID”是可用于将此事件与 KDC 事件关联起来的唯一标识符。\r\n\t-“传递的服务”指示哪些中间服务参与了此登录请求。\r\n\t-“数据包名”指示在 NTLM 协议中使用了哪些子协议。\r\n\t-“密钥长度”指示生成的会话密钥的长度。如果没有请求会话密钥，则此字段将为 0。", "EventTime": "2024-08-05T12:37:42.1686636Z", "Level": "0", "Opcode": "0", "Version": "2", "Guid": "{54849625-5478-4994-a5ba-3e3b0328c30d}", "Name": "Microsoft-Windows-Security-Auditing", "Hostname": "dc-1.luchengyu.com", "EventID": "4624", "Channel": "Security", "Task": "12544", "ThreadID": "4544", "ProcessID": "180", "Keywords": "0x8020000000000000", "EventRecordID": "994280"}
{"SubjectUserSid": "S-1-5-18", "PrivilegeList": "SeSecurityPrivilege\n\t\t\tSeBackupPrivilege\n\t\t\tSeRestorePrivilege\n\t\t\tSeTakeOwnershipPrivilege\n\t\t\tSeDebugPrivilege\n\t\t\tSeSystemEnvironmentPrivilege\n\t\t\tSeLoadDriverPrivilege\n\t\t\tSeImpersonatePrivilege\n\t\t\tSeDelegateSessionUserImpersonatePrivilege\n\t\t\tSeEnableDelegationPrivilege", "TargetLogonId": "0x10a4de27", "SubjectDomainName": "LUCHENGYU", "SubjectUserName": "DC-1$", "Message": "为新登录分配了特殊权限。\r\n\r\n使用者:\r\n\t安全 ID:\t\tS-1-5-18\r\n\t帐户名:\t\tDC-1$\r\n\t帐户域:\t\tLUCHENGYU\r\n\t登录 ID:\t\t0x10A4DE27\r\n\r\n特权:\t\tSeSecurityPrivilege\r\n\t\t\tSeBackupPrivilege\r\n\t\t\tSeRestorePrivilege\r\n\t\t\tSeTakeOwnershipPrivilege\r\n\t\t\tSeDebugPrivilege\r\n\t\t\tSeSystemEnvironmentPrivilege\r\n\t\t\tSeLoadDriverPrivilege\r\n\t\t\tSeImpersonatePrivilege\r\n\t\t\tSeDelegateSessionUserImpersonatePrivilege\r\n\t\t\tSeEnableDelegationPrivilege", "EventTime": "2024-08-05T12:37:42.1684893Z", "Level": "0", "Opcode": "0", "Version": "0", "Guid": "{54849625-5478-4994-a5ba-3e3b0328c30d}", "Name": "Microsoft-Windows-Security-Auditing", "Hostname": "dc-1.luchengyu.com", "EventID": "4672", "Channel": "Security", "Task": "12548", "ThreadID": "4544", "ProcessID": "180", "Keywords": "0x8020000000000000", "EventRecordID": "994279"}
{"TargetUserName": "DC-1$", "TargetLogonId": "0x10a49e95", "TargetDomainName": "LUCHENGYU", "LogonType": "3", "SubjectUserSid": "S-1-5-18", "Message": "已注销帐户。\r\n\r\n使用者:\r\n\t安全 ID:\t\tS-1-5-18\r\n\t帐户名:\t\tDC-1$\r\n\t帐户域:\t\tLUCHENGYU\r\n\t登录 ID:\t\t0x10A49E95\r\n\r\n登录类型:\t\t\t3\r\n\r\n在登录会话被破坏时生成此事件。可以使用登录 ID 值将它和一个登录事件准确关联起来。在同一台计算机上重新启动的区间中，登录 ID 是唯一的。", "EventTime": "2024-08-05T12:37:39.8397140Z", "Level": "0", "Opcode": "0", "Version": "0", "Guid": "{54849625-5478-4994-a5ba-3e3b0328c30d}", "Name": "Microsoft-Windows-Security-Auditing", "Hostname": "dc-1.luchengyu.com", "EventID": "4634", "Channel": "Security", "Task": "12545", "ThreadID": "13480", "ProcessID": "180", "Keywords": "0x8020000000000000", "EventRecordID": "994278"}
{"TargetUserName": "DC-1$", "TargetLogonId": "0x10a49e0f", "TargetDomainName": "LUCHENGYU", "LogonType": "3", "SubjectUserSid": "S-1-5-18", "Message": "已注销帐户。\r\n\r\n使用者:\r\n\t安全 ID:\t\tS-1-5-18\r\n\t帐户名:\t\tDC-1$\r\n\t帐户域:\t\tLUCHENGYU\r\n\t登录 ID:\t\t0x10A49E0F\r\n\r\n登录类型:\t\t\t3\r\n\r\n在登录会话被破坏时生成此事件。可以使用登录 ID 值将它和一个登录事件准确关联起来。在同一台计算机上重新启动的区间中，登录 ID 是唯一的。", "EventTime": "2024-08-05T12:37:25.8296242Z", "Level": "0", "Opcode": "0", "Version": "0", "Guid": "{54849625-5478-4994-a5ba-3e3b0328c30d}", "Name": "Microsoft-Windows-Security-Auditing", "Hostname": "dc-1.luchengyu.com", "EventID": "4634", "Channel": "Security", "Task": "12545", "ThreadID": "13480", "ProcessID": "180", "Keywords": "0x8020000000000000", "EventRecordID": "994277"}
{"TargetUserName": "DC-1$", "TargetLogonId": "0x10a4a629", "TargetDomainName": "LUCHENGYU", "LogonType": "3", "SubjectUserSid": "S-1-5-18", "Message": "已注销帐户。\r\n\r\n使用者:\r\n\t安全 ID:\t\tS-1-5-18\r\n\t帐户名:\t\tDC-1$\r\n\t帐户域:\t\tLUCHENGYU\r\n\t登录 ID:\t\t0x10A4A629\r\n\r\n登录类型:\t\t\t3\r\n\r\n在登录会话被破坏时生成此事件。可以使用登录 ID 值将它和一个登录事件准确关联起来。在同一台计算机上重新启动的区间中，登录 ID 是唯一的。", "EventTime": "2024-08-05T12:37:23.6550099Z", "Level": "0", "Opcode": "0", "Version": "0", "Guid": "{54849625-5478-4994-a5ba-3e3b0328c30d}", "Name": "Microsoft-Windows-Security-Auditing", "Hostname": "dc-1.luchengyu.com", "EventID": "4634", "Channel": "Security", "Task": "12545", "ThreadID": "13480", "ProcessID": "180", "Keywords": "0x8020000000000000", "EventRecordID": "994276"}
{"KeyLength": "0", "SubjectUserSid": "S-1-5-18", "TargetLogonId": "0x10a4a629", "AuthenticationPackageName": "Kerberos", "TargetOutboundUserName": "-", "ImpersonationLevel": "%%1833", "LogonProcessName": "Kerberos", "TargetDomainName": "LUCHENGYU.COM", "IpPort": "54832", "LmPackageName": "-", "IpAddress": "fe80::9b2b:6cad:1f5f:1c11", "SubjectDomainName": "-", "ProcessName": "-", "TransmittedServices": "-", "ProcessId": "0x0", "SubjectUserName": "-", "TargetOutboundDomainName": "-", "TargetUserName": "DC-1$", "RestrictedAdminMode": "-", "ProviderGuid": "{5de59f25-99b2-29ef-8ffd-a5a5d1df48c3}", "LogonType": "3", "TargetLinkedLogonId": "0x0", "VirtualAccount": "%%1843", "TokenElevationType": "%%1842", "WorkstationName": "-", "Message": "已成功登录帐户。\r\n\r\n使用者:\r\n\t安全 ID:\t\tS-1-0-0\r\n\t帐户名称:\t\t-\r\n\t帐户域:\t\t-\r\n\t登录 ID:\t\t0x0\r\n\r\n登录信息:\r\n\t登录类型:\t\t3\r\n\t受限制的管理员模式:\t-\r\n\t虚拟帐户:\t\t否\r\n\t提升的令牌:\t\t是\r\n\r\n模拟级别:\t\t模拟\r\n\r\n新登录:\r\n\t安全 ID:\t\tS-1-5-18\r\n\t帐户名称:\t\tDC-1$\r\n\t帐户域:\t\tLUCHENGYU.COM\r\n\t登录 ID:\t\t0x10A4A629\r\n\t链接的登录 ID:\t\t0x0\r\n\t网络帐户名称:\t-\r\n\t网络帐户域:\t-\r\n\t登录 GUID:\t\t{5de59f25-99b2-29ef-8ffd-a5a5d1df48c3}\r\n\r\n进程信息:\r\n\t进程 ID:\t\t0x0\r\n\t进程名称:\t\t-\r\n\r\n网络信息:\r\n\t工作站名称:\t-\r\n\t源网络地址:\tfe80::9b2b:6cad:1f5f:1c11\r\n\t源端口:\t\t54832\r\n\r\n详细的身份验证信息:\r\n\t登录进程:\t\tKerberos\r\n\t身份验证数据包:\tKerberos\r\n\t传递的服务:\t-\r\n\t数据包名(仅限 NTLM):\t-\r\n\t密钥长度:\t\t0\r\n\r\n创建登录会话时，将在被访问的计算机上生成此事件。\r\n\r\n“使用者”字段指示本地系统上请求登录的帐户。这通常是一个服务(例如 Server 服务)或本地进程(例如 Winlogon.exe 或 Services.exe)。\r\n\r\n“登录类型”字段指示发生的登录类型。最常见的类型是 2 (交互式)和 3 (网络)。\r\n\r\n“新登录”字段指示新登录是为哪个帐户创建的，即已登录的帐户。\r\n\r\n“网络”字段指示远程登录请求源自哪里。“工作站名称”并非始终可用，并且在某些情况下可能会留空。\r\n\r\n“模拟级别”字段指示登录会话中的进程可以模拟到的程度。\r\n\r\n“身份验证信息”字段提供有关此特定登录请求的详细信息。\r\n\t- “登录 GUID”是可用于将此事件与 KDC 事件关联起来的唯一标识符。\r\n\t-“传递的服务”指示哪些中间服务参与了此登录请求。\r\n\t-“数据包名”指示在 NTLM 协议中使用了哪些子协议。\r\n\t-“密钥长度”指示生成的会话密钥的长度。如果没有请求会话密钥，则此字段将为 0。", "EventTime": "2024-08-05T12:37:23.6439048Z", "Level": "0", "Opcode": "0", "Version": "2", "Guid": "{54849625-5478-4994-a5ba-3e3b0328c30d}", "Name": "Microsoft-Windows-Security-Auditing", "Hostname": "dc-1.luchengyu.com", "EventID": "4624", "Channel": "Security", "Task": "12544", "ThreadID": "4544", "ProcessID": "180", "Keywords": "0x8020000000000000", "EventRecordID": "994275"}
{"SubjectUserSid": "S-1-5-18", "PrivilegeList": "SeSecurityPrivilege\n\t\t\tSeBackupPrivilege\n\t\t\tSeRestorePrivilege\n\t\t\tSeTakeOwnershipPrivilege\n\t\t\tSeDebugPrivilege\n\t\t\tSeSystemEnvironmentPrivilege\n\t\t\tSeLoadDriverPrivilege\n\t\t\tSeImpersonatePrivilege\n\t\t\tSeDelegateSessionUserImpersonatePrivilege\n\t\t\tSeEnableDelegationPrivilege", "TargetLogonId": "0x10a4a629", "SubjectDomainName": "LUCHENGYU", "SubjectUserName": "DC-1$", "Message": "为新登录分配了特殊权限。\r\n\r\n使用者:\r\n\t安全 ID:\t\tS-1-5-18\r\n\t帐户名:\t\tDC-1$\r\n\t帐户域:\t\tLUCHENGYU\r\n\t登录 ID:\t\t0x10A4A629\r\n\r\n特权:\t\tSeSecurityPrivilege\r\n\t\t\tSeBackupPrivilege\r\n\t\t\tSeRestorePrivilege\r\n\t\t\tSeTakeOwnershipPrivilege\r\n\t\t\tSeDebugPrivilege\r\n\t\t\tSeSystemEnvironmentPrivilege\r\n\t\t\tSeLoadDriverPrivilege\r\n\t\t\tSeImpersonatePrivilege\r\n\t\t\tSeDelegateSessionUserImpersonatePrivilege\r\n\t\t\tSeEnableDelegationPrivilege", "EventTime": "2024-08-05T12:37:23.6437749Z", "Level": "0", "Opcode": "0", "Version": "0", "Guid": "{54849625-5478-4994-a5ba-3e3b0328c30d}", "Name": "Microsoft-Windows-Security-Auditing", "Hostname": "dc-1.luchengyu.com", "EventID": "4672", "Channel": "Security", "Task": "12548", "ThreadID": "4544", "ProcessID": "180", "Keywords": "0x8020000000000000", "EventRecordID": "994274"}
{"TargetUserName": "DC-1$", "TargetLogonId": "0x10a4a4a6", "TargetDomainName": "LUCHENGYU", "LogonType": "3", "SubjectUserSid": "S-1-5-18", "Message": "已注销帐户。\r\n\r\n使用者:\r\n\t安全 ID:\t\tS-1-5-18\r\n\t帐户名:\t\tDC-1$\r\n\t帐户域:\t\tLUCHENGYU\r\n\t登录 ID:\t\t0x10A4A4A6\r\n\r\n登录类型:\t\t\t3\r\n\r\n在登录会话被破坏时生成此事件。可以使用登录 ID 值将它和一个登录事件准确关联起来。在同一台计算机上重新启动的区间中，登录 ID 是唯一的。", "EventTime": "2024-08-05T12:37:23.6403412Z", "Level": "0", "Opcode": "0", "Version": "0", "Guid": "{54849625-5478-4994-a5ba-3e3b0328c30d}", "Name": "Microsoft-Windows-Security-Auditing", "Hostname": "dc-1.luchengyu.com", "EventID": "4634", "Channel": "Security", "Task": "12545", "ThreadID": "13480", "ProcessID": "180", "Keywords": "0x8020000000000000", "EventRecordID": "994273"}
{"KeyLength": "0", "SubjectUserSid": "S-1-5-18", "TargetLogonId": "0x10a4a4a6", "AuthenticationPackageName": "Kerberos", "TargetOutboundUserName": "-", "ImpersonationLevel": "%%1833", "LogonProcessName": "Kerberos", "TargetDomainName": "LUCHENGYU.COM", "IpPort": "54831", "LmPackageName": "-", "IpAddress": "fe80::9b2b:6cad:1f5f:1c11", "SubjectDomainName": "-", "ProcessName": "-", "TransmittedServices": "-", "ProcessId": "0x0", "SubjectUserName": "-", "TargetOutboundDomainName": "-", "TargetUserName": "DC-1$", "RestrictedAdminMode": "-", "ProviderGuid": "{5de59f25-99b2-29ef-8ffd-a5a5d1df48c3}", "LogonType": "3", "TargetLinkedLogonId": "0x0", "VirtualAccount": "%%1843", "TokenElevationType": "%%1842", "WorkstationName": "-", "Message": "已成功登录帐户。\r\n\r\n使用者:\r\n\t安全 ID:\t\tS-1-0-0\r\n\t帐户名称:\t\t-\r\n\t帐户域:\t\t-\r\n\t登录 ID:\t\t0x0\r\n\r\n登录信息:\r\n\t登录类型:\t\t3\r\n\t受限制的管理员模式:\t-\r\n\t虚拟帐户:\t\t否\r\n\t提升的令牌:\t\t是\r\n\r\n模拟级别:\t\t模拟\r\n\r\n新登录:\r\n\t安全 ID:\t\tS-1-5-18\r\n\t帐户名称:\t\tDC-1$\r\n\t帐户域:\t\tLUCHENGYU.COM\r\n\t登录 ID:\t\t0x10A4A4A6\r\n\t链接的登录 ID:\t\t0x0\r\n\t网络帐户名称:\t-\r\n\t网络帐户域:\t-\r\n\t登录 GUID:\t\t{5de59f25-99b2-29ef-8ffd-a5a5d1df48c3}\r\n\r\n进程信息:\r\n\t进程 ID:\t\t0x0\r\n\t进程名称:\t\t-\r\n\r\n网络信息:\r\n\t工作站名称:\t-\r\n\t源网络地址:\tfe80::9b2b:6cad:1f5f:1c11\r\n\t源端口:\t\t54831\r\n\r\n详细的身份验证信息:\r\n\t登录进程:\t\tKerberos\r\n\t身份验证数据包:\tKerberos\r\n\t传递的服务:\t-\r\n\t数据包名(仅限 NTLM):\t-\r\n\t密钥长度:\t\t0\r\n\r\n创建登录会话时，将在被访问的计算机上生成此事件。\r\n\r\n“使用者”字段指示本地系统上请求登录的帐户。这通常是一个服务(例如 Server 服务)或本地进程(例如 Winlogon.exe 或 Services.exe)。\r\n\r\n“登录类型”字段指示发生的登录类型。最常见的类型是 2 (交互式)和 3 (网络)。\r\n\r\n“新登录”字段指示新登录是为哪个帐户创建的，即已登录的帐户。\r\n\r\n“网络”字段指示远程登录请求源自哪里。“工作站名称”并非始终可用，并且在某些情况下可能会留空。\r\n\r\n“模拟级别”字段指示登录会话中的进程可以模拟到的程度。\r\n\r\n“身份验证信息”字段提供有关此特定登录请求的详细信息。\r\n\t- “登录 GUID”是可用于将此事件与 KDC 事件关联起来的唯一标识符。\r\n\t-“传递的服务”指示哪些中间服务参与了此登录请求。\r\n\t-“数据包名”指示在 NTLM 协议中使用了哪些子协议。\r\n\t-“密钥长度”指示生成的会话密钥的长度。如果没有请求会话密钥，则此字段将为 0。", "EventTime": "2024-08-05T12:37:23.6297071Z", "Level": "0", "Opcode": "0", "Version": "2", "Guid": "{54849625-5478-4994-a5ba-3e3b0328c30d}", "Name": "Microsoft-Windows-Security-Auditing", "Hostname": "dc-1.luchengyu.com", "EventID": "4624", "Channel": "Security", "Task": "12544", "ThreadID": "4544", "ProcessID": "180", "Keywords": "0x8020000000000000", "EventRecordID": "994272"}
{"SubjectUserSid": "S-1-5-18", "PrivilegeList": "SeSecurityPrivilege\n\t\t\tSeBackupPrivilege\n\t\t\tSeRestorePrivilege\n\t\t\tSeTakeOwnershipPrivilege\n\t\t\tSeDebugPrivilege\n\t\t\tSeSystemEnvironmentPrivilege\n\t\t\tSeLoadDriverPrivilege\n\t\t\tSeImpersonatePrivilege\n\t\t\tSeDelegateSessionUserImpersonatePrivilege\n\t\t\tSeEnableDelegationPrivilege", "TargetLogonId": "0x10a4a4a6", "SubjectDomainName": "LUCHENGYU", "SubjectUserName": "DC-1$", "Message": "为新登录分配了特殊权限。\r\n\r\n使用者:\r\n\t安全 ID:\t\tS-1-5-18\r\n\t帐户名:\t\tDC-1$\r\n\t帐户域:\t\tLUCHENGYU\r\n\t登录 ID:\t\t0x10A4A4A6\r\n\r\n特权:\t\tSeSecurityPrivilege\r\n\t\t\tSeBackupPrivilege\r\n\t\t\tSeRestorePrivilege\r\n\t\t\tSeTakeOwnershipPrivilege\r\n\t\t\tSeDebugPrivilege\r\n\t\t\tSeSystemEnvironmentPrivilege\r\n\t\t\tSeLoadDriverPrivilege\r\n\t\t\tSeImpersonatePrivilege\r\n\t\t\tSeDelegateSessionUserImpersonatePrivilege\r\n\t\t\tSeEnableDelegationPrivilege", "EventTime": "2024-08-05T12:37:23.6295703Z", "Level": "0", "Opcode": "0", "Version": "0", "Guid": "{54849625-5478-4994-a5ba-3e3b0328c30d}", "Name": "Microsoft-Windows-Security-Auditing", "Hostname": "dc-1.luchengyu.com", "EventID": "4672", "Channel": "Security", "Task": "12548", "ThreadID": "4544", "ProcessID": "180", "Keywords": "0x8020000000000000", "EventRecordID": "994271"}
{"TargetUserName": "DC-1$", "TargetLogonId": "0x10a49f8e", "TargetDomainName": "LUCHENGYU", "LogonType": "3", "SubjectUserSid": "S-1-5-18", "Message": "已注销帐户。\r\n\r\n使用者:\r\n\t安全 ID:\t\tS-1-5-18\r\n\t帐户名:\t\tDC-1$\r\n\t帐户域:\t\tLUCHENGYU\r\n\t登录 ID:\t\t0x10A49F8E\r\n\r\n登录类型:\t\t\t3\r\n\r\n在登录会话被破坏时生成此事件。可以使用登录 ID 值将它和一个登录事件准确关联起来。在同一台计算机上重新启动的区间中，登录 ID 是唯一的。", "EventTime": "2024-08-05T12:37:23.6100227Z", "Level": "0", "Opcode": "0", "Version": "0", "Guid": "{54849625-5478-4994-a5ba-3e3b0328c30d}", "Name": "Microsoft-Windows-Security-Auditing", "Hostname": "dc-1.luchengyu.com", "EventID": "4634", "Channel": "Security", "Task": "12545", "ThreadID": "14240", "ProcessID": "180", "Keywords": "0x8020000000000000", "EventRecordID": "994270"}
{"TargetUserName": "DC-1$", "TargetLogonId": "0x10a4a090", "TargetDomainName": "LUCHENGYU", "LogonType": "3", "SubjectUserSid": "S-1-5-18", "Message": "已注销帐户。\r\n\r\n使用者:\r\n\t安全 ID:\t\tS-1-5-18\r\n\t帐户名:\t\tDC-1$\r\n\t帐户域:\t\tLUCHENGYU\r\n\t登录 ID:\t\t0x10A4A090\r\n\r\n登录类型:\t\t\t3\r\n\r\n在登录会话被破坏时生成此事件。可以使用登录 ID 值将它和一个登录事件准确关联起来。在同一台计算机上重新启动的区间中，登录 ID 是唯一的。", "EventTime": "2024-08-05T12:37:23.6100209Z", "Level": "0", "Opcode": "0", "Version": "0", "Guid": "{54849625-5478-4994-a5ba-3e3b0328c30d}", "Name": "Microsoft-Windows-Security-Auditing", "Hostname": "dc-1.luchengyu.com", "EventID": "4634", "Channel": "Security", "Task": "12545", "ThreadID": "13480", "ProcessID": "180", "Keywords": "0x8020000000000000", "EventRecordID": "994269"}
{"KeyLength": "0", "SubjectUserSid": "S-1-5-18", "TargetLogonId": "0x10a4a090", "AuthenticationPackageName": "Kerberos", "TargetOutboundUserName": "-", "ImpersonationLevel": "%%1833", "LogonProcessName": "Kerberos", "TargetDomainName": "LUCHENGYU.COM", "IpPort": "54830", "LmPackageName": "-", "IpAddress": "192.168.30.2", "SubjectDomainName": "-", "ProcessName": "-", "TransmittedServices": "-", "ProcessId": "0x0", "SubjectUserName": "-", "TargetOutboundDomainName": "-", "TargetUserName": "DC-1$", "RestrictedAdminMode": "-", "ProviderGuid": "{0de1168c-d82f-9692-0dea-a1e85635c266}", "LogonType": "3", "TargetLinkedLogonId": "0x0", "VirtualAccount": "%%1843", "TokenElevationType": "%%1842", "WorkstationName": "-", "Message": "已成功登录帐户。\r\n\r\n使用者:\r\n\t安全 ID:\t\tS-1-0-0\r\n\t帐户名称:\t\t-\r\n\t帐户域:\t\t-\r\n\t登录 ID:\t\t0x0\r\n\r\n登录信息:\r\n\t登录类型:\t\t3\r\n\t受限制的管理员模式:\t-\r\n\t虚拟帐户:\t\t否\r\n\t提升的令牌:\t\t是\r\n\r\n模拟级别:\t\t模拟\r\n\r\n新登录:\r\n\t安全 ID:\t\tS-1-5-18\r\n\t帐户名称:\t\tDC-1$\r\n\t帐户域:\t\tLUCHENGYU.COM\r\n\t登录 ID:\t\t0x10A4A090\r\n\t链接的登录 ID:\t\t0x0\r\n\t网络帐户名称:\t-\r\n\t网络帐户域:\t-\r\n\t登录 GUID:\t\t{0de1168c-d82f-9692-0dea-a1e85635c266}\r\n\r\n进程信息:\r\n\t进程 ID:\t\t0x0\r\n\t进程名称:\t\t-\r\n\r\n网络信息:\r\n\t工作站名称:\t-\r\n\t源网络地址:\t192.168.30.2\r\n\t源端口:\t\t54830\r\n\r\n详细的身份验证信息:\r\n\t登录进程:\t\tKerberos\r\n\t身份验证数据包:\tKerberos\r\n\t传递的服务:\t-\r\n\t数据包名(仅限 NTLM):\t-\r\n\t密钥长度:\t\t0\r\n\r\n创建登录会话时，将在被访问的计算机上生成此事件。\r\n\r\n“使用者”字段指示本地系统上请求登录的帐户。这通常是一个服务(例如 Server 服务)或本地进程(例如 Winlogon.exe 或 Services.exe)。\r\n\r\n“登录类型”字段指示发生的登录类型。最常见的类型是 2 (交互式)和 3 (网络)。\r\n\r\n“新登录”字段指示新登录是为哪个帐户创建的，即已登录的帐户。\r\n\r\n“网络”字段指示远程登录请求源自哪里。“工作站名称”并非始终可用，并且在某些情况下可能会留空。\r\n\r\n“模拟级别”字段指示登录会话中的进程可以模拟到的程度。\r\n\r\n“身份验证信息”字段提供有关此特定登录请求的详细信息。\r\n\t- “登录 GUID”是可用于将此事件与 KDC 事件关联起来的唯一标识符。\r\n\t-“传递的服务”指示哪些中间服务参与了此登录请求。\r\n\t-“数据包名”指示在 NTLM 协议中使用了哪些子协议。\r\n\t-“密钥长度”指示生成的会话密钥的长度。如果没有请求会话密钥，则此字段将为 0。", "EventTime": "2024-08-05T12:37:23.4963757Z", "Level": "0", "Opcode": "0", "Version": "2", "Guid": "{54849625-5478-4994-a5ba-3e3b0328c30d}", "Name": "Microsoft-Windows-Security-Auditing", "Hostname": "dc-1.luchengyu.com", "EventID": "4624", "Channel": "Security", "Task": "12544", "ThreadID": "7308", "ProcessID": "180", "Keywords": "0x8020000000000000", "EventRecordID": "994268"}
{"SubjectUserSid": "S-1-5-18", "PrivilegeList": "SeSecurityPrivilege\n\t\t\tSeBackupPrivilege\n\t\t\tSeRestorePrivilege\n\t\t\tSeTakeOwnershipPrivilege\n\t\t\tSeDebugPrivilege\n\t\t\tSeSystemEnvironmentPrivilege\n\t\t\tSeLoadDriverPrivilege\n\t\t\tSeImpersonatePrivilege\n\t\t\tSeDelegateSessionUserImpersonatePrivilege\n\t\t\tSeEnableDelegationPrivilege", "TargetLogonId": "0x10a4a090", "SubjectDomainName": "LUCHENGYU", "SubjectUserName": "DC-1$", "Message": "为新登录分配了特殊权限。\r\n\r\n使用者:\r\n\t安全 ID:\t\tS-1-5-18\r\n\t帐户名:\t\tDC-1$\r\n\t帐户域:\t\tLUCHENGYU\r\n\t登录 ID:\t\t0x10A4A090\r\n\r\n特权:\t\tSeSecurityPrivilege\r\n\t\t\tSeBackupPrivilege\r\n\t\t\tSeRestorePrivilege\r\n\t\t\tSeTakeOwnershipPrivilege\r\n\t\t\tSeDebugPrivilege\r\n\t\t\tSeSystemEnvironmentPrivilege\r\n\t\t\tSeLoadDriverPrivilege\r\n\t\t\tSeImpersonatePrivilege\r\n\t\t\tSeDelegateSessionUserImpersonatePrivilege\r\n\t\t\tSeEnableDelegationPrivilege", "EventTime": "2024-08-05T12:37:23.4962620Z", "Level": "0", "Opcode": "0", "Version": "0", "Guid": "{54849625-5478-4994-a5ba-3e3b0328c30d}", "Name": "Microsoft-Windows-Security-Auditing", "Hostname": "dc-1.luchengyu.com", "EventID": "4672", "Channel": "Security", "Task": "12548", "ThreadID": "7308", "ProcessID": "180", "Keywords": "0x8020000000000000", "EventRecordID": "994267"}
{"KeyLength": "0", "SubjectUserSid": "S-1-5-18", "TargetLogonId": "0x10a49f8e", "AuthenticationPackageName": "Kerberos", "TargetOutboundUserName": "-", "ImpersonationLevel": "%%1833", "LogonProcessName": "Kerberos", "TargetDomainName": "LUCHENGYU.COM", "IpPort": "0", "LmPackageName": "-", "IpAddress": "::1", "SubjectDomainName": "-", "ProcessName": "-", "TransmittedServices": "-", "ProcessId": "0x0", "SubjectUserName": "-", "TargetOutboundDomainName": "-", "TargetUserName": "DC-1$", "RestrictedAdminMode": "-", "ProviderGuid": "{0de1168c-d82f-9692-0dea-a1e85635c266}", "LogonType": "3", "TargetLinkedLogonId": "0x0", "VirtualAccount": "%%1843", "TokenElevationType": "%%1842", "WorkstationName": "-", "Message": "已成功登录帐户。\r\n\r\n使用者:\r\n\t安全 ID:\t\tS-1-0-0\r\n\t帐户名称:\t\t-\r\n\t帐户域:\t\t-\r\n\t登录 ID:\t\t0x0\r\n\r\n登录信息:\r\n\t登录类型:\t\t3\r\n\t受限制的管理员模式:\t-\r\n\t虚拟帐户:\t\t否\r\n\t提升的令牌:\t\t是\r\n\r\n模拟级别:\t\t模拟\r\n\r\n新登录:\r\n\t安全 ID:\t\tS-1-5-18\r\n\t帐户名称:\t\tDC-1$\r\n\t帐户域:\t\tLUCHENGYU.COM\r\n\t登录 ID:\t\t0x10A49F8E\r\n\t链接的登录 ID:\t\t0x0\r\n\t网络帐户名称:\t-\r\n\t网络帐户域:\t-\r\n\t登录 GUID:\t\t{0de1168c-d82f-9692-0dea-a1e85635c266}\r\n\r\n进程信息:\r\n\t进程 ID:\t\t0x0\r\n\t进程名称:\t\t-\r\n\r\n网络信息:\r\n\t工作站名称:\t-\r\n\t源网络地址:\t::1\r\n\t源端口:\t\t0\r\n\r\n详细的身份验证信息:\r\n\t登录进程:\t\tKerberos\r\n\t身份验证数据包:\tKerberos\r\n\t传递的服务:\t-\r\n\t数据包名(仅限 NTLM):\t-\r\n\t密钥长度:\t\t0\r\n\r\n创建登录会话时，将在被访问的计算机上生成此事件。\r\n\r\n“使用者”字段指示本地系统上请求登录的帐户。这通常是一个服务(例如 Server 服务)或本地进程(例如 Winlogon.exe 或 Services.exe)。\r\n\r\n“登录类型”字段指示发生的登录类型。最常见的类型是 2 (交互式)和 3 (网络)。\r\n\r\n“新登录”字段指示新登录是为哪个帐户创建的，即已登录的帐户。\r\n\r\n“网络”字段指示远程登录请求源自哪里。“工作站名称”并非始终可用，并且在某些情况下可能会留空。\r\n\r\n“模拟级别”字段指示登录会话中的进程可以模拟到的程度。\r\n\r\n“身份验证信息”字段提供有关此特定登录请求的详细信息。\r\n\t- “登录 GUID”是可用于将此事件与 KDC 事件关联起来的唯一标识符。\r\n\t-“传递的服务”指示哪些中间服务参与了此登录请求。\r\n\t-“数据包名”指示在 NTLM 协议中使用了哪些子协议。\r\n\t-“密钥长度”指示生成的会话密钥的长度。如果没有请求会话密钥，则此字段将为 0。", "EventTime": "2024-08-05T12:37:23.4930012Z", "Level": "0", "Opcode": "0", "Version": "2", "Guid": "{54849625-5478-4994-a5ba-3e3b0328c30d}", "Name": "Microsoft-Windows-Security-Auditing", "Hostname": "dc-1.luchengyu.com", "EventID": "4624", "Channel": "Security", "Task": "12544", "ActivityID": "{3de5e27c-e30e-0016-7de2-e53d0ee3da01}", "ThreadID": "13480", "ProcessID": "180", "Keywords": "0x8020000000000000", "EventRecordID": "994266"}
{"SubjectUserSid": "S-1-5-18", "PrivilegeList": "SeSecurityPrivilege\n\t\t\tSeBackupPrivilege\n\t\t\tSeRestorePrivilege\n\t\t\tSeTakeOwnershipPrivilege\n\t\t\tSeDebugPrivilege\n\t\t\tSeSystemEnvironmentPrivilege\n\t\t\tSeLoadDriverPrivilege\n\t\t\tSeImpersonatePrivilege\n\t\t\tSeDelegateSessionUserImpersonatePrivilege\n\t\t\tSeEnableDelegationPrivilege", "TargetLogonId": "0x10a49f8e", "SubjectDomainName": "LUCHENGYU", "SubjectUserName": "DC-1$", "Message": "为新登录分配了特殊权限。\r\n\r\n使用者:\r\n\t安全 ID:\t\tS-1-5-18\r\n\t帐户名:\t\tDC-1$\r\n\t帐户域:\t\tLUCHENGYU\r\n\t登录 ID:\t\t0x10A49F8E\r\n\r\n特权:\t\tSeSecurityPrivilege\r\n\t\t\tSeBackupPrivilege\r\n\t\t\tSeRestorePrivilege\r\n\t\t\tSeTakeOwnershipPrivilege\r\n\t\t\tSeDebugPrivilege\r\n\t\t\tSeSystemEnvironmentPrivilege\r\n\t\t\tSeLoadDriverPrivilege\r\n\t\t\tSeImpersonatePrivilege\r\n\t\t\tSeDelegateSessionUserImpersonatePrivilege\r\n\t\t\tSeEnableDelegationPrivilege", "EventTime": "2024-08-05T12:37:23.4928934Z", "Level": "0", "Opcode": "0", "Version": "0", "Guid": "{54849625-5478-4994-a5ba-3e3b0328c30d}", "Name": "Microsoft-Windows-Security-Auditing", "Hostname": "dc-1.luchengyu.com", "EventID": "4672", "Channel": "Security", "Task": "12548", "ActivityID": "{3de5e27c-e30e-0016-7de2-e53d0ee3da01}", "ThreadID": "13480", "ProcessID": "180", "Keywords": "0x8020000000000000", "EventRecordID": "994265"}
{"KeyLength": "0", "SubjectUserSid": "S-1-5-18", "TargetLogonId": "0x10a49e95", "AuthenticationPackageName": "Kerberos", "TargetOutboundUserName": "-", "ImpersonationLevel": "%%1840", "LogonProcessName": "Kerberos", "TargetDomainName": "LUCHENGYU.COM", "IpPort": "54829", "LmPackageName": "-", "IpAddress": "fe80::9b2b:6cad:1f5f:1c11", "SubjectDomainName": "-", "ProcessName": "-", "TransmittedServices": "-", "ProcessId": "0x0", "SubjectUserName": "-", "TargetOutboundDomainName": "-", "TargetUserName": "DC-1$", "RestrictedAdminMode": "-", "ProviderGuid": "{0de1168c-d82f-9692-0dea-a1e85635c266}", "LogonType": "3", "TargetLinkedLogonId": "0x0", "VirtualAccount": "%%1843", "TokenElevationType": "%%1842", "WorkstationName": "-", "Message": "已成功登录帐户。\r\n\r\n使用者:\r\n\t安全 ID:\t\tS-1-0-0\r\n\t帐户名称:\t\t-\r\n\t帐户域:\t\t-\r\n\t登录 ID:\t\t0x0\r\n\r\n登录信息:\r\n\t登录类型:\t\t3\r\n\t受限制的管理员模式:\t-\r\n\t虚拟帐户:\t\t否\r\n\t提升的令牌:\t\t是\r\n\r\n模拟级别:\t\t委派\r\n\r\n新登录:\r\n\t安全 ID:\t\tS-1-5-18\r\n\t帐户名称:\t\tDC-1$\r\n\t帐户域:\t\tLUCHENGYU.COM\r\n\t登录 ID:\t\t0x10A49E95\r\n\t链接的登录 ID:\t\t0x0\r\n\t网络帐户名称:\t-\r\n\t网络帐户域:\t-\r\n\t登录 GUID:\t\t{0de1168c-d82f-9692-0dea-a1e85635c266}\r\n\r\n进程信息:\r\n\t进程 ID:\t\t0x0\r\n\t进程名称:\t\t-\r\n\r\n网络信息:\r\n\t工作站名称:\t-\r\n\t源网络地址:\tfe80::9b2b:6cad:1f5f:1c11\r\n\t源端口:\t\t54829\r\n\r\n详细的身份验证信息:\r\n\t登录进程:\t\tKerberos\r\n\t身份验证数据包:\tKerberos\r\n\t传递的服务:\t-\r\n\t数据包名(仅限 NTLM):\t-\r\n\t密钥长度:\t\t0\r\n\r\n创建登录会话时，将在被访问的计算机上生成此事件。\r\n\r\n“使用者”字段指示本地系统上请求登录的帐户。这通常是一个服务(例如 Server 服务)或本地进程(例如 Winlogon.exe 或 Services.exe)。\r\n\r\n“登录类型”字段指示发生的登录类型。最常见的类型是 2 (交互式)和 3 (网络)。\r\n\r\n“新登录”字段指示新登录是为哪个帐户创建的，即已登录的帐户。\r\n\r\n“网络”字段指示远程登录请求源自哪里。“工作站名称”并非始终可用，并且在某些情况下可能会留空。\r\n\r\n“模拟级别”字段指示登录会话中的进程可以模拟到的程度。\r\n\r\n“身份验证信息”字段提供有关此特定登录请求的详细信息。\r\n\t- “登录 GUID”是可用于将此事件与 KDC 事件关联起来的唯一标识符。\r\n\t-“传递的服务”指示哪些中间服务参与了此登录请求。\r\n\t-“数据包名”指示在 NTLM 协议中使用了哪些子协议。\r\n\t-“密钥长度”指示生成的会话密钥的长度。如果没有请求会话密钥，则此字段将为 0。", "EventTime": "2024-08-05T12:37:23.4829564Z", "Level": "0", "Opcode": "0", "Version": "2", "Guid": "{54849625-5478-4994-a5ba-3e3b0328c30d}", "Name": "Microsoft-Windows-Security-Auditing", "Hostname": "dc-1.luchengyu.com", "EventID": "4624", "Channel": "Security", "Task": "12544", "ActivityID": "{3de5e27c-e30e-0016-7de2-e53d0ee3da01}", "ThreadID": "13480", "ProcessID": "180", "Keywords": "0x8020000000000000", "EventRecordID": "994264"}
{"SubjectUserSid": "S-1-5-18", "PrivilegeList": "SeSecurityPrivilege\n\t\t\tSeBackupPrivilege\n\t\t\tSeRestorePrivilege\n\t\t\tSeTakeOwnershipPrivilege\n\t\t\tSeDebugPrivilege\n\t\t\tSeSystemEnvironmentPrivilege\n\t\t\tSeLoadDriverPrivilege\n\t\t\tSeImpersonatePrivilege\n\t\t\tSeDelegateSessionUserImpersonatePrivilege\n\t\t\tSeEnableDelegationPrivilege", "TargetLogonId": "0x10a49e95", "SubjectDomainName": "LUCHENGYU", "SubjectUserName": "DC-1$", "Message": "为新登录分配了特殊权限。\r\n\r\n使用者:\r\n\t安全 ID:\t\tS-1-5-18\r\n\t帐户名:\t\tDC-1$\r\n\t帐户域:\t\tLUCHENGYU\r\n\t登录 ID:\t\t0x10A49E95\r\n\r\n特权:\t\tSeSecurityPrivilege\r\n\t\t\tSeBackupPrivilege\r\n\t\t\tSeRestorePrivilege\r\n\t\t\tSeTakeOwnershipPrivilege\r\n\t\t\tSeDebugPrivilege\r\n\t\t\tSeSystemEnvironmentPrivilege\r\n\t\t\tSeLoadDriverPrivilege\r\n\t\t\tSeImpersonatePrivilege\r\n\t\t\tSeDelegateSessionUserImpersonatePrivilege\r\n\t\t\tSeEnableDelegationPrivilege", "EventTime": "2024-08-05T12:37:23.4828123Z", "Level": "0", "Opcode": "0", "Version": "0", "Guid": "{54849625-5478-4994-a5ba-3e3b0328c30d}", "Name": "Microsoft-Windows-Security-Auditing", "Hostname": "dc-1.luchengyu.com", "EventID": "4672", "Channel": "Security", "Task": "12548", "ActivityID": "{3de5e27c-e30e-0016-7de2-e53d0ee3da01}", "ThreadID": "13480", "ProcessID": "180", "Keywords": "0x8020000000000000", "EventRecordID": "994263"}
