{"KeyLength": "0", "SubjectUserSid": "S-1-5-18", "TargetLogonId": "0x10a49e0f", "AuthenticationPackageName": "Kerberos", "TargetOutboundUserName": "-", "ImpersonationLevel": "%%1833", "LogonProcessName": "Kerberos", "TargetDomainName": "LUCHENGYU.COM", "IpPort": "54828", "LmPackageName": "-", "IpAddress": "fe80::9b2b:6cad:1f5f:1c11", "SubjectDomainName": "-", "ProcessName": "-", "TransmittedServices": "-", "ProcessId": "0x0", "SubjectUserName": "-", "TargetOutboundDomainName": "-", "TargetUserName": "DC-1$", "RestrictedAdminMode": "-", "ProviderGuid": "{0de1168c-d82f-9692-0dea-a1e85635c266}", "LogonType": "3", "TargetLinkedLogonId": "0x0", "VirtualAccount": "%%1843", "TokenElevationType": "%%1842", "WorkstationName": "-", "Message": "已成功登录帐户。\r\n\r\n使用者:\r\n\t安全 ID:\t\tS-1-0-0\r\n\t帐户名称:\t\t-\r\n\t帐户域:\t\t-\r\n\t登录 ID:\t\t0x0\r\n\r\n登录信息:\r\n\t登录类型:\t\t3\r\n\t受限制的管理员模式:\t-\r\n\t虚拟帐户:\t\t否\r\n\t提升的令牌:\t\t是\r\n\r\n模拟级别:\t\t模拟\r\n\r\n新登录:\r\n\t安全 ID:\t\tS-1-5-18\r\n\t帐户名称:\t\tDC-1$\r\n\t帐户域:\t\tLUCHENGYU.COM\r\n\t登录 ID:\t\t0x10A49E0F\r\n\t链接的登录 ID:\t\t0x0\r\n\t网络帐户名称:\t-\r\n\t网络帐户域:\t-\r\n\t登录 GUID:\t\t{0de1168c-d82f-9692-0dea-a1e85635c266}\r\n\r\n进程信息:\r\n\t进程 ID:\t\t0x0\r\n\t进程名称:\t\t-\r\n\r\n网络信息:\r\n\t工作站名称:\t-\r\n\t源网络地址:\tfe80::9b2b:6cad:1f5f:1c11\r\n\t源端口:\t\t54828\r\n\r\n详细的身份验证信息:\r\n\t登录进程:\t\tKerberos\r\n\t身份验证数据包:\tKerberos\r\n\t传递的服务:\t-\r\n\t数据包名(仅限 NTLM):\t-\r\n\t密钥长度:\t\t0\r\n\r\n创建登录会话时，将在被访问的计算机上生成此事件。\r\n\r\n“使用者”字段指示本地系统上请求登录的帐户。这通常是一个服务(例如 Server 服务)或本地进程(例如 Winlogon.exe 或 Services.exe)。\r\n\r\n“登录类型”字段指示发生的登录类型。最常见的类型是 2 (交互式)和 3 (网络)。\r\n\r\n“新登录”字段指示新登录是为哪个帐户创建的，即已登录的帐户。\r\n\r\n“网络”字段指示远程登录请求源自哪里。“工作站名称”并非始终可用，并且在某些情况下可能会留空。\r\n\r\n“模拟级别”字段指示登录会话中的进程可以模拟到的程度。\r\n\r\n“身份验证信息”字段提供有关此特定登录请求的详细信息。\r\n\t- “登录 GUID”是可用于将此事件与 KDC 事件关联起来的唯一标识符。\r\n\t-“传递的服务”指示哪些中间服务参与了此登录请求。\r\n\t-“数据包名”指示在 NTLM 协议中使用了哪些子协议。\r\n\t-“密钥长度”指示生成的会话密钥的长度。如果没有请求会话密钥，则此字段将为 0。", "EventTime": "2024-08-05T12:37:23.4769757Z", "Level": "0", "Opcode": "0", "Version": "2", "Guid": "{54849625-5478-4994-a5ba-3e3b0328c30d}", "Name": "Microsoft-Windows-Security-Auditing", "Hostname": "dc-1.luchengyu.com", "EventID": "4624", "Channel": "Security", "Task": "12544", "ThreadID": "7308", "ProcessID": "180", "Keywords": "0x8020000000000000", "EventRecordID": "994262"}
{"SubjectUserSid": "S-1-5-18", "PrivilegeList": "SeSecurityPrivilege\n\t\t\tSeBackupPrivilege\n\t\t\tSeRestorePrivilege\n\t\t\tSeTakeOwnershipPrivilege\n\t\t\tSeDebugPrivilege\n\t\t\tSeSystemEnvironmentPrivilege\n\t\t\tSeLoadDriverPrivilege\n\t\t\tSeImpersonatePrivilege\n\t\t\tSeDelegateSessionUserImpersonatePrivilege\n\t\t\tSeEnableDelegationPrivilege", "TargetLogonId": "0x10a49e0f", "SubjectDomainName": "LUCHENGYU", "SubjectUserName": "DC-1$", "Message": "为新登录分配了特殊权限。\r\n\r\n使用者:\r\n\t安全 ID:\t\tS-1-5-18\r\n\t帐户名:\t\tDC-1$\r\n\t帐户域:\t\tLUCHENGYU\r\n\t登录 ID:\t\t0x10A49E0F\r\n\r\n特权:\t\tSeSecurityPrivilege\r\n\t\t\tSeBackupPrivilege\r\n\t\t\tSeRestorePrivilege\r\n\t\t\tSeTakeOwnershipPrivilege\r\n\t\t\tSeDebugPrivilege\r\n\t\t\tSeSystemEnvironmentPrivilege\r\n\t\t\tSeLoadDriverPrivilege\r\n\t\t\tSeImpersonatePrivilege\r\n\t\t\tSeDelegateSessionUserImpersonatePrivilege\r\n\t\t\tSeEnableDelegationPrivilege", "EventTime": "2024-08-05T12:37:23.4768160Z", "Level": "0", "Opcode": "0", "Version": "0", "Guid": "{54849625-5478-4994-a5ba-3e3b0328c30d}", "Name": "Microsoft-Windows-Security-Auditing", "Hostname": "dc-1.luchengyu.com", "EventID": "4672", "Channel": "Security", "Task": "12548", "ThreadID": "7308", "ProcessID": "180", "Keywords": "0x8020000000000000", "EventRecordID": "994261"}
{"TargetUserName": "DC-1$", "TargetLogonId": "0x10a340e3", "TargetDomainName": "LUCHENGYU", "LogonType": "3", "SubjectUserSid": "S-1-5-18", "Message": "已注销帐户。\r\n\r\n使用者:\r\n\t安全 ID:\t\tS-1-5-18\r\n\t帐户名:\t\tDC-1$\r\n\t帐户域:\t\tLUCHENGYU\r\n\t登录 ID:\t\t0x10A340E3\r\n\r\n登录类型:\t\t\t3\r\n\r\n在登录会话被破坏时生成此事件。可以使用登录 ID 值将它和一个登录事件准确关联起来。在同一台计算机上重新启动的区间中，登录 ID 是唯一的。", "EventTime": "2024-08-05T12:37:05.0502536Z", "Level": "0", "Opcode": "0", "Version": "0", "Guid": "{54849625-5478-4994-a5ba-3e3b0328c30d}", "Name": "Microsoft-Windows-Security-Auditing", "Hostname": "dc-1.luchengyu.com", "EventID": "4634", "Channel": "Security", "Task": "12545", "ThreadID": "8044", "ProcessID": "180", "Keywords": "0x8020000000000000", "EventRecordID": "994260"}
{"KeyLength": "0", "SubjectUserSid": "S-1-5-18", "TargetLogonId": "0x10a340e3", "AuthenticationPackageName": "Kerberos", "TargetOutboundUserName": "-", "ImpersonationLevel": "%%1840", "LogonProcessName": "Kerberos", "TargetDomainName": "LUCHENGYU.COM", "IpPort": "54820", "LmPackageName": "-", "IpAddress": "fe80::9b2b:6cad:1f5f:1c11", "SubjectDomainName": "-", "ProcessName": "-", "TransmittedServices": "-", "ProcessId": "0x0", "SubjectUserName": "-", "TargetOutboundDomainName": "-", "TargetUserName": "DC-1$", "RestrictedAdminMode": "-", "ProviderGuid": "{465abe6f-3419-c44f-730a-e399c7bedc55}", "LogonType": "3", "TargetLinkedLogonId": "0x0", "VirtualAccount": "%%1843", "TokenElevationType": "%%1842", "WorkstationName": "-", "Message": "已成功登录帐户。\r\n\r\n使用者:\r\n\t安全 ID:\t\tS-1-0-0\r\n\t帐户名称:\t\t-\r\n\t帐户域:\t\t-\r\n\t登录 ID:\t\t0x0\r\n\r\n登录信息:\r\n\t登录类型:\t\t3\r\n\t受限制的管理员模式:\t-\r\n\t虚拟帐户:\t\t否\r\n\t提升的令牌:\t\t是\r\n\r\n模拟级别:\t\t委派\r\n\r\n新登录:\r\n\t安全 ID:\t\tS-1-5-18\r\n\t帐户名称:\t\tDC-1$\r\n\t帐户域:\t\tLUCHENGYU.COM\r\n\t登录 ID:\t\t0x10A340E3\r\n\t链接的登录 ID:\t\t0x0\r\n\t网络帐户名称:\t-\r\n\t网络帐户域:\t-\r\n\t登录 GUID:\t\t{465abe6f-3419-c44f-730a-e399c7bedc55}\r\n\r\n进程信息:\r\n\t进程 ID:\t\t0x0\r\n\t进程名称:\t\t-\r\n\r\n网络信息:\r\n\t工作站名称:\t-\r\n\t源网络地址:\tfe80::9b2b:6cad:1f5f:1c11\r\n\t源端口:\t\t54820\r\n\r\n详细的身份验证信息:\r\n\t登录进程:\t\tKerberos\r\n\t身份验证数据包:\tKerberos\r\n\t传递的服务:\t-\r\n\t数据包名(仅限 NTLM):\t-\r\n\t密钥长度:\t\t0\r\n\r\n创建登录会话时，将在被访问的计算机上生成此事件。\r\n\r\n“使用者”字段指示本地系统上请求登录的帐户。这通常是一个服务(例如 Server 服务)或本地进程(例如 Winlogon.exe 或 Services.exe)。\r\n\r\n“登录类型”字段指示发生的登录类型。最常见的类型是 2 (交互式)和 3 (网络)。\r\n\r\n“新登录”字段指示新登录是为哪个帐户创建的，即已登录的帐户。\r\n\r\n“网络”字段指示远程登录请求源自哪里。“工作站名称”并非始终可用，并且在某些情况下可能会留空。\r\n\r\n“模拟级别”字段指示登录会话中的进程可以模拟到的程度。\r\n\r\n“身份验证信息”字段提供有关此特定登录请求的详细信息。\r\n\t- “登录 GUID”是可用于将此事件与 KDC 事件关联起来的唯一标识符。\r\n\t-“传递的服务”指示哪些中间服务参与了此登录请求。\r\n\t-“数据包名”指示在 NTLM 协议中使用了哪些子协议。\r\n\t-“密钥长度”指示生成的会话密钥的长度。如果没有请求会话密钥，则此字段将为 0。", "EventTime": "2024-08-05T12:36:54.3225446Z", "Level": "0", "Opcode": "0", "Version": "2", "Guid": "{54849625-5478-4994-a5ba-3e3b0328c30d}", "Name": "Microsoft-Windows-Security-Auditing", "Hostname": "dc-1.luchengyu.com", "EventID": "4624", "Channel": "Security", "Task": "12544", "ActivityID": "{3de5e27c-e30e-0016-7de2-e53d0ee3da01}", "ThreadID": "8044", "ProcessID": "180", "Keywords": "0x8020000000000000", "EventRecordID": "994259"}
{"SubjectUserSid": "S-1-5-18", "PrivilegeList": "SeSecurityPrivilege\n\t\t\tSeBackupPrivilege\n\t\t\tSeRestorePrivilege\n\t\t\tSeTakeOwnershipPrivilege\n\t\t\tSeDebugPrivilege\n\t\t\tSeSystemEnvironmentPrivilege\n\t\t\tSeLoadDriverPrivilege\n\t\t\tSeImpersonatePrivilege\n\t\t\tSeDelegateSessionUserImpersonatePrivilege\n\t\t\tSeEnableDelegationPrivilege", "TargetLogonId": "0x10a340e3", "SubjectDomainName": "LUCHENGYU", "SubjectUserName": "DC-1$", "Message": "为新登录分配了特殊权限。\r\n\r\n使用者:\r\n\t安全 ID:\t\tS-1-5-18\r\n\t帐户名:\t\tDC-1$\r\n\t帐户域:\t\tLUCHENGYU\r\n\t登录 ID:\t\t0x10A340E3\r\n\r\n特权:\t\tSeSecurityPrivilege\r\n\t\t\tSeBackupPrivilege\r\n\t\t\tSeRestorePrivilege\r\n\t\t\tSeTakeOwnershipPrivilege\r\n\t\t\tSeDebugPrivilege\r\n\t\t\tSeSystemEnvironmentPrivilege\r\n\t\t\tSeLoadDriverPrivilege\r\n\t\t\tSeImpersonatePrivilege\r\n\t\t\tSeDelegateSessionUserImpersonatePrivilege\r\n\t\t\tSeEnableDelegationPrivilege", "EventTime": "2024-08-05T12:36:54.3223790Z", "Level": "0", "Opcode": "0", "Version": "0", "Guid": "{54849625-5478-4994-a5ba-3e3b0328c30d}", "Name": "Microsoft-Windows-Security-Auditing", "Hostname": "dc-1.luchengyu.com", "EventID": "4672", "Channel": "Security", "Task": "12548", "ActivityID": "{3de5e27c-e30e-0016-7de2-e53d0ee3da01}", "ThreadID": "8044", "ProcessID": "180", "Keywords": "0x8020000000000000", "EventRecordID": "994258"}
{"TargetUserName": "DC-1$", "TargetLogonId": "0x10a2b19e", "TargetDomainName": "LUCHENGYU", "LogonType": "3", "SubjectUserSid": "S-1-5-18", "Message": "已注销帐户。\r\n\r\n使用者:\r\n\t安全 ID:\t\tS-1-5-18\r\n\t帐户名:\t\tDC-1$\r\n\t帐户域:\t\tLUCHENGYU\r\n\t登录 ID:\t\t0x10A2B19E\r\n\r\n登录类型:\t\t\t3\r\n\r\n在登录会话被破坏时生成此事件。可以使用登录 ID 值将它和一个登录事件准确关联起来。在同一台计算机上重新启动的区间中，登录 ID 是唯一的。", "EventTime": "2024-08-05T12:36:42.5299417Z", "Level": "0", "Opcode": "0", "Version": "0", "Guid": "{54849625-5478-4994-a5ba-3e3b0328c30d}", "Name": "Microsoft-Windows-Security-Auditing", "Hostname": "dc-1.luchengyu.com", "EventID": "4634", "Channel": "Security", "Task": "12545", "ThreadID": "8868", "ProcessID": "180", "Keywords": "0x8020000000000000", "EventRecordID": "994257"}
{"KeyLength": "0", "SubjectUserSid": "S-1-5-18", "TargetLogonId": "0x10a2b19e", "AuthenticationPackageName": "Kerberos", "TargetOutboundUserName": "-", "ImpersonationLevel": "%%1833", "LogonProcessName": "Kerberos", "TargetDomainName": "LUCHENGYU.COM", "IpPort": "54818", "LmPackageName": "-", "IpAddress": "::1", "SubjectDomainName": "-", "ProcessName": "-", "TransmittedServices": "-", "ProcessId": "0x0", "SubjectUserName": "-", "TargetOutboundDomainName": "-", "TargetUserName": "DC-1$", "RestrictedAdminMode": "-", "ProviderGuid": "{5de59f25-99b2-29ef-8ffd-a5a5d1df48c3}", "LogonType": "3", "TargetLinkedLogonId": "0x0", "VirtualAccount": "%%1843", "TokenElevationType": "%%1842", "WorkstationName": "-", "Message": "已成功登录帐户。\r\n\r\n使用者:\r\n\t安全 ID:\t\tS-1-0-0\r\n\t帐户名称:\t\t-\r\n\t帐户域:\t\t-\r\n\t登录 ID:\t\t0x0\r\n\r\n登录信息:\r\n\t登录类型:\t\t3\r\n\t受限制的管理员模式:\t-\r\n\t虚拟帐户:\t\t否\r\n\t提升的令牌:\t\t是\r\n\r\n模拟级别:\t\t模拟\r\n\r\n新登录:\r\n\t安全 ID:\t\tS-1-5-18\r\n\t帐户名称:\t\tDC-1$\r\n\t帐户域:\t\tLUCHENGYU.COM\r\n\t登录 ID:\t\t0x10A2B19E\r\n\t链接的登录 ID:\t\t0x0\r\n\t网络帐户名称:\t-\r\n\t网络帐户域:\t-\r\n\t登录 GUID:\t\t{5de59f25-99b2-29ef-8ffd-a5a5d1df48c3}\r\n\r\n进程信息:\r\n\t进程 ID:\t\t0x0\r\n\t进程名称:\t\t-\r\n\r\n网络信息:\r\n\t工作站名称:\t-\r\n\t源网络地址:\t::1\r\n\t源端口:\t\t54818\r\n\r\n详细的身份验证信息:\r\n\t登录进程:\t\tKerberos\r\n\t身份验证数据包:\tKerberos\r\n\t传递的服务:\t-\r\n\t数据包名(仅限 NTLM):\t-\r\n\t密钥长度:\t\t0\r\n\r\n创建登录会话时，将在被访问的计算机上生成此事件。\r\n\r\n“使用者”字段指示本地系统上请求登录的帐户。这通常是一个服务(例如 Server 服务)或本地进程(例如 Winlogon.exe 或 Services.exe)。\r\n\r\n“登录类型”字段指示发生的登录类型。最常见的类型是 2 (交互式)和 3 (网络)。\r\n\r\n“新登录”字段指示新登录是为哪个帐户创建的，即已登录的帐户。\r\n\r\n“网络”字段指示远程登录请求源自哪里。“工作站名称”并非始终可用，并且在某些情况下可能会留空。\r\n\r\n“模拟级别”字段指示登录会话中的进程可以模拟到的程度。\r\n\r\n“身份验证信息”字段提供有关此特定登录请求的详细信息。\r\n\t- “登录 GUID”是可用于将此事件与 KDC 事件关联起来的唯一标识符。\r\n\t-“传递的服务”指示哪些中间服务参与了此登录请求。\r\n\t-“数据包名”指示在 NTLM 协议中使用了哪些子协议。\r\n\t-“密钥长度”指示生成的会话密钥的长度。如果没有请求会话密钥，则此字段将为 0。", "EventTime": "2024-08-05T12:36:42.5288314Z", "Level": "0", "Opcode": "0", "Version": "2", "Guid": "{54849625-5478-4994-a5ba-3e3b0328c30d}", "Name": "Microsoft-Windows-Security-Auditing", "Hostname": "dc-1.luchengyu.com", "EventID": "4624", "Channel": "Security", "Task": "12544", "ThreadID": "7308", "ProcessID": "180", "Keywords": "0x8020000000000000", "EventRecordID": "994256"}
{"SubjectUserSid": "S-1-5-18", "PrivilegeList": "SeSecurityPrivilege\n\t\t\tSeBackupPrivilege\n\t\t\tSeRestorePrivilege\n\t\t\tSeTakeOwnershipPrivilege\n\t\t\tSeDebugPrivilege\n\t\t\tSeSystemEnvironmentPrivilege\n\t\t\tSeLoadDriverPrivilege\n\t\t\tSeImpersonatePrivilege\n\t\t\tSeDelegateSessionUserImpersonatePrivilege\n\t\t\tSeEnableDelegationPrivilege", "TargetLogonId": "0x10a2b19e", "SubjectDomainName": "LUCHENGYU", "SubjectUserName": "DC-1$", "Message": "为新登录分配了特殊权限。\r\n\r\n使用者:\r\n\t安全 ID:\t\tS-1-5-18\r\n\t帐户名:\t\tDC-1$\r\n\t帐户域:\t\tLUCHENGYU\r\n\t登录 ID:\t\t0x10A2B19E\r\n\r\n特权:\t\tSeSecurityPrivilege\r\n\t\t\tSeBackupPrivilege\r\n\t\t\tSeRestorePrivilege\r\n\t\t\tSeTakeOwnershipPrivilege\r\n\t\t\tSeDebugPrivilege\r\n\t\t\tSeSystemEnvironmentPrivilege\r\n\t\t\tSeLoadDriverPrivilege\r\n\t\t\tSeImpersonatePrivilege\r\n\t\t\tSeDelegateSessionUserImpersonatePrivilege\r\n\t\t\tSeEnableDelegationPrivilege", "EventTime": "2024-08-05T12:36:42.5286937Z", "Level": "0", "Opcode": "0", "Version": "0", "Guid": "{54849625-5478-4994-a5ba-3e3b0328c30d}", "Name": "Microsoft-Windows-Security-Auditing", "Hostname": "dc-1.luchengyu.com", "EventID": "4672", "Channel": "Security", "Task": "12548", "ThreadID": "7308", "ProcessID": "180", "Keywords": "0x8020000000000000", "EventRecordID": "994255"}
{"TargetUserName": "DC-1$", "TargetLogonId": "0x109faac7", "TargetDomainName": "LUCHENGYU", "LogonType": "3", "SubjectUserSid": "S-1-5-18", "Message": "已注销帐户。\r\n\r\n使用者:\r\n\t安全 ID:\t\tS-1-5-18\r\n\t帐户名:\t\tDC-1$\r\n\t帐户域:\t\tLUCHENGYU\r\n\t登录 ID:\t\t0x109FAAC7\r\n\r\n登录类型:\t\t\t3\r\n\r\n在登录会话被破坏时生成此事件。可以使用登录 ID 值将它和一个登录事件准确关联起来。在同一台计算机上重新启动的区间中，登录 ID 是唯一的。", "EventTime": "2024-08-05T12:35:42.5284911Z", "Level": "0", "Opcode": "0", "Version": "0", "Guid": "{54849625-5478-4994-a5ba-3e3b0328c30d}", "Name": "Microsoft-Windows-Security-Auditing", "Hostname": "dc-1.luchengyu.com", "EventID": "4634", "Channel": "Security", "Task": "12545", "ThreadID": "8868", "ProcessID": "180", "Keywords": "0x8020000000000000", "EventRecordID": "994254"}
{"KeyLength": "0", "SubjectUserSid": "S-1-5-18", "TargetLogonId": "0x109faac7", "AuthenticationPackageName": "Kerberos", "TargetOutboundUserName": "-", "ImpersonationLevel": "%%1833", "LogonProcessName": "Kerberos", "TargetDomainName": "LUCHENGYU.COM", "IpPort": "54811", "LmPackageName": "-", "IpAddress": "::1", "SubjectDomainName": "-", "ProcessName": "-", "TransmittedServices": "-", "ProcessId": "0x0", "SubjectUserName": "-", "TargetOutboundDomainName": "-", "TargetUserName": "DC-1$", "RestrictedAdminMode": "-", "ProviderGuid": "{5de59f25-99b2-29ef-8ffd-a5a5d1df48c3}", "LogonType": "3", "TargetLinkedLogonId": "0x0", "VirtualAccount": "%%1843", "TokenElevationType": "%%1842", "WorkstationName": "-", "Message": "已成功登录帐户。\r\n\r\n使用者:\r\n\t安全 ID:\t\tS-1-0-0\r\n\t帐户名称:\t\t-\r\n\t帐户域:\t\t-\r\n\t登录 ID:\t\t0x0\r\n\r\n登录信息:\r\n\t登录类型:\t\t3\r\n\t受限制的管理员模式:\t-\r\n\t虚拟帐户:\t\t否\r\n\t提升的令牌:\t\t是\r\n\r\n模拟级别:\t\t模拟\r\n\r\n新登录:\r\n\t安全 ID:\t\tS-1-5-18\r\n\t帐户名称:\t\tDC-1$\r\n\t帐户域:\t\tLUCHENGYU.COM\r\n\t登录 ID:\t\t0x109FAAC7\r\n\t链接的登录 ID:\t\t0x0\r\n\t网络帐户名称:\t-\r\n\t网络帐户域:\t-\r\n\t登录 GUID:\t\t{5de59f25-99b2-29ef-8ffd-a5a5d1df48c3}\r\n\r\n进程信息:\r\n\t进程 ID:\t\t0x0\r\n\t进程名称:\t\t-\r\n\r\n网络信息:\r\n\t工作站名称:\t-\r\n\t源网络地址:\t::1\r\n\t源端口:\t\t54811\r\n\r\n详细的身份验证信息:\r\n\t登录进程:\t\tKerberos\r\n\t身份验证数据包:\tKerberos\r\n\t传递的服务:\t-\r\n\t数据包名(仅限 NTLM):\t-\r\n\t密钥长度:\t\t0\r\n\r\n创建登录会话时，将在被访问的计算机上生成此事件。\r\n\r\n“使用者”字段指示本地系统上请求登录的帐户。这通常是一个服务(例如 Server 服务)或本地进程(例如 Winlogon.exe 或 Services.exe)。\r\n\r\n“登录类型”字段指示发生的登录类型。最常见的类型是 2 (交互式)和 3 (网络)。\r\n\r\n“新登录”字段指示新登录是为哪个帐户创建的，即已登录的帐户。\r\n\r\n“网络”字段指示远程登录请求源自哪里。“工作站名称”并非始终可用，并且在某些情况下可能会留空。\r\n\r\n“模拟级别”字段指示登录会话中的进程可以模拟到的程度。\r\n\r\n“身份验证信息”字段提供有关此特定登录请求的详细信息。\r\n\t- “登录 GUID”是可用于将此事件与 KDC 事件关联起来的唯一标识符。\r\n\t-“传递的服务”指示哪些中间服务参与了此登录请求。\r\n\t-“数据包名”指示在 NTLM 协议中使用了哪些子协议。\r\n\t-“密钥长度”指示生成的会话密钥的长度。如果没有请求会话密钥，则此字段将为 0。", "EventTime": "2024-08-05T12:35:42.5273198Z", "Level": "0", "Opcode": "0", "Version": "2", "Guid": "{54849625-5478-4994-a5ba-3e3b0328c30d}", "Name": "Microsoft-Windows-Security-Auditing", "Hostname": "dc-1.luchengyu.com", "EventID": "4624", "Channel": "Security", "Task": "12544", "ThreadID": "7308", "ProcessID": "180", "Keywords": "0x8020000000000000", "EventRecordID": "994253"}
{"SubjectUserSid": "S-1-5-18", "PrivilegeList": "SeSecurityPrivilege\n\t\t\tSeBackupPrivilege\n\t\t\tSeRestorePrivilege\n\t\t\tSeTakeOwnershipPrivilege\n\t\t\tSeDebugPrivilege\n\t\t\tSeSystemEnvironmentPrivilege\n\t\t\tSeLoadDriverPrivilege\n\t\t\tSeImpersonatePrivilege\n\t\t\tSeDelegateSessionUserImpersonatePrivilege\n\t\t\tSeEnableDelegationPrivilege", "TargetLogonId": "0x109faac7", "SubjectDomainName": "LUCHENGYU", "SubjectUserName": "DC-1$", "Message": "为新登录分配了特殊权限。\r\n\r\n使用者:\r\n\t安全 ID:\t\tS-1-5-18\r\n\t帐户名:\t\tDC-1$\r\n\t帐户域:\t\tLUCHENGYU\r\n\t登录 ID:\t\t0x109FAAC7\r\n\r\n特权:\t\tSeSecurityPrivilege\r\n\t\t\tSeBackupPrivilege\r\n\t\t\tSeRestorePrivilege\r\n\t\t\tSeTakeOwnershipPrivilege\r\n\t\t\tSeDebugPrivilege\r\n\t\t\tSeSystemEnvironmentPrivilege\r\n\t\t\tSeLoadDriverPrivilege\r\n\t\t\tSeImpersonatePrivilege\r\n\t\t\tSeDelegateSessionUserImpersonatePrivilege\r\n\t\t\tSeEnableDelegationPrivilege", "EventTime": "2024-08-05T12:35:42.5271519Z", "Level": "0", "Opcode": "0", "Version": "0", "Guid": "{54849625-5478-4994-a5ba-3e3b0328c30d}", "Name": "Microsoft-Windows-Security-Auditing", "Hostname": "dc-1.luchengyu.com", "EventID": "4672", "Channel": "Security", "Task": "12548", "ThreadID": "7308", "ProcessID": "180", "Keywords": "0x8020000000000000", "EventRecordID": "994252"}
{"TargetUserName": "DC-1$", "TargetLogonId": "0x109d557c", "TargetDomainName": "LUCHENGYU", "LogonType": "3", "SubjectUserSid": "S-1-5-18", "Message": "已注销帐户。\r\n\r\n使用者:\r\n\t安全 ID:\t\tS-1-5-18\r\n\t帐户名:\t\tDC-1$\r\n\t帐户域:\t\tLUCHENGYU\r\n\t登录 ID:\t\t0x109D557C\r\n\r\n登录类型:\t\t\t3\r\n\r\n在登录会话被破坏时生成此事件。可以使用登录 ID 值将它和一个登录事件准确关联起来。在同一台计算机上重新启动的区间中，登录 ID 是唯一的。", "EventTime": "2024-08-05T12:34:42.5279880Z", "Level": "0", "Opcode": "0", "Version": "0", "Guid": "{54849625-5478-4994-a5ba-3e3b0328c30d}", "Name": "Microsoft-Windows-Security-Auditing", "Hostname": "dc-1.luchengyu.com", "EventID": "4634", "Channel": "Security", "Task": "12545", "ThreadID": "8044", "ProcessID": "180", "Keywords": "0x8020000000000000", "EventRecordID": "994251"}
{"KeyLength": "0", "SubjectUserSid": "S-1-5-18", "TargetLogonId": "0x109d557c", "AuthenticationPackageName": "Kerberos", "TargetOutboundUserName": "-", "ImpersonationLevel": "%%1833", "LogonProcessName": "Kerberos", "TargetDomainName": "LUCHENGYU.COM", "IpPort": "54793", "LmPackageName": "-", "IpAddress": "::1", "SubjectDomainName": "-", "ProcessName": "-", "TransmittedServices": "-", "ProcessId": "0x0", "SubjectUserName": "-", "TargetOutboundDomainName": "-", "TargetUserName": "DC-1$", "RestrictedAdminMode": "-", "ProviderGuid": "{5de59f25-99b2-29ef-8ffd-a5a5d1df48c3}", "LogonType": "3", "TargetLinkedLogonId": "0x0", "VirtualAccount": "%%1843", "TokenElevationType": "%%1842", "WorkstationName": "-", "Message": "已成功登录帐户。\r\n\r\n使用者:\r\n\t安全 ID:\t\tS-1-0-0\r\n\t帐户名称:\t\t-\r\n\t帐户域:\t\t-\r\n\t登录 ID:\t\t0x0\r\n\r\n登录信息:\r\n\t登录类型:\t\t3\r\n\t受限制的管理员模式:\t-\r\n\t虚拟帐户:\t\t否\r\n\t提升的令牌:\t\t是\r\n\r\n模拟级别:\t\t模拟\r\n\r\n新登录:\r\n\t安全 ID:\t\tS-1-5-18\r\n\t帐户名称:\t\tDC-1$\r\n\t帐户域:\t\tLUCHENGYU.COM\r\n\t登录 ID:\t\t0x109D557C\r\n\t链接的登录 ID:\t\t0x0\r\n\t网络帐户名称:\t-\r\n\t网络帐户域:\t-\r\n\t登录 GUID:\t\t{5de59f25-99b2-29ef-8ffd-a5a5d1df48c3}\r\n\r\n进程信息:\r\n\t进程 ID:\t\t0x0\r\n\t进程名称:\t\t-\r\n\r\n网络信息:\r\n\t工作站名称:\t-\r\n\t源网络地址:\t::1\r\n\t源端口:\t\t54793\r\n\r\n详细的身份验证信息:\r\n\t登录进程:\t\tKerberos\r\n\t身份验证数据包:\tKerberos\r\n\t传递的服务:\t-\r\n\t数据包名(仅限 NTLM):\t-\r\n\t密钥长度:\t\t0\r\n\r\n创建登录会话时，将在被访问的计算机上生成此事件。\r\n\r\n“使用者”字段指示本地系统上请求登录的帐户。这通常是一个服务(例如 Server 服务)或本地进程(例如 Winlogon.exe 或 Services.exe)。\r\n\r\n“登录类型”字段指示发生的登录类型。最常见的类型是 2 (交互式)和 3 (网络)。\r\n\r\n“新登录”字段指示新登录是为哪个帐户创建的，即已登录的帐户。\r\n\r\n“网络”字段指示远程登录请求源自哪里。“工作站名称”并非始终可用，并且在某些情况下可能会留空。\r\n\r\n“模拟级别”字段指示登录会话中的进程可以模拟到的程度。\r\n\r\n“身份验证信息”字段提供有关此特定登录请求的详细信息。\r\n\t- “登录 GUID”是可用于将此事件与 KDC 事件关联起来的唯一标识符。\r\n\t-“传递的服务”指示哪些中间服务参与了此登录请求。\r\n\t-“数据包名”指示在 NTLM 协议中使用了哪些子协议。\r\n\t-“密钥长度”指示生成的会话密钥的长度。如果没有请求会话密钥，则此字段将为 0。", "EventTime": "2024-08-05T12:34:42.5268790Z", "Level": "0", "Opcode": "0", "Version": "2", "Guid": "{54849625-5478-4994-a5ba-3e3b0328c30d}", "Name": "Microsoft-Windows-Security-Auditing", "Hostname": "dc-1.luchengyu.com", "EventID": "4624", "Channel": "Security", "Task": "12544", "ThreadID": "7308", "ProcessID": "180", "Keywords": "0x8020000000000000", "EventRecordID": "994250"}
{"SubjectUserSid": "S-1-5-18", "PrivilegeList": "SeSecurityPrivilege\n\t\t\tSeBackupPrivilege\n\t\t\tSeRestorePrivilege\n\t\t\tSeTakeOwnershipPrivilege\n\t\t\tSeDebugPrivilege\n\t\t\tSeSystemEnvironmentPrivilege\n\t\t\tSeLoadDriverPrivilege\n\t\t\tSeImpersonatePrivilege\n\t\t\tSeDelegateSessionUserImpersonatePrivilege\n\t\t\tSeEnableDelegationPrivilege", "TargetLogonId": "0x109d557c", "SubjectDomainName": "LUCHENGYU", "SubjectUserName": "DC-1$", "Message": "为新登录分配了特殊权限。\r\n\r\n使用者:\r\n\t安全 ID:\t\tS-1-5-18\r\n\t帐户名:\t\tDC-1$\r\n\t帐户域:\t\tLUCHENGYU\r\n\t登录 ID:\t\t0x109D557C\r\n\r\n特权:\t\tSeSecurityPrivilege\r\n\t\t\tSeBackupPrivilege\r\n\t\t\tSeRestorePrivilege\r\n\t\t\tSeTakeOwnershipPrivilege\r\n\t\t\tSeDebugPrivilege\r\n\t\t\tSeSystemEnvironmentPrivilege\r\n\t\t\tSeLoadDriverPrivilege\r\n\t\t\tSeImpersonatePrivilege\r\n\t\t\tSeDelegateSessionUserImpersonatePrivilege\r\n\t\t\tSeEnableDelegationPrivilege", "EventTime": "2024-08-05T12:34:42.5267323Z", "Level": "0", "Opcode": "0", "Version": "0", "Guid": "{54849625-5478-4994-a5ba-3e3b0328c30d}", "Name": "Microsoft-Windows-Security-Auditing", "Hostname": "dc-1.luchengyu.com", "EventID": "4672", "Channel": "Security", "Task": "12548", "ThreadID": "7308", "ProcessID": "180", "Keywords": "0x8020000000000000", "EventRecordID": "994249"}
{"SubjectDomainName": "LUCHENGYU", "TargetLogonId": "0x107c1930", "ProcessCreationTime": "2024-08-05T12:34:12.9007648Z", "Type": "0", "TargetName": "MicrosoftAccount:user=02udrhgqvkoxhbcd", "ClientProcessId": "11764", "SubjectUserName": "adil", "ReturnCode": "3221226021", "CountOfCredentialsReturned": "0", "SubjectUserSid": "S-1-5-21-3300233152-2697801032-3383171842-1106", "ReadOperation": "%%8100", "Message": "已读取凭据管理器凭据。\r\n\r\n使用者:\r\n\t安全 ID:\t\tS-1-5-21-3300233152-2697801032-3383171842-1106\r\n\t帐户名称:\t\tadil\r\n\t帐户域:\t\tLUCHENGYU\r\n\t登录 ID:\t\t0x107C1930\r\n\t读取操作:\t\t枚举凭据\r\n\r\n用户对存储在凭据管理器中的凭据执行读取操作时，此事件会发生。", "EventTime": "2024-08-05T12:34:13.5931369Z", "Level": "0", "Opcode": "0", "Version": "0", "Guid": "{54849625-5478-4994-a5ba-3e3b0328c30d}", "Name": "Microsoft-Windows-Security-Auditing", "Hostname": "dc-1.luchengyu.com", "EventID": "5379", "Channel": "Security", "Task": "13824", "ActivityID": "{3de5e27c-e30e-0016-7de2-e53d0ee3da01}", "ThreadID": "15284", "ProcessID": "180", "Keywords": "0x8020000000000000", "EventRecordID": "994248"}
{"SubjectDomainName": "LUCHENGYU", "TargetLogonId": "0x107c1930", "ProcessCreationTime": "2024-08-05T12:34:12.9007648Z", "Type": "0", "TargetName": "MicrosoftAccount:user=02udrhgqvkoxhbcd", "ClientProcessId": "11764", "SubjectUserName": "adil", "ReturnCode": "3221226021", "CountOfCredentialsReturned": "0", "SubjectUserSid": "S-1-5-21-3300233152-2697801032-3383171842-1106", "ReadOperation": "%%8100", "Message": "已读取凭据管理器凭据。\r\n\r\n使用者:\r\n\t安全 ID:\t\tS-1-5-21-3300233152-2697801032-3383171842-1106\r\n\t帐户名称:\t\tadil\r\n\t帐户域:\t\tLUCHENGYU\r\n\t登录 ID:\t\t0x107C1930\r\n\t读取操作:\t\t枚举凭据\r\n\r\n用户对存储在凭据管理器中的凭据执行读取操作时，此事件会发生。", "EventTime": "2024-08-05T12:34:13.5930493Z", "Level": "0", "Opcode": "0", "Version": "0", "Guid": "{54849625-5478-4994-a5ba-3e3b0328c30d}", "Name": "Microsoft-Windows-Security-Auditing", "Hostname": "dc-1.luchengyu.com", "EventID": "5379", "Channel": "Security", "Task": "13824", "ActivityID": "{3de5e27c-e30e-0016-7de2-e53d0ee3da01}", "ThreadID": "15284", "ProcessID": "180", "Keywords": "0x8020000000000000", "EventRecordID": "994247"}
{"SubjectDomainName": "LUCHENGYU", "TargetLogonId": "0x107c1930", "ProcessCreationTime": "2024-08-05T12:34:12.9007648Z", "Type": "0", "TargetName": "MicrosoftAccount:user=02udrhgqvkoxhbcd", "ClientProcessId": "11764", "SubjectUserName": "adil", "ReturnCode": "3221226021", "CountOfCredentialsReturned": "0", "SubjectUserSid": "S-1-5-21-3300233152-2697801032-3383171842-1106", "ReadOperation": "%%8100", "Message": "已读取凭据管理器凭据。\r\n\r\n使用者:\r\n\t安全 ID:\t\tS-1-5-21-3300233152-2697801032-3383171842-1106\r\n\t帐户名称:\t\tadil\r\n\t帐户域:\t\tLUCHENGYU\r\n\t登录 ID:\t\t0x107C1930\r\n\t读取操作:\t\t枚举凭据\r\n\r\n用户对存储在凭据管理器中的凭据执行读取操作时，此事件会发生。", "EventTime": "2024-08-05T12:34:13.5882167Z", "Level": "0", "Opcode": "0", "Version": "0", "Guid": "{54849625-5478-4994-a5ba-3e3b0328c30d}", "Name": "Microsoft-Windows-Security-Auditing", "Hostname": "dc-1.luchengyu.com", "EventID": "5379", "Channel": "Security", "Task": "13824", "ActivityID": "{3de5e27c-e30e-0016-7de2-e53d0ee3da01}", "ThreadID": "15284", "ProcessID": "180", "Keywords": "0x8020000000000000", "EventRecordID": "994246"}
{"SubjectDomainName": "LUCHENGYU", "TargetLogonId": "0x107c1930", "ProcessCreationTime": "2024-08-05T12:34:12.9007648Z", "Type": "0", "TargetName": "MicrosoftAccount:user=02udrhgqvkoxhbcd", "ClientProcessId": "11764", "SubjectUserName": "adil", "ReturnCode": "3221226021", "CountOfCredentialsReturned": "0", "SubjectUserSid": "S-1-5-21-3300233152-2697801032-3383171842-1106", "ReadOperation": "%%8100", "Message": "已读取凭据管理器凭据。\r\n\r\n使用者:\r\n\t安全 ID:\t\tS-1-5-21-3300233152-2697801032-3383171842-1106\r\n\t帐户名称:\t\tadil\r\n\t帐户域:\t\tLUCHENGYU\r\n\t登录 ID:\t\t0x107C1930\r\n\t读取操作:\t\t枚举凭据\r\n\r\n用户对存储在凭据管理器中的凭据执行读取操作时，此事件会发生。", "EventTime": "2024-08-05T12:34:13.5838594Z", "Level": "0", "Opcode": "0", "Version": "0", "Guid": "{54849625-5478-4994-a5ba-3e3b0328c30d}", "Name": "Microsoft-Windows-Security-Auditing", "Hostname": "dc-1.luchengyu.com", "EventID": "5379", "Channel": "Security", "Task": "13824", "ActivityID": "{3de5e27c-e30e-0016-7de2-e53d0ee3da01}", "ThreadID": "15284", "ProcessID": "180", "Keywords": "0x8020000000000000", "EventRecordID": "994245"}
{"SubjectDomainName": "LUCHENGYU", "TargetLogonId": "0x107c1930", "ProcessCreationTime": "2024-08-05T12:34:12.9007648Z", "Type": "0", "TargetName": "WindowsLive:(cert):name=02udrhgqvkoxhbcd;serviceuri=*", "ClientProcessId": "11764", "SubjectUserName": "adil", "ReturnCode": "3221226021", "CountOfCredentialsReturned": "0", "SubjectUserSid": "S-1-5-21-3300233152-2697801032-3383171842-1106", "ReadOperation": "%%8100", "Message": "已读取凭据管理器凭据。\r\n\r\n使用者:\r\n\t安全 ID:\t\tS-1-5-21-3300233152-2697801032-3383171842-1106\r\n\t帐户名称:\t\tadil\r\n\t帐户域:\t\tLUCHENGYU\r\n\t登录 ID:\t\t0x107C1930\r\n\t读取操作:\t\t枚举凭据\r\n\r\n用户对存储在凭据管理器中的凭据执行读取操作时，此事件会发生。", "EventTime": "2024-08-05T12:34:12.9462095Z", "Level": "0", "Opcode": "0", "Version": "0", "Guid": "{54849625-5478-4994-a5ba-3e3b0328c30d}", "Name": "Microsoft-Windows-Security-Auditing", "Hostname": "dc-1.luchengyu.com", "EventID": "5379", "Channel": "Security", "Task": "13824", "ActivityID": "{3de5e27c-e30e-0016-7de2-e53d0ee3da01}", "ThreadID": "15284", "ProcessID": "180", "Keywords": "0x8020000000000000", "EventRecordID": "994244"}
{"SubjectDomainName": "LUCHENGYU", "TargetLogonId": "0x107c1930", "ProcessCreationTime": "2024-08-05T12:34:12.9007648Z", "Type": "0", "TargetName": "WindowsLive:(token):name=02udrhgqvkoxhbcd;serviceuri=*", "ClientProcessId": "11764", "SubjectUserName": "adil", "ReturnCode": "3221226021", "CountOfCredentialsReturned": "0", "SubjectUserSid": "S-1-5-21-3300233152-2697801032-3383171842-1106", "ReadOperation": "%%8100", "Message": "已读取凭据管理器凭据。\r\n\r\n使用者:\r\n\t安全 ID:\t\tS-1-5-21-3300233152-2697801032-3383171842-1106\r\n\t帐户名称:\t\tadil\r\n\t帐户域:\t\tLUCHENGYU\r\n\t登录 ID:\t\t0x107C1930\r\n\t读取操作:\t\t枚举凭据\r\n\r\n用户对存储在凭据管理器中的凭据执行读取操作时，此事件会发生。", "EventTime": "2024-08-05T12:34:12.9458879Z", "Level": "0", "Opcode": "0", "Version": "0", "Guid": "{54849625-5478-4994-a5ba-3e3b0328c30d}", "Name": "Microsoft-Windows-Security-Auditing", "Hostname": "dc-1.luchengyu.com", "EventID": "5379", "Channel": "Security", "Task": "13824", "ActivityID": "{3de5e27c-e30e-0016-7de2-e53d0ee3da01}", "ThreadID": "15284", "ProcessID": "180", "Keywords": "0x8020000000000000", "EventRecordID": "994243"}
{"SubjectDomainName": "LUCHENGYU", "TargetLogonId": "0x107c1930", "ProcessCreationTime": "2024-08-05T12:34:12.9007648Z", "Type": "0", "TargetName": "MicrosoftAccount:user=02udrhgqvkoxhbcd", "ClientProcessId": "11764", "SubjectUserName": "adil", "ReturnCode": "3221226021", "CountOfCredentialsReturned": "0", "SubjectUserSid": "S-1-5-21-3300233152-2697801032-3383171842-1106", "ReadOperation": "%%8100", "Message": "已读取凭据管理器凭据。\r\n\r\n使用者:\r\n\t安全 ID:\t\tS-1-5-21-3300233152-2697801032-3383171842-1106\r\n\t帐户名称:\t\tadil\r\n\t帐户域:\t\tLUCHENGYU\r\n\t登录 ID:\t\t0x107C1930\r\n\t读取操作:\t\t枚举凭据\r\n\r\n用户对存储在凭据管理器中的凭据执行读取操作时，此事件会发生。", "EventTime": "2024-08-05T12:34:12.9457851Z", "Level": "0", "Opcode": "0", "Version": "0", "Guid": "{54849625-5478-4994-a5ba-3e3b0328c30d}", "Name": "Microsoft-Windows-Security-Auditing", "Hostname": "dc-1.luchengyu.com", "EventID": "5379", "Channel": "Security", "Task": "13824", "ActivityID": "{3de5e27c-e30e-0016-7de2-e53d0ee3da01}", "ThreadID": "15284", "ProcessID": "180", "Keywords": "0x8020000000000000", "EventRecordID": "994242"}
{"SubjectDomainName": "LUCHENGYU", "TargetLogonId": "0x4249a8", "ProcessCreationTime": "2024-08-05T12:34:12.9007648Z", "Type": "0", "TargetName": "WindowsLive:target=virtualapp/didlogical", "ClientProcessId": "11764", "SubjectUserName": "Administrator", "ReturnCode": "0", "CountOfCredentialsReturned": "1", "SubjectUserSid": "S-1-5-21-3300233152-2697801032-3383171842-500", "ReadOperation": "%%8100", "Message": "已读取凭据管理器凭据。\r\n\r\n使用者:\r\n\t安全 ID:\t\tS-1-5-21-3300233152-2697801032-3383171842-500\r\n\t帐户名称:\t\tAdministrator\r\n\t帐户域:\t\tLUCHENGYU\r\n\t登录 ID:\t\t0x4249A8\r\n\t读取操作:\t\t枚举凭据\r\n\r\n用户对存储在凭据管理器中的凭据执行读取操作时，此事件会发生。", "EventTime": "2024-08-05T12:34:12.9455441Z", "Level": "0", "Opcode": "0", "Version": "0", "Guid": "{54849625-5478-4994-a5ba-3e3b0328c30d}", "Name": "Microsoft-Windows-Security-Auditing", "Hostname": "dc-1.luchengyu.com", "EventID": "5379", "Channel": "Security", "Task": "13824", "ActivityID": "{3de5e27c-e30e-0016-7de2-e53d0ee3da01}", "ThreadID": "15284", "ProcessID": "180", "Keywords": "0x8020000000000000", "EventRecordID": "994241"}
{"SubjectDomainName": "LUCHENGYU", "TargetLogonId": "0x4249a8", "ProcessCreationTime": "2024-08-05T12:34:12.9007648Z", "Type": "0", "TargetName": "WindowsLive:(cert):name=02tzflmlgpvhhxpc;serviceuri=*", "ClientProcessId": "11764", "SubjectUserName": "Administrator", "ReturnCode": "3221226021", "CountOfCredentialsReturned": "0", "SubjectUserSid": "S-1-5-21-3300233152-2697801032-3383171842-500", "ReadOperation": "%%8100", "Message": "已读取凭据管理器凭据。\r\n\r\n使用者:\r\n\t安全 ID:\t\tS-1-5-21-3300233152-2697801032-3383171842-500\r\n\t帐户名称:\t\tAdministrator\r\n\t帐户域:\t\tLUCHENGYU\r\n\t登录 ID:\t\t0x4249A8\r\n\t读取操作:\t\t枚举凭据\r\n\r\n用户对存储在凭据管理器中的凭据执行读取操作时，此事件会发生。", "EventTime": "2024-08-05T12:34:12.9454450Z", "Level": "0", "Opcode": "0", "Version": "0", "Guid": "{54849625-5478-4994-a5ba-3e3b0328c30d}", "Name": "Microsoft-Windows-Security-Auditing", "Hostname": "dc-1.luchengyu.com", "EventID": "5379", "Channel": "Security", "Task": "13824", "ActivityID": "{3de5e27c-e30e-0016-7de2-e53d0ee3da01}", "ThreadID": "15284", "ProcessID": "180", "Keywords": "0x8020000000000000", "EventRecordID": "994240"}
{"SubjectDomainName": "LUCHENGYU", "TargetLogonId": "0x4249a8", "ProcessCreationTime": "2024-08-05T12:34:12.9007648Z", "Type": "0", "TargetName": "WindowsLive:(token):name=02tzflmlgpvhhxpc;serviceuri=*", "ClientProcessId": "11764", "SubjectUserName": "Administrator", "ReturnCode": "3221226021", "CountOfCredentialsReturned": "0", "SubjectUserSid": "S-1-5-21-3300233152-2697801032-3383171842-500", "ReadOperation": "%%8100", "Message": "已读取凭据管理器凭据。\r\n\r\n使用者:\r\n\t安全 ID:\t\tS-1-5-21-3300233152-2697801032-3383171842-500\r\n\t帐户名称:\t\tAdministrator\r\n\t帐户域:\t\tLUCHENGYU\r\n\t登录 ID:\t\t0x4249A8\r\n\t读取操作:\t\t枚举凭据\r\n\r\n用户对存储在凭据管理器中的凭据执行读取操作时，此事件会发生。", "EventTime": "2024-08-05T12:34:12.9451123Z", "Level": "0", "Opcode": "0", "Version": "0", "Guid": "{54849625-5478-4994-a5ba-3e3b0328c30d}", "Name": "Microsoft-Windows-Security-Auditing", "Hostname": "dc-1.luchengyu.com", "EventID": "5379", "Channel": "Security", "Task": "13824", "ActivityID": "{3de5e27c-e30e-0016-7de2-e53d0ee3da01}", "ThreadID": "15284", "ProcessID": "180", "Keywords": "0x8020000000000000", "EventRecordID": "994239"}
{"SubjectDomainName": "LUCHENGYU", "TargetLogonId": "0x107c1930", "ProcessCreationTime": "2024-08-05T12:34:12.9007648Z", "Type": "0", "TargetName": "WindowsLive:target=virtualapp/didlogical", "ClientProcessId": "11764", "SubjectUserName": "adil", "ReturnCode": "0", "CountOfCredentialsReturned": "1", "SubjectUserSid": "S-1-5-21-3300233152-2697801032-3383171842-1106", "ReadOperation": "%%8100", "Message": "已读取凭据管理器凭据。\r\n\r\n使用者:\r\n\t安全 ID:\t\tS-1-5-21-3300233152-2697801032-3383171842-1106\r\n\t帐户名称:\t\tadil\r\n\t帐户域:\t\tLUCHENGYU\r\n\t登录 ID:\t\t0x107C1930\r\n\t读取操作:\t\t枚举凭据\r\n\r\n用户对存储在凭据管理器中的凭据执行读取操作时，此事件会发生。", "EventTime": "2024-08-05T12:34:12.9445479Z", "Level": "0", "Opcode": "0", "Version": "0", "Guid": "{54849625-5478-4994-a5ba-3e3b0328c30d}", "Name": "Microsoft-Windows-Security-Auditing", "Hostname": "dc-1.luchengyu.com", "EventID": "5379", "Channel": "Security", "Task": "13824", "ActivityID": "{3de5e27c-e30e-0016-7de2-e53d0ee3da01}", "ThreadID": "8868", "ProcessID": "180", "Keywords": "0x8020000000000000", "EventRecordID": "994238"}
{"SubjectDomainName": "LUCHENGYU", "TargetLogonId": "0x107c1930", "ProcessCreationTime": "2024-08-05T12:34:12.9007648Z", "Type": "0", "TargetName": "WindowsLive:(cert):name=02udrhgqvkoxhbcd;serviceuri=*", "ClientProcessId": "11764", "SubjectUserName": "adil", "ReturnCode": "3221226021", "CountOfCredentialsReturned": "0", "SubjectUserSid": "S-1-5-21-3300233152-2697801032-3383171842-1106", "ReadOperation": "%%8100", "Message": "已读取凭据管理器凭据。\r\n\r\n使用者:\r\n\t安全 ID:\t\tS-1-5-21-3300233152-2697801032-3383171842-1106\r\n\t帐户名称:\t\tadil\r\n\t帐户域:\t\tLUCHENGYU\r\n\t登录 ID:\t\t0x107C1930\r\n\t读取操作:\t\t枚举凭据\r\n\r\n用户对存储在凭据管理器中的凭据执行读取操作时，此事件会发生。", "EventTime": "2024-08-05T12:34:12.9444561Z", "Level": "0", "Opcode": "0", "Version": "0", "Guid": "{54849625-5478-4994-a5ba-3e3b0328c30d}", "Name": "Microsoft-Windows-Security-Auditing", "Hostname": "dc-1.luchengyu.com", "EventID": "5379", "Channel": "Security", "Task": "13824", "ActivityID": "{3de5e27c-e30e-0016-7de2-e53d0ee3da01}", "ThreadID": "8868", "ProcessID": "180", "Keywords": "0x8020000000000000", "EventRecordID": "994237"}
{"SubjectDomainName": "LUCHENGYU", "TargetLogonId": "0x107c1930", "ProcessCreationTime": "2024-08-05T12:34:12.9007648Z", "Type": "0", "TargetName": "WindowsLive:(token):name=02udrhgqvkoxhbcd;serviceuri=*", "ClientProcessId": "11764", "SubjectUserName": "adil", "ReturnCode": "3221226021", "CountOfCredentialsReturned": "0", "SubjectUserSid": "S-1-5-21-3300233152-2697801032-3383171842-1106", "ReadOperation": "%%8100", "Message": "已读取凭据管理器凭据。\r\n\r\n使用者:\r\n\t安全 ID:\t\tS-1-5-21-3300233152-2697801032-3383171842-1106\r\n\t帐户名称:\t\tadil\r\n\t帐户域:\t\tLUCHENGYU\r\n\t登录 ID:\t\t0x107C1930\r\n\t读取操作:\t\t枚举凭据\r\n\r\n用户对存储在凭据管理器中的凭据执行读取操作时，此事件会发生。", "EventTime": "2024-08-05T12:34:12.9441828Z", "Level": "0", "Opcode": "0", "Version": "0", "Guid": "{54849625-5478-4994-a5ba-3e3b0328c30d}", "Name": "Microsoft-Windows-Security-Auditing", "Hostname": "dc-1.luchengyu.com", "EventID": "5379", "Channel": "Security", "Task": "13824", "ActivityID": "{3de5e27c-e30e-0016-7de2-e53d0ee3da01}", "ThreadID": "8868", "ProcessID": "180", "Keywords": "0x8020000000000000", "EventRecordID": "994236"}
{"SubjectDomainName": "LUCHENGYU", "TargetLogonId": "0x107c1930", "ProcessCreationTime": "2024-08-05T12:34:12.9007648Z", "Type": "0", "TargetName": "WindowsLive:target=virtualapp/didlogical", "ClientProcessId": "11764", "SubjectUserName": "adil", "ReturnCode": "0", "CountOfCredentialsReturned": "1", "SubjectUserSid": "S-1-5-21-3300233152-2697801032-3383171842-1106", "ReadOperation": "%%8100", "Message": "已读取凭据管理器凭据。\r\n\r\n使用者:\r\n\t安全 ID:\t\tS-1-5-21-3300233152-2697801032-3383171842-1106\r\n\t帐户名称:\t\tadil\r\n\t帐户域:\t\tLUCHENGYU\r\n\t登录 ID:\t\t0x107C1930\r\n\t读取操作:\t\t枚举凭据\r\n\r\n用户对存储在凭据管理器中的凭据执行读取操作时，此事件会发生。", "EventTime": "2024-08-05T12:34:12.9435484Z", "Level": "0", "Opcode": "0", "Version": "0", "Guid": "{54849625-5478-4994-a5ba-3e3b0328c30d}", "Name": "Microsoft-Windows-Security-Auditing", "Hostname": "dc-1.luchengyu.com", "EventID": "5379", "Channel": "Security", "Task": "13824", "ActivityID": "{3de5e27c-e30e-0016-7de2-e53d0ee3da01}", "ThreadID": "8044", "ProcessID": "180", "Keywords": "0x8020000000000000", "EventRecordID": "994235"}
{"SubjectDomainName": "LUCHENGYU", "TargetLogonId": "0x107c1930", "ProcessCreationTime": "2024-08-05T12:34:12.9007648Z", "Type": "0", "TargetName": "WindowsLive:(cert):name=02udrhgqvkoxhbcd;serviceuri=*", "ClientProcessId": "11764", "SubjectUserName": "adil", "ReturnCode": "3221226021", "CountOfCredentialsReturned": "0", "SubjectUserSid": "S-1-5-21-3300233152-2697801032-3383171842-1106", "ReadOperation": "%%8100", "Message": "已读取凭据管理器凭据。\r\n\r\n使用者:\r\n\t安全 ID:\t\tS-1-5-21-3300233152-2697801032-3383171842-1106\r\n\t帐户名称:\t\tadil\r\n\t帐户域:\t\tLUCHENGYU\r\n\t登录 ID:\t\t0x107C1930\r\n\t读取操作:\t\t枚举凭据\r\n\r\n用户对存储在凭据管理器中的凭据执行读取操作时，此事件会发生。", "EventTime": "2024-08-05T12:34:12.9434438Z", "Level": "0", "Opcode": "0", "Version": "0", "Guid": "{54849625-5478-4994-a5ba-3e3b0328c30d}", "Name": "Microsoft-Windows-Security-Auditing", "Hostname": "dc-1.luchengyu.com", "EventID": "5379", "Channel": "Security", "Task": "13824", "ActivityID": "{3de5e27c-e30e-0016-7de2-e53d0ee3da01}", "ThreadID": "8044", "ProcessID": "180", "Keywords": "0x8020000000000000", "EventRecordID": "994234"}
{"SubjectDomainName": "LUCHENGYU", "TargetLogonId": "0x107c1930", "ProcessCreationTime": "2024-08-05T12:34:12.9007648Z", "Type": "0", "TargetName": "WindowsLive:(token):name=02udrhgqvkoxhbcd;serviceuri=*", "ClientProcessId": "11764", "SubjectUserName": "adil", "ReturnCode": "3221226021", "CountOfCredentialsReturned": "0", "SubjectUserSid": "S-1-5-21-3300233152-2697801032-3383171842-1106", "ReadOperation": "%%8100", "Message": "已读取凭据管理器凭据。\r\n\r\n使用者:\r\n\t安全 ID:\t\tS-1-5-21-3300233152-2697801032-3383171842-1106\r\n\t帐户名称:\t\tadil\r\n\t帐户域:\t\tLUCHENGYU\r\n\t登录 ID:\t\t0x107C1930\r\n\t读取操作:\t\t枚举凭据\r\n\r\n用户对存储在凭据管理器中的凭据执行读取操作时，此事件会发生。", "EventTime": "2024-08-05T12:34:12.9430030Z", "Level": "0", "Opcode": "0", "Version": "0", "Guid": "{54849625-5478-4994-a5ba-3e3b0328c30d}", "Name": "Microsoft-Windows-Security-Auditing", "Hostname": "dc-1.luchengyu.com", "EventID": "5379", "Channel": "Security", "Task": "13824", "ActivityID": "{3de5e27c-e30e-0016-7de2-e53d0ee3da01}", "ThreadID": "8044", "ProcessID": "180", "Keywords": "0x8020000000000000", "EventRecordID": "994233"}
{"SubjectDomainName": "LUCHENGYU", "TargetLogonId": "0x3e7", "ProcessCreationTime": "2024-08-05T12:34:12.9007648Z", "Type": "0", "TargetName": "WindowsLive:target=virtualapp/didlogical", "ClientProcessId": "11764", "SubjectUserName": "DC-1$", "ReturnCode": "0", "CountOfCredentialsReturned": "1", "SubjectUserSid": "S-1-5-18", "ReadOperation": "%%8100", "Message": "已读取凭据管理器凭据。\r\n\r\n使用者:\r\n\t安全 ID:\t\tS-1-5-18\r\n\t帐户名称:\t\tDC-1$\r\n\t帐户域:\t\tLUCHENGYU\r\n\t登录 ID:\t\t0x3E7\r\n\t读取操作:\t\t枚举凭据\r\n\r\n用户对存储在凭据管理器中的凭据执行读取操作时，此事件会发生。", "EventTime": "2024-08-05T12:34:12.9406728Z", "Level": "0", "Opcode": "0", "Version": "0", "Guid": "{54849625-5478-4994-a5ba-3e3b0328c30d}", "Name": "Microsoft-Windows-Security-Auditing", "Hostname": "dc-1.luchengyu.com", "EventID": "5379", "Channel": "Security", "Task": "13824", "ActivityID": "{3de5e27c-e30e-0016-7de2-e53d0ee3da01}", "ThreadID": "8044", "ProcessID": "180", "Keywords": "0x8020000000000000", "EventRecordID": "994232"}
{"SubjectDomainName": "LUCHENGYU", "TargetLogonId": "0x3e7", "ProcessCreationTime": "2024-08-05T12:34:12.9007648Z", "Type": "0", "TargetName": "WindowsLive:(cert):name=02mfsxofembkqkir;serviceuri=*", "ClientProcessId": "11764", "SubjectUserName": "DC-1$", "ReturnCode": "3221226021", "CountOfCredentialsReturned": "0", "SubjectUserSid": "S-1-5-18", "ReadOperation": "%%8100", "Message": "已读取凭据管理器凭据。\r\n\r\n使用者:\r\n\t安全 ID:\t\tS-1-5-18\r\n\t帐户名称:\t\tDC-1$\r\n\t帐户域:\t\tLUCHENGYU\r\n\t登录 ID:\t\t0x3E7\r\n\t读取操作:\t\t枚举凭据\r\n\r\n用户对存储在凭据管理器中的凭据执行读取操作时，此事件会发生。", "EventTime": "2024-08-05T12:34:12.9405669Z", "Level": "0", "Opcode": "0", "Version": "0", "Guid": "{54849625-5478-4994-a5ba-3e3b0328c30d}", "Name": "Microsoft-Windows-Security-Auditing", "Hostname": "dc-1.luchengyu.com", "EventID": "5379", "Channel": "Security", "Task": "13824", "ActivityID": "{3de5e27c-e30e-0016-7de2-e53d0ee3da01}", "ThreadID": "8044", "ProcessID": "180", "Keywords": "0x8020000000000000", "EventRecordID": "994231"}
{"SubjectDomainName": "LUCHENGYU", "TargetLogonId": "0x3e7", "ProcessCreationTime": "2024-08-05T12:34:12.9007648Z", "Type": "0", "TargetName": "WindowsLive:(token):name=02mfsxofembkqkir;serviceuri=*", "ClientProcessId": "11764", "SubjectUserName": "DC-1$", "ReturnCode": "3221226021", "CountOfCredentialsReturned": "0", "SubjectUserSid": "S-1-5-18", "ReadOperation": "%%8100", "Message": "已读取凭据管理器凭据。\r\n\r\n使用者:\r\n\t安全 ID:\t\tS-1-5-18\r\n\t帐户名称:\t\tDC-1$\r\n\t帐户域:\t\tLUCHENGYU\r\n\t登录 ID:\t\t0x3E7\r\n\t读取操作:\t\t枚举凭据\r\n\r\n用户对存储在凭据管理器中的凭据执行读取操作时，此事件会发生。", "EventTime": "2024-08-05T12:34:12.9402817Z", "Level": "0", "Opcode": "0", "Version": "0", "Guid": "{54849625-5478-4994-a5ba-3e3b0328c30d}", "Name": "Microsoft-Windows-Security-Auditing", "Hostname": "dc-1.luchengyu.com", "EventID": "5379", "Channel": "Security", "Task": "13824", "ActivityID": "{3de5e27c-e30e-0016-7de2-e53d0ee3da01}", "ThreadID": "8044", "ProcessID": "180", "Keywords": "0x8020000000000000", "EventRecordID": "994230"}
{"SubjectUserSid": "S-1-5-18", "PrivilegeList": "SeAssignPrimaryTokenPrivilege\n\t\t\tSeTcbPrivilege\n\t\t\tSeSecurityPrivilege\n\t\t\tSeTakeOwnershipPrivilege\n\t\t\tSeLoadDriverPrivilege\n\t\t\tSeBackupPrivilege\n\t\t\tSeRestorePrivilege\n\t\t\tSeDebugPrivilege\n\t\t\tSeAuditPrivilege\n\t\t\tSeSystemEnvironmentPrivilege\n\t\t\tSeImpersonatePrivilege\n\t\t\tSeDelegateSessionUserImpersonatePrivilege", "TargetLogonId": "0x3e7", "SubjectDomainName": "NT AUTHORITY", "SubjectUserName": "SYSTEM", "Message": "为新登录分配了特殊权限。\r\n\r\n使用者:\r\n\t安全 ID:\t\tS-1-5-18\r\n\t帐户名:\t\tSYSTEM\r\n\t帐户域:\t\tNT AUTHORITY\r\n\t登录 ID:\t\t0x3E7\r\n\r\n特权:\t\tSeAssignPrimaryTokenPrivilege\r\n\t\t\tSeTcbPrivilege\r\n\t\t\tSeSecurityPrivilege\r\n\t\t\tSeTakeOwnershipPrivilege\r\n\t\t\tSeLoadDriverPrivilege\r\n\t\t\tSeBackupPrivilege\r\n\t\t\tSeRestorePrivilege\r\n\t\t\tSeDebugPrivilege\r\n\t\t\tSeAuditPrivilege\r\n\t\t\tSeSystemEnvironmentPrivilege\r\n\t\t\tSeImpersonatePrivilege\r\n\t\t\tSeDelegateSessionUserImpersonatePrivilege", "EventTime": "2024-08-05T12:34:12.8994373Z", "Level": "0", "Opcode": "0", "Version": "0", "Guid": "{54849625-5478-4994-a5ba-3e3b0328c30d}", "Name": "Microsoft-Windows-Security-Auditing", "Hostname": "dc-1.luchengyu.com", "EventID": "4672", "Channel": "Security", "Task": "12548", "ActivityID": "{3de5e27c-e30e-0016-7de2-e53d0ee3da01}", "ThreadID": "8044", "ProcessID": "180", "Keywords": "0x8020000000000000", "EventRecordID": "994229"}
{"KeyLength": "0", "SubjectUserSid": "S-1-5-18", "TargetLogonId": "0x3e7", "AuthenticationPackageName": "Negotiate", "TargetOutboundUserName": "-", "ImpersonationLevel": "%%1833", "LogonProcessName": "Advapi  ", "TargetDomainName": "NT AUTHORITY", "IpPort": "-", "LmPackageName": "-", "IpAddress": "-", "SubjectDomainName": "LUCHENGYU", "ProcessName": "C:\\Windows\\System32\\services.exe", "TransmittedServices": "-", "ProcessId": "0xe8", "SubjectUserName": "DC-1$", "TargetOutboundDomainName": "-", "TargetUserName": "SYSTEM", "RestrictedAdminMode": "-", "ProviderGuid": "{00000000-0000-0000-0000-000000000000}", "LogonType": "5", "TargetLinkedLogonId": "0x0", "VirtualAccount": "%%1843", "TokenElevationType": "%%1842", "WorkstationName": "-", "Message": "已成功登录帐户。\r\n\r\n使用者:\r\n\t安全 ID:\t\tS-1-5-18\r\n\t帐户名称:\t\tDC-1$\r\n\t帐户域:\t\tLUCHENGYU\r\n\t登录 ID:\t\t0x3E7\r\n\r\n登录信息:\r\n\t登录类型:\t\t5\r\n\t受限制的管理员模式:\t-\r\n\t虚拟帐户:\t\t否\r\n\t提升的令牌:\t\t是\r\n\r\n模拟级别:\t\t模拟\r\n\r\n新登录:\r\n\t安全 ID:\t\tS-1-5-18\r\n\t帐户名称:\t\tSYSTEM\r\n\t帐户域:\t\tNT AUTHORITY\r\n\t登录 ID:\t\t0x3E7\r\n\t链接的登录 ID:\t\t0x0\r\n\t网络帐户名称:\t-\r\n\t网络帐户域:\t-\r\n\t登录 GUID:\t\t{00000000-0000-0000-0000-000000000000}\r\n\r\n进程信息:\r\n\t进程 ID:\t\t0xe8\r\n\t进程名称:\t\tC:\\Windows\\System32\\services.exe\r\n\r\n网络信息:\r\n\t工作站名称:\t-\r\n\t源网络地址:\t-\r\n\t源端口:\t\t-\r\n\r\n详细的身份验证信息:\r\n\t登录进程:\t\tAdvapi  \r\n\t身份验证数据包:\tNegotiate\r\n\t传递的服务:\t-\r\n\t数据包名(仅限 NTLM):\t-\r\n\t密钥长度:\t\t0\r\n\r\n创建登录会话时，将在被访问的计算机上生成此事件。\r\n\r\n“使用者”字段指示本地系统上请求登录的帐户。这通常是一个服务(例如 Server 服务)或本地进程(例如 Winlogon.exe 或 Services.exe)。\r\n\r\n“登录类型”字段指示发生的登录类型。最常见的类型是 2 (交互式)和 3 (网络)。\r\n\r\n“新登录”字段指示新登录是为哪个帐户创建的，即已登录的帐户。\r\n\r\n“网络”字段指示远程登录请求源自哪里。“工作站名称”并非始终可用，并且在某些情况下可能会留空。\r\n\r\n“模拟级别”字段指示登录会话中的进程可以模拟到的程度。\r\n\r\n“身份验证信息”字段提供有关此特定登录请求的详细信息。\r\n\t- “登录 GUID”是可用于将此事件与 KDC 事件关联起来的唯一标识符。\r\n\t-“传递的服务”指示哪些中间服务参与了此登录请求。\r\n\t-“数据包名”指示在 NTLM 协议中使用了哪些子协议。\r\n\t-“密钥长度”指示生成的会话密钥的长度。如果没有请求会话密钥，则此字段将为 0。", "EventTime": "2024-08-05T12:34:12.8994266Z", "Level": "0", "Opcode": "0", "Version": "2", "Guid": "{54849625-5478-4994-a5ba-3e3b0328c30d}", "Name": "Microsoft-Windows-Security-Auditing", "Hostname": "dc-1.luchengyu.com", "EventID": "4624", "Channel": "Security", "Task": "12544", "ActivityID": "{3de5e27c-e30e-0016-7de2-e53d0ee3da01}", "ThreadID": "8044", "ProcessID": "180", "Keywords": "0x8020000000000000", "EventRecordID": "994228"}
{"SubjectUserSid": "S-1-5-18", "PrivilegeList": "SeAssignPrimaryTokenPrivilege\n\t\t\tSeTcbPrivilege\n\t\t\tSeSecurityPrivilege\n\t\t\tSeTakeOwnershipPrivilege\n\t\t\tSeLoadDriverPrivilege\n\t\t\tSeBackupPrivilege\n\t\t\tSeRestorePrivilege\n\t\t\tSeDebugPrivilege\n\t\t\tSeAuditPrivilege\n\t\t\tSeSystemEnvironmentPrivilege\n\t\t\tSeImpersonatePrivilege\n\t\t\tSeDelegateSessionUserImpersonatePrivilege", "TargetLogonId": "0x3e7", "SubjectDomainName": "NT AUTHORITY", "SubjectUserName": "SYSTEM", "Message": "为新登录分配了特殊权限。\r\n\r\n使用者:\r\n\t安全 ID:\t\tS-1-5-18\r\n\t帐户名:\t\tSYSTEM\r\n\t帐户域:\t\tNT AUTHORITY\r\n\t登录 ID:\t\t0x3E7\r\n\r\n特权:\t\tSeAssignPrimaryTokenPrivilege\r\n\t\t\tSeTcbPrivilege\r\n\t\t\tSeSecurityPrivilege\r\n\t\t\tSeTakeOwnershipPrivilege\r\n\t\t\tSeLoadDriverPrivilege\r\n\t\t\tSeBackupPrivilege\r\n\t\t\tSeRestorePrivilege\r\n\t\t\tSeDebugPrivilege\r\n\t\t\tSeAuditPrivilege\r\n\t\t\tSeSystemEnvironmentPrivilege\r\n\t\t\tSeImpersonatePrivilege\r\n\t\t\tSeDelegateSessionUserImpersonatePrivilege", "EventTime": "2024-08-05T12:34:08.2377595Z", "Level": "0", "Opcode": "0", "Version": "0", "Guid": "{54849625-5478-4994-a5ba-3e3b0328c30d}", "Name": "Microsoft-Windows-Security-Auditing", "Hostname": "dc-1.luchengyu.com", "EventID": "4672", "Channel": "Security", "Task": "12548", "ActivityID": "{3de5e27c-e30e-0016-7de2-e53d0ee3da01}", "ThreadID": "15284", "ProcessID": "180", "Keywords": "0x8020000000000000", "EventRecordID": "994227"}
{"KeyLength": "0", "SubjectUserSid": "S-1-5-18", "TargetLogonId": "0x3e7", "AuthenticationPackageName": "Negotiate", "TargetOutboundUserName": "-", "ImpersonationLevel": "%%1833", "LogonProcessName": "Advapi  ", "TargetDomainName": "NT AUTHORITY", "IpPort": "-", "LmPackageName": "-", "IpAddress": "-", "SubjectDomainName": "LUCHENGYU", "ProcessName": "C:\\Windows\\System32\\services.exe", "TransmittedServices": "-", "ProcessId": "0xe8", "SubjectUserName": "DC-1$", "TargetOutboundDomainName": "-", "TargetUserName": "SYSTEM", "RestrictedAdminMode": "-", "ProviderGuid": "{00000000-0000-0000-0000-000000000000}", "LogonType": "5", "TargetLinkedLogonId": "0x0", "VirtualAccount": "%%1843", "TokenElevationType": "%%1842", "WorkstationName": "-", "Message": "已成功登录帐户。\r\n\r\n使用者:\r\n\t安全 ID:\t\tS-1-5-18\r\n\t帐户名称:\t\tDC-1$\r\n\t帐户域:\t\tLUCHENGYU\r\n\t登录 ID:\t\t0x3E7\r\n\r\n登录信息:\r\n\t登录类型:\t\t5\r\n\t受限制的管理员模式:\t-\r\n\t虚拟帐户:\t\t否\r\n\t提升的令牌:\t\t是\r\n\r\n模拟级别:\t\t模拟\r\n\r\n新登录:\r\n\t安全 ID:\t\tS-1-5-18\r\n\t帐户名称:\t\tSYSTEM\r\n\t帐户域:\t\tNT AUTHORITY\r\n\t登录 ID:\t\t0x3E7\r\n\t链接的登录 ID:\t\t0x0\r\n\t网络帐户名称:\t-\r\n\t网络帐户域:\t-\r\n\t登录 GUID:\t\t{00000000-0000-0000-0000-000000000000}\r\n\r\n进程信息:\r\n\t进程 ID:\t\t0xe8\r\n\t进程名称:\t\tC:\\Windows\\System32\\services.exe\r\n\r\n网络信息:\r\n\t工作站名称:\t-\r\n\t源网络地址:\t-\r\n\t源端口:\t\t-\r\n\r\n详细的身份验证信息:\r\n\t登录进程:\t\tAdvapi  \r\n\t身份验证数据包:\tNegotiate\r\n\t传递的服务:\t-\r\n\t数据包名(仅限 NTLM):\t-\r\n\t密钥长度:\t\t0\r\n\r\n创建登录会话时，将在被访问的计算机上生成此事件。\r\n\r\n“使用者”字段指示本地系统上请求登录的帐户。这通常是一个服务(例如 Server 服务)或本地进程(例如 Winlogon.exe 或 Services.exe)。\r\n\r\n“登录类型”字段指示发生的登录类型。最常见的类型是 2 (交互式)和 3 (网络)。\r\n\r\n“新登录”字段指示新登录是为哪个帐户创建的，即已登录的帐户。\r\n\r\n“网络”字段指示远程登录请求源自哪里。“工作站名称”并非始终可用，并且在某些情况下可能会留空。\r\n\r\n“模拟级别”字段指示登录会话中的进程可以模拟到的程度。\r\n\r\n“身份验证信息”字段提供有关此特定登录请求的详细信息。\r\n\t- “登录 GUID”是可用于将此事件与 KDC 事件关联起来的唯一标识符。\r\n\t-“传递的服务”指示哪些中间服务参与了此登录请求。\r\n\t-“数据包名”指示在 NTLM 协议中使用了哪些子协议。\r\n\t-“密钥长度”指示生成的会话密钥的长度。如果没有请求会话密钥，则此字段将为 0。", "EventTime": "2024-08-05T12:34:08.2377488Z", "Level": "0", "Opcode": "0", "Version": "2", "Guid": "{54849625-5478-4994-a5ba-3e3b0328c30d}", "Name": "Microsoft-Windows-Security-Auditing", "Hostname": "dc-1.luchengyu.com", "EventID": "4624", "Channel": "Security", "Task": "12544", "ActivityID": "{3de5e27c-e30e-0016-7de2-e53d0ee3da01}", "ThreadID": "15284", "ProcessID": "180", "Keywords": "0x8020000000000000", "EventRecordID": "994226"}
{"TargetUserName": "adil", "TargetLogonId": "0x10986830", "TargetDomainName": "LUCHENGYU", "LogonType": "3", "SubjectUserSid": "S-1-5-21-3300233152-2697801032-3383171842-1106", "Message": "已注销帐户。\r\n\r\n使用者:\r\n\t安全 ID:\t\tS-1-5-21-3300233152-2697801032-3383171842-1106\r\n\t帐户名:\t\tadil\r\n\t帐户域:\t\tLUCHENGYU\r\n\t登录 ID:\t\t0x10986830\r\n\r\n登录类型:\t\t\t3\r\n\r\n在登录会话被破坏时生成此事件。可以使用登录 ID 值将它和一个登录事件准确关联起来。在同一台计算机上重新启动的区间中，登录 ID 是唯一的。", "EventTime": "2024-08-05T12:33:58.0802167Z", "Level": "0", "Opcode": "0", "Version": "0", "Guid": "{54849625-5478-4994-a5ba-3e3b0328c30d}", "Name": "Microsoft-Windows-Security-Auditing", "Hostname": "dc-1.luchengyu.com", "EventID": "4634", "Channel": "Security", "Task": "12545", "ThreadID": "8044", "ProcessID": "180", "Keywords": "0x8020000000000000", "EventRecordID": "994225"}
