{"KeyLength": "0", "SubjectUserSid": "S-1-5-18", "TargetLogonId": "0x3e7", "AuthenticationPackageName": "Negotiate", "TargetOutboundUserName": "-", "ImpersonationLevel": "%%1833", "LogonProcessName": "Advapi  ", "TargetDomainName": "NT AUTHORITY", "IpPort": "-", "LmPackageName": "-", "IpAddress": "-", "SubjectDomainName": "LUCHENGYU", "ProcessName": "C:\\Windows\\System32\\services.exe", "TransmittedServices": "-", "ProcessId": "0xe8", "SubjectUserName": "DC-1$", "TargetOutboundDomainName": "-", "TargetUserName": "SYSTEM", "RestrictedAdminMode": "-", "ProviderGuid": "{00000000-0000-0000-0000-000000000000}", "LogonType": "5", "TargetLinkedLogonId": "0x0", "VirtualAccount": "%%1843", "TokenElevationType": "%%1842", "WorkstationName": "-", "Message": "已成功登录帐户。\r\n\r\n使用者:\r\n\t安全 ID:\t\tS-1-5-18\r\n\t帐户名称:\t\tDC-1$\r\n\t帐户域:\t\tLUCHENGYU\r\n\t登录 ID:\t\t0x3E7\r\n\r\n登录信息:\r\n\t登录类型:\t\t5\r\n\t受限制的管理员模式:\t-\r\n\t虚拟帐户:\t\t否\r\n\t提升的令牌:\t\t是\r\n\r\n模拟级别:\t\t模拟\r\n\r\n新登录:\r\n\t安全 ID:\t\tS-1-5-18\r\n\t帐户名称:\t\tSYSTEM\r\n\t帐户域:\t\tNT AUTHORITY\r\n\t登录 ID:\t\t0x3E7\r\n\t链接的登录 ID:\t\t0x0\r\n\t网络帐户名称:\t-\r\n\t网络帐户域:\t-\r\n\t登录 GUID:\t\t{00000000-0000-0000-0000-000000000000}\r\n\r\n进程信息:\r\n\t进程 ID:\t\t0xe8\r\n\t进程名称:\t\tC:\\Windows\\System32\\services.exe\r\n\r\n网络信息:\r\n\t工作站名称:\t-\r\n\t源网络地址:\t-\r\n\t源端口:\t\t-\r\n\r\n详细的身份验证信息:\r\n\t登录进程:\t\tAdvapi  \r\n\t身份验证数据包:\tNegotiate\r\n\t传递的服务:\t-\r\n\t数据包名(仅限 NTLM):\t-\r\n\t密钥长度:\t\t0\r\n\r\n创建登录会话时，将在被访问的计算机上生成此事件。\r\n\r\n“使用者”字段指示本地系统上请求登录的帐户。这通常是一个服务(例如 Server 服务)或本地进程(例如 Winlogon.exe 或 Services.exe)。\r\n\r\n“登录类型”字段指示发生的登录类型。最常见的类型是 2 (交互式)和 3 (网络)。\r\n\r\n“新登录”字段指示新登录是为哪个帐户创建的，即已登录的帐户。\r\n\r\n“网络”字段指示远程登录请求源自哪里。“工作站名称”并非始终可用，并且在某些情况下可能会留空。\r\n\r\n“模拟级别”字段指示登录会话中的进程可以模拟到的程度。\r\n\r\n“身份验证信息”字段提供有关此特定登录请求的详细信息。\r\n\t- “登录 GUID”是可用于将此事件与 KDC 事件关联起来的唯一标识符。\r\n\t-“传递的服务”指示哪些中间服务参与了此登录请求。\r\n\t-“数据包名”指示在 NTLM 协议中使用了哪些子协议。\r\n\t-“密钥长度”指示生成的会话密钥的长度。如果没有请求会话密钥，则此字段将为 0。", "EventTime": "2024-08-05T12:31:22.5492583Z", "Level": "0", "Opcode": "0", "Version": "2", "Guid": "{54849625-5478-4994-a5ba-3e3b0328c30d}", "Name": "Microsoft-Windows-Security-Auditing", "Hostname": "dc-1.luchengyu.com", "EventID": "4624", "Channel": "Security", "Task": "12544", "ActivityID": "{3de5e27c-e30e-0016-7de2-e53d0ee3da01}", "ThreadID": "8044", "ProcessID": "180", "Keywords": "0x8020000000000000", "EventRecordID": "994180"}
{"TargetUserName": "ADIL_TEST$", "TargetLogonId": "0x10985e28", "TargetDomainName": "LUCHENGYU", "LogonType": "3", "SubjectUserSid": "S-1-5-21-3300233152-2697801032-3383171842-1116", "Message": "已注销帐户。\r\n\r\n使用者:\r\n\t安全 ID:\t\tS-1-5-21-3300233152-2697801032-3383171842-1116\r\n\t帐户名:\t\tADIL_TEST$\r\n\t帐户域:\t\tLUCHENGYU\r\n\t登录 ID:\t\t0x10985E28\r\n\r\n登录类型:\t\t\t3\r\n\r\n在登录会话被破坏时生成此事件。可以使用登录 ID 值将它和一个登录事件准确关联起来。在同一台计算机上重新启动的区间中，登录 ID 是唯一的。", "EventTime": "2024-08-05T12:31:04.5526988Z", "Level": "0", "Opcode": "0", "Version": "0", "Guid": "{54849625-5478-4994-a5ba-3e3b0328c30d}", "Name": "Microsoft-Windows-Security-Auditing", "Hostname": "dc-1.luchengyu.com", "EventID": "4634", "Channel": "Security", "Task": "12545", "ThreadID": "8044", "ProcessID": "180", "Keywords": "0x8020000000000000", "EventRecordID": "994179"}
{"TargetUserName": "ADIL_TEST$", "TargetLogonId": "0x1097f854", "TargetDomainName": "LUCHENGYU", "LogonType": "3", "SubjectUserSid": "S-1-5-21-3300233152-2697801032-3383171842-1116", "Message": "已注销帐户。\r\n\r\n使用者:\r\n\t安全 ID:\t\tS-1-5-21-3300233152-2697801032-3383171842-1116\r\n\t帐户名:\t\tADIL_TEST$\r\n\t帐户域:\t\tLUCHENGYU\r\n\t登录 ID:\t\t0x1097F854\r\n\r\n登录类型:\t\t\t3\r\n\r\n在登录会话被破坏时生成此事件。可以使用登录 ID 值将它和一个登录事件准确关联起来。在同一台计算机上重新启动的区间中，登录 ID 是唯一的。", "EventTime": "2024-08-05T12:30:58.7416416Z", "Level": "0", "Opcode": "0", "Version": "0", "Guid": "{54849625-5478-4994-a5ba-3e3b0328c30d}", "Name": "Microsoft-Windows-Security-Auditing", "Hostname": "dc-1.luchengyu.com", "EventID": "4634", "Channel": "Security", "Task": "12545", "ThreadID": "13632", "ProcessID": "180", "Keywords": "0x8020000000000000", "EventRecordID": "994178"}
{"TargetUserName": "adil", "TargetLogonId": "0x1098680e", "TargetDomainName": "LUCHENGYU", "LogonType": "3", "SubjectUserSid": "S-1-5-21-3300233152-2697801032-3383171842-1106", "Message": "已注销帐户。\r\n\r\n使用者:\r\n\t安全 ID:\t\tS-1-5-21-3300233152-2697801032-3383171842-1106\r\n\t帐户名:\t\tadil\r\n\t帐户域:\t\tLUCHENGYU\r\n\t登录 ID:\t\t0x1098680E\r\n\r\n登录类型:\t\t\t3\r\n\r\n在登录会话被破坏时生成此事件。可以使用登录 ID 值将它和一个登录事件准确关联起来。在同一台计算机上重新启动的区间中，登录 ID 是唯一的。", "EventTime": "2024-08-05T12:30:58.2524491Z", "Level": "0", "Opcode": "0", "Version": "0", "Guid": "{54849625-5478-4994-a5ba-3e3b0328c30d}", "Name": "Microsoft-Windows-Security-Auditing", "Hostname": "dc-1.luchengyu.com", "EventID": "4634", "Channel": "Security", "Task": "12545", "ThreadID": "13632", "ProcessID": "180", "Keywords": "0x8020000000000000", "EventRecordID": "994177"}
{"SubjectUserSid": "S-1-5-21-3300233152-2697801032-3383171842-1106", "DnsHostName": "-", "DisplayName": "-", "UserPrincipalName": "-", "UserWorkstations": "-", "NewUacValue": "-", "SidHistory": "-", "SamAccountName": "-", "LogonHours": "-", "HomeDirectory": "-", "TargetDomainName": "LUCHENGYU", "ComputerAccountChange": "-", "AccountExpires": "-", "ServicePrincipalNames": "\n\t\tHOST/adil_test.luchengyu.com\n\t\tRestrictedKrbHost/adil_test.luchengyu.com\n\t\tHOST/ADIL_TEST\n\t\tRestrictedKrbHost/ADIL_TEST\n\t\tTERMSRV/adil_test.luchengyu.com\n\t\tTERMSRV/ADIL_TEST\n\t\tWSMAN/adil_test.luchengyu.com\n\t\tWSMAN/adil_test\n\t\tE3514235-4B06-11D1-AB04-00C04FC2DCD2/8a719bf3-bf71-49be-b92b-fbbc319ddd79/luchengyu.com", "PrivilegeList": "-", "UserAccountControl": "-", "SubjectDomainName": "LUCHENGYU", "PasswordLastSet": "-", "TargetLogonId": "0x1098680e", "AllowedToDelegateTo": "-", "TargetSid": "S-1-5-21-3300233152-2697801032-3383171842-1116", "HomePath": "-", "SubjectUserName": "adil", "ProfilePath": "-", "TargetUserName": "ADIL_TEST$", "ScriptPath": "-", "OldUacValue": "-", "PrimaryGroupId": "-", "UserParameters": "-", "Message": "已更改计算机帐户。\r\n\r\n使用者:\r\n\t安全 ID:\t\tS-1-5-21-3300233152-2697801032-3383171842-1106\r\n\t帐户名:\t\tadil\r\n\t帐户域:\t\tLUCHENGYU\r\n\t登录 ID:\t\t0x1098680E\r\n\r\n已更改的计算机帐户:\r\n\t安全 ID:\t\tS-1-5-21-3300233152-2697801032-3383171842-1116\r\n\t帐户名:\t\tADIL_TEST$\r\n\t帐户域:\t\tLUCHENGYU\r\n\r\n已更改的属性:\r\n\tSAM 帐户名:\t-\r\n\t显示名称:\t\t-\r\n\t用户主体名称:\t-\r\n\t主目录:\t\t-\r\n\t主驱动器:\t\t-\r\n\t脚本路径:\t\t-\r\n\t配置文件路径:\t\t-\r\n\t用户工作站:\t-\r\n\t上次设置的密码:\t-\r\n\t帐户过期:\t\t-\r\n\t主要组 ID:\t-\r\n\t允许委派给:\t-\r\n\t旧 UAC 值:\t\t-\r\n\t新 UAC 值:\t\t-\r\n\t用户帐户控制:\t-\r\n\t用户参数:\t-\r\n\tSID 历史:\t\t-\r\n\t登录时间(以小时计):\t\t-\r\n\tDNS 主机名:\t\t-\r\n\t服务主体名称:\t\r\n\t\tHOST/adil_test.luchengyu.com\r\n\t\tRestrictedKrbHost/adil_test.luchengyu.com\r\n\t\tHOST/ADIL_TEST\r\n\t\tRestrictedKrbHost/ADIL_TEST\r\n\t\tTERMSRV/adil_test.luchengyu.com\r\n\t\tTERMSRV/ADIL_TEST\r\n\t\tWSMAN/adil_test.luchengyu.com\r\n\t\tWSMAN/adil_test\r\n\t\tE3514235-4B06-11D1-AB04-00C04FC2DCD2/8a719bf3-bf71-49be-b92b-fbbc319ddd79/luchengyu.com\r\n\r\n附加信息:\r\n\t特权:\t\t-", "EventTime": "2024-08-05T12:30:58.2520814Z", "Level": "0", "Opcode": "0", "Version": "0", "Guid": "{54849625-5478-4994-a5ba-3e3b0328c30d}", "Name": "Microsoft-Windows-Security-Auditing", "Hostname": "dc-1.luchengyu.com", "EventID": "4742", "Channel": "Security", "Task": "13825", "ThreadID": "7308", "ProcessID": "180", "Keywords": "0x8020000000000000", "EventRecordID": "994176"}
{"ObjectName": "%{6cfcb7ad-9aa0-4194-98a9-8af2bd9a1787}", "SubjectUserName": "adil", "AccessList": "%%1537\n\t\t\t\t", "TargetLogonId": "0x1098680e", "Properties": "%%1537\n\t{bf967a92-0de6-11d0-a285-00aa003049e2}\n", "OperationType": "Object Access", "ObjectServer": "DS", "ObjectType": "%{bf967a92-0de6-11d0-a285-00aa003049e2}", "SubjectUserSid": "S-1-5-21-3300233152-2697801032-3383171842-1106", "AccessMask": "0x10000", "SubjectDomainName": "LUCHENGYU", "AdditionalInfo": "-", "Name": "Microsoft-Windows-Security-Auditing", "HandleId": "0x0", "Message": "在对象上已执行操作。\r\n\r\n使用者:\r\n\t安全 ID:\t\tS-1-5-21-3300233152-2697801032-3383171842-1106\r\n\t帐户名:\t\tadil\r\n\t帐户域:\t\tLUCHENGYU\r\n\t登录 ID:\t\t0x1098680E\r\n\r\n对象:\r\n\t对象服务器:\t\tDS\r\n\t对象类型:\t\t%{bf967a92-0de6-11d0-a285-00aa003049e2}\r\n\t对象名:\t\t%{6cfcb7ad-9aa0-4194-98a9-8af2bd9a1787}\r\n\t句柄 ID:\t\t0x0\r\n\r\n操作:\r\n\t操作类型:\t\tObject Access\r\n\t访问:\t\tDELETE\r\n\t\t\t\t\r\n\t访问掩码:\t\t0x10000\r\n\t属性:\t\tDELETE\r\n\t{bf967a92-0de6-11d0-a285-00aa003049e2}\r\n\r\n\r\n附加信息:\r\n\t参数 1:\t\t-\r\n\t参数 2:\t\t", "EventTime": "2024-08-05T12:30:58.2494287Z", "Level": "0", "Opcode": "0", "Version": "0", "Guid": "{54849625-5478-4994-a5ba-3e3b0328c30d}", "Hostname": "dc-1.luchengyu.com", "EventID": "4662", "Channel": "Security", "Task": "14080", "ThreadID": "1076", "ProcessID": "180", "Keywords": "0x8020000000000000", "EventRecordID": "994175"}
{"ObjectName": "%{8a719bf3-bf71-49be-b92b-fbbc319ddd79}", "SubjectUserName": "adil", "AccessList": "%%1537\n\t\t\t\t", "TargetLogonId": "0x1098680e", "Properties": "%%1537\n\t{f0f8ffab-1191-11d0-a060-00aa006c33ed}\n", "OperationType": "Object Access", "ObjectServer": "DS", "ObjectType": "%{f0f8ffab-1191-11d0-a060-00aa006c33ed}", "SubjectUserSid": "S-1-5-21-3300233152-2697801032-3383171842-1106", "AccessMask": "0x10000", "SubjectDomainName": "LUCHENGYU", "AdditionalInfo": "-", "Name": "Microsoft-Windows-Security-Auditing", "HandleId": "0x0", "Message": "在对象上已执行操作。\r\n\r\n使用者:\r\n\t安全 ID:\t\tS-1-5-21-3300233152-2697801032-3383171842-1106\r\n\t帐户名:\t\tadil\r\n\t帐户域:\t\tLUCHENGYU\r\n\t登录 ID:\t\t0x1098680E\r\n\r\n对象:\r\n\t对象服务器:\t\tDS\r\n\t对象类型:\t\t%{f0f8ffab-1191-11d0-a060-00aa006c33ed}\r\n\t对象名:\t\t%{8a719bf3-bf71-49be-b92b-fbbc319ddd79}\r\n\t句柄 ID:\t\t0x0\r\n\r\n操作:\r\n\t操作类型:\t\tObject Access\r\n\t访问:\t\tDELETE\r\n\t\t\t\t\r\n\t访问掩码:\t\t0x10000\r\n\t属性:\t\tDELETE\r\n\t{f0f8ffab-1191-11d0-a060-00aa006c33ed}\r\n\r\n\r\n附加信息:\r\n\t参数 1:\t\t-\r\n\t参数 2:\t\t", "EventTime": "2024-08-05T12:30:58.2470719Z", "Level": "0", "Opcode": "0", "Version": "0", "Guid": "{54849625-5478-4994-a5ba-3e3b0328c30d}", "Hostname": "dc-1.luchengyu.com", "EventID": "4662", "Channel": "Security", "Task": "14080", "ThreadID": "1076", "ProcessID": "180", "Keywords": "0x8020000000000000", "EventRecordID": "994174"}
{"ObjectName": "%{4f282925-d8fb-47f3-ae0f-f8d673ccabbf}", "SubjectUserName": "adil", "AccessList": "%%7688\n\t\t\t\t", "TargetLogonId": "0x10986830", "Properties": "%%7688\n\t\t{1131f6ac-9c07-11d1-f79f-00c04fc2dcd2}\n\t{19195a5b-6da0-11d0-afd3-00c04fd930c9}\n", "OperationType": "Object Access", "ObjectServer": "DS", "ObjectType": "%{19195a5b-6da0-11d0-afd3-00c04fd930c9}", "SubjectUserSid": "S-1-5-21-3300233152-2697801032-3383171842-1106", "AccessMask": "0x100", "SubjectDomainName": "LUCHENGYU", "AdditionalInfo": "-", "Name": "Microsoft-Windows-Security-Auditing", "HandleId": "0x0", "Message": "在对象上已执行操作。\r\n\r\n使用者:\r\n\t安全 ID:\t\tS-1-5-21-3300233152-2697801032-3383171842-1106\r\n\t帐户名:\t\tadil\r\n\t帐户域:\t\tLUCHENGYU\r\n\t登录 ID:\t\t0x10986830\r\n\r\n对象:\r\n\t对象服务器:\t\tDS\r\n\t对象类型:\t\t%{19195a5b-6da0-11d0-afd3-00c04fd930c9}\r\n\t对象名:\t\t%{4f282925-d8fb-47f3-ae0f-f8d673ccabbf}\r\n\t句柄 ID:\t\t0x0\r\n\r\n操作:\r\n\t操作类型:\t\tObject Access\r\n\t访问:\t\t控制访问\r\n\t\t\t\t\r\n\t访问掩码:\t\t0x100\r\n\t属性:\t\t控制访问\r\n\t\t{1131f6ac-9c07-11d1-f79f-00c04fc2dcd2}\r\n\t{19195a5b-6da0-11d0-afd3-00c04fd930c9}\r\n\r\n\r\n附加信息:\r\n\t参数 1:\t\t-\r\n\t参数 2:\t\t", "EventTime": "2024-08-05T12:30:58.2395819Z", "Level": "0", "Opcode": "0", "Version": "0", "Guid": "{54849625-5478-4994-a5ba-3e3b0328c30d}", "Hostname": "dc-1.luchengyu.com", "EventID": "4662", "Channel": "Security", "Task": "14080", "ThreadID": "1076", "ProcessID": "180", "Keywords": "0x8020000000000000", "EventRecordID": "994173"}
{"TargetUserName": "DC-1$@LUCHENGYU.COM", "ServiceName": "ADIL_TEST$", "ProviderGuid": "{5a20dc54-3b8a-95b7-4b65-0099f48bc88b}", "IpPort": "0", "IpAddress": "::1", "TicketEncryptionType": "0x12", "TicketOptions": "0x40800000", "TransmittedServices": "-", "ServiceSid": "S-1-5-21-3300233152-2697801032-3383171842-1116", "Status": "0x0", "TargetDomainName": "LUCHENGYU.COM", "Message": "已请求 Kerberos 服务票证。\r\n\r\n帐户信息:\r\n\t帐户名:\t\tDC-1$@LUCHENGYU.COM\r\n\t帐户域:\t\tLUCHENGYU.COM\r\n\t登录 GUID:\t\t{5a20dc54-3b8a-95b7-4b65-0099f48bc88b}\r\n\r\n服务信息:\r\n\t服务名称:\t\tADIL_TEST$\r\n\t服务 ID:\t\tS-1-5-21-3300233152-2697801032-3383171842-1116\r\n\r\n网络信息:\r\n\t客户端地址:\t\t::1\r\n\t客户端端口:\t\t0\r\n\r\n附加信息:\r\n\t票证选项:\t\t0x40800000\r\n\t票证加密类型:\t0x12\r\n\t故障代码:\t\t0x0\r\n\t传递服务:\t-\r\n\r\n每次请求访问资源(例如计算机或 Windows 服务)时生成此事件。服务名称表示请求访问的资源。\r\n\r\n可以通过比较每个事件中的“登录 GUID”字段将此事件与 Windows 登录事件相关联。登录事件发生在被访问的计算机上，通常情况下，该计算机不是颁发服务票证的域控制器计算机。\r\n\r\n票证选项、加密类型和故障代码是在 RFC 4120 中定义的。", "EventTime": "2024-08-05T12:30:58.2020637Z", "Level": "0", "Opcode": "0", "Version": "0", "Guid": "{54849625-5478-4994-a5ba-3e3b0328c30d}", "Name": "Microsoft-Windows-Security-Auditing", "Hostname": "dc-1.luchengyu.com", "EventID": "4769", "Channel": "Security", "Task": "14337", "ThreadID": "8072", "ProcessID": "180", "Keywords": "0x8020000000000000", "EventRecordID": "994172"}
{"ObjectName": "%{4f282925-d8fb-47f3-ae0f-f8d673ccabbf}", "SubjectUserName": "adil", "AccessList": "%%7688\n\t\t\t\t", "TargetLogonId": "0x10986830", "Properties": "%%7688\n\t\t{1131f6ac-9c07-11d1-f79f-00c04fc2dcd2}\n\t{19195a5b-6da0-11d0-afd3-00c04fd930c9}\n", "OperationType": "Object Access", "ObjectServer": "DS", "ObjectType": "%{19195a5b-6da0-11d0-afd3-00c04fd930c9}", "SubjectUserSid": "S-1-5-21-3300233152-2697801032-3383171842-1106", "AccessMask": "0x100", "SubjectDomainName": "LUCHENGYU", "AdditionalInfo": "-", "Name": "Microsoft-Windows-Security-Auditing", "HandleId": "0x0", "Message": "在对象上已执行操作。\r\n\r\n使用者:\r\n\t安全 ID:\t\tS-1-5-21-3300233152-2697801032-3383171842-1106\r\n\t帐户名:\t\tadil\r\n\t帐户域:\t\tLUCHENGYU\r\n\t登录 ID:\t\t0x10986830\r\n\r\n对象:\r\n\t对象服务器:\t\tDS\r\n\t对象类型:\t\t%{19195a5b-6da0-11d0-afd3-00c04fd930c9}\r\n\t对象名:\t\t%{4f282925-d8fb-47f3-ae0f-f8d673ccabbf}\r\n\t句柄 ID:\t\t0x0\r\n\r\n操作:\r\n\t操作类型:\t\tObject Access\r\n\t访问:\t\t控制访问\r\n\t\t\t\t\r\n\t访问掩码:\t\t0x100\r\n\t属性:\t\t控制访问\r\n\t\t{1131f6ac-9c07-11d1-f79f-00c04fc2dcd2}\r\n\t{19195a5b-6da0-11d0-afd3-00c04fd930c9}\r\n\r\n\r\n附加信息:\r\n\t参数 1:\t\t-\r\n\t参数 2:\t\t", "EventTime": "2024-08-05T12:30:58.1701188Z", "Level": "0", "Opcode": "0", "Version": "0", "Guid": "{54849625-5478-4994-a5ba-3e3b0328c30d}", "Hostname": "dc-1.luchengyu.com", "EventID": "4662", "Channel": "Security", "Task": "14080", "ThreadID": "1076", "ProcessID": "180", "Keywords": "0x8020000000000000", "EventRecordID": "994171"}
{"SubjectUserSid": "S-1-5-21-3300233152-2697801032-3383171842-1106", "DnsHostName": "-", "DisplayName": "-", "UserPrincipalName": "-", "UserWorkstations": "-", "NewUacValue": "-", "SidHistory": "-", "SamAccountName": "-", "LogonHours": "-", "HomeDirectory": "-", "TargetDomainName": "LUCHENGYU", "ComputerAccountChange": "-", "AccountExpires": "-", "ServicePrincipalNames": "\n\t\tHOST/adil_test.luchengyu.com\n\t\tRestrictedKrbHost/adil_test.luchengyu.com\n\t\tHOST/ADIL_TEST\n\t\tRestrictedKrbHost/ADIL_TEST\n\t\tTERMSRV/adil_test.luchengyu.com\n\t\tTERMSRV/ADIL_TEST\n\t\tWSMAN/adil_test.luchengyu.com\n\t\tWSMAN/adil_test\n\t\tGC/adil_test.luchengyu.com/luchengyu.com\n\t\tE3514235-4B06-11D1-AB04-00C04FC2DCD2/8a719bf3-bf71-49be-b92b-fbbc319ddd79/luchengyu.com", "PrivilegeList": "-", "UserAccountControl": "-", "SubjectDomainName": "LUCHENGYU", "PasswordLastSet": "-", "TargetLogonId": "0x10986830", "AllowedToDelegateTo": "-", "TargetSid": "S-1-5-21-3300233152-2697801032-3383171842-1116", "HomePath": "-", "SubjectUserName": "adil", "ProfilePath": "-", "TargetUserName": "ADIL_TEST$", "ScriptPath": "-", "OldUacValue": "-", "PrimaryGroupId": "-", "UserParameters": "-", "Message": "已更改计算机帐户。\r\n\r\n使用者:\r\n\t安全 ID:\t\tS-1-5-21-3300233152-2697801032-3383171842-1106\r\n\t帐户名:\t\tadil\r\n\t帐户域:\t\tLUCHENGYU\r\n\t登录 ID:\t\t0x10986830\r\n\r\n已更改的计算机帐户:\r\n\t安全 ID:\t\tS-1-5-21-3300233152-2697801032-3383171842-1116\r\n\t帐户名:\t\tADIL_TEST$\r\n\t帐户域:\t\tLUCHENGYU\r\n\r\n已更改的属性:\r\n\tSAM 帐户名:\t-\r\n\t显示名称:\t\t-\r\n\t用户主体名称:\t-\r\n\t主目录:\t\t-\r\n\t主驱动器:\t\t-\r\n\t脚本路径:\t\t-\r\n\t配置文件路径:\t\t-\r\n\t用户工作站:\t-\r\n\t上次设置的密码:\t-\r\n\t帐户过期:\t\t-\r\n\t主要组 ID:\t-\r\n\t允许委派给:\t-\r\n\t旧 UAC 值:\t\t-\r\n\t新 UAC 值:\t\t-\r\n\t用户帐户控制:\t-\r\n\t用户参数:\t-\r\n\tSID 历史:\t\t-\r\n\t登录时间(以小时计):\t\t-\r\n\tDNS 主机名:\t\t-\r\n\t服务主体名称:\t\r\n\t\tHOST/adil_test.luchengyu.com\r\n\t\tRestrictedKrbHost/adil_test.luchengyu.com\r\n\t\tHOST/ADIL_TEST\r\n\t\tRestrictedKrbHost/ADIL_TEST\r\n\t\tTERMSRV/adil_test.luchengyu.com\r\n\t\tTERMSRV/ADIL_TEST\r\n\t\tWSMAN/adil_test.luchengyu.com\r\n\t\tWSMAN/adil_test\r\n\t\tGC/adil_test.luchengyu.com/luchengyu.com\r\n\t\tE3514235-4B06-11D1-AB04-00C04FC2DCD2/8a719bf3-bf71-49be-b92b-fbbc319ddd79/luchengyu.com\r\n\r\n附加信息:\r\n\t特权:\t\t-", "EventTime": "2024-08-05T12:30:58.1639171Z", "Level": "0", "Opcode": "0", "Version": "0", "Guid": "{54849625-5478-4994-a5ba-3e3b0328c30d}", "Name": "Microsoft-Windows-Security-Auditing", "Hostname": "dc-1.luchengyu.com", "EventID": "4742", "Channel": "Security", "Task": "13825", "ThreadID": "8044", "ProcessID": "180", "Keywords": "0x8020000000000000", "EventRecordID": "994170"}
{"ObjectName": "%{4f282925-d8fb-47f3-ae0f-f8d673ccabbf}", "SubjectUserName": "adil", "AccessList": "%%7688\n\t\t\t\t", "TargetLogonId": "0x10986830", "Properties": "%%7688\n\t\t{9923a32a-3607-11d2-b9be-0000f87a36b2}\n\t{19195a5b-6da0-11d0-afd3-00c04fd930c9}\n", "OperationType": "Object Access", "ObjectServer": "DS", "ObjectType": "%{19195a5b-6da0-11d0-afd3-00c04fd930c9}", "SubjectUserSid": "S-1-5-21-3300233152-2697801032-3383171842-1106", "AccessMask": "0x100", "SubjectDomainName": "LUCHENGYU", "AdditionalInfo": "-", "Name": "Microsoft-Windows-Security-Auditing", "HandleId": "0x0", "Message": "在对象上已执行操作。\r\n\r\n使用者:\r\n\t安全 ID:\t\tS-1-5-21-3300233152-2697801032-3383171842-1106\r\n\t帐户名:\t\tadil\r\n\t帐户域:\t\tLUCHENGYU\r\n\t登录 ID:\t\t0x10986830\r\n\r\n对象:\r\n\t对象服务器:\t\tDS\r\n\t对象类型:\t\t%{19195a5b-6da0-11d0-afd3-00c04fd930c9}\r\n\t对象名:\t\t%{4f282925-d8fb-47f3-ae0f-f8d673ccabbf}\r\n\t句柄 ID:\t\t0x0\r\n\r\n操作:\r\n\t操作类型:\t\tObject Access\r\n\t访问:\t\t控制访问\r\n\t\t\t\t\r\n\t访问掩码:\t\t0x100\r\n\t属性:\t\t控制访问\r\n\t\t{9923a32a-3607-11d2-b9be-0000f87a36b2}\r\n\t{19195a5b-6da0-11d0-afd3-00c04fd930c9}\r\n\r\n\r\n附加信息:\r\n\t参数 1:\t\t-\r\n\t参数 2:\t\t", "EventTime": "2024-08-05T12:30:58.1610931Z", "Level": "0", "Opcode": "0", "Version": "0", "Guid": "{54849625-5478-4994-a5ba-3e3b0328c30d}", "Hostname": "dc-1.luchengyu.com", "EventID": "4662", "Channel": "Security", "Task": "14080", "ThreadID": "1076", "ProcessID": "180", "Keywords": "0x8020000000000000", "EventRecordID": "994169"}
{"KeyLength": "0", "SubjectUserSid": "S-1-5-21-3300233152-2697801032-3383171842-1106", "TargetLogonId": "0x10986830", "AuthenticationPackageName": "Kerberos", "TargetOutboundUserName": "-", "ImpersonationLevel": "%%1832", "LogonProcessName": "Kerberos", "TargetDomainName": "LUCHENGYU.COM", "IpPort": "65012", "LmPackageName": "-", "IpAddress": "192.168.30.236", "SubjectDomainName": "-", "ProcessName": "-", "TransmittedServices": "-", "ProcessId": "0x0", "SubjectUserName": "-", "TargetOutboundDomainName": "-", "TargetUserName": "adil", "RestrictedAdminMode": "-", "ProviderGuid": "{c7d79681-b512-a3c5-f11c-006ead5bd4f3}", "LogonType": "3", "TargetLinkedLogonId": "0x0", "VirtualAccount": "%%1843", "TokenElevationType": "%%1842", "WorkstationName": "-", "Message": "已成功登录帐户。\r\n\r\n使用者:\r\n\t安全 ID:\t\tS-1-0-0\r\n\t帐户名称:\t\t-\r\n\t帐户域:\t\t-\r\n\t登录 ID:\t\t0x0\r\n\r\n登录信息:\r\n\t登录类型:\t\t3\r\n\t受限制的管理员模式:\t-\r\n\t虚拟帐户:\t\t否\r\n\t提升的令牌:\t\t是\r\n\r\n模拟级别:\t\t标识\r\n\r\n新登录:\r\n\t安全 ID:\t\tS-1-5-21-3300233152-2697801032-3383171842-1106\r\n\t帐户名称:\t\tadil\r\n\t帐户域:\t\tLUCHENGYU.COM\r\n\t登录 ID:\t\t0x10986830\r\n\t链接的登录 ID:\t\t0x0\r\n\t网络帐户名称:\t-\r\n\t网络帐户域:\t-\r\n\t登录 GUID:\t\t{c7d79681-b512-a3c5-f11c-006ead5bd4f3}\r\n\r\n进程信息:\r\n\t进程 ID:\t\t0x0\r\n\t进程名称:\t\t-\r\n\r\n网络信息:\r\n\t工作站名称:\t-\r\n\t源网络地址:\t192.168.30.236\r\n\t源端口:\t\t65012\r\n\r\n详细的身份验证信息:\r\n\t登录进程:\t\tKerberos\r\n\t身份验证数据包:\tKerberos\r\n\t传递的服务:\t-\r\n\t数据包名(仅限 NTLM):\t-\r\n\t密钥长度:\t\t0\r\n\r\n创建登录会话时，将在被访问的计算机上生成此事件。\r\n\r\n“使用者”字段指示本地系统上请求登录的帐户。这通常是一个服务(例如 Server 服务)或本地进程(例如 Winlogon.exe 或 Services.exe)。\r\n\r\n“登录类型”字段指示发生的登录类型。最常见的类型是 2 (交互式)和 3 (网络)。\r\n\r\n“新登录”字段指示新登录是为哪个帐户创建的，即已登录的帐户。\r\n\r\n“网络”字段指示远程登录请求源自哪里。“工作站名称”并非始终可用，并且在某些情况下可能会留空。\r\n\r\n“模拟级别”字段指示登录会话中的进程可以模拟到的程度。\r\n\r\n“身份验证信息”字段提供有关此特定登录请求的详细信息。\r\n\t- “登录 GUID”是可用于将此事件与 KDC 事件关联起来的唯一标识符。\r\n\t-“传递的服务”指示哪些中间服务参与了此登录请求。\r\n\t-“数据包名”指示在 NTLM 协议中使用了哪些子协议。\r\n\t-“密钥长度”指示生成的会话密钥的长度。如果没有请求会话密钥，则此字段将为 0。", "EventTime": "2024-08-05T12:30:58.1588845Z", "Level": "0", "Opcode": "0", "Version": "2", "Guid": "{54849625-5478-4994-a5ba-3e3b0328c30d}", "Name": "Microsoft-Windows-Security-Auditing", "Hostname": "dc-1.luchengyu.com", "EventID": "4624", "Channel": "Security", "Task": "12544", "ThreadID": "13480", "ProcessID": "180", "Keywords": "0x8020000000000000", "EventRecordID": "994168"}
{"SubjectUserSid": "S-1-5-21-3300233152-2697801032-3383171842-1106", "PrivilegeList": "SeSecurityPrivilege\n\t\t\tSeBackupPrivilege\n\t\t\tSeRestorePrivilege\n\t\t\tSeTakeOwnershipPrivilege\n\t\t\tSeDebugPrivilege\n\t\t\tSeSystemEnvironmentPrivilege\n\t\t\tSeLoadDriverPrivilege\n\t\t\tSeImpersonatePrivilege\n\t\t\tSeDelegateSessionUserImpersonatePrivilege\n\t\t\tSeEnableDelegationPrivilege", "TargetLogonId": "0x10986830", "SubjectDomainName": "LUCHENGYU", "SubjectUserName": "adil", "Message": "为新登录分配了特殊权限。\r\n\r\n使用者:\r\n\t安全 ID:\t\tS-1-5-21-3300233152-2697801032-3383171842-1106\r\n\t帐户名:\t\tadil\r\n\t帐户域:\t\tLUCHENGYU\r\n\t登录 ID:\t\t0x10986830\r\n\r\n特权:\t\tSeSecurityPrivilege\r\n\t\t\tSeBackupPrivilege\r\n\t\t\tSeRestorePrivilege\r\n\t\t\tSeTakeOwnershipPrivilege\r\n\t\t\tSeDebugPrivilege\r\n\t\t\tSeSystemEnvironmentPrivilege\r\n\t\t\tSeLoadDriverPrivilege\r\n\t\t\tSeImpersonatePrivilege\r\n\t\t\tSeDelegateSessionUserImpersonatePrivilege\r\n\t\t\tSeEnableDelegationPrivilege", "EventTime": "2024-08-05T12:30:58.1581861Z", "Level": "0", "Opcode": "0", "Version": "0", "Guid": "{54849625-5478-4994-a5ba-3e3b0328c30d}", "Name": "Microsoft-Windows-Security-Auditing", "Hostname": "dc-1.luchengyu.com", "EventID": "4672", "Channel": "Security", "Task": "12548", "ThreadID": "13480", "ProcessID": "180", "Keywords": "0x8020000000000000", "EventRecordID": "994167"}
{"SubjectUserSid": "S-1-5-21-3300233152-2697801032-3383171842-1106", "DnsHostName": "-", "DisplayName": "-", "UserPrincipalName": "-", "UserWorkstations": "-", "NewUacValue": "-", "SidHistory": "-", "SamAccountName": "-", "LogonHours": "-", "HomeDirectory": "-", "TargetDomainName": "LUCHENGYU", "ComputerAccountChange": "-", "AccountExpires": "-", "ServicePrincipalNames": "\n\t\tHOST/adil_test.luchengyu.com\n\t\tRestrictedKrbHost/adil_test.luchengyu.com\n\t\tHOST/ADIL_TEST\n\t\tRestrictedKrbHost/ADIL_TEST\n\t\tTERMSRV/adil_test.luchengyu.com\n\t\tTERMSRV/ADIL_TEST\n\t\tWSMAN/adil_test.luchengyu.com\n\t\tWSMAN/adil_test\n\t\tGC/adil_test.luchengyu.com/luchengyu.com", "PrivilegeList": "-", "UserAccountControl": "-", "SubjectDomainName": "LUCHENGYU", "PasswordLastSet": "-", "TargetLogonId": "0x1098680e", "AllowedToDelegateTo": "-", "TargetSid": "S-1-5-21-3300233152-2697801032-3383171842-1116", "HomePath": "-", "SubjectUserName": "adil", "ProfilePath": "-", "TargetUserName": "ADIL_TEST$", "ScriptPath": "-", "OldUacValue": "-", "PrimaryGroupId": "-", "UserParameters": "-", "Message": "已更改计算机帐户。\r\n\r\n使用者:\r\n\t安全 ID:\t\tS-1-5-21-3300233152-2697801032-3383171842-1106\r\n\t帐户名:\t\tadil\r\n\t帐户域:\t\tLUCHENGYU\r\n\t登录 ID:\t\t0x1098680E\r\n\r\n已更改的计算机帐户:\r\n\t安全 ID:\t\tS-1-5-21-3300233152-2697801032-3383171842-1116\r\n\t帐户名:\t\tADIL_TEST$\r\n\t帐户域:\t\tLUCHENGYU\r\n\r\n已更改的属性:\r\n\tSAM 帐户名:\t-\r\n\t显示名称:\t\t-\r\n\t用户主体名称:\t-\r\n\t主目录:\t\t-\r\n\t主驱动器:\t\t-\r\n\t脚本路径:\t\t-\r\n\t配置文件路径:\t\t-\r\n\t用户工作站:\t-\r\n\t上次设置的密码:\t-\r\n\t帐户过期:\t\t-\r\n\t主要组 ID:\t-\r\n\t允许委派给:\t-\r\n\t旧 UAC 值:\t\t-\r\n\t新 UAC 值:\t\t-\r\n\t用户帐户控制:\t-\r\n\t用户参数:\t-\r\n\tSID 历史:\t\t-\r\n\t登录时间(以小时计):\t\t-\r\n\tDNS 主机名:\t\t-\r\n\t服务主体名称:\t\r\n\t\tHOST/adil_test.luchengyu.com\r\n\t\tRestrictedKrbHost/adil_test.luchengyu.com\r\n\t\tHOST/ADIL_TEST\r\n\t\tRestrictedKrbHost/ADIL_TEST\r\n\t\tTERMSRV/adil_test.luchengyu.com\r\n\t\tTERMSRV/ADIL_TEST\r\n\t\tWSMAN/adil_test.luchengyu.com\r\n\t\tWSMAN/adil_test\r\n\t\tGC/adil_test.luchengyu.com/luchengyu.com\r\n\r\n附加信息:\r\n\t特权:\t\t-", "EventTime": "2024-08-05T12:30:58.1544199Z", "Level": "0", "Opcode": "0", "Version": "0", "Guid": "{54849625-5478-4994-a5ba-3e3b0328c30d}", "Name": "Microsoft-Windows-Security-Auditing", "Hostname": "dc-1.luchengyu.com", "EventID": "4742", "Channel": "Security", "Task": "13825", "ThreadID": "7308", "ProcessID": "180", "Keywords": "0x8020000000000000", "EventRecordID": "994166"}
{"ObjectName": "%{7f8061fa-94ff-44de-9946-361b90907264}", "SubjectUserName": "adil", "AccessList": "%%7680\n\t\t\t\t", "TargetLogonId": "0x1098680e", "Properties": "%%7680\n\t{bf967a92-0de6-11d0-a285-00aa003049e2}\n", "OperationType": "Object Access", "ObjectServer": "DS", "ObjectType": "%{f780acc0-56f0-11d1-a9c6-0000f80367c1}", "SubjectUserSid": "S-1-5-21-3300233152-2697801032-3383171842-1106", "AccessMask": "0x1", "SubjectDomainName": "LUCHENGYU", "AdditionalInfo": "CN=ADIL_TEST,CN=Servers,CN=Default-First-Site-Name,CN=Sites,CN=Configuration,DC=luchengyu,DC=com", "AdditionalInfo2": "%{6cfcb7ad-9aa0-4194-98a9-8af2bd9a1787}", "HandleId": "0x0", "Message": "在对象上已执行操作。\r\n\r\n使用者:\r\n\t安全 ID:\t\tS-1-5-21-3300233152-2697801032-3383171842-1106\r\n\t帐户名:\t\tadil\r\n\t帐户域:\t\tLUCHENGYU\r\n\t登录 ID:\t\t0x1098680E\r\n\r\n对象:\r\n\t对象服务器:\t\tDS\r\n\t对象类型:\t\t%{f780acc0-56f0-11d1-a9c6-0000f80367c1}\r\n\t对象名:\t\t%{7f8061fa-94ff-44de-9946-361b90907264}\r\n\t句柄 ID:\t\t0x0\r\n\r\n操作:\r\n\t操作类型:\t\tObject Access\r\n\t访问:\t\t创建子项\r\n\t\t\t\t\r\n\t访问掩码:\t\t0x1\r\n\t属性:\t\t创建子项\r\n\t{bf967a92-0de6-11d0-a285-00aa003049e2}\r\n\r\n\r\n附加信息:\r\n\t参数 1:\t\tCN=ADIL_TEST,CN=Servers,CN=Default-First-Site-Name,CN=Sites,CN=Configuration,DC=luchengyu,DC=com\r\n\t参数 2:\t\t%{6cfcb7ad-9aa0-4194-98a9-8af2bd9a1787}", "EventTime": "2024-08-05T12:30:58.1240801Z", "Level": "0", "Opcode": "0", "Version": "0", "Guid": "{54849625-5478-4994-a5ba-3e3b0328c30d}", "Name": "Microsoft-Windows-Security-Auditing", "Hostname": "dc-1.luchengyu.com", "EventID": "4662", "Channel": "Security", "Task": "14080", "ThreadID": "1076", "ProcessID": "180", "Keywords": "0x8020000000000000", "EventRecordID": "994165"}
{"KeyLength": "0", "SubjectUserSid": "S-1-5-21-3300233152-2697801032-3383171842-1106", "TargetLogonId": "0x1098680e", "AuthenticationPackageName": "Kerberos", "TargetOutboundUserName": "-", "ImpersonationLevel": "%%1833", "LogonProcessName": "Kerberos", "TargetDomainName": "LUCHENGYU.COM", "IpPort": "65006", "LmPackageName": "-", "IpAddress": "192.168.30.236", "SubjectDomainName": "-", "ProcessName": "-", "TransmittedServices": "-", "ProcessId": "0x0", "SubjectUserName": "-", "TargetOutboundDomainName": "-", "TargetUserName": "adil", "RestrictedAdminMode": "-", "ProviderGuid": "{c7d79681-b512-a3c5-f11c-006ead5bd4f3}", "LogonType": "3", "TargetLinkedLogonId": "0x0", "VirtualAccount": "%%1843", "TokenElevationType": "%%1842", "WorkstationName": "-", "Message": "已成功登录帐户。\r\n\r\n使用者:\r\n\t安全 ID:\t\tS-1-0-0\r\n\t帐户名称:\t\t-\r\n\t帐户域:\t\t-\r\n\t登录 ID:\t\t0x0\r\n\r\n登录信息:\r\n\t登录类型:\t\t3\r\n\t受限制的管理员模式:\t-\r\n\t虚拟帐户:\t\t否\r\n\t提升的令牌:\t\t是\r\n\r\n模拟级别:\t\t模拟\r\n\r\n新登录:\r\n\t安全 ID:\t\tS-1-5-21-3300233152-2697801032-3383171842-1106\r\n\t帐户名称:\t\tadil\r\n\t帐户域:\t\tLUCHENGYU.COM\r\n\t登录 ID:\t\t0x1098680E\r\n\t链接的登录 ID:\t\t0x0\r\n\t网络帐户名称:\t-\r\n\t网络帐户域:\t-\r\n\t登录 GUID:\t\t{c7d79681-b512-a3c5-f11c-006ead5bd4f3}\r\n\r\n进程信息:\r\n\t进程 ID:\t\t0x0\r\n\t进程名称:\t\t-\r\n\r\n网络信息:\r\n\t工作站名称:\t-\r\n\t源网络地址:\t192.168.30.236\r\n\t源端口:\t\t65006\r\n\r\n详细的身份验证信息:\r\n\t登录进程:\t\tKerberos\r\n\t身份验证数据包:\tKerberos\r\n\t传递的服务:\t-\r\n\t数据包名(仅限 NTLM):\t-\r\n\t密钥长度:\t\t0\r\n\r\n创建登录会话时，将在被访问的计算机上生成此事件。\r\n\r\n“使用者”字段指示本地系统上请求登录的帐户。这通常是一个服务(例如 Server 服务)或本地进程(例如 Winlogon.exe 或 Services.exe)。\r\n\r\n“登录类型”字段指示发生的登录类型。最常见的类型是 2 (交互式)和 3 (网络)。\r\n\r\n“新登录”字段指示新登录是为哪个帐户创建的，即已登录的帐户。\r\n\r\n“网络”字段指示远程登录请求源自哪里。“工作站名称”并非始终可用，并且在某些情况下可能会留空。\r\n\r\n“模拟级别”字段指示登录会话中的进程可以模拟到的程度。\r\n\r\n“身份验证信息”字段提供有关此特定登录请求的详细信息。\r\n\t- “登录 GUID”是可用于将此事件与 KDC 事件关联起来的唯一标识符。\r\n\t-“传递的服务”指示哪些中间服务参与了此登录请求。\r\n\t-“数据包名”指示在 NTLM 协议中使用了哪些子协议。\r\n\t-“密钥长度”指示生成的会话密钥的长度。如果没有请求会话密钥，则此字段将为 0。", "EventTime": "2024-08-05T12:30:58.0922844Z", "Level": "0", "Opcode": "0", "Version": "2", "Guid": "{54849625-5478-4994-a5ba-3e3b0328c30d}", "Name": "Microsoft-Windows-Security-Auditing", "Hostname": "dc-1.luchengyu.com", "EventID": "4624", "Channel": "Security", "Task": "12544", "ThreadID": "4544", "ProcessID": "180", "Keywords": "0x8020000000000000", "EventRecordID": "994164"}
{"SubjectUserSid": "S-1-5-21-3300233152-2697801032-3383171842-1106", "PrivilegeList": "SeSecurityPrivilege\n\t\t\tSeBackupPrivilege\n\t\t\tSeRestorePrivilege\n\t\t\tSeTakeOwnershipPrivilege\n\t\t\tSeDebugPrivilege\n\t\t\tSeSystemEnvironmentPrivilege\n\t\t\tSeLoadDriverPrivilege\n\t\t\tSeImpersonatePrivilege\n\t\t\tSeDelegateSessionUserImpersonatePrivilege\n\t\t\tSeEnableDelegationPrivilege", "TargetLogonId": "0x1098680e", "SubjectDomainName": "LUCHENGYU", "SubjectUserName": "adil", "Message": "为新登录分配了特殊权限。\r\n\r\n使用者:\r\n\t安全 ID:\t\tS-1-5-21-3300233152-2697801032-3383171842-1106\r\n\t帐户名:\t\tadil\r\n\t帐户域:\t\tLUCHENGYU\r\n\t登录 ID:\t\t0x1098680E\r\n\r\n特权:\t\tSeSecurityPrivilege\r\n\t\t\tSeBackupPrivilege\r\n\t\t\tSeRestorePrivilege\r\n\t\t\tSeTakeOwnershipPrivilege\r\n\t\t\tSeDebugPrivilege\r\n\t\t\tSeSystemEnvironmentPrivilege\r\n\t\t\tSeLoadDriverPrivilege\r\n\t\t\tSeImpersonatePrivilege\r\n\t\t\tSeDelegateSessionUserImpersonatePrivilege\r\n\t\t\tSeEnableDelegationPrivilege", "EventTime": "2024-08-05T12:30:58.0921558Z", "Level": "0", "Opcode": "0", "Version": "0", "Guid": "{54849625-5478-4994-a5ba-3e3b0328c30d}", "Name": "Microsoft-Windows-Security-Auditing", "Hostname": "dc-1.luchengyu.com", "EventID": "4672", "Channel": "Security", "Task": "12548", "ThreadID": "4544", "ProcessID": "180", "Keywords": "0x8020000000000000", "EventRecordID": "994163"}
{"KeyLength": "0", "SubjectUserSid": "S-1-5-21-3300233152-2697801032-3383171842-1116", "TargetLogonId": "0x10985e28", "AuthenticationPackageName": "Kerberos", "TargetOutboundUserName": "-", "ImpersonationLevel": "%%1840", "LogonProcessName": "Kerberos", "TargetDomainName": "LUCHENGYU.COM", "IpPort": "65003", "LmPackageName": "-", "IpAddress": "192.168.30.236", "SubjectDomainName": "-", "ProcessName": "-", "TransmittedServices": "-", "ProcessId": "0x0", "SubjectUserName": "-", "TargetOutboundDomainName": "-", "TargetUserName": "ADIL_TEST$", "RestrictedAdminMode": "-", "ProviderGuid": "{fcfbeb82-50be-1fa8-dbe1-dd5f2a52a32e}", "LogonType": "3", "TargetLinkedLogonId": "0x0", "VirtualAccount": "%%1843", "TokenElevationType": "%%1842", "WorkstationName": "-", "Message": "已成功登录帐户。\r\n\r\n使用者:\r\n\t安全 ID:\t\tS-1-0-0\r\n\t帐户名称:\t\t-\r\n\t帐户域:\t\t-\r\n\t登录 ID:\t\t0x0\r\n\r\n登录信息:\r\n\t登录类型:\t\t3\r\n\t受限制的管理员模式:\t-\r\n\t虚拟帐户:\t\t否\r\n\t提升的令牌:\t\t是\r\n\r\n模拟级别:\t\t委派\r\n\r\n新登录:\r\n\t安全 ID:\t\tS-1-5-21-3300233152-2697801032-3383171842-1116\r\n\t帐户名称:\t\tADIL_TEST$\r\n\t帐户域:\t\tLUCHENGYU.COM\r\n\t登录 ID:\t\t0x10985E28\r\n\t链接的登录 ID:\t\t0x0\r\n\t网络帐户名称:\t-\r\n\t网络帐户域:\t-\r\n\t登录 GUID:\t\t{fcfbeb82-50be-1fa8-dbe1-dd5f2a52a32e}\r\n\r\n进程信息:\r\n\t进程 ID:\t\t0x0\r\n\t进程名称:\t\t-\r\n\r\n网络信息:\r\n\t工作站名称:\t-\r\n\t源网络地址:\t192.168.30.236\r\n\t源端口:\t\t65003\r\n\r\n详细的身份验证信息:\r\n\t登录进程:\t\tKerberos\r\n\t身份验证数据包:\tKerberos\r\n\t传递的服务:\t-\r\n\t数据包名(仅限 NTLM):\t-\r\n\t密钥长度:\t\t0\r\n\r\n创建登录会话时，将在被访问的计算机上生成此事件。\r\n\r\n“使用者”字段指示本地系统上请求登录的帐户。这通常是一个服务(例如 Server 服务)或本地进程(例如 Winlogon.exe 或 Services.exe)。\r\n\r\n“登录类型”字段指示发生的登录类型。最常见的类型是 2 (交互式)和 3 (网络)。\r\n\r\n“新登录”字段指示新登录是为哪个帐户创建的，即已登录的帐户。\r\n\r\n“网络”字段指示远程登录请求源自哪里。“工作站名称”并非始终可用，并且在某些情况下可能会留空。\r\n\r\n“模拟级别”字段指示登录会话中的进程可以模拟到的程度。\r\n\r\n“身份验证信息”字段提供有关此特定登录请求的详细信息。\r\n\t- “登录 GUID”是可用于将此事件与 KDC 事件关联起来的唯一标识符。\r\n\t-“传递的服务”指示哪些中间服务参与了此登录请求。\r\n\t-“数据包名”指示在 NTLM 协议中使用了哪些子协议。\r\n\t-“密钥长度”指示生成的会话密钥的长度。如果没有请求会话密钥，则此字段将为 0。", "EventTime": "2024-08-05T12:30:53.7525548Z", "Level": "0", "Opcode": "0", "Version": "2", "Guid": "{54849625-5478-4994-a5ba-3e3b0328c30d}", "Name": "Microsoft-Windows-Security-Auditing", "Hostname": "dc-1.luchengyu.com", "EventID": "4624", "Channel": "Security", "Task": "12544", "ActivityID": "{3de5e27c-e30e-0016-7de2-e53d0ee3da01}", "ThreadID": "8044", "ProcessID": "180", "Keywords": "0x8020000000000000", "EventRecordID": "994162"}
{"TargetUserName": "DC-1$", "TargetLogonId": "0x10984d8b", "TargetDomainName": "LUCHENGYU", "LogonType": "3", "SubjectUserSid": "S-1-5-18", "Message": "已注销帐户。\r\n\r\n使用者:\r\n\t安全 ID:\t\tS-1-5-18\r\n\t帐户名:\t\tDC-1$\r\n\t帐户域:\t\tLUCHENGYU\r\n\t登录 ID:\t\t0x10984D8B\r\n\r\n登录类型:\t\t\t3\r\n\r\n在登录会话被破坏时生成此事件。可以使用登录 ID 值将它和一个登录事件准确关联起来。在同一台计算机上重新启动的区间中，登录 ID 是唯一的。", "EventTime": "2024-08-05T12:30:42.5256184Z", "Level": "0", "Opcode": "0", "Version": "0", "Guid": "{54849625-5478-4994-a5ba-3e3b0328c30d}", "Name": "Microsoft-Windows-Security-Auditing", "Hostname": "dc-1.luchengyu.com", "EventID": "4634", "Channel": "Security", "Task": "12545", "ThreadID": "13480", "ProcessID": "180", "Keywords": "0x8020000000000000", "EventRecordID": "994161"}
{"KeyLength": "0", "SubjectUserSid": "S-1-5-18", "TargetLogonId": "0x10984d8b", "AuthenticationPackageName": "Kerberos", "TargetOutboundUserName": "-", "ImpersonationLevel": "%%1833", "LogonProcessName": "Kerberos", "TargetDomainName": "LUCHENGYU.COM", "IpPort": "54676", "LmPackageName": "-", "IpAddress": "::1", "SubjectDomainName": "-", "ProcessName": "-", "TransmittedServices": "-", "ProcessId": "0x0", "SubjectUserName": "-", "TargetOutboundDomainName": "-", "TargetUserName": "DC-1$", "RestrictedAdminMode": "-", "ProviderGuid": "{5de59f25-99b2-29ef-8ffd-a5a5d1df48c3}", "LogonType": "3", "TargetLinkedLogonId": "0x0", "VirtualAccount": "%%1843", "TokenElevationType": "%%1842", "WorkstationName": "-", "Message": "已成功登录帐户。\r\n\r\n使用者:\r\n\t安全 ID:\t\tS-1-0-0\r\n\t帐户名称:\t\t-\r\n\t帐户域:\t\t-\r\n\t登录 ID:\t\t0x0\r\n\r\n登录信息:\r\n\t登录类型:\t\t3\r\n\t受限制的管理员模式:\t-\r\n\t虚拟帐户:\t\t否\r\n\t提升的令牌:\t\t是\r\n\r\n模拟级别:\t\t模拟\r\n\r\n新登录:\r\n\t安全 ID:\t\tS-1-5-18\r\n\t帐户名称:\t\tDC-1$\r\n\t帐户域:\t\tLUCHENGYU.COM\r\n\t登录 ID:\t\t0x10984D8B\r\n\t链接的登录 ID:\t\t0x0\r\n\t网络帐户名称:\t-\r\n\t网络帐户域:\t-\r\n\t登录 GUID:\t\t{5de59f25-99b2-29ef-8ffd-a5a5d1df48c3}\r\n\r\n进程信息:\r\n\t进程 ID:\t\t0x0\r\n\t进程名称:\t\t-\r\n\r\n网络信息:\r\n\t工作站名称:\t-\r\n\t源网络地址:\t::1\r\n\t源端口:\t\t54676\r\n\r\n详细的身份验证信息:\r\n\t登录进程:\t\tKerberos\r\n\t身份验证数据包:\tKerberos\r\n\t传递的服务:\t-\r\n\t数据包名(仅限 NTLM):\t-\r\n\t密钥长度:\t\t0\r\n\r\n创建登录会话时，将在被访问的计算机上生成此事件。\r\n\r\n“使用者”字段指示本地系统上请求登录的帐户。这通常是一个服务(例如 Server 服务)或本地进程(例如 Winlogon.exe 或 Services.exe)。\r\n\r\n“登录类型”字段指示发生的登录类型。最常见的类型是 2 (交互式)和 3 (网络)。\r\n\r\n“新登录”字段指示新登录是为哪个帐户创建的，即已登录的帐户。\r\n\r\n“网络”字段指示远程登录请求源自哪里。“工作站名称”并非始终可用，并且在某些情况下可能会留空。\r\n\r\n“模拟级别”字段指示登录会话中的进程可以模拟到的程度。\r\n\r\n“身份验证信息”字段提供有关此特定登录请求的详细信息。\r\n\t- “登录 GUID”是可用于将此事件与 KDC 事件关联起来的唯一标识符。\r\n\t-“传递的服务”指示哪些中间服务参与了此登录请求。\r\n\t-“数据包名”指示在 NTLM 协议中使用了哪些子协议。\r\n\t-“密钥长度”指示生成的会话密钥的长度。如果没有请求会话密钥，则此字段将为 0。", "EventTime": "2024-08-05T12:30:42.5244248Z", "Level": "0", "Opcode": "0", "Version": "2", "Guid": "{54849625-5478-4994-a5ba-3e3b0328c30d}", "Name": "Microsoft-Windows-Security-Auditing", "Hostname": "dc-1.luchengyu.com", "EventID": "4624", "Channel": "Security", "Task": "12544", "ThreadID": "7308", "ProcessID": "180", "Keywords": "0x8020000000000000", "EventRecordID": "994160"}
{"SubjectUserSid": "S-1-5-18", "PrivilegeList": "SeSecurityPrivilege\n\t\t\tSeBackupPrivilege\n\t\t\tSeRestorePrivilege\n\t\t\tSeTakeOwnershipPrivilege\n\t\t\tSeDebugPrivilege\n\t\t\tSeSystemEnvironmentPrivilege\n\t\t\tSeLoadDriverPrivilege\n\t\t\tSeImpersonatePrivilege\n\t\t\tSeDelegateSessionUserImpersonatePrivilege\n\t\t\tSeEnableDelegationPrivilege", "TargetLogonId": "0x10984d8b", "SubjectDomainName": "LUCHENGYU", "SubjectUserName": "DC-1$", "Message": "为新登录分配了特殊权限。\r\n\r\n使用者:\r\n\t安全 ID:\t\tS-1-5-18\r\n\t帐户名:\t\tDC-1$\r\n\t帐户域:\t\tLUCHENGYU\r\n\t登录 ID:\t\t0x10984D8B\r\n\r\n特权:\t\tSeSecurityPrivilege\r\n\t\t\tSeBackupPrivilege\r\n\t\t\tSeRestorePrivilege\r\n\t\t\tSeTakeOwnershipPrivilege\r\n\t\t\tSeDebugPrivilege\r\n\t\t\tSeSystemEnvironmentPrivilege\r\n\t\t\tSeLoadDriverPrivilege\r\n\t\t\tSeImpersonatePrivilege\r\n\t\t\tSeDelegateSessionUserImpersonatePrivilege\r\n\t\t\tSeEnableDelegationPrivilege", "EventTime": "2024-08-05T12:30:42.5242838Z", "Level": "0", "Opcode": "0", "Version": "0", "Guid": "{54849625-5478-4994-a5ba-3e3b0328c30d}", "Name": "Microsoft-Windows-Security-Auditing", "Hostname": "dc-1.luchengyu.com", "EventID": "4672", "Channel": "Security", "Task": "12548", "ThreadID": "7308", "ProcessID": "180", "Keywords": "0x8020000000000000", "EventRecordID": "994159"}
{"KeyLength": "0", "SubjectUserSid": "S-1-5-21-3300233152-2697801032-3383171842-1116", "TargetLogonId": "0x1097f854", "AuthenticationPackageName": "Kerberos", "TargetOutboundUserName": "-", "ImpersonationLevel": "%%1833", "LogonProcessName": "Kerberos", "TargetDomainName": "LUCHENGYU.COM", "IpPort": "64990", "LmPackageName": "-", "IpAddress": "192.168.30.236", "SubjectDomainName": "-", "ProcessName": "-", "TransmittedServices": "-", "ProcessId": "0x0", "SubjectUserName": "-", "TargetOutboundDomainName": "-", "TargetUserName": "ADIL_TEST$", "RestrictedAdminMode": "-", "ProviderGuid": "{aa7a926d-75fe-b028-7d1b-443d61b9db58}", "LogonType": "3", "TargetLinkedLogonId": "0x0", "VirtualAccount": "%%1843", "TokenElevationType": "%%1842", "WorkstationName": "-", "Message": "已成功登录帐户。\r\n\r\n使用者:\r\n\t安全 ID:\t\tS-1-0-0\r\n\t帐户名称:\t\t-\r\n\t帐户域:\t\t-\r\n\t登录 ID:\t\t0x0\r\n\r\n登录信息:\r\n\t登录类型:\t\t3\r\n\t受限制的管理员模式:\t-\r\n\t虚拟帐户:\t\t否\r\n\t提升的令牌:\t\t是\r\n\r\n模拟级别:\t\t模拟\r\n\r\n新登录:\r\n\t安全 ID:\t\tS-1-5-21-3300233152-2697801032-3383171842-1116\r\n\t帐户名称:\t\tADIL_TEST$\r\n\t帐户域:\t\tLUCHENGYU.COM\r\n\t登录 ID:\t\t0x1097F854\r\n\t链接的登录 ID:\t\t0x0\r\n\t网络帐户名称:\t-\r\n\t网络帐户域:\t-\r\n\t登录 GUID:\t\t{aa7a926d-75fe-b028-7d1b-443d61b9db58}\r\n\r\n进程信息:\r\n\t进程 ID:\t\t0x0\r\n\t进程名称:\t\t-\r\n\r\n网络信息:\r\n\t工作站名称:\t-\r\n\t源网络地址:\t192.168.30.236\r\n\t源端口:\t\t64990\r\n\r\n详细的身份验证信息:\r\n\t登录进程:\t\tKerberos\r\n\t身份验证数据包:\tKerberos\r\n\t传递的服务:\t-\r\n\t数据包名(仅限 NTLM):\t-\r\n\t密钥长度:\t\t0\r\n\r\n创建登录会话时，将在被访问的计算机上生成此事件。\r\n\r\n“使用者”字段指示本地系统上请求登录的帐户。这通常是一个服务(例如 Server 服务)或本地进程(例如 Winlogon.exe 或 Services.exe)。\r\n\r\n“登录类型”字段指示发生的登录类型。最常见的类型是 2 (交互式)和 3 (网络)。\r\n\r\n“新登录”字段指示新登录是为哪个帐户创建的，即已登录的帐户。\r\n\r\n“网络”字段指示远程登录请求源自哪里。“工作站名称”并非始终可用，并且在某些情况下可能会留空。\r\n\r\n“模拟级别”字段指示登录会话中的进程可以模拟到的程度。\r\n\r\n“身份验证信息”字段提供有关此特定登录请求的详细信息。\r\n\t- “登录 GUID”是可用于将此事件与 KDC 事件关联起来的唯一标识符。\r\n\t-“传递的服务”指示哪些中间服务参与了此登录请求。\r\n\t-“数据包名”指示在 NTLM 协议中使用了哪些子协议。\r\n\t-“密钥长度”指示生成的会话密钥的长度。如果没有请求会话密钥，则此字段将为 0。", "EventTime": "2024-08-05T12:30:01.7310788Z", "Level": "0", "Opcode": "0", "Version": "2", "Guid": "{54849625-5478-4994-a5ba-3e3b0328c30d}", "Name": "Microsoft-Windows-Security-Auditing", "Hostname": "dc-1.luchengyu.com", "EventID": "4624", "Channel": "Security", "Task": "12544", "ThreadID": "4656", "ProcessID": "180", "Keywords": "0x8020000000000000", "EventRecordID": "994158"}
{"TargetUserName": "DC-1$", "TargetLogonId": "0x10977a4a", "TargetDomainName": "LUCHENGYU", "LogonType": "3", "SubjectUserSid": "S-1-5-18", "Message": "已注销帐户。\r\n\r\n使用者:\r\n\t安全 ID:\t\tS-1-5-18\r\n\t帐户名:\t\tDC-1$\r\n\t帐户域:\t\tLUCHENGYU\r\n\t登录 ID:\t\t0x10977A4A\r\n\r\n登录类型:\t\t\t3\r\n\r\n在登录会话被破坏时生成此事件。可以使用登录 ID 值将它和一个登录事件准确关联起来。在同一台计算机上重新启动的区间中，登录 ID 是唯一的。", "EventTime": "2024-08-05T12:29:42.5249025Z", "Level": "0", "Opcode": "0", "Version": "0", "Guid": "{54849625-5478-4994-a5ba-3e3b0328c30d}", "Name": "Microsoft-Windows-Security-Auditing", "Hostname": "dc-1.luchengyu.com", "EventID": "4634", "Channel": "Security", "Task": "12545", "ThreadID": "12656", "ProcessID": "180", "Keywords": "0x8020000000000000", "EventRecordID": "994157"}
{"KeyLength": "0", "SubjectUserSid": "S-1-5-18", "TargetLogonId": "0x10977a4a", "AuthenticationPackageName": "Kerberos", "TargetOutboundUserName": "-", "ImpersonationLevel": "%%1833", "LogonProcessName": "Kerberos", "TargetDomainName": "LUCHENGYU.COM", "IpPort": "54668", "LmPackageName": "-", "IpAddress": "::1", "SubjectDomainName": "-", "ProcessName": "-", "TransmittedServices": "-", "ProcessId": "0x0", "SubjectUserName": "-", "TargetOutboundDomainName": "-", "TargetUserName": "DC-1$", "RestrictedAdminMode": "-", "ProviderGuid": "{5de59f25-99b2-29ef-8ffd-a5a5d1df48c3}", "LogonType": "3", "TargetLinkedLogonId": "0x0", "VirtualAccount": "%%1843", "TokenElevationType": "%%1842", "WorkstationName": "-", "Message": "已成功登录帐户。\r\n\r\n使用者:\r\n\t安全 ID:\t\tS-1-0-0\r\n\t帐户名称:\t\t-\r\n\t帐户域:\t\t-\r\n\t登录 ID:\t\t0x0\r\n\r\n登录信息:\r\n\t登录类型:\t\t3\r\n\t受限制的管理员模式:\t-\r\n\t虚拟帐户:\t\t否\r\n\t提升的令牌:\t\t是\r\n\r\n模拟级别:\t\t模拟\r\n\r\n新登录:\r\n\t安全 ID:\t\tS-1-5-18\r\n\t帐户名称:\t\tDC-1$\r\n\t帐户域:\t\tLUCHENGYU.COM\r\n\t登录 ID:\t\t0x10977A4A\r\n\t链接的登录 ID:\t\t0x0\r\n\t网络帐户名称:\t-\r\n\t网络帐户域:\t-\r\n\t登录 GUID:\t\t{5de59f25-99b2-29ef-8ffd-a5a5d1df48c3}\r\n\r\n进程信息:\r\n\t进程 ID:\t\t0x0\r\n\t进程名称:\t\t-\r\n\r\n网络信息:\r\n\t工作站名称:\t-\r\n\t源网络地址:\t::1\r\n\t源端口:\t\t54668\r\n\r\n详细的身份验证信息:\r\n\t登录进程:\t\tKerberos\r\n\t身份验证数据包:\tKerberos\r\n\t传递的服务:\t-\r\n\t数据包名(仅限 NTLM):\t-\r\n\t密钥长度:\t\t0\r\n\r\n创建登录会话时，将在被访问的计算机上生成此事件。\r\n\r\n“使用者”字段指示本地系统上请求登录的帐户。这通常是一个服务(例如 Server 服务)或本地进程(例如 Winlogon.exe 或 Services.exe)。\r\n\r\n“登录类型”字段指示发生的登录类型。最常见的类型是 2 (交互式)和 3 (网络)。\r\n\r\n“新登录”字段指示新登录是为哪个帐户创建的，即已登录的帐户。\r\n\r\n“网络”字段指示远程登录请求源自哪里。“工作站名称”并非始终可用，并且在某些情况下可能会留空。\r\n\r\n“模拟级别”字段指示登录会话中的进程可以模拟到的程度。\r\n\r\n“身份验证信息”字段提供有关此特定登录请求的详细信息。\r\n\t- “登录 GUID”是可用于将此事件与 KDC 事件关联起来的唯一标识符。\r\n\t-“传递的服务”指示哪些中间服务参与了此登录请求。\r\n\t-“数据包名”指示在 NTLM 协议中使用了哪些子协议。\r\n\t-“密钥长度”指示生成的会话密钥的长度。如果没有请求会话密钥，则此字段将为 0。", "EventTime": "2024-08-05T12:29:42.5237947Z", "Level": "0", "Opcode": "0", "Version": "2", "Guid": "{54849625-5478-4994-a5ba-3e3b0328c30d}", "Name": "Microsoft-Windows-Security-Auditing", "Hostname": "dc-1.luchengyu.com", "EventID": "4624", "Channel": "Security", "Task": "12544", "ThreadID": "4656", "ProcessID": "180", "Keywords": "0x8020000000000000", "EventRecordID": "994156"}
{"SubjectUserSid": "S-1-5-18", "PrivilegeList": "SeSecurityPrivilege\n\t\t\tSeBackupPrivilege\n\t\t\tSeRestorePrivilege\n\t\t\tSeTakeOwnershipPrivilege\n\t\t\tSeDebugPrivilege\n\t\t\tSeSystemEnvironmentPrivilege\n\t\t\tSeLoadDriverPrivilege\n\t\t\tSeImpersonatePrivilege\n\t\t\tSeDelegateSessionUserImpersonatePrivilege\n\t\t\tSeEnableDelegationPrivilege", "TargetLogonId": "0x10977a4a", "SubjectDomainName": "LUCHENGYU", "SubjectUserName": "DC-1$", "Message": "为新登录分配了特殊权限。\r\n\r\n使用者:\r\n\t安全 ID:\t\tS-1-5-18\r\n\t帐户名:\t\tDC-1$\r\n\t帐户域:\t\tLUCHENGYU\r\n\t登录 ID:\t\t0x10977A4A\r\n\r\n特权:\t\tSeSecurityPrivilege\r\n\t\t\tSeBackupPrivilege\r\n\t\t\tSeRestorePrivilege\r\n\t\t\tSeTakeOwnershipPrivilege\r\n\t\t\tSeDebugPrivilege\r\n\t\t\tSeSystemEnvironmentPrivilege\r\n\t\t\tSeLoadDriverPrivilege\r\n\t\t\tSeImpersonatePrivilege\r\n\t\t\tSeDelegateSessionUserImpersonatePrivilege\r\n\t\t\tSeEnableDelegationPrivilege", "EventTime": "2024-08-05T12:29:42.5236764Z", "Level": "0", "Opcode": "0", "Version": "0", "Guid": "{54849625-5478-4994-a5ba-3e3b0328c30d}", "Name": "Microsoft-Windows-Security-Auditing", "Hostname": "dc-1.luchengyu.com", "EventID": "4672", "Channel": "Security", "Task": "12548", "ThreadID": "4656", "ProcessID": "180", "Keywords": "0x8020000000000000", "EventRecordID": "994155"}
{"SubjectUserSid": "S-1-5-18", "PrivilegeList": "SeAssignPrimaryTokenPrivilege\n\t\t\tSeTcbPrivilege\n\t\t\tSeSecurityPrivilege\n\t\t\tSeTakeOwnershipPrivilege\n\t\t\tSeLoadDriverPrivilege\n\t\t\tSeBackupPrivilege\n\t\t\tSeRestorePrivilege\n\t\t\tSeDebugPrivilege\n\t\t\tSeAuditPrivilege\n\t\t\tSeSystemEnvironmentPrivilege\n\t\t\tSeImpersonatePrivilege\n\t\t\tSeDelegateSessionUserImpersonatePrivilege", "TargetLogonId": "0x3e7", "SubjectDomainName": "NT AUTHORITY", "SubjectUserName": "SYSTEM", "Message": "为新登录分配了特殊权限。\r\n\r\n使用者:\r\n\t安全 ID:\t\tS-1-5-18\r\n\t帐户名:\t\tSYSTEM\r\n\t帐户域:\t\tNT AUTHORITY\r\n\t登录 ID:\t\t0x3E7\r\n\r\n特权:\t\tSeAssignPrimaryTokenPrivilege\r\n\t\t\tSeTcbPrivilege\r\n\t\t\tSeSecurityPrivilege\r\n\t\t\tSeTakeOwnershipPrivilege\r\n\t\t\tSeLoadDriverPrivilege\r\n\t\t\tSeBackupPrivilege\r\n\t\t\tSeRestorePrivilege\r\n\t\t\tSeDebugPrivilege\r\n\t\t\tSeAuditPrivilege\r\n\t\t\tSeSystemEnvironmentPrivilege\r\n\t\t\tSeImpersonatePrivilege\r\n\t\t\tSeDelegateSessionUserImpersonatePrivilege", "EventTime": "2024-08-05T12:29:31.1600427Z", "Level": "0", "Opcode": "0", "Version": "0", "Guid": "{54849625-5478-4994-a5ba-3e3b0328c30d}", "Name": "Microsoft-Windows-Security-Auditing", "Hostname": "dc-1.luchengyu.com", "EventID": "4672", "Channel": "Security", "Task": "12548", "ActivityID": "{3de5e27c-e30e-0016-7de2-e53d0ee3da01}", "ThreadID": "12656", "ProcessID": "180", "Keywords": "0x8020000000000000", "EventRecordID": "994154"}
{"KeyLength": "0", "SubjectUserSid": "S-1-5-18", "TargetLogonId": "0x3e7", "AuthenticationPackageName": "Negotiate", "TargetOutboundUserName": "-", "ImpersonationLevel": "%%1833", "LogonProcessName": "Advapi  ", "TargetDomainName": "NT AUTHORITY", "IpPort": "-", "LmPackageName": "-", "IpAddress": "-", "SubjectDomainName": "LUCHENGYU", "ProcessName": "C:\\Windows\\System32\\services.exe", "TransmittedServices": "-", "ProcessId": "0xe8", "SubjectUserName": "DC-1$", "TargetOutboundDomainName": "-", "TargetUserName": "SYSTEM", "RestrictedAdminMode": "-", "ProviderGuid": "{00000000-0000-0000-0000-000000000000}", "LogonType": "5", "TargetLinkedLogonId": "0x0", "VirtualAccount": "%%1843", "TokenElevationType": "%%1842", "WorkstationName": "-", "Message": "已成功登录帐户。\r\n\r\n使用者:\r\n\t安全 ID:\t\tS-1-5-18\r\n\t帐户名称:\t\tDC-1$\r\n\t帐户域:\t\tLUCHENGYU\r\n\t登录 ID:\t\t0x3E7\r\n\r\n登录信息:\r\n\t登录类型:\t\t5\r\n\t受限制的管理员模式:\t-\r\n\t虚拟帐户:\t\t否\r\n\t提升的令牌:\t\t是\r\n\r\n模拟级别:\t\t模拟\r\n\r\n新登录:\r\n\t安全 ID:\t\tS-1-5-18\r\n\t帐户名称:\t\tSYSTEM\r\n\t帐户域:\t\tNT AUTHORITY\r\n\t登录 ID:\t\t0x3E7\r\n\t链接的登录 ID:\t\t0x0\r\n\t网络帐户名称:\t-\r\n\t网络帐户域:\t-\r\n\t登录 GUID:\t\t{00000000-0000-0000-0000-000000000000}\r\n\r\n进程信息:\r\n\t进程 ID:\t\t0xe8\r\n\t进程名称:\t\tC:\\Windows\\System32\\services.exe\r\n\r\n网络信息:\r\n\t工作站名称:\t-\r\n\t源网络地址:\t-\r\n\t源端口:\t\t-\r\n\r\n详细的身份验证信息:\r\n\t登录进程:\t\tAdvapi  \r\n\t身份验证数据包:\tNegotiate\r\n\t传递的服务:\t-\r\n\t数据包名(仅限 NTLM):\t-\r\n\t密钥长度:\t\t0\r\n\r\n创建登录会话时，将在被访问的计算机上生成此事件。\r\n\r\n“使用者”字段指示本地系统上请求登录的帐户。这通常是一个服务(例如 Server 服务)或本地进程(例如 Winlogon.exe 或 Services.exe)。\r\n\r\n“登录类型”字段指示发生的登录类型。最常见的类型是 2 (交互式)和 3 (网络)。\r\n\r\n“新登录”字段指示新登录是为哪个帐户创建的，即已登录的帐户。\r\n\r\n“网络”字段指示远程登录请求源自哪里。“工作站名称”并非始终可用，并且在某些情况下可能会留空。\r\n\r\n“模拟级别”字段指示登录会话中的进程可以模拟到的程度。\r\n\r\n“身份验证信息”字段提供有关此特定登录请求的详细信息。\r\n\t- “登录 GUID”是可用于将此事件与 KDC 事件关联起来的唯一标识符。\r\n\t-“传递的服务”指示哪些中间服务参与了此登录请求。\r\n\t-“数据包名”指示在 NTLM 协议中使用了哪些子协议。\r\n\t-“密钥长度”指示生成的会话密钥的长度。如果没有请求会话密钥，则此字段将为 0。", "EventTime": "2024-08-05T12:29:31.1600309Z", "Level": "0", "Opcode": "0", "Version": "2", "Guid": "{54849625-5478-4994-a5ba-3e3b0328c30d}", "Name": "Microsoft-Windows-Security-Auditing", "Hostname": "dc-1.luchengyu.com", "EventID": "4624", "Channel": "Security", "Task": "12544", "ActivityID": "{3de5e27c-e30e-0016-7de2-e53d0ee3da01}", "ThreadID": "12656", "ProcessID": "180", "Keywords": "0x8020000000000000", "EventRecordID": "994153"}
{"TargetUserName": "DC-1$", "TargetLogonId": "0x1096d264", "TargetDomainName": "LUCHENGYU", "LogonType": "3", "SubjectUserSid": "S-1-5-18", "Message": "已注销帐户。\r\n\r\n使用者:\r\n\t安全 ID:\t\tS-1-5-18\r\n\t帐户名:\t\tDC-1$\r\n\t帐户域:\t\tLUCHENGYU\r\n\t登录 ID:\t\t0x1096D264\r\n\r\n登录类型:\t\t\t3\r\n\r\n在登录会话被破坏时生成此事件。可以使用登录 ID 值将它和一个登录事件准确关联起来。在同一台计算机上重新启动的区间中，登录 ID 是唯一的。", "EventTime": "2024-08-05T12:28:42.5243296Z", "Level": "0", "Opcode": "0", "Version": "0", "Guid": "{54849625-5478-4994-a5ba-3e3b0328c30d}", "Name": "Microsoft-Windows-Security-Auditing", "Hostname": "dc-1.luchengyu.com", "EventID": "4634", "Channel": "Security", "Task": "12545", "ThreadID": "8044", "ProcessID": "180", "Keywords": "0x8020000000000000", "EventRecordID": "994152"}
