{"KeyLength": "0", "SubjectUserSid": "S-1-5-18", "TargetLogonId": "0x1096d264", "AuthenticationPackageName": "Kerberos", "TargetOutboundUserName": "-", "ImpersonationLevel": "%%1833", "LogonProcessName": "Kerberos", "TargetDomainName": "LUCHENGYU.COM", "IpPort": "54654", "LmPackageName": "-", "IpAddress": "::1", "SubjectDomainName": "-", "ProcessName": "-", "TransmittedServices": "-", "ProcessId": "0x0", "SubjectUserName": "-", "TargetOutboundDomainName": "-", "TargetUserName": "DC-1$", "RestrictedAdminMode": "-", "ProviderGuid": "{5de59f25-99b2-29ef-8ffd-a5a5d1df48c3}", "LogonType": "3", "TargetLinkedLogonId": "0x0", "VirtualAccount": "%%1843", "TokenElevationType": "%%1842", "WorkstationName": "-", "Message": "已成功登录帐户。\r\n\r\n使用者:\r\n\t安全 ID:\t\tS-1-0-0\r\n\t帐户名称:\t\t-\r\n\t帐户域:\t\t-\r\n\t登录 ID:\t\t0x0\r\n\r\n登录信息:\r\n\t登录类型:\t\t3\r\n\t受限制的管理员模式:\t-\r\n\t虚拟帐户:\t\t否\r\n\t提升的令牌:\t\t是\r\n\r\n模拟级别:\t\t模拟\r\n\r\n新登录:\r\n\t安全 ID:\t\tS-1-5-18\r\n\t帐户名称:\t\tDC-1$\r\n\t帐户域:\t\tLUCHENGYU.COM\r\n\t登录 ID:\t\t0x1096D264\r\n\t链接的登录 ID:\t\t0x0\r\n\t网络帐户名称:\t-\r\n\t网络帐户域:\t-\r\n\t登录 GUID:\t\t{5de59f25-99b2-29ef-8ffd-a5a5d1df48c3}\r\n\r\n进程信息:\r\n\t进程 ID:\t\t0x0\r\n\t进程名称:\t\t-\r\n\r\n网络信息:\r\n\t工作站名称:\t-\r\n\t源网络地址:\t::1\r\n\t源端口:\t\t54654\r\n\r\n详细的身份验证信息:\r\n\t登录进程:\t\tKerberos\r\n\t身份验证数据包:\tKerberos\r\n\t传递的服务:\t-\r\n\t数据包名(仅限 NTLM):\t-\r\n\t密钥长度:\t\t0\r\n\r\n创建登录会话时，将在被访问的计算机上生成此事件。\r\n\r\n“使用者”字段指示本地系统上请求登录的帐户。这通常是一个服务(例如 Server 服务)或本地进程(例如 Winlogon.exe 或 Services.exe)。\r\n\r\n“登录类型”字段指示发生的登录类型。最常见的类型是 2 (交互式)和 3 (网络)。\r\n\r\n“新登录”字段指示新登录是为哪个帐户创建的，即已登录的帐户。\r\n\r\n“网络”字段指示远程登录请求源自哪里。“工作站名称”并非始终可用，并且在某些情况下可能会留空。\r\n\r\n“模拟级别”字段指示登录会话中的进程可以模拟到的程度。\r\n\r\n“身份验证信息”字段提供有关此特定登录请求的详细信息。\r\n\t- “登录 GUID”是可用于将此事件与 KDC 事件关联起来的唯一标识符。\r\n\t-“传递的服务”指示哪些中间服务参与了此登录请求。\r\n\t-“数据包名”指示在 NTLM 协议中使用了哪些子协议。\r\n\t-“密钥长度”指示生成的会话密钥的长度。如果没有请求会话密钥，则此字段将为 0。", "EventTime": "2024-08-05T12:28:42.5233202Z", "Level": "0", "Opcode": "0", "Version": "2", "Guid": "{54849625-5478-4994-a5ba-3e3b0328c30d}", "Name": "Microsoft-Windows-Security-Auditing", "Hostname": "dc-1.luchengyu.com", "EventID": "4624", "Channel": "Security", "Task": "12544", "ThreadID": "4656", "ProcessID": "180", "Keywords": "0x8020000000000000", "EventRecordID": "994151"}
{"SubjectUserSid": "S-1-5-18", "PrivilegeList": "SeSecurityPrivilege\n\t\t\tSeBackupPrivilege\n\t\t\tSeRestorePrivilege\n\t\t\tSeTakeOwnershipPrivilege\n\t\t\tSeDebugPrivilege\n\t\t\tSeSystemEnvironmentPrivilege\n\t\t\tSeLoadDriverPrivilege\n\t\t\tSeImpersonatePrivilege\n\t\t\tSeDelegateSessionUserImpersonatePrivilege\n\t\t\tSeEnableDelegationPrivilege", "TargetLogonId": "0x1096d264", "SubjectDomainName": "LUCHENGYU", "SubjectUserName": "DC-1$", "Message": "为新登录分配了特殊权限。\r\n\r\n使用者:\r\n\t安全 ID:\t\tS-1-5-18\r\n\t帐户名:\t\tDC-1$\r\n\t帐户域:\t\tLUCHENGYU\r\n\t登录 ID:\t\t0x1096D264\r\n\r\n特权:\t\tSeSecurityPrivilege\r\n\t\t\tSeBackupPrivilege\r\n\t\t\tSeRestorePrivilege\r\n\t\t\tSeTakeOwnershipPrivilege\r\n\t\t\tSeDebugPrivilege\r\n\t\t\tSeSystemEnvironmentPrivilege\r\n\t\t\tSeLoadDriverPrivilege\r\n\t\t\tSeImpersonatePrivilege\r\n\t\t\tSeDelegateSessionUserImpersonatePrivilege\r\n\t\t\tSeEnableDelegationPrivilege", "EventTime": "2024-08-05T12:28:42.5231883Z", "Level": "0", "Opcode": "0", "Version": "0", "Guid": "{54849625-5478-4994-a5ba-3e3b0328c30d}", "Name": "Microsoft-Windows-Security-Auditing", "Hostname": "dc-1.luchengyu.com", "EventID": "4672", "Channel": "Security", "Task": "12548", "ThreadID": "4656", "ProcessID": "180", "Keywords": "0x8020000000000000", "EventRecordID": "994150"}
{"TargetUserName": "DC-1$", "TargetLogonId": "0x10963990", "TargetDomainName": "LUCHENGYU", "LogonType": "3", "SubjectUserSid": "S-1-5-18", "Message": "已注销帐户。\r\n\r\n使用者:\r\n\t安全 ID:\t\tS-1-5-18\r\n\t帐户名:\t\tDC-1$\r\n\t帐户域:\t\tLUCHENGYU\r\n\t登录 ID:\t\t0x10963990\r\n\r\n登录类型:\t\t\t3\r\n\r\n在登录会话被破坏时生成此事件。可以使用登录 ID 值将它和一个登录事件准确关联起来。在同一台计算机上重新启动的区间中，登录 ID 是唯一的。", "EventTime": "2024-08-05T12:27:42.5103167Z", "Level": "0", "Opcode": "0", "Version": "0", "Guid": "{54849625-5478-4994-a5ba-3e3b0328c30d}", "Name": "Microsoft-Windows-Security-Auditing", "Hostname": "dc-1.luchengyu.com", "EventID": "4634", "Channel": "Security", "Task": "12545", "ThreadID": "8044", "ProcessID": "180", "Keywords": "0x8020000000000000", "EventRecordID": "994149"}
{"KeyLength": "0", "SubjectUserSid": "S-1-5-18", "TargetLogonId": "0x10963990", "AuthenticationPackageName": "Kerberos", "TargetOutboundUserName": "-", "ImpersonationLevel": "%%1833", "LogonProcessName": "Kerberos", "TargetDomainName": "LUCHENGYU.COM", "IpPort": "54646", "LmPackageName": "-", "IpAddress": "::1", "SubjectDomainName": "-", "ProcessName": "-", "TransmittedServices": "-", "ProcessId": "0x0", "SubjectUserName": "-", "TargetOutboundDomainName": "-", "TargetUserName": "DC-1$", "RestrictedAdminMode": "-", "ProviderGuid": "{5de59f25-99b2-29ef-8ffd-a5a5d1df48c3}", "LogonType": "3", "TargetLinkedLogonId": "0x0", "VirtualAccount": "%%1843", "TokenElevationType": "%%1842", "WorkstationName": "-", "Message": "已成功登录帐户。\r\n\r\n使用者:\r\n\t安全 ID:\t\tS-1-0-0\r\n\t帐户名称:\t\t-\r\n\t帐户域:\t\t-\r\n\t登录 ID:\t\t0x0\r\n\r\n登录信息:\r\n\t登录类型:\t\t3\r\n\t受限制的管理员模式:\t-\r\n\t虚拟帐户:\t\t否\r\n\t提升的令牌:\t\t是\r\n\r\n模拟级别:\t\t模拟\r\n\r\n新登录:\r\n\t安全 ID:\t\tS-1-5-18\r\n\t帐户名称:\t\tDC-1$\r\n\t帐户域:\t\tLUCHENGYU.COM\r\n\t登录 ID:\t\t0x10963990\r\n\t链接的登录 ID:\t\t0x0\r\n\t网络帐户名称:\t-\r\n\t网络帐户域:\t-\r\n\t登录 GUID:\t\t{5de59f25-99b2-29ef-8ffd-a5a5d1df48c3}\r\n\r\n进程信息:\r\n\t进程 ID:\t\t0x0\r\n\t进程名称:\t\t-\r\n\r\n网络信息:\r\n\t工作站名称:\t-\r\n\t源网络地址:\t::1\r\n\t源端口:\t\t54646\r\n\r\n详细的身份验证信息:\r\n\t登录进程:\t\tKerberos\r\n\t身份验证数据包:\tKerberos\r\n\t传递的服务:\t-\r\n\t数据包名(仅限 NTLM):\t-\r\n\t密钥长度:\t\t0\r\n\r\n创建登录会话时，将在被访问的计算机上生成此事件。\r\n\r\n“使用者”字段指示本地系统上请求登录的帐户。这通常是一个服务(例如 Server 服务)或本地进程(例如 Winlogon.exe 或 Services.exe)。\r\n\r\n“登录类型”字段指示发生的登录类型。最常见的类型是 2 (交互式)和 3 (网络)。\r\n\r\n“新登录”字段指示新登录是为哪个帐户创建的，即已登录的帐户。\r\n\r\n“网络”字段指示远程登录请求源自哪里。“工作站名称”并非始终可用，并且在某些情况下可能会留空。\r\n\r\n“模拟级别”字段指示登录会话中的进程可以模拟到的程度。\r\n\r\n“身份验证信息”字段提供有关此特定登录请求的详细信息。\r\n\t- “登录 GUID”是可用于将此事件与 KDC 事件关联起来的唯一标识符。\r\n\t-“传递的服务”指示哪些中间服务参与了此登录请求。\r\n\t-“数据包名”指示在 NTLM 协议中使用了哪些子协议。\r\n\t-“密钥长度”指示生成的会话密钥的长度。如果没有请求会话密钥，则此字段将为 0。", "EventTime": "2024-08-05T12:27:42.5092271Z", "Level": "0", "Opcode": "0", "Version": "2", "Guid": "{54849625-5478-4994-a5ba-3e3b0328c30d}", "Name": "Microsoft-Windows-Security-Auditing", "Hostname": "dc-1.luchengyu.com", "EventID": "4624", "Channel": "Security", "Task": "12544", "ThreadID": "4656", "ProcessID": "180", "Keywords": "0x8020000000000000", "EventRecordID": "994148"}
{"SubjectUserSid": "S-1-5-18", "PrivilegeList": "SeSecurityPrivilege\n\t\t\tSeBackupPrivilege\n\t\t\tSeRestorePrivilege\n\t\t\tSeTakeOwnershipPrivilege\n\t\t\tSeDebugPrivilege\n\t\t\tSeSystemEnvironmentPrivilege\n\t\t\tSeLoadDriverPrivilege\n\t\t\tSeImpersonatePrivilege\n\t\t\tSeDelegateSessionUserImpersonatePrivilege\n\t\t\tSeEnableDelegationPrivilege", "TargetLogonId": "0x10963990", "SubjectDomainName": "LUCHENGYU", "SubjectUserName": "DC-1$", "Message": "为新登录分配了特殊权限。\r\n\r\n使用者:\r\n\t安全 ID:\t\tS-1-5-18\r\n\t帐户名:\t\tDC-1$\r\n\t帐户域:\t\tLUCHENGYU\r\n\t登录 ID:\t\t0x10963990\r\n\r\n特权:\t\tSeSecurityPrivilege\r\n\t\t\tSeBackupPrivilege\r\n\t\t\tSeRestorePrivilege\r\n\t\t\tSeTakeOwnershipPrivilege\r\n\t\t\tSeDebugPrivilege\r\n\t\t\tSeSystemEnvironmentPrivilege\r\n\t\t\tSeLoadDriverPrivilege\r\n\t\t\tSeImpersonatePrivilege\r\n\t\t\tSeDelegateSessionUserImpersonatePrivilege\r\n\t\t\tSeEnableDelegationPrivilege", "EventTime": "2024-08-05T12:27:42.5091032Z", "Level": "0", "Opcode": "0", "Version": "0", "Guid": "{54849625-5478-4994-a5ba-3e3b0328c30d}", "Name": "Microsoft-Windows-Security-Auditing", "Hostname": "dc-1.luchengyu.com", "EventID": "4672", "Channel": "Security", "Task": "12548", "ThreadID": "4656", "ProcessID": "180", "Keywords": "0x8020000000000000", "EventRecordID": "994147"}
{"TargetUserName": "DC-1$", "TargetLogonId": "0x109638e2", "TargetDomainName": "LUCHENGYU", "LogonType": "3", "SubjectUserSid": "S-1-5-18", "Message": "已注销帐户。\r\n\r\n使用者:\r\n\t安全 ID:\t\tS-1-5-18\r\n\t帐户名:\t\tDC-1$\r\n\t帐户域:\t\tLUCHENGYU\r\n\t登录 ID:\t\t0x109638E2\r\n\r\n登录类型:\t\t\t3\r\n\r\n在登录会话被破坏时生成此事件。可以使用登录 ID 值将它和一个登录事件准确关联起来。在同一台计算机上重新启动的区间中，登录 ID 是唯一的。", "EventTime": "2024-08-05T12:27:41.7972927Z", "Level": "0", "Opcode": "0", "Version": "0", "Guid": "{54849625-5478-4994-a5ba-3e3b0328c30d}", "Name": "Microsoft-Windows-Security-Auditing", "Hostname": "dc-1.luchengyu.com", "EventID": "4634", "Channel": "Security", "Task": "12545", "ThreadID": "8044", "ProcessID": "180", "Keywords": "0x8020000000000000", "EventRecordID": "994146"}
{"KeyLength": "0", "SubjectUserSid": "S-1-5-18", "TargetLogonId": "0x109638e2", "AuthenticationPackageName": "Kerberos", "TargetOutboundUserName": "-", "ImpersonationLevel": "%%1833", "LogonProcessName": "Kerberos", "TargetDomainName": "LUCHENGYU.COM", "IpPort": "54645", "LmPackageName": "-", "IpAddress": "fe80::9b2b:6cad:1f5f:1c11", "SubjectDomainName": "-", "ProcessName": "-", "TransmittedServices": "-", "ProcessId": "0x0", "SubjectUserName": "-", "TargetOutboundDomainName": "-", "TargetUserName": "DC-1$", "RestrictedAdminMode": "-", "ProviderGuid": "{5de59f25-99b2-29ef-8ffd-a5a5d1df48c3}", "LogonType": "3", "TargetLinkedLogonId": "0x0", "VirtualAccount": "%%1843", "TokenElevationType": "%%1842", "WorkstationName": "-", "Message": "已成功登录帐户。\r\n\r\n使用者:\r\n\t安全 ID:\t\tS-1-0-0\r\n\t帐户名称:\t\t-\r\n\t帐户域:\t\t-\r\n\t登录 ID:\t\t0x0\r\n\r\n登录信息:\r\n\t登录类型:\t\t3\r\n\t受限制的管理员模式:\t-\r\n\t虚拟帐户:\t\t否\r\n\t提升的令牌:\t\t是\r\n\r\n模拟级别:\t\t模拟\r\n\r\n新登录:\r\n\t安全 ID:\t\tS-1-5-18\r\n\t帐户名称:\t\tDC-1$\r\n\t帐户域:\t\tLUCHENGYU.COM\r\n\t登录 ID:\t\t0x109638E2\r\n\t链接的登录 ID:\t\t0x0\r\n\t网络帐户名称:\t-\r\n\t网络帐户域:\t-\r\n\t登录 GUID:\t\t{5de59f25-99b2-29ef-8ffd-a5a5d1df48c3}\r\n\r\n进程信息:\r\n\t进程 ID:\t\t0x0\r\n\t进程名称:\t\t-\r\n\r\n网络信息:\r\n\t工作站名称:\t-\r\n\t源网络地址:\tfe80::9b2b:6cad:1f5f:1c11\r\n\t源端口:\t\t54645\r\n\r\n详细的身份验证信息:\r\n\t登录进程:\t\tKerberos\r\n\t身份验证数据包:\tKerberos\r\n\t传递的服务:\t-\r\n\t数据包名(仅限 NTLM):\t-\r\n\t密钥长度:\t\t0\r\n\r\n创建登录会话时，将在被访问的计算机上生成此事件。\r\n\r\n“使用者”字段指示本地系统上请求登录的帐户。这通常是一个服务(例如 Server 服务)或本地进程(例如 Winlogon.exe 或 Services.exe)。\r\n\r\n“登录类型”字段指示发生的登录类型。最常见的类型是 2 (交互式)和 3 (网络)。\r\n\r\n“新登录”字段指示新登录是为哪个帐户创建的，即已登录的帐户。\r\n\r\n“网络”字段指示远程登录请求源自哪里。“工作站名称”并非始终可用，并且在某些情况下可能会留空。\r\n\r\n“模拟级别”字段指示登录会话中的进程可以模拟到的程度。\r\n\r\n“身份验证信息”字段提供有关此特定登录请求的详细信息。\r\n\t- “登录 GUID”是可用于将此事件与 KDC 事件关联起来的唯一标识符。\r\n\t-“传递的服务”指示哪些中间服务参与了此登录请求。\r\n\t-“数据包名”指示在 NTLM 协议中使用了哪些子协议。\r\n\t-“密钥长度”指示生成的会话密钥的长度。如果没有请求会话密钥，则此字段将为 0。", "EventTime": "2024-08-05T12:27:41.7918184Z", "Level": "0", "Opcode": "0", "Version": "2", "Guid": "{54849625-5478-4994-a5ba-3e3b0328c30d}", "Name": "Microsoft-Windows-Security-Auditing", "Hostname": "dc-1.luchengyu.com", "EventID": "4624", "Channel": "Security", "Task": "12544", "ThreadID": "4656", "ProcessID": "180", "Keywords": "0x8020000000000000", "EventRecordID": "994145"}
{"SubjectUserSid": "S-1-5-18", "PrivilegeList": "SeSecurityPrivilege\n\t\t\tSeBackupPrivilege\n\t\t\tSeRestorePrivilege\n\t\t\tSeTakeOwnershipPrivilege\n\t\t\tSeDebugPrivilege\n\t\t\tSeSystemEnvironmentPrivilege\n\t\t\tSeLoadDriverPrivilege\n\t\t\tSeImpersonatePrivilege\n\t\t\tSeDelegateSessionUserImpersonatePrivilege\n\t\t\tSeEnableDelegationPrivilege", "TargetLogonId": "0x109638e2", "SubjectDomainName": "LUCHENGYU", "SubjectUserName": "DC-1$", "Message": "为新登录分配了特殊权限。\r\n\r\n使用者:\r\n\t安全 ID:\t\tS-1-5-18\r\n\t帐户名:\t\tDC-1$\r\n\t帐户域:\t\tLUCHENGYU\r\n\t登录 ID:\t\t0x109638E2\r\n\r\n特权:\t\tSeSecurityPrivilege\r\n\t\t\tSeBackupPrivilege\r\n\t\t\tSeRestorePrivilege\r\n\t\t\tSeTakeOwnershipPrivilege\r\n\t\t\tSeDebugPrivilege\r\n\t\t\tSeSystemEnvironmentPrivilege\r\n\t\t\tSeLoadDriverPrivilege\r\n\t\t\tSeImpersonatePrivilege\r\n\t\t\tSeDelegateSessionUserImpersonatePrivilege\r\n\t\t\tSeEnableDelegationPrivilege", "EventTime": "2024-08-05T12:27:41.7917084Z", "Level": "0", "Opcode": "0", "Version": "0", "Guid": "{54849625-5478-4994-a5ba-3e3b0328c30d}", "Name": "Microsoft-Windows-Security-Auditing", "Hostname": "dc-1.luchengyu.com", "EventID": "4672", "Channel": "Security", "Task": "12548", "ThreadID": "4656", "ProcessID": "180", "Keywords": "0x8020000000000000", "EventRecordID": "994144"}
{"TargetUserName": "DC-1$", "TargetLogonId": "0x10963861", "TargetDomainName": "LUCHENGYU", "LogonType": "3", "SubjectUserSid": "S-1-5-18", "Message": "已注销帐户。\r\n\r\n使用者:\r\n\t安全 ID:\t\tS-1-5-18\r\n\t帐户名:\t\tDC-1$\r\n\t帐户域:\t\tLUCHENGYU\r\n\t登录 ID:\t\t0x10963861\r\n\r\n登录类型:\t\t\t3\r\n\r\n在登录会话被破坏时生成此事件。可以使用登录 ID 值将它和一个登录事件准确关联起来。在同一台计算机上重新启动的区间中，登录 ID 是唯一的。", "EventTime": "2024-08-05T12:27:41.7894915Z", "Level": "0", "Opcode": "0", "Version": "0", "Guid": "{54849625-5478-4994-a5ba-3e3b0328c30d}", "Name": "Microsoft-Windows-Security-Auditing", "Hostname": "dc-1.luchengyu.com", "EventID": "4634", "Channel": "Security", "Task": "12545", "ThreadID": "8044", "ProcessID": "180", "Keywords": "0x8020000000000000", "EventRecordID": "994143"}
{"KeyLength": "0", "SubjectUserSid": "S-1-5-18", "TargetLogonId": "0x10963861", "AuthenticationPackageName": "Kerberos", "TargetOutboundUserName": "-", "ImpersonationLevel": "%%1833", "LogonProcessName": "Kerberos", "TargetDomainName": "LUCHENGYU.COM", "IpPort": "54644", "LmPackageName": "-", "IpAddress": "fe80::9b2b:6cad:1f5f:1c11", "SubjectDomainName": "-", "ProcessName": "-", "TransmittedServices": "-", "ProcessId": "0x0", "SubjectUserName": "-", "TargetOutboundDomainName": "-", "TargetUserName": "DC-1$", "RestrictedAdminMode": "-", "ProviderGuid": "{5de59f25-99b2-29ef-8ffd-a5a5d1df48c3}", "LogonType": "3", "TargetLinkedLogonId": "0x0", "VirtualAccount": "%%1843", "TokenElevationType": "%%1842", "WorkstationName": "-", "Message": "已成功登录帐户。\r\n\r\n使用者:\r\n\t安全 ID:\t\tS-1-0-0\r\n\t帐户名称:\t\t-\r\n\t帐户域:\t\t-\r\n\t登录 ID:\t\t0x0\r\n\r\n登录信息:\r\n\t登录类型:\t\t3\r\n\t受限制的管理员模式:\t-\r\n\t虚拟帐户:\t\t否\r\n\t提升的令牌:\t\t是\r\n\r\n模拟级别:\t\t模拟\r\n\r\n新登录:\r\n\t安全 ID:\t\tS-1-5-18\r\n\t帐户名称:\t\tDC-1$\r\n\t帐户域:\t\tLUCHENGYU.COM\r\n\t登录 ID:\t\t0x10963861\r\n\t链接的登录 ID:\t\t0x0\r\n\t网络帐户名称:\t-\r\n\t网络帐户域:\t-\r\n\t登录 GUID:\t\t{5de59f25-99b2-29ef-8ffd-a5a5d1df48c3}\r\n\r\n进程信息:\r\n\t进程 ID:\t\t0x0\r\n\t进程名称:\t\t-\r\n\r\n网络信息:\r\n\t工作站名称:\t-\r\n\t源网络地址:\tfe80::9b2b:6cad:1f5f:1c11\r\n\t源端口:\t\t54644\r\n\r\n详细的身份验证信息:\r\n\t登录进程:\t\tKerberos\r\n\t身份验证数据包:\tKerberos\r\n\t传递的服务:\t-\r\n\t数据包名(仅限 NTLM):\t-\r\n\t密钥长度:\t\t0\r\n\r\n创建登录会话时，将在被访问的计算机上生成此事件。\r\n\r\n“使用者”字段指示本地系统上请求登录的帐户。这通常是一个服务(例如 Server 服务)或本地进程(例如 Winlogon.exe 或 Services.exe)。\r\n\r\n“登录类型”字段指示发生的登录类型。最常见的类型是 2 (交互式)和 3 (网络)。\r\n\r\n“新登录”字段指示新登录是为哪个帐户创建的，即已登录的帐户。\r\n\r\n“网络”字段指示远程登录请求源自哪里。“工作站名称”并非始终可用，并且在某些情况下可能会留空。\r\n\r\n“模拟级别”字段指示登录会话中的进程可以模拟到的程度。\r\n\r\n“身份验证信息”字段提供有关此特定登录请求的详细信息。\r\n\t- “登录 GUID”是可用于将此事件与 KDC 事件关联起来的唯一标识符。\r\n\t-“传递的服务”指示哪些中间服务参与了此登录请求。\r\n\t-“数据包名”指示在 NTLM 协议中使用了哪些子协议。\r\n\t-“密钥长度”指示生成的会话密钥的长度。如果没有请求会话密钥，则此字段将为 0。", "EventTime": "2024-08-05T12:27:41.7844434Z", "Level": "0", "Opcode": "0", "Version": "2", "Guid": "{54849625-5478-4994-a5ba-3e3b0328c30d}", "Name": "Microsoft-Windows-Security-Auditing", "Hostname": "dc-1.luchengyu.com", "EventID": "4624", "Channel": "Security", "Task": "12544", "ThreadID": "4544", "ProcessID": "180", "Keywords": "0x8020000000000000", "EventRecordID": "994142"}
{"SubjectUserSid": "S-1-5-18", "PrivilegeList": "SeSecurityPrivilege\n\t\t\tSeBackupPrivilege\n\t\t\tSeRestorePrivilege\n\t\t\tSeTakeOwnershipPrivilege\n\t\t\tSeDebugPrivilege\n\t\t\tSeSystemEnvironmentPrivilege\n\t\t\tSeLoadDriverPrivilege\n\t\t\tSeImpersonatePrivilege\n\t\t\tSeDelegateSessionUserImpersonatePrivilege\n\t\t\tSeEnableDelegationPrivilege", "TargetLogonId": "0x10963861", "SubjectDomainName": "LUCHENGYU", "SubjectUserName": "DC-1$", "Message": "为新登录分配了特殊权限。\r\n\r\n使用者:\r\n\t安全 ID:\t\tS-1-5-18\r\n\t帐户名:\t\tDC-1$\r\n\t帐户域:\t\tLUCHENGYU\r\n\t登录 ID:\t\t0x10963861\r\n\r\n特权:\t\tSeSecurityPrivilege\r\n\t\t\tSeBackupPrivilege\r\n\t\t\tSeRestorePrivilege\r\n\t\t\tSeTakeOwnershipPrivilege\r\n\t\t\tSeDebugPrivilege\r\n\t\t\tSeSystemEnvironmentPrivilege\r\n\t\t\tSeLoadDriverPrivilege\r\n\t\t\tSeImpersonatePrivilege\r\n\t\t\tSeDelegateSessionUserImpersonatePrivilege\r\n\t\t\tSeEnableDelegationPrivilege", "EventTime": "2024-08-05T12:27:41.7843019Z", "Level": "0", "Opcode": "0", "Version": "0", "Guid": "{54849625-5478-4994-a5ba-3e3b0328c30d}", "Name": "Microsoft-Windows-Security-Auditing", "Hostname": "dc-1.luchengyu.com", "EventID": "4672", "Channel": "Security", "Task": "12548", "ThreadID": "4544", "ProcessID": "180", "Keywords": "0x8020000000000000", "EventRecordID": "994141"}
{"TargetUserName": "DC-1$", "TargetLogonId": "0x1095fc82", "TargetDomainName": "LUCHENGYU", "LogonType": "3", "SubjectUserSid": "S-1-5-18", "Message": "已注销帐户。\r\n\r\n使用者:\r\n\t安全 ID:\t\tS-1-5-18\r\n\t帐户名:\t\tDC-1$\r\n\t帐户域:\t\tLUCHENGYU\r\n\t登录 ID:\t\t0x1095FC82\r\n\r\n登录类型:\t\t\t3\r\n\r\n在登录会话被破坏时生成此事件。可以使用登录 ID 值将它和一个登录事件准确关联起来。在同一台计算机上重新启动的区间中，登录 ID 是唯一的。", "EventTime": "2024-08-05T12:27:35.5025812Z", "Level": "0", "Opcode": "0", "Version": "0", "Guid": "{54849625-5478-4994-a5ba-3e3b0328c30d}", "Name": "Microsoft-Windows-Security-Auditing", "Hostname": "dc-1.luchengyu.com", "EventID": "4634", "Channel": "Security", "Task": "12545", "ThreadID": "13632", "ProcessID": "180", "Keywords": "0x8020000000000000", "EventRecordID": "994140"}
{"TargetUserName": "DC-1$", "TargetLogonId": "0x1095fbfd", "TargetDomainName": "LUCHENGYU", "LogonType": "3", "SubjectUserSid": "S-1-5-18", "Message": "已注销帐户。\r\n\r\n使用者:\r\n\t安全 ID:\t\tS-1-5-18\r\n\t帐户名:\t\tDC-1$\r\n\t帐户域:\t\tLUCHENGYU\r\n\t登录 ID:\t\t0x1095FBFD\r\n\r\n登录类型:\t\t\t3\r\n\r\n在登录会话被破坏时生成此事件。可以使用登录 ID 值将它和一个登录事件准确关联起来。在同一台计算机上重新启动的区间中，登录 ID 是唯一的。", "EventTime": "2024-08-05T12:27:21.2546066Z", "Level": "0", "Opcode": "0", "Version": "0", "Guid": "{54849625-5478-4994-a5ba-3e3b0328c30d}", "Name": "Microsoft-Windows-Security-Auditing", "Hostname": "dc-1.luchengyu.com", "EventID": "4634", "Channel": "Security", "Task": "12545", "ThreadID": "12656", "ProcessID": "180", "Keywords": "0x8020000000000000", "EventRecordID": "994139"}
{"TargetUserName": "DC-1$", "TargetLogonId": "0x10960240", "TargetDomainName": "LUCHENGYU", "LogonType": "3", "SubjectUserSid": "S-1-5-18", "Message": "已注销帐户。\r\n\r\n使用者:\r\n\t安全 ID:\t\tS-1-5-18\r\n\t帐户名:\t\tDC-1$\r\n\t帐户域:\t\tLUCHENGYU\r\n\t登录 ID:\t\t0x10960240\r\n\r\n登录类型:\t\t\t3\r\n\r\n在登录会话被破坏时生成此事件。可以使用登录 ID 值将它和一个登录事件准确关联起来。在同一台计算机上重新启动的区间中，登录 ID 是唯一的。", "EventTime": "2024-08-05T12:27:19.0911190Z", "Level": "0", "Opcode": "0", "Version": "0", "Guid": "{54849625-5478-4994-a5ba-3e3b0328c30d}", "Name": "Microsoft-Windows-Security-Auditing", "Hostname": "dc-1.luchengyu.com", "EventID": "4634", "Channel": "Security", "Task": "12545", "ThreadID": "12656", "ProcessID": "180", "Keywords": "0x8020000000000000", "EventRecordID": "994138"}
{"KeyLength": "0", "SubjectUserSid": "S-1-5-18", "TargetLogonId": "0x10960240", "AuthenticationPackageName": "Kerberos", "TargetOutboundUserName": "-", "ImpersonationLevel": "%%1833", "LogonProcessName": "Kerberos", "TargetDomainName": "LUCHENGYU.COM", "IpPort": "54638", "LmPackageName": "-", "IpAddress": "fe80::9b2b:6cad:1f5f:1c11", "SubjectDomainName": "-", "ProcessName": "-", "TransmittedServices": "-", "ProcessId": "0x0", "SubjectUserName": "-", "TargetOutboundDomainName": "-", "TargetUserName": "DC-1$", "RestrictedAdminMode": "-", "ProviderGuid": "{5de59f25-99b2-29ef-8ffd-a5a5d1df48c3}", "LogonType": "3", "TargetLinkedLogonId": "0x0", "VirtualAccount": "%%1843", "TokenElevationType": "%%1842", "WorkstationName": "-", "Message": "已成功登录帐户。\r\n\r\n使用者:\r\n\t安全 ID:\t\tS-1-0-0\r\n\t帐户名称:\t\t-\r\n\t帐户域:\t\t-\r\n\t登录 ID:\t\t0x0\r\n\r\n登录信息:\r\n\t登录类型:\t\t3\r\n\t受限制的管理员模式:\t-\r\n\t虚拟帐户:\t\t否\r\n\t提升的令牌:\t\t是\r\n\r\n模拟级别:\t\t模拟\r\n\r\n新登录:\r\n\t安全 ID:\t\tS-1-5-18\r\n\t帐户名称:\t\tDC-1$\r\n\t帐户域:\t\tLUCHENGYU.COM\r\n\t登录 ID:\t\t0x10960240\r\n\t链接的登录 ID:\t\t0x0\r\n\t网络帐户名称:\t-\r\n\t网络帐户域:\t-\r\n\t登录 GUID:\t\t{5de59f25-99b2-29ef-8ffd-a5a5d1df48c3}\r\n\r\n进程信息:\r\n\t进程 ID:\t\t0x0\r\n\t进程名称:\t\t-\r\n\r\n网络信息:\r\n\t工作站名称:\t-\r\n\t源网络地址:\tfe80::9b2b:6cad:1f5f:1c11\r\n\t源端口:\t\t54638\r\n\r\n详细的身份验证信息:\r\n\t登录进程:\t\tKerberos\r\n\t身份验证数据包:\tKerberos\r\n\t传递的服务:\t-\r\n\t数据包名(仅限 NTLM):\t-\r\n\t密钥长度:\t\t0\r\n\r\n创建登录会话时，将在被访问的计算机上生成此事件。\r\n\r\n“使用者”字段指示本地系统上请求登录的帐户。这通常是一个服务(例如 Server 服务)或本地进程(例如 Winlogon.exe 或 Services.exe)。\r\n\r\n“登录类型”字段指示发生的登录类型。最常见的类型是 2 (交互式)和 3 (网络)。\r\n\r\n“新登录”字段指示新登录是为哪个帐户创建的，即已登录的帐户。\r\n\r\n“网络”字段指示远程登录请求源自哪里。“工作站名称”并非始终可用，并且在某些情况下可能会留空。\r\n\r\n“模拟级别”字段指示登录会话中的进程可以模拟到的程度。\r\n\r\n“身份验证信息”字段提供有关此特定登录请求的详细信息。\r\n\t- “登录 GUID”是可用于将此事件与 KDC 事件关联起来的唯一标识符。\r\n\t-“传递的服务”指示哪些中间服务参与了此登录请求。\r\n\t-“数据包名”指示在 NTLM 协议中使用了哪些子协议。\r\n\t-“密钥长度”指示生成的会话密钥的长度。如果没有请求会话密钥，则此字段将为 0。", "EventTime": "2024-08-05T12:27:19.0808117Z", "Level": "0", "Opcode": "0", "Version": "2", "Guid": "{54849625-5478-4994-a5ba-3e3b0328c30d}", "Name": "Microsoft-Windows-Security-Auditing", "Hostname": "dc-1.luchengyu.com", "EventID": "4624", "Channel": "Security", "Task": "12544", "ThreadID": "4544", "ProcessID": "180", "Keywords": "0x8020000000000000", "EventRecordID": "994137"}
{"SubjectUserSid": "S-1-5-18", "PrivilegeList": "SeSecurityPrivilege\n\t\t\tSeBackupPrivilege\n\t\t\tSeRestorePrivilege\n\t\t\tSeTakeOwnershipPrivilege\n\t\t\tSeDebugPrivilege\n\t\t\tSeSystemEnvironmentPrivilege\n\t\t\tSeLoadDriverPrivilege\n\t\t\tSeImpersonatePrivilege\n\t\t\tSeDelegateSessionUserImpersonatePrivilege\n\t\t\tSeEnableDelegationPrivilege", "TargetLogonId": "0x10960240", "SubjectDomainName": "LUCHENGYU", "SubjectUserName": "DC-1$", "Message": "为新登录分配了特殊权限。\r\n\r\n使用者:\r\n\t安全 ID:\t\tS-1-5-18\r\n\t帐户名:\t\tDC-1$\r\n\t帐户域:\t\tLUCHENGYU\r\n\t登录 ID:\t\t0x10960240\r\n\r\n特权:\t\tSeSecurityPrivilege\r\n\t\t\tSeBackupPrivilege\r\n\t\t\tSeRestorePrivilege\r\n\t\t\tSeTakeOwnershipPrivilege\r\n\t\t\tSeDebugPrivilege\r\n\t\t\tSeSystemEnvironmentPrivilege\r\n\t\t\tSeLoadDriverPrivilege\r\n\t\t\tSeImpersonatePrivilege\r\n\t\t\tSeDelegateSessionUserImpersonatePrivilege\r\n\t\t\tSeEnableDelegationPrivilege", "EventTime": "2024-08-05T12:27:19.0806859Z", "Level": "0", "Opcode": "0", "Version": "0", "Guid": "{54849625-5478-4994-a5ba-3e3b0328c30d}", "Name": "Microsoft-Windows-Security-Auditing", "Hostname": "dc-1.luchengyu.com", "EventID": "4672", "Channel": "Security", "Task": "12548", "ThreadID": "4544", "ProcessID": "180", "Keywords": "0x8020000000000000", "EventRecordID": "994136"}
{"TargetUserName": "DC-1$", "TargetLogonId": "0x109600bd", "TargetDomainName": "LUCHENGYU", "LogonType": "3", "SubjectUserSid": "S-1-5-18", "Message": "已注销帐户。\r\n\r\n使用者:\r\n\t安全 ID:\t\tS-1-5-18\r\n\t帐户名:\t\tDC-1$\r\n\t帐户域:\t\tLUCHENGYU\r\n\t登录 ID:\t\t0x109600BD\r\n\r\n登录类型:\t\t\t3\r\n\r\n在登录会话被破坏时生成此事件。可以使用登录 ID 值将它和一个登录事件准确关联起来。在同一台计算机上重新启动的区间中，登录 ID 是唯一的。", "EventTime": "2024-08-05T12:27:19.0776525Z", "Level": "0", "Opcode": "0", "Version": "0", "Guid": "{54849625-5478-4994-a5ba-3e3b0328c30d}", "Name": "Microsoft-Windows-Security-Auditing", "Hostname": "dc-1.luchengyu.com", "EventID": "4634", "Channel": "Security", "Task": "12545", "ThreadID": "12656", "ProcessID": "180", "Keywords": "0x8020000000000000", "EventRecordID": "994135"}
{"KeyLength": "0", "SubjectUserSid": "S-1-5-18", "TargetLogonId": "0x109600bd", "AuthenticationPackageName": "Kerberos", "TargetOutboundUserName": "-", "ImpersonationLevel": "%%1833", "LogonProcessName": "Kerberos", "TargetDomainName": "LUCHENGYU.COM", "IpPort": "54637", "LmPackageName": "-", "IpAddress": "fe80::9b2b:6cad:1f5f:1c11", "SubjectDomainName": "-", "ProcessName": "-", "TransmittedServices": "-", "ProcessId": "0x0", "SubjectUserName": "-", "TargetOutboundDomainName": "-", "TargetUserName": "DC-1$", "RestrictedAdminMode": "-", "ProviderGuid": "{5de59f25-99b2-29ef-8ffd-a5a5d1df48c3}", "LogonType": "3", "TargetLinkedLogonId": "0x0", "VirtualAccount": "%%1843", "TokenElevationType": "%%1842", "WorkstationName": "-", "Message": "已成功登录帐户。\r\n\r\n使用者:\r\n\t安全 ID:\t\tS-1-0-0\r\n\t帐户名称:\t\t-\r\n\t帐户域:\t\t-\r\n\t登录 ID:\t\t0x0\r\n\r\n登录信息:\r\n\t登录类型:\t\t3\r\n\t受限制的管理员模式:\t-\r\n\t虚拟帐户:\t\t否\r\n\t提升的令牌:\t\t是\r\n\r\n模拟级别:\t\t模拟\r\n\r\n新登录:\r\n\t安全 ID:\t\tS-1-5-18\r\n\t帐户名称:\t\tDC-1$\r\n\t帐户域:\t\tLUCHENGYU.COM\r\n\t登录 ID:\t\t0x109600BD\r\n\t链接的登录 ID:\t\t0x0\r\n\t网络帐户名称:\t-\r\n\t网络帐户域:\t-\r\n\t登录 GUID:\t\t{5de59f25-99b2-29ef-8ffd-a5a5d1df48c3}\r\n\r\n进程信息:\r\n\t进程 ID:\t\t0x0\r\n\t进程名称:\t\t-\r\n\r\n网络信息:\r\n\t工作站名称:\t-\r\n\t源网络地址:\tfe80::9b2b:6cad:1f5f:1c11\r\n\t源端口:\t\t54637\r\n\r\n详细的身份验证信息:\r\n\t登录进程:\t\tKerberos\r\n\t身份验证数据包:\tKerberos\r\n\t传递的服务:\t-\r\n\t数据包名(仅限 NTLM):\t-\r\n\t密钥长度:\t\t0\r\n\r\n创建登录会话时，将在被访问的计算机上生成此事件。\r\n\r\n“使用者”字段指示本地系统上请求登录的帐户。这通常是一个服务(例如 Server 服务)或本地进程(例如 Winlogon.exe 或 Services.exe)。\r\n\r\n“登录类型”字段指示发生的登录类型。最常见的类型是 2 (交互式)和 3 (网络)。\r\n\r\n“新登录”字段指示新登录是为哪个帐户创建的，即已登录的帐户。\r\n\r\n“网络”字段指示远程登录请求源自哪里。“工作站名称”并非始终可用，并且在某些情况下可能会留空。\r\n\r\n“模拟级别”字段指示登录会话中的进程可以模拟到的程度。\r\n\r\n“身份验证信息”字段提供有关此特定登录请求的详细信息。\r\n\t- “登录 GUID”是可用于将此事件与 KDC 事件关联起来的唯一标识符。\r\n\t-“传递的服务”指示哪些中间服务参与了此登录请求。\r\n\t-“数据包名”指示在 NTLM 协议中使用了哪些子协议。\r\n\t-“密钥长度”指示生成的会话密钥的长度。如果没有请求会话密钥，则此字段将为 0。", "EventTime": "2024-08-05T12:27:19.0669632Z", "Level": "0", "Opcode": "0", "Version": "2", "Guid": "{54849625-5478-4994-a5ba-3e3b0328c30d}", "Name": "Microsoft-Windows-Security-Auditing", "Hostname": "dc-1.luchengyu.com", "EventID": "4624", "Channel": "Security", "Task": "12544", "ThreadID": "4544", "ProcessID": "180", "Keywords": "0x8020000000000000", "EventRecordID": "994134"}
{"SubjectUserSid": "S-1-5-18", "PrivilegeList": "SeSecurityPrivilege\n\t\t\tSeBackupPrivilege\n\t\t\tSeRestorePrivilege\n\t\t\tSeTakeOwnershipPrivilege\n\t\t\tSeDebugPrivilege\n\t\t\tSeSystemEnvironmentPrivilege\n\t\t\tSeLoadDriverPrivilege\n\t\t\tSeImpersonatePrivilege\n\t\t\tSeDelegateSessionUserImpersonatePrivilege\n\t\t\tSeEnableDelegationPrivilege", "TargetLogonId": "0x109600bd", "SubjectDomainName": "LUCHENGYU", "SubjectUserName": "DC-1$", "Message": "为新登录分配了特殊权限。\r\n\r\n使用者:\r\n\t安全 ID:\t\tS-1-5-18\r\n\t帐户名:\t\tDC-1$\r\n\t帐户域:\t\tLUCHENGYU\r\n\t登录 ID:\t\t0x109600BD\r\n\r\n特权:\t\tSeSecurityPrivilege\r\n\t\t\tSeBackupPrivilege\r\n\t\t\tSeRestorePrivilege\r\n\t\t\tSeTakeOwnershipPrivilege\r\n\t\t\tSeDebugPrivilege\r\n\t\t\tSeSystemEnvironmentPrivilege\r\n\t\t\tSeLoadDriverPrivilege\r\n\t\t\tSeImpersonatePrivilege\r\n\t\t\tSeDelegateSessionUserImpersonatePrivilege\r\n\t\t\tSeEnableDelegationPrivilege", "EventTime": "2024-08-05T12:27:19.0667963Z", "Level": "0", "Opcode": "0", "Version": "0", "Guid": "{54849625-5478-4994-a5ba-3e3b0328c30d}", "Name": "Microsoft-Windows-Security-Auditing", "Hostname": "dc-1.luchengyu.com", "EventID": "4672", "Channel": "Security", "Task": "12548", "ThreadID": "4544", "ProcessID": "180", "Keywords": "0x8020000000000000", "EventRecordID": "994133"}
{"TargetUserName": "DC-1$", "TargetLogonId": "0x1095fd79", "TargetDomainName": "LUCHENGYU", "LogonType": "3", "SubjectUserSid": "S-1-5-18", "Message": "已注销帐户。\r\n\r\n使用者:\r\n\t安全 ID:\t\tS-1-5-18\r\n\t帐户名:\t\tDC-1$\r\n\t帐户域:\t\tLUCHENGYU\r\n\t登录 ID:\t\t0x1095FD79\r\n\r\n登录类型:\t\t\t3\r\n\r\n在登录会话被破坏时生成此事件。可以使用登录 ID 值将它和一个登录事件准确关联起来。在同一台计算机上重新启动的区间中，登录 ID 是唯一的。", "EventTime": "2024-08-05T12:27:19.0469348Z", "Level": "0", "Opcode": "0", "Version": "0", "Guid": "{54849625-5478-4994-a5ba-3e3b0328c30d}", "Name": "Microsoft-Windows-Security-Auditing", "Hostname": "dc-1.luchengyu.com", "EventID": "4634", "Channel": "Security", "Task": "12545", "ThreadID": "12656", "ProcessID": "180", "Keywords": "0x8020000000000000", "EventRecordID": "994132"}
{"TargetUserName": "DC-1$", "TargetLogonId": "0x1095fdc9", "TargetDomainName": "LUCHENGYU", "LogonType": "3", "SubjectUserSid": "S-1-5-18", "Message": "已注销帐户。\r\n\r\n使用者:\r\n\t安全 ID:\t\tS-1-5-18\r\n\t帐户名:\t\tDC-1$\r\n\t帐户域:\t\tLUCHENGYU\r\n\t登录 ID:\t\t0x1095FDC9\r\n\r\n登录类型:\t\t\t3\r\n\r\n在登录会话被破坏时生成此事件。可以使用登录 ID 值将它和一个登录事件准确关联起来。在同一台计算机上重新启动的区间中，登录 ID 是唯一的。", "EventTime": "2024-08-05T12:27:19.0469085Z", "Level": "0", "Opcode": "0", "Version": "0", "Guid": "{54849625-5478-4994-a5ba-3e3b0328c30d}", "Name": "Microsoft-Windows-Security-Auditing", "Hostname": "dc-1.luchengyu.com", "EventID": "4634", "Channel": "Security", "Task": "12545", "ThreadID": "13632", "ProcessID": "180", "Keywords": "0x8020000000000000", "EventRecordID": "994131"}
{"KeyLength": "0", "SubjectUserSid": "S-1-5-18", "TargetLogonId": "0x1095fdc9", "AuthenticationPackageName": "Kerberos", "TargetOutboundUserName": "-", "ImpersonationLevel": "%%1833", "LogonProcessName": "Kerberos", "TargetDomainName": "LUCHENGYU.COM", "IpPort": "54636", "LmPackageName": "-", "IpAddress": "192.168.30.2", "SubjectDomainName": "-", "ProcessName": "-", "TransmittedServices": "-", "ProcessId": "0x0", "SubjectUserName": "-", "TargetOutboundDomainName": "-", "TargetUserName": "DC-1$", "RestrictedAdminMode": "-", "ProviderGuid": "{0de1168c-d82f-9692-0dea-a1e85635c266}", "LogonType": "3", "TargetLinkedLogonId": "0x0", "VirtualAccount": "%%1843", "TokenElevationType": "%%1842", "WorkstationName": "-", "Message": "已成功登录帐户。\r\n\r\n使用者:\r\n\t安全 ID:\t\tS-1-0-0\r\n\t帐户名称:\t\t-\r\n\t帐户域:\t\t-\r\n\t登录 ID:\t\t0x0\r\n\r\n登录信息:\r\n\t登录类型:\t\t3\r\n\t受限制的管理员模式:\t-\r\n\t虚拟帐户:\t\t否\r\n\t提升的令牌:\t\t是\r\n\r\n模拟级别:\t\t模拟\r\n\r\n新登录:\r\n\t安全 ID:\t\tS-1-5-18\r\n\t帐户名称:\t\tDC-1$\r\n\t帐户域:\t\tLUCHENGYU.COM\r\n\t登录 ID:\t\t0x1095FDC9\r\n\t链接的登录 ID:\t\t0x0\r\n\t网络帐户名称:\t-\r\n\t网络帐户域:\t-\r\n\t登录 GUID:\t\t{0de1168c-d82f-9692-0dea-a1e85635c266}\r\n\r\n进程信息:\r\n\t进程 ID:\t\t0x0\r\n\t进程名称:\t\t-\r\n\r\n网络信息:\r\n\t工作站名称:\t-\r\n\t源网络地址:\t192.168.30.2\r\n\t源端口:\t\t54636\r\n\r\n详细的身份验证信息:\r\n\t登录进程:\t\tKerberos\r\n\t身份验证数据包:\tKerberos\r\n\t传递的服务:\t-\r\n\t数据包名(仅限 NTLM):\t-\r\n\t密钥长度:\t\t0\r\n\r\n创建登录会话时，将在被访问的计算机上生成此事件。\r\n\r\n“使用者”字段指示本地系统上请求登录的帐户。这通常是一个服务(例如 Server 服务)或本地进程(例如 Winlogon.exe 或 Services.exe)。\r\n\r\n“登录类型”字段指示发生的登录类型。最常见的类型是 2 (交互式)和 3 (网络)。\r\n\r\n“新登录”字段指示新登录是为哪个帐户创建的，即已登录的帐户。\r\n\r\n“网络”字段指示远程登录请求源自哪里。“工作站名称”并非始终可用，并且在某些情况下可能会留空。\r\n\r\n“模拟级别”字段指示登录会话中的进程可以模拟到的程度。\r\n\r\n“身份验证信息”字段提供有关此特定登录请求的详细信息。\r\n\t- “登录 GUID”是可用于将此事件与 KDC 事件关联起来的唯一标识符。\r\n\t-“传递的服务”指示哪些中间服务参与了此登录请求。\r\n\t-“数据包名”指示在 NTLM 协议中使用了哪些子协议。\r\n\t-“密钥长度”指示生成的会话密钥的长度。如果没有请求会话密钥，则此字段将为 0。", "EventTime": "2024-08-05T12:27:18.9632959Z", "Level": "0", "Opcode": "0", "Version": "2", "Guid": "{54849625-5478-4994-a5ba-3e3b0328c30d}", "Name": "Microsoft-Windows-Security-Auditing", "Hostname": "dc-1.luchengyu.com", "EventID": "4624", "Channel": "Security", "Task": "12544", "ThreadID": "4656", "ProcessID": "180", "Keywords": "0x8020000000000000", "EventRecordID": "994130"}
{"SubjectUserSid": "S-1-5-18", "PrivilegeList": "SeSecurityPrivilege\n\t\t\tSeBackupPrivilege\n\t\t\tSeRestorePrivilege\n\t\t\tSeTakeOwnershipPrivilege\n\t\t\tSeDebugPrivilege\n\t\t\tSeSystemEnvironmentPrivilege\n\t\t\tSeLoadDriverPrivilege\n\t\t\tSeImpersonatePrivilege\n\t\t\tSeDelegateSessionUserImpersonatePrivilege\n\t\t\tSeEnableDelegationPrivilege", "TargetLogonId": "0x1095fdc9", "SubjectDomainName": "LUCHENGYU", "SubjectUserName": "DC-1$", "Message": "为新登录分配了特殊权限。\r\n\r\n使用者:\r\n\t安全 ID:\t\tS-1-5-18\r\n\t帐户名:\t\tDC-1$\r\n\t帐户域:\t\tLUCHENGYU\r\n\t登录 ID:\t\t0x1095FDC9\r\n\r\n特权:\t\tSeSecurityPrivilege\r\n\t\t\tSeBackupPrivilege\r\n\t\t\tSeRestorePrivilege\r\n\t\t\tSeTakeOwnershipPrivilege\r\n\t\t\tSeDebugPrivilege\r\n\t\t\tSeSystemEnvironmentPrivilege\r\n\t\t\tSeLoadDriverPrivilege\r\n\t\t\tSeImpersonatePrivilege\r\n\t\t\tSeDelegateSessionUserImpersonatePrivilege\r\n\t\t\tSeEnableDelegationPrivilege", "EventTime": "2024-08-05T12:27:18.9631842Z", "Level": "0", "Opcode": "0", "Version": "0", "Guid": "{54849625-5478-4994-a5ba-3e3b0328c30d}", "Name": "Microsoft-Windows-Security-Auditing", "Hostname": "dc-1.luchengyu.com", "EventID": "4672", "Channel": "Security", "Task": "12548", "ThreadID": "4656", "ProcessID": "180", "Keywords": "0x8020000000000000", "EventRecordID": "994129"}
{"KeyLength": "0", "SubjectUserSid": "S-1-5-18", "TargetLogonId": "0x1095fd79", "AuthenticationPackageName": "Kerberos", "TargetOutboundUserName": "-", "ImpersonationLevel": "%%1833", "LogonProcessName": "Kerberos", "TargetDomainName": "LUCHENGYU.COM", "IpPort": "0", "LmPackageName": "-", "IpAddress": "::1", "SubjectDomainName": "-", "ProcessName": "-", "TransmittedServices": "-", "ProcessId": "0x0", "SubjectUserName": "-", "TargetOutboundDomainName": "-", "TargetUserName": "DC-1$", "RestrictedAdminMode": "-", "ProviderGuid": "{0de1168c-d82f-9692-0dea-a1e85635c266}", "LogonType": "3", "TargetLinkedLogonId": "0x0", "VirtualAccount": "%%1843", "TokenElevationType": "%%1842", "WorkstationName": "-", "Message": "已成功登录帐户。\r\n\r\n使用者:\r\n\t安全 ID:\t\tS-1-0-0\r\n\t帐户名称:\t\t-\r\n\t帐户域:\t\t-\r\n\t登录 ID:\t\t0x0\r\n\r\n登录信息:\r\n\t登录类型:\t\t3\r\n\t受限制的管理员模式:\t-\r\n\t虚拟帐户:\t\t否\r\n\t提升的令牌:\t\t是\r\n\r\n模拟级别:\t\t模拟\r\n\r\n新登录:\r\n\t安全 ID:\t\tS-1-5-18\r\n\t帐户名称:\t\tDC-1$\r\n\t帐户域:\t\tLUCHENGYU.COM\r\n\t登录 ID:\t\t0x1095FD79\r\n\t链接的登录 ID:\t\t0x0\r\n\t网络帐户名称:\t-\r\n\t网络帐户域:\t-\r\n\t登录 GUID:\t\t{0de1168c-d82f-9692-0dea-a1e85635c266}\r\n\r\n进程信息:\r\n\t进程 ID:\t\t0x0\r\n\t进程名称:\t\t-\r\n\r\n网络信息:\r\n\t工作站名称:\t-\r\n\t源网络地址:\t::1\r\n\t源端口:\t\t0\r\n\r\n详细的身份验证信息:\r\n\t登录进程:\t\tKerberos\r\n\t身份验证数据包:\tKerberos\r\n\t传递的服务:\t-\r\n\t数据包名(仅限 NTLM):\t-\r\n\t密钥长度:\t\t0\r\n\r\n创建登录会话时，将在被访问的计算机上生成此事件。\r\n\r\n“使用者”字段指示本地系统上请求登录的帐户。这通常是一个服务(例如 Server 服务)或本地进程(例如 Winlogon.exe 或 Services.exe)。\r\n\r\n“登录类型”字段指示发生的登录类型。最常见的类型是 2 (交互式)和 3 (网络)。\r\n\r\n“新登录”字段指示新登录是为哪个帐户创建的，即已登录的帐户。\r\n\r\n“网络”字段指示远程登录请求源自哪里。“工作站名称”并非始终可用，并且在某些情况下可能会留空。\r\n\r\n“模拟级别”字段指示登录会话中的进程可以模拟到的程度。\r\n\r\n“身份验证信息”字段提供有关此特定登录请求的详细信息。\r\n\t- “登录 GUID”是可用于将此事件与 KDC 事件关联起来的唯一标识符。\r\n\t-“传递的服务”指示哪些中间服务参与了此登录请求。\r\n\t-“数据包名”指示在 NTLM 协议中使用了哪些子协议。\r\n\t-“密钥长度”指示生成的会话密钥的长度。如果没有请求会话密钥，则此字段将为 0。", "EventTime": "2024-08-05T12:27:18.9595550Z", "Level": "0", "Opcode": "0", "Version": "2", "Guid": "{54849625-5478-4994-a5ba-3e3b0328c30d}", "Name": "Microsoft-Windows-Security-Auditing", "Hostname": "dc-1.luchengyu.com", "EventID": "4624", "Channel": "Security", "Task": "12544", "ActivityID": "{3de5e27c-e30e-0016-7de2-e53d0ee3da01}", "ThreadID": "13632", "ProcessID": "180", "Keywords": "0x8020000000000000", "EventRecordID": "994128"}
{"SubjectUserSid": "S-1-5-18", "PrivilegeList": "SeSecurityPrivilege\n\t\t\tSeBackupPrivilege\n\t\t\tSeRestorePrivilege\n\t\t\tSeTakeOwnershipPrivilege\n\t\t\tSeDebugPrivilege\n\t\t\tSeSystemEnvironmentPrivilege\n\t\t\tSeLoadDriverPrivilege\n\t\t\tSeImpersonatePrivilege\n\t\t\tSeDelegateSessionUserImpersonatePrivilege\n\t\t\tSeEnableDelegationPrivilege", "TargetLogonId": "0x1095fd79", "SubjectDomainName": "LUCHENGYU", "SubjectUserName": "DC-1$", "Message": "为新登录分配了特殊权限。\r\n\r\n使用者:\r\n\t安全 ID:\t\tS-1-5-18\r\n\t帐户名:\t\tDC-1$\r\n\t帐户域:\t\tLUCHENGYU\r\n\t登录 ID:\t\t0x1095FD79\r\n\r\n特权:\t\tSeSecurityPrivilege\r\n\t\t\tSeBackupPrivilege\r\n\t\t\tSeRestorePrivilege\r\n\t\t\tSeTakeOwnershipPrivilege\r\n\t\t\tSeDebugPrivilege\r\n\t\t\tSeSystemEnvironmentPrivilege\r\n\t\t\tSeLoadDriverPrivilege\r\n\t\t\tSeImpersonatePrivilege\r\n\t\t\tSeDelegateSessionUserImpersonatePrivilege\r\n\t\t\tSeEnableDelegationPrivilege", "EventTime": "2024-08-05T12:27:18.9594497Z", "Level": "0", "Opcode": "0", "Version": "0", "Guid": "{54849625-5478-4994-a5ba-3e3b0328c30d}", "Name": "Microsoft-Windows-Security-Auditing", "Hostname": "dc-1.luchengyu.com", "EventID": "4672", "Channel": "Security", "Task": "12548", "ActivityID": "{3de5e27c-e30e-0016-7de2-e53d0ee3da01}", "ThreadID": "13632", "ProcessID": "180", "Keywords": "0x8020000000000000", "EventRecordID": "994127"}
{"KeyLength": "0", "SubjectUserSid": "S-1-5-18", "TargetLogonId": "0x1095fc82", "AuthenticationPackageName": "Kerberos", "TargetOutboundUserName": "-", "ImpersonationLevel": "%%1840", "LogonProcessName": "Kerberos", "TargetDomainName": "LUCHENGYU.COM", "IpPort": "54635", "LmPackageName": "-", "IpAddress": "fe80::9b2b:6cad:1f5f:1c11", "SubjectDomainName": "-", "ProcessName": "-", "TransmittedServices": "-", "ProcessId": "0x0", "SubjectUserName": "-", "TargetOutboundDomainName": "-", "TargetUserName": "DC-1$", "RestrictedAdminMode": "-", "ProviderGuid": "{0de1168c-d82f-9692-0dea-a1e85635c266}", "LogonType": "3", "TargetLinkedLogonId": "0x0", "VirtualAccount": "%%1843", "TokenElevationType": "%%1842", "WorkstationName": "-", "Message": "已成功登录帐户。\r\n\r\n使用者:\r\n\t安全 ID:\t\tS-1-0-0\r\n\t帐户名称:\t\t-\r\n\t帐户域:\t\t-\r\n\t登录 ID:\t\t0x0\r\n\r\n登录信息:\r\n\t登录类型:\t\t3\r\n\t受限制的管理员模式:\t-\r\n\t虚拟帐户:\t\t否\r\n\t提升的令牌:\t\t是\r\n\r\n模拟级别:\t\t委派\r\n\r\n新登录:\r\n\t安全 ID:\t\tS-1-5-18\r\n\t帐户名称:\t\tDC-1$\r\n\t帐户域:\t\tLUCHENGYU.COM\r\n\t登录 ID:\t\t0x1095FC82\r\n\t链接的登录 ID:\t\t0x0\r\n\t网络帐户名称:\t-\r\n\t网络帐户域:\t-\r\n\t登录 GUID:\t\t{0de1168c-d82f-9692-0dea-a1e85635c266}\r\n\r\n进程信息:\r\n\t进程 ID:\t\t0x0\r\n\t进程名称:\t\t-\r\n\r\n网络信息:\r\n\t工作站名称:\t-\r\n\t源网络地址:\tfe80::9b2b:6cad:1f5f:1c11\r\n\t源端口:\t\t54635\r\n\r\n详细的身份验证信息:\r\n\t登录进程:\t\tKerberos\r\n\t身份验证数据包:\tKerberos\r\n\t传递的服务:\t-\r\n\t数据包名(仅限 NTLM):\t-\r\n\t密钥长度:\t\t0\r\n\r\n创建登录会话时，将在被访问的计算机上生成此事件。\r\n\r\n“使用者”字段指示本地系统上请求登录的帐户。这通常是一个服务(例如 Server 服务)或本地进程(例如 Winlogon.exe 或 Services.exe)。\r\n\r\n“登录类型”字段指示发生的登录类型。最常见的类型是 2 (交互式)和 3 (网络)。\r\n\r\n“新登录”字段指示新登录是为哪个帐户创建的，即已登录的帐户。\r\n\r\n“网络”字段指示远程登录请求源自哪里。“工作站名称”并非始终可用，并且在某些情况下可能会留空。\r\n\r\n“模拟级别”字段指示登录会话中的进程可以模拟到的程度。\r\n\r\n“身份验证信息”字段提供有关此特定登录请求的详细信息。\r\n\t- “登录 GUID”是可用于将此事件与 KDC 事件关联起来的唯一标识符。\r\n\t-“传递的服务”指示哪些中间服务参与了此登录请求。\r\n\t-“数据包名”指示在 NTLM 协议中使用了哪些子协议。\r\n\t-“密钥长度”指示生成的会话密钥的长度。如果没有请求会话密钥，则此字段将为 0。", "EventTime": "2024-08-05T12:27:18.9492451Z", "Level": "0", "Opcode": "0", "Version": "2", "Guid": "{54849625-5478-4994-a5ba-3e3b0328c30d}", "Name": "Microsoft-Windows-Security-Auditing", "Hostname": "dc-1.luchengyu.com", "EventID": "4624", "Channel": "Security", "Task": "12544", "ActivityID": "{3de5e27c-e30e-0016-7de2-e53d0ee3da01}", "ThreadID": "13632", "ProcessID": "180", "Keywords": "0x8020000000000000", "EventRecordID": "994126"}
{"SubjectUserSid": "S-1-5-18", "PrivilegeList": "SeSecurityPrivilege\n\t\t\tSeBackupPrivilege\n\t\t\tSeRestorePrivilege\n\t\t\tSeTakeOwnershipPrivilege\n\t\t\tSeDebugPrivilege\n\t\t\tSeSystemEnvironmentPrivilege\n\t\t\tSeLoadDriverPrivilege\n\t\t\tSeImpersonatePrivilege\n\t\t\tSeDelegateSessionUserImpersonatePrivilege\n\t\t\tSeEnableDelegationPrivilege", "TargetLogonId": "0x1095fc82", "SubjectDomainName": "LUCHENGYU", "SubjectUserName": "DC-1$", "Message": "为新登录分配了特殊权限。\r\n\r\n使用者:\r\n\t安全 ID:\t\tS-1-5-18\r\n\t帐户名:\t\tDC-1$\r\n\t帐户域:\t\tLUCHENGYU\r\n\t登录 ID:\t\t0x1095FC82\r\n\r\n特权:\t\tSeSecurityPrivilege\r\n\t\t\tSeBackupPrivilege\r\n\t\t\tSeRestorePrivilege\r\n\t\t\tSeTakeOwnershipPrivilege\r\n\t\t\tSeDebugPrivilege\r\n\t\t\tSeSystemEnvironmentPrivilege\r\n\t\t\tSeLoadDriverPrivilege\r\n\t\t\tSeImpersonatePrivilege\r\n\t\t\tSeDelegateSessionUserImpersonatePrivilege\r\n\t\t\tSeEnableDelegationPrivilege", "EventTime": "2024-08-05T12:27:18.9490938Z", "Level": "0", "Opcode": "0", "Version": "0", "Guid": "{54849625-5478-4994-a5ba-3e3b0328c30d}", "Name": "Microsoft-Windows-Security-Auditing", "Hostname": "dc-1.luchengyu.com", "EventID": "4672", "Channel": "Security", "Task": "12548", "ActivityID": "{3de5e27c-e30e-0016-7de2-e53d0ee3da01}", "ThreadID": "13632", "ProcessID": "180", "Keywords": "0x8020000000000000", "EventRecordID": "994125"}
{"KeyLength": "0", "SubjectUserSid": "S-1-5-18", "TargetLogonId": "0x1095fbfd", "AuthenticationPackageName": "Kerberos", "TargetOutboundUserName": "-", "ImpersonationLevel": "%%1833", "LogonProcessName": "Kerberos", "TargetDomainName": "LUCHENGYU.COM", "IpPort": "54634", "LmPackageName": "-", "IpAddress": "fe80::9b2b:6cad:1f5f:1c11", "SubjectDomainName": "-", "ProcessName": "-", "TransmittedServices": "-", "ProcessId": "0x0", "SubjectUserName": "-", "TargetOutboundDomainName": "-", "TargetUserName": "DC-1$", "RestrictedAdminMode": "-", "ProviderGuid": "{0de1168c-d82f-9692-0dea-a1e85635c266}", "LogonType": "3", "TargetLinkedLogonId": "0x0", "VirtualAccount": "%%1843", "TokenElevationType": "%%1842", "WorkstationName": "-", "Message": "已成功登录帐户。\r\n\r\n使用者:\r\n\t安全 ID:\t\tS-1-0-0\r\n\t帐户名称:\t\t-\r\n\t帐户域:\t\t-\r\n\t登录 ID:\t\t0x0\r\n\r\n登录信息:\r\n\t登录类型:\t\t3\r\n\t受限制的管理员模式:\t-\r\n\t虚拟帐户:\t\t否\r\n\t提升的令牌:\t\t是\r\n\r\n模拟级别:\t\t模拟\r\n\r\n新登录:\r\n\t安全 ID:\t\tS-1-5-18\r\n\t帐户名称:\t\tDC-1$\r\n\t帐户域:\t\tLUCHENGYU.COM\r\n\t登录 ID:\t\t0x1095FBFD\r\n\t链接的登录 ID:\t\t0x0\r\n\t网络帐户名称:\t-\r\n\t网络帐户域:\t-\r\n\t登录 GUID:\t\t{0de1168c-d82f-9692-0dea-a1e85635c266}\r\n\r\n进程信息:\r\n\t进程 ID:\t\t0x0\r\n\t进程名称:\t\t-\r\n\r\n网络信息:\r\n\t工作站名称:\t-\r\n\t源网络地址:\tfe80::9b2b:6cad:1f5f:1c11\r\n\t源端口:\t\t54634\r\n\r\n详细的身份验证信息:\r\n\t登录进程:\t\tKerberos\r\n\t身份验证数据包:\tKerberos\r\n\t传递的服务:\t-\r\n\t数据包名(仅限 NTLM):\t-\r\n\t密钥长度:\t\t0\r\n\r\n创建登录会话时，将在被访问的计算机上生成此事件。\r\n\r\n“使用者”字段指示本地系统上请求登录的帐户。这通常是一个服务(例如 Server 服务)或本地进程(例如 Winlogon.exe 或 Services.exe)。\r\n\r\n“登录类型”字段指示发生的登录类型。最常见的类型是 2 (交互式)和 3 (网络)。\r\n\r\n“新登录”字段指示新登录是为哪个帐户创建的，即已登录的帐户。\r\n\r\n“网络”字段指示远程登录请求源自哪里。“工作站名称”并非始终可用，并且在某些情况下可能会留空。\r\n\r\n“模拟级别”字段指示登录会话中的进程可以模拟到的程度。\r\n\r\n“身份验证信息”字段提供有关此特定登录请求的详细信息。\r\n\t- “登录 GUID”是可用于将此事件与 KDC 事件关联起来的唯一标识符。\r\n\t-“传递的服务”指示哪些中间服务参与了此登录请求。\r\n\t-“数据包名”指示在 NTLM 协议中使用了哪些子协议。\r\n\t-“密钥长度”指示生成的会话密钥的长度。如果没有请求会话密钥，则此字段将为 0。", "EventTime": "2024-08-05T12:27:18.9425552Z", "Level": "0", "Opcode": "0", "Version": "2", "Guid": "{54849625-5478-4994-a5ba-3e3b0328c30d}", "Name": "Microsoft-Windows-Security-Auditing", "Hostname": "dc-1.luchengyu.com", "EventID": "4624", "Channel": "Security", "Task": "12544", "ThreadID": "4656", "ProcessID": "180", "Keywords": "0x8020000000000000", "EventRecordID": "994124"}
{"SubjectUserSid": "S-1-5-18", "PrivilegeList": "SeSecurityPrivilege\n\t\t\tSeBackupPrivilege\n\t\t\tSeRestorePrivilege\n\t\t\tSeTakeOwnershipPrivilege\n\t\t\tSeDebugPrivilege\n\t\t\tSeSystemEnvironmentPrivilege\n\t\t\tSeLoadDriverPrivilege\n\t\t\tSeImpersonatePrivilege\n\t\t\tSeDelegateSessionUserImpersonatePrivilege\n\t\t\tSeEnableDelegationPrivilege", "TargetLogonId": "0x1095fbfd", "SubjectDomainName": "LUCHENGYU", "SubjectUserName": "DC-1$", "Message": "为新登录分配了特殊权限。\r\n\r\n使用者:\r\n\t安全 ID:\t\tS-1-5-18\r\n\t帐户名:\t\tDC-1$\r\n\t帐户域:\t\tLUCHENGYU\r\n\t登录 ID:\t\t0x1095FBFD\r\n\r\n特权:\t\tSeSecurityPrivilege\r\n\t\t\tSeBackupPrivilege\r\n\t\t\tSeRestorePrivilege\r\n\t\t\tSeTakeOwnershipPrivilege\r\n\t\t\tSeDebugPrivilege\r\n\t\t\tSeSystemEnvironmentPrivilege\r\n\t\t\tSeLoadDriverPrivilege\r\n\t\t\tSeImpersonatePrivilege\r\n\t\t\tSeDelegateSessionUserImpersonatePrivilege\r\n\t\t\tSeEnableDelegationPrivilege", "EventTime": "2024-08-05T12:27:18.9424231Z", "Level": "0", "Opcode": "0", "Version": "0", "Guid": "{54849625-5478-4994-a5ba-3e3b0328c30d}", "Name": "Microsoft-Windows-Security-Auditing", "Hostname": "dc-1.luchengyu.com", "EventID": "4672", "Channel": "Security", "Task": "12548", "ThreadID": "4656", "ProcessID": "180", "Keywords": "0x8020000000000000", "EventRecordID": "994123"}
{"TargetUserName": "DC-1$", "TargetLogonId": "0x1095b710", "TargetDomainName": "LUCHENGYU", "LogonType": "3", "SubjectUserSid": "S-1-5-18", "Message": "已注销帐户。\r\n\r\n使用者:\r\n\t安全 ID:\t\tS-1-5-18\r\n\t帐户名:\t\tDC-1$\r\n\t帐户域:\t\tLUCHENGYU\r\n\t登录 ID:\t\t0x1095B710\r\n\r\n登录类型:\t\t\t3\r\n\r\n在登录会话被破坏时生成此事件。可以使用登录 ID 值将它和一个登录事件准确关联起来。在同一台计算机上重新启动的区间中，登录 ID 是唯一的。", "EventTime": "2024-08-05T12:27:05.3380945Z", "Level": "0", "Opcode": "0", "Version": "0", "Guid": "{54849625-5478-4994-a5ba-3e3b0328c30d}", "Name": "Microsoft-Windows-Security-Auditing", "Hostname": "dc-1.luchengyu.com", "EventID": "4634", "Channel": "Security", "Task": "12545", "ThreadID": "13632", "ProcessID": "180", "Keywords": "0x8020000000000000", "EventRecordID": "994122"}
{"KeyLength": "0", "SubjectUserSid": "S-1-5-18", "TargetLogonId": "0x1095b710", "AuthenticationPackageName": "Kerberos", "TargetOutboundUserName": "-", "ImpersonationLevel": "%%1840", "LogonProcessName": "Kerberos", "TargetDomainName": "LUCHENGYU.COM", "IpPort": "54629", "LmPackageName": "-", "IpAddress": "fe80::9b2b:6cad:1f5f:1c11", "SubjectDomainName": "-", "ProcessName": "-", "TransmittedServices": "-", "ProcessId": "0x0", "SubjectUserName": "-", "TargetOutboundDomainName": "-", "TargetUserName": "DC-1$", "RestrictedAdminMode": "-", "ProviderGuid": "{465abe6f-3419-c44f-730a-e399c7bedc55}", "LogonType": "3", "TargetLinkedLogonId": "0x0", "VirtualAccount": "%%1843", "TokenElevationType": "%%1842", "WorkstationName": "-", "Message": "已成功登录帐户。\r\n\r\n使用者:\r\n\t安全 ID:\t\tS-1-0-0\r\n\t帐户名称:\t\t-\r\n\t帐户域:\t\t-\r\n\t登录 ID:\t\t0x0\r\n\r\n登录信息:\r\n\t登录类型:\t\t3\r\n\t受限制的管理员模式:\t-\r\n\t虚拟帐户:\t\t否\r\n\t提升的令牌:\t\t是\r\n\r\n模拟级别:\t\t委派\r\n\r\n新登录:\r\n\t安全 ID:\t\tS-1-5-18\r\n\t帐户名称:\t\tDC-1$\r\n\t帐户域:\t\tLUCHENGYU.COM\r\n\t登录 ID:\t\t0x1095B710\r\n\t链接的登录 ID:\t\t0x0\r\n\t网络帐户名称:\t-\r\n\t网络帐户域:\t-\r\n\t登录 GUID:\t\t{465abe6f-3419-c44f-730a-e399c7bedc55}\r\n\r\n进程信息:\r\n\t进程 ID:\t\t0x0\r\n\t进程名称:\t\t-\r\n\r\n网络信息:\r\n\t工作站名称:\t-\r\n\t源网络地址:\tfe80::9b2b:6cad:1f5f:1c11\r\n\t源端口:\t\t54629\r\n\r\n详细的身份验证信息:\r\n\t登录进程:\t\tKerberos\r\n\t身份验证数据包:\tKerberos\r\n\t传递的服务:\t-\r\n\t数据包名(仅限 NTLM):\t-\r\n\t密钥长度:\t\t0\r\n\r\n创建登录会话时，将在被访问的计算机上生成此事件。\r\n\r\n“使用者”字段指示本地系统上请求登录的帐户。这通常是一个服务(例如 Server 服务)或本地进程(例如 Winlogon.exe 或 Services.exe)。\r\n\r\n“登录类型”字段指示发生的登录类型。最常见的类型是 2 (交互式)和 3 (网络)。\r\n\r\n“新登录”字段指示新登录是为哪个帐户创建的，即已登录的帐户。\r\n\r\n“网络”字段指示远程登录请求源自哪里。“工作站名称”并非始终可用，并且在某些情况下可能会留空。\r\n\r\n“模拟级别”字段指示登录会话中的进程可以模拟到的程度。\r\n\r\n“身份验证信息”字段提供有关此特定登录请求的详细信息。\r\n\t- “登录 GUID”是可用于将此事件与 KDC 事件关联起来的唯一标识符。\r\n\t-“传递的服务”指示哪些中间服务参与了此登录请求。\r\n\t-“数据包名”指示在 NTLM 协议中使用了哪些子协议。\r\n\t-“密钥长度”指示生成的会话密钥的长度。如果没有请求会话密钥，则此字段将为 0。", "EventTime": "2024-08-05T12:26:54.3150549Z", "Level": "0", "Opcode": "0", "Version": "2", "Guid": "{54849625-5478-4994-a5ba-3e3b0328c30d}", "Name": "Microsoft-Windows-Security-Auditing", "Hostname": "dc-1.luchengyu.com", "EventID": "4624", "Channel": "Security", "Task": "12544", "ActivityID": "{3de5e27c-e30e-0016-7de2-e53d0ee3da01}", "ThreadID": "13480", "ProcessID": "180", "Keywords": "0x8020000000000000", "EventRecordID": "994121"}
{"SubjectUserSid": "S-1-5-18", "PrivilegeList": "SeSecurityPrivilege\n\t\t\tSeBackupPrivilege\n\t\t\tSeRestorePrivilege\n\t\t\tSeTakeOwnershipPrivilege\n\t\t\tSeDebugPrivilege\n\t\t\tSeSystemEnvironmentPrivilege\n\t\t\tSeLoadDriverPrivilege\n\t\t\tSeImpersonatePrivilege\n\t\t\tSeDelegateSessionUserImpersonatePrivilege\n\t\t\tSeEnableDelegationPrivilege", "TargetLogonId": "0x1095b710", "SubjectDomainName": "LUCHENGYU", "SubjectUserName": "DC-1$", "Message": "为新登录分配了特殊权限。\r\n\r\n使用者:\r\n\t安全 ID:\t\tS-1-5-18\r\n\t帐户名:\t\tDC-1$\r\n\t帐户域:\t\tLUCHENGYU\r\n\t登录 ID:\t\t0x1095B710\r\n\r\n特权:\t\tSeSecurityPrivilege\r\n\t\t\tSeBackupPrivilege\r\n\t\t\tSeRestorePrivilege\r\n\t\t\tSeTakeOwnershipPrivilege\r\n\t\t\tSeDebugPrivilege\r\n\t\t\tSeSystemEnvironmentPrivilege\r\n\t\t\tSeLoadDriverPrivilege\r\n\t\t\tSeImpersonatePrivilege\r\n\t\t\tSeDelegateSessionUserImpersonatePrivilege\r\n\t\t\tSeEnableDelegationPrivilege", "EventTime": "2024-08-05T12:26:54.3148934Z", "Level": "0", "Opcode": "0", "Version": "0", "Guid": "{54849625-5478-4994-a5ba-3e3b0328c30d}", "Name": "Microsoft-Windows-Security-Auditing", "Hostname": "dc-1.luchengyu.com", "EventID": "4672", "Channel": "Security", "Task": "12548", "ActivityID": "{3de5e27c-e30e-0016-7de2-e53d0ee3da01}", "ThreadID": "13480", "ProcessID": "180", "Keywords": "0x8020000000000000", "EventRecordID": "994120"}
{"TargetUserName": "DC-1$", "TargetLogonId": "0x1095a371", "TargetDomainName": "LUCHENGYU", "LogonType": "3", "SubjectUserSid": "S-1-5-18", "Message": "已注销帐户。\r\n\r\n使用者:\r\n\t安全 ID:\t\tS-1-5-18\r\n\t帐户名:\t\tDC-1$\r\n\t帐户域:\t\tLUCHENGYU\r\n\t登录 ID:\t\t0x1095A371\r\n\r\n登录类型:\t\t\t3\r\n\r\n在登录会话被破坏时生成此事件。可以使用登录 ID 值将它和一个登录事件准确关联起来。在同一台计算机上重新启动的区间中，登录 ID 是唯一的。", "EventTime": "2024-08-05T12:26:42.5108203Z", "Level": "0", "Opcode": "0", "Version": "0", "Guid": "{54849625-5478-4994-a5ba-3e3b0328c30d}", "Name": "Microsoft-Windows-Security-Auditing", "Hostname": "dc-1.luchengyu.com", "EventID": "4634", "Channel": "Security", "Task": "12545", "ThreadID": "12656", "ProcessID": "180", "Keywords": "0x8020000000000000", "EventRecordID": "994119"}
